[2025-08-29T10:09:07.281+0000] {processor.py:156} INFO - Started process (PID=39) to work on /opt/airflow/dags/etl.py
[2025-08-29T10:09:07.284+0000] {processor.py:758} INFO - Processing file /opt/airflow/dags/etl.py for tasks to queue
[2025-08-29T10:09:07.286+0000] {logging_mixin.py:117} INFO - [2025-08-29T10:09:07.285+0000] {dagbag.py:525} INFO - Filling up the DagBag from /opt/airflow/dags/etl.py
[2025-08-29T10:09:07.955+0000] {processor.py:768} INFO - DAG(s) dict_keys(['etl_general']) retrieved from /opt/airflow/dags/etl.py
[2025-08-29T10:09:08.107+0000] {logging_mixin.py:117} INFO - [2025-08-29T10:09:08.107+0000] {manager.py:508} INFO - Created Permission View: can read on DAG:etl_general
[2025-08-29T10:09:08.116+0000] {logging_mixin.py:117} INFO - [2025-08-29T10:09:08.116+0000] {manager.py:508} INFO - Created Permission View: can edit on DAG:etl_general
[2025-08-29T10:09:08.119+0000] {logging_mixin.py:117} INFO - [2025-08-29T10:09:08.119+0000] {manager.py:508} INFO - Created Permission View: can delete on DAG:etl_general
[2025-08-29T10:09:08.120+0000] {logging_mixin.py:117} INFO - [2025-08-29T10:09:08.120+0000] {dag.py:2573} INFO - Sync 1 DAGs
[2025-08-29T10:09:08.130+0000] {logging_mixin.py:117} INFO - [2025-08-29T10:09:08.130+0000] {dag.py:2594} INFO - Creating ORM DAG for etl_general
[2025-08-29T10:09:08.137+0000] {logging_mixin.py:117} INFO - [2025-08-29T10:09:08.137+0000] {dag.py:3328} INFO - Setting next_dagrun for etl_general to None, run_after=None
[2025-08-29T10:09:08.149+0000] {processor.py:178} INFO - Processing /opt/airflow/dags/etl.py took 0.879 seconds
[2025-08-29T10:09:38.448+0000] {processor.py:156} INFO - Started process (PID=112) to work on /opt/airflow/dags/etl.py
[2025-08-29T10:09:38.450+0000] {processor.py:758} INFO - Processing file /opt/airflow/dags/etl.py for tasks to queue
[2025-08-29T10:09:38.452+0000] {logging_mixin.py:117} INFO - [2025-08-29T10:09:38.451+0000] {dagbag.py:525} INFO - Filling up the DagBag from /opt/airflow/dags/etl.py
[2025-08-29T10:09:38.713+0000] {processor.py:768} INFO - DAG(s) dict_keys(['etl_general']) retrieved from /opt/airflow/dags/etl.py
[2025-08-29T10:09:38.742+0000] {logging_mixin.py:117} INFO - [2025-08-29T10:09:38.742+0000] {dag.py:2573} INFO - Sync 1 DAGs
[2025-08-29T10:09:38.756+0000] {logging_mixin.py:117} INFO - [2025-08-29T10:09:38.756+0000] {dag.py:3328} INFO - Setting next_dagrun for etl_general to None, run_after=None
[2025-08-29T10:09:38.769+0000] {processor.py:178} INFO - Processing /opt/airflow/dags/etl.py took 0.324 seconds
[2025-08-29T10:10:09.060+0000] {processor.py:156} INFO - Started process (PID=170) to work on /opt/airflow/dags/etl.py
[2025-08-29T10:10:09.063+0000] {processor.py:758} INFO - Processing file /opt/airflow/dags/etl.py for tasks to queue
[2025-08-29T10:10:09.063+0000] {logging_mixin.py:117} INFO - [2025-08-29T10:10:09.063+0000] {dagbag.py:525} INFO - Filling up the DagBag from /opt/airflow/dags/etl.py
[2025-08-29T10:10:09.192+0000] {processor.py:768} INFO - DAG(s) dict_keys(['etl_general']) retrieved from /opt/airflow/dags/etl.py
[2025-08-29T10:10:09.212+0000] {logging_mixin.py:117} INFO - [2025-08-29T10:10:09.211+0000] {dag.py:2573} INFO - Sync 1 DAGs
[2025-08-29T10:10:09.222+0000] {logging_mixin.py:117} INFO - [2025-08-29T10:10:09.222+0000] {dag.py:3328} INFO - Setting next_dagrun for etl_general to None, run_after=None
[2025-08-29T10:10:09.236+0000] {processor.py:178} INFO - Processing /opt/airflow/dags/etl.py took 0.181 seconds
[2025-08-29T10:10:39.648+0000] {processor.py:156} INFO - Started process (PID=235) to work on /opt/airflow/dags/etl.py
[2025-08-29T10:10:39.649+0000] {processor.py:758} INFO - Processing file /opt/airflow/dags/etl.py for tasks to queue
[2025-08-29T10:10:39.650+0000] {logging_mixin.py:117} INFO - [2025-08-29T10:10:39.650+0000] {dagbag.py:525} INFO - Filling up the DagBag from /opt/airflow/dags/etl.py
[2025-08-29T10:10:39.807+0000] {processor.py:768} INFO - DAG(s) dict_keys(['etl_general']) retrieved from /opt/airflow/dags/etl.py
[2025-08-29T10:10:39.824+0000] {logging_mixin.py:117} INFO - [2025-08-29T10:10:39.823+0000] {dag.py:2573} INFO - Sync 1 DAGs
[2025-08-29T10:10:39.834+0000] {logging_mixin.py:117} INFO - [2025-08-29T10:10:39.833+0000] {dag.py:3328} INFO - Setting next_dagrun for etl_general to None, run_after=None
[2025-08-29T10:10:39.845+0000] {processor.py:178} INFO - Processing /opt/airflow/dags/etl.py took 0.207 seconds
[2025-08-29T10:11:10.189+0000] {processor.py:156} INFO - Started process (PID=300) to work on /opt/airflow/dags/etl.py
[2025-08-29T10:11:10.190+0000] {processor.py:758} INFO - Processing file /opt/airflow/dags/etl.py for tasks to queue
[2025-08-29T10:11:10.191+0000] {logging_mixin.py:117} INFO - [2025-08-29T10:11:10.190+0000] {dagbag.py:525} INFO - Filling up the DagBag from /opt/airflow/dags/etl.py
[2025-08-29T10:11:10.390+0000] {processor.py:768} INFO - DAG(s) dict_keys(['etl_general']) retrieved from /opt/airflow/dags/etl.py
[2025-08-29T10:11:10.420+0000] {logging_mixin.py:117} INFO - [2025-08-29T10:11:10.420+0000] {dag.py:2573} INFO - Sync 1 DAGs
[2025-08-29T10:11:10.439+0000] {logging_mixin.py:117} INFO - [2025-08-29T10:11:10.439+0000] {dag.py:3328} INFO - Setting next_dagrun for etl_general to None, run_after=None
[2025-08-29T10:11:10.448+0000] {processor.py:178} INFO - Processing /opt/airflow/dags/etl.py took 0.262 seconds
[2025-08-29T10:11:40.818+0000] {processor.py:156} INFO - Started process (PID=356) to work on /opt/airflow/dags/etl.py
[2025-08-29T10:11:40.820+0000] {processor.py:758} INFO - Processing file /opt/airflow/dags/etl.py for tasks to queue
[2025-08-29T10:11:40.821+0000] {logging_mixin.py:117} INFO - [2025-08-29T10:11:40.821+0000] {dagbag.py:525} INFO - Filling up the DagBag from /opt/airflow/dags/etl.py
[2025-08-29T10:11:41.009+0000] {processor.py:768} INFO - DAG(s) dict_keys(['etl_general']) retrieved from /opt/airflow/dags/etl.py
[2025-08-29T10:11:41.026+0000] {logging_mixin.py:117} INFO - [2025-08-29T10:11:41.026+0000] {dag.py:2573} INFO - Sync 1 DAGs
[2025-08-29T10:11:41.038+0000] {logging_mixin.py:117} INFO - [2025-08-29T10:11:41.038+0000] {dag.py:3328} INFO - Setting next_dagrun for etl_general to None, run_after=None
[2025-08-29T10:11:41.045+0000] {processor.py:178} INFO - Processing /opt/airflow/dags/etl.py took 0.234 seconds
[2025-08-29T10:12:11.860+0000] {processor.py:156} INFO - Started process (PID=421) to work on /opt/airflow/dags/etl.py
[2025-08-29T10:12:11.862+0000] {processor.py:758} INFO - Processing file /opt/airflow/dags/etl.py for tasks to queue
[2025-08-29T10:12:11.863+0000] {logging_mixin.py:117} INFO - [2025-08-29T10:12:11.863+0000] {dagbag.py:525} INFO - Filling up the DagBag from /opt/airflow/dags/etl.py
[2025-08-29T10:12:12.036+0000] {processor.py:768} INFO - DAG(s) dict_keys(['etl_general']) retrieved from /opt/airflow/dags/etl.py
[2025-08-29T10:12:12.058+0000] {logging_mixin.py:117} INFO - [2025-08-29T10:12:12.058+0000] {dag.py:2573} INFO - Sync 1 DAGs
[2025-08-29T10:12:12.067+0000] {logging_mixin.py:117} INFO - [2025-08-29T10:12:12.067+0000] {dag.py:3328} INFO - Setting next_dagrun for etl_general to None, run_after=None
[2025-08-29T10:12:12.077+0000] {processor.py:178} INFO - Processing /opt/airflow/dags/etl.py took 0.222 seconds
[2025-08-29T10:12:42.447+0000] {processor.py:156} INFO - Started process (PID=486) to work on /opt/airflow/dags/etl.py
[2025-08-29T10:12:42.449+0000] {processor.py:758} INFO - Processing file /opt/airflow/dags/etl.py for tasks to queue
[2025-08-29T10:12:42.449+0000] {logging_mixin.py:117} INFO - [2025-08-29T10:12:42.449+0000] {dagbag.py:525} INFO - Filling up the DagBag from /opt/airflow/dags/etl.py
[2025-08-29T10:12:42.608+0000] {processor.py:768} INFO - DAG(s) dict_keys(['etl_general']) retrieved from /opt/airflow/dags/etl.py
[2025-08-29T10:12:42.626+0000] {logging_mixin.py:117} INFO - [2025-08-29T10:12:42.626+0000] {dag.py:2573} INFO - Sync 1 DAGs
[2025-08-29T10:12:42.636+0000] {logging_mixin.py:117} INFO - [2025-08-29T10:12:42.636+0000] {dag.py:3328} INFO - Setting next_dagrun for etl_general to None, run_after=None
[2025-08-29T10:12:42.644+0000] {processor.py:178} INFO - Processing /opt/airflow/dags/etl.py took 0.200 seconds
[2025-08-29T10:13:12.903+0000] {processor.py:156} INFO - Started process (PID=551) to work on /opt/airflow/dags/etl.py
[2025-08-29T10:13:12.905+0000] {processor.py:758} INFO - Processing file /opt/airflow/dags/etl.py for tasks to queue
[2025-08-29T10:13:12.906+0000] {logging_mixin.py:117} INFO - [2025-08-29T10:13:12.906+0000] {dagbag.py:525} INFO - Filling up the DagBag from /opt/airflow/dags/etl.py
[2025-08-29T10:13:13.065+0000] {processor.py:768} INFO - DAG(s) dict_keys(['etl_general']) retrieved from /opt/airflow/dags/etl.py
[2025-08-29T10:13:13.082+0000] {logging_mixin.py:117} INFO - [2025-08-29T10:13:13.082+0000] {dag.py:2573} INFO - Sync 1 DAGs
[2025-08-29T10:13:13.093+0000] {logging_mixin.py:117} INFO - [2025-08-29T10:13:13.093+0000] {dag.py:3328} INFO - Setting next_dagrun for etl_general to None, run_after=None
[2025-08-29T10:13:13.101+0000] {processor.py:178} INFO - Processing /opt/airflow/dags/etl.py took 0.201 seconds
[2025-08-29T10:13:43.446+0000] {processor.py:156} INFO - Started process (PID=616) to work on /opt/airflow/dags/etl.py
[2025-08-29T10:13:43.448+0000] {processor.py:758} INFO - Processing file /opt/airflow/dags/etl.py for tasks to queue
[2025-08-29T10:13:43.449+0000] {logging_mixin.py:117} INFO - [2025-08-29T10:13:43.449+0000] {dagbag.py:525} INFO - Filling up the DagBag from /opt/airflow/dags/etl.py
[2025-08-29T10:13:43.601+0000] {logging_mixin.py:117} INFO - [2025-08-29T10:13:43.598+0000] {dagbag.py:330} ERROR - Failed to import: /opt/airflow/dags/etl.py
Traceback (most recent call last):
  File "/home/airflow/.local/lib/python3.7/site-packages/airflow/models/dagbag.py", line 326, in parse
    loader.exec_module(new_module)
  File "<frozen importlib._bootstrap_external>", line 728, in exec_module
  File "<frozen importlib._bootstrap>", line 219, in _call_with_frames_removed
  File "/opt/airflow/dags/etl.py", line 8, in <module>
    from task_load_raw import RawParquetLoader
  File "/opt/airflow/src/task_load_raw.py", line 8, in <module>
    from .paths import (
ImportError: attempted relative import with no known parent package
[2025-08-29T10:13:43.602+0000] {processor.py:770} WARNING - No viable dags retrieved from /opt/airflow/dags/etl.py
[2025-08-29T10:13:43.619+0000] {processor.py:178} INFO - Processing /opt/airflow/dags/etl.py took 0.178 seconds
[2025-08-29T10:14:13.952+0000] {processor.py:156} INFO - Started process (PID=681) to work on /opt/airflow/dags/etl.py
[2025-08-29T10:14:13.953+0000] {processor.py:758} INFO - Processing file /opt/airflow/dags/etl.py for tasks to queue
[2025-08-29T10:14:13.953+0000] {logging_mixin.py:117} INFO - [2025-08-29T10:14:13.953+0000] {dagbag.py:525} INFO - Filling up the DagBag from /opt/airflow/dags/etl.py
[2025-08-29T10:14:14.089+0000] {logging_mixin.py:117} INFO - [2025-08-29T10:14:14.084+0000] {dagbag.py:330} ERROR - Failed to import: /opt/airflow/dags/etl.py
Traceback (most recent call last):
  File "/home/airflow/.local/lib/python3.7/site-packages/airflow/models/dagbag.py", line 326, in parse
    loader.exec_module(new_module)
  File "<frozen importlib._bootstrap_external>", line 728, in exec_module
  File "<frozen importlib._bootstrap>", line 219, in _call_with_frames_removed
  File "/opt/airflow/dags/etl.py", line 8, in <module>
    from task_load_raw import RawParquetLoader
  File "/opt/airflow/src/task_load_raw.py", line 8, in <module>
    from .paths import (
ImportError: attempted relative import with no known parent package
[2025-08-29T10:14:14.089+0000] {processor.py:770} WARNING - No viable dags retrieved from /opt/airflow/dags/etl.py
[2025-08-29T10:14:14.097+0000] {processor.py:178} INFO - Processing /opt/airflow/dags/etl.py took 0.147 seconds
[2025-08-29T10:14:44.549+0000] {processor.py:156} INFO - Started process (PID=746) to work on /opt/airflow/dags/etl.py
[2025-08-29T10:14:44.550+0000] {processor.py:758} INFO - Processing file /opt/airflow/dags/etl.py for tasks to queue
[2025-08-29T10:14:44.551+0000] {logging_mixin.py:117} INFO - [2025-08-29T10:14:44.550+0000] {dagbag.py:525} INFO - Filling up the DagBag from /opt/airflow/dags/etl.py
[2025-08-29T10:14:44.716+0000] {logging_mixin.py:117} INFO - [2025-08-29T10:14:44.715+0000] {dagbag.py:330} ERROR - Failed to import: /opt/airflow/dags/etl.py
Traceback (most recent call last):
  File "/home/airflow/.local/lib/python3.7/site-packages/airflow/models/dagbag.py", line 326, in parse
    loader.exec_module(new_module)
  File "<frozen importlib._bootstrap_external>", line 728, in exec_module
  File "<frozen importlib._bootstrap>", line 219, in _call_with_frames_removed
  File "/opt/airflow/dags/etl.py", line 8, in <module>
    from task_load_raw import RawParquetLoader
  File "/opt/airflow/src/task_load_raw.py", line 11, in <module>
    from .paths import (
ImportError: attempted relative import with no known parent package
[2025-08-29T10:14:44.717+0000] {processor.py:770} WARNING - No viable dags retrieved from /opt/airflow/dags/etl.py
[2025-08-29T10:14:44.727+0000] {processor.py:178} INFO - Processing /opt/airflow/dags/etl.py took 0.180 seconds
