[2025-08-29T10:09:09.165+0000] {processor.py:156} INFO - Started process (PID=68) to work on /home/airflow/.local/lib/python3.7/site-packages/airflow/example_dags/example_xcomargs.py
[2025-08-29T10:09:09.166+0000] {processor.py:758} INFO - Processing file /home/airflow/.local/lib/python3.7/site-packages/airflow/example_dags/example_xcomargs.py for tasks to queue
[2025-08-29T10:09:09.166+0000] {logging_mixin.py:117} INFO - [2025-08-29T10:09:09.166+0000] {dagbag.py:525} INFO - Filling up the DagBag from /home/airflow/.local/lib/python3.7/site-packages/airflow/example_dags/example_xcomargs.py
[2025-08-29T10:09:09.188+0000] {processor.py:768} INFO - DAG(s) dict_keys(['example_xcom_args', 'example_xcom_args_with_operators']) retrieved from /home/airflow/.local/lib/python3.7/site-packages/airflow/example_dags/example_xcomargs.py
[2025-08-29T10:09:09.224+0000] {logging_mixin.py:117} INFO - [2025-08-29T10:09:09.224+0000] {dag.py:2573} INFO - Sync 2 DAGs
[2025-08-29T10:09:09.252+0000] {logging_mixin.py:117} INFO - [2025-08-29T10:09:09.252+0000] {dag.py:3328} INFO - Setting next_dagrun for example_xcom_args to None, run_after=None
[2025-08-29T10:09:09.255+0000] {logging_mixin.py:117} INFO - [2025-08-29T10:09:09.255+0000] {dag.py:3328} INFO - Setting next_dagrun for example_xcom_args_with_operators to None, run_after=None
[2025-08-29T10:09:09.264+0000] {processor.py:178} INFO - Processing /home/airflow/.local/lib/python3.7/site-packages/airflow/example_dags/example_xcomargs.py took 0.103 seconds
[2025-08-29T10:09:39.501+0000] {processor.py:156} INFO - Started process (PID=133) to work on /home/airflow/.local/lib/python3.7/site-packages/airflow/example_dags/example_xcomargs.py
[2025-08-29T10:09:39.502+0000] {processor.py:758} INFO - Processing file /home/airflow/.local/lib/python3.7/site-packages/airflow/example_dags/example_xcomargs.py for tasks to queue
[2025-08-29T10:09:39.502+0000] {logging_mixin.py:117} INFO - [2025-08-29T10:09:39.502+0000] {dagbag.py:525} INFO - Filling up the DagBag from /home/airflow/.local/lib/python3.7/site-packages/airflow/example_dags/example_xcomargs.py
[2025-08-29T10:09:39.512+0000] {processor.py:768} INFO - DAG(s) dict_keys(['example_xcom_args_with_operators', 'example_xcom_args']) retrieved from /home/airflow/.local/lib/python3.7/site-packages/airflow/example_dags/example_xcomargs.py
[2025-08-29T10:09:39.527+0000] {logging_mixin.py:117} INFO - [2025-08-29T10:09:39.527+0000] {dag.py:2573} INFO - Sync 2 DAGs
[2025-08-29T10:09:39.535+0000] {logging_mixin.py:117} INFO - [2025-08-29T10:09:39.535+0000] {dag.py:3328} INFO - Setting next_dagrun for example_xcom_args to None, run_after=None
[2025-08-29T10:09:39.537+0000] {logging_mixin.py:117} INFO - [2025-08-29T10:09:39.537+0000] {dag.py:3328} INFO - Setting next_dagrun for example_xcom_args_with_operators to None, run_after=None
[2025-08-29T10:09:39.542+0000] {processor.py:178} INFO - Processing /home/airflow/.local/lib/python3.7/site-packages/airflow/example_dags/example_xcomargs.py took 0.043 seconds
[2025-08-29T10:10:10.073+0000] {processor.py:156} INFO - Started process (PID=199) to work on /home/airflow/.local/lib/python3.7/site-packages/airflow/example_dags/example_xcomargs.py
[2025-08-29T10:10:10.073+0000] {processor.py:758} INFO - Processing file /home/airflow/.local/lib/python3.7/site-packages/airflow/example_dags/example_xcomargs.py for tasks to queue
[2025-08-29T10:10:10.074+0000] {logging_mixin.py:117} INFO - [2025-08-29T10:10:10.074+0000] {dagbag.py:525} INFO - Filling up the DagBag from /home/airflow/.local/lib/python3.7/site-packages/airflow/example_dags/example_xcomargs.py
[2025-08-29T10:10:10.085+0000] {processor.py:768} INFO - DAG(s) dict_keys(['example_xcom_args', 'example_xcom_args_with_operators']) retrieved from /home/airflow/.local/lib/python3.7/site-packages/airflow/example_dags/example_xcomargs.py
[2025-08-29T10:10:10.105+0000] {logging_mixin.py:117} INFO - [2025-08-29T10:10:10.105+0000] {dag.py:2573} INFO - Sync 2 DAGs
[2025-08-29T10:10:10.117+0000] {logging_mixin.py:117} INFO - [2025-08-29T10:10:10.117+0000] {dag.py:3328} INFO - Setting next_dagrun for example_xcom_args to None, run_after=None
[2025-08-29T10:10:10.124+0000] {logging_mixin.py:117} INFO - [2025-08-29T10:10:10.124+0000] {dag.py:3328} INFO - Setting next_dagrun for example_xcom_args_with_operators to None, run_after=None
[2025-08-29T10:10:10.132+0000] {processor.py:178} INFO - Processing /home/airflow/.local/lib/python3.7/site-packages/airflow/example_dags/example_xcomargs.py took 0.061 seconds
[2025-08-29T10:10:40.661+0000] {processor.py:156} INFO - Started process (PID=264) to work on /home/airflow/.local/lib/python3.7/site-packages/airflow/example_dags/example_xcomargs.py
[2025-08-29T10:10:40.662+0000] {processor.py:758} INFO - Processing file /home/airflow/.local/lib/python3.7/site-packages/airflow/example_dags/example_xcomargs.py for tasks to queue
[2025-08-29T10:10:40.662+0000] {logging_mixin.py:117} INFO - [2025-08-29T10:10:40.662+0000] {dagbag.py:525} INFO - Filling up the DagBag from /home/airflow/.local/lib/python3.7/site-packages/airflow/example_dags/example_xcomargs.py
[2025-08-29T10:10:40.673+0000] {processor.py:768} INFO - DAG(s) dict_keys(['example_xcom_args', 'example_xcom_args_with_operators']) retrieved from /home/airflow/.local/lib/python3.7/site-packages/airflow/example_dags/example_xcomargs.py
[2025-08-29T10:10:40.691+0000] {logging_mixin.py:117} INFO - [2025-08-29T10:10:40.691+0000] {dag.py:2573} INFO - Sync 2 DAGs
[2025-08-29T10:10:40.702+0000] {logging_mixin.py:117} INFO - [2025-08-29T10:10:40.702+0000] {dag.py:3328} INFO - Setting next_dagrun for example_xcom_args to None, run_after=None
[2025-08-29T10:10:40.704+0000] {logging_mixin.py:117} INFO - [2025-08-29T10:10:40.704+0000] {dag.py:3328} INFO - Setting next_dagrun for example_xcom_args_with_operators to None, run_after=None
[2025-08-29T10:10:40.716+0000] {processor.py:178} INFO - Processing /home/airflow/.local/lib/python3.7/site-packages/airflow/example_dags/example_xcomargs.py took 0.056 seconds
[2025-08-29T10:11:11.313+0000] {processor.py:156} INFO - Started process (PID=329) to work on /home/airflow/.local/lib/python3.7/site-packages/airflow/example_dags/example_xcomargs.py
[2025-08-29T10:11:11.314+0000] {processor.py:758} INFO - Processing file /home/airflow/.local/lib/python3.7/site-packages/airflow/example_dags/example_xcomargs.py for tasks to queue
[2025-08-29T10:11:11.314+0000] {logging_mixin.py:117} INFO - [2025-08-29T10:11:11.314+0000] {dagbag.py:525} INFO - Filling up the DagBag from /home/airflow/.local/lib/python3.7/site-packages/airflow/example_dags/example_xcomargs.py
[2025-08-29T10:11:11.324+0000] {processor.py:768} INFO - DAG(s) dict_keys(['example_xcom_args_with_operators', 'example_xcom_args']) retrieved from /home/airflow/.local/lib/python3.7/site-packages/airflow/example_dags/example_xcomargs.py
[2025-08-29T10:11:11.343+0000] {logging_mixin.py:117} INFO - [2025-08-29T10:11:11.343+0000] {dag.py:2573} INFO - Sync 2 DAGs
[2025-08-29T10:11:11.355+0000] {logging_mixin.py:117} INFO - [2025-08-29T10:11:11.355+0000] {dag.py:3328} INFO - Setting next_dagrun for example_xcom_args to None, run_after=None
[2025-08-29T10:11:11.357+0000] {logging_mixin.py:117} INFO - [2025-08-29T10:11:11.357+0000] {dag.py:3328} INFO - Setting next_dagrun for example_xcom_args_with_operators to None, run_after=None
[2025-08-29T10:11:11.364+0000] {processor.py:178} INFO - Processing /home/airflow/.local/lib/python3.7/site-packages/airflow/example_dags/example_xcomargs.py took 0.052 seconds
[2025-08-29T10:11:42.181+0000] {processor.py:156} INFO - Started process (PID=394) to work on /home/airflow/.local/lib/python3.7/site-packages/airflow/example_dags/example_xcomargs.py
[2025-08-29T10:11:42.182+0000] {processor.py:758} INFO - Processing file /home/airflow/.local/lib/python3.7/site-packages/airflow/example_dags/example_xcomargs.py for tasks to queue
[2025-08-29T10:11:42.182+0000] {logging_mixin.py:117} INFO - [2025-08-29T10:11:42.182+0000] {dagbag.py:525} INFO - Filling up the DagBag from /home/airflow/.local/lib/python3.7/site-packages/airflow/example_dags/example_xcomargs.py
[2025-08-29T10:11:42.199+0000] {processor.py:768} INFO - DAG(s) dict_keys(['example_xcom_args_with_operators', 'example_xcom_args']) retrieved from /home/airflow/.local/lib/python3.7/site-packages/airflow/example_dags/example_xcomargs.py
[2025-08-29T10:11:42.232+0000] {logging_mixin.py:117} INFO - [2025-08-29T10:11:42.232+0000] {dag.py:2573} INFO - Sync 2 DAGs
[2025-08-29T10:11:42.255+0000] {logging_mixin.py:117} INFO - [2025-08-29T10:11:42.255+0000] {dag.py:3328} INFO - Setting next_dagrun for example_xcom_args to None, run_after=None
[2025-08-29T10:11:42.258+0000] {logging_mixin.py:117} INFO - [2025-08-29T10:11:42.258+0000] {dag.py:3328} INFO - Setting next_dagrun for example_xcom_args_with_operators to None, run_after=None
[2025-08-29T10:11:42.272+0000] {processor.py:178} INFO - Processing /home/airflow/.local/lib/python3.7/site-packages/airflow/example_dags/example_xcomargs.py took 0.094 seconds
[2025-08-29T10:12:12.896+0000] {processor.py:156} INFO - Started process (PID=450) to work on /home/airflow/.local/lib/python3.7/site-packages/airflow/example_dags/example_xcomargs.py
[2025-08-29T10:12:12.897+0000] {processor.py:758} INFO - Processing file /home/airflow/.local/lib/python3.7/site-packages/airflow/example_dags/example_xcomargs.py for tasks to queue
[2025-08-29T10:12:12.898+0000] {logging_mixin.py:117} INFO - [2025-08-29T10:12:12.898+0000] {dagbag.py:525} INFO - Filling up the DagBag from /home/airflow/.local/lib/python3.7/site-packages/airflow/example_dags/example_xcomargs.py
[2025-08-29T10:12:12.910+0000] {processor.py:768} INFO - DAG(s) dict_keys(['example_xcom_args', 'example_xcom_args_with_operators']) retrieved from /home/airflow/.local/lib/python3.7/site-packages/airflow/example_dags/example_xcomargs.py
[2025-08-29T10:12:12.928+0000] {logging_mixin.py:117} INFO - [2025-08-29T10:12:12.928+0000] {dag.py:2573} INFO - Sync 2 DAGs
[2025-08-29T10:12:12.939+0000] {logging_mixin.py:117} INFO - [2025-08-29T10:12:12.939+0000] {dag.py:3328} INFO - Setting next_dagrun for example_xcom_args to None, run_after=None
[2025-08-29T10:12:12.941+0000] {logging_mixin.py:117} INFO - [2025-08-29T10:12:12.941+0000] {dag.py:3328} INFO - Setting next_dagrun for example_xcom_args_with_operators to None, run_after=None
[2025-08-29T10:12:12.947+0000] {processor.py:178} INFO - Processing /home/airflow/.local/lib/python3.7/site-packages/airflow/example_dags/example_xcomargs.py took 0.052 seconds
[2025-08-29T10:12:43.424+0000] {processor.py:156} INFO - Started process (PID=515) to work on /home/airflow/.local/lib/python3.7/site-packages/airflow/example_dags/example_xcomargs.py
[2025-08-29T10:12:43.425+0000] {processor.py:758} INFO - Processing file /home/airflow/.local/lib/python3.7/site-packages/airflow/example_dags/example_xcomargs.py for tasks to queue
[2025-08-29T10:12:43.426+0000] {logging_mixin.py:117} INFO - [2025-08-29T10:12:43.426+0000] {dagbag.py:525} INFO - Filling up the DagBag from /home/airflow/.local/lib/python3.7/site-packages/airflow/example_dags/example_xcomargs.py
[2025-08-29T10:12:43.436+0000] {processor.py:768} INFO - DAG(s) dict_keys(['example_xcom_args', 'example_xcom_args_with_operators']) retrieved from /home/airflow/.local/lib/python3.7/site-packages/airflow/example_dags/example_xcomargs.py
[2025-08-29T10:12:43.454+0000] {logging_mixin.py:117} INFO - [2025-08-29T10:12:43.454+0000] {dag.py:2573} INFO - Sync 2 DAGs
[2025-08-29T10:12:43.463+0000] {logging_mixin.py:117} INFO - [2025-08-29T10:12:43.463+0000] {dag.py:3328} INFO - Setting next_dagrun for example_xcom_args to None, run_after=None
[2025-08-29T10:12:43.465+0000] {logging_mixin.py:117} INFO - [2025-08-29T10:12:43.464+0000] {dag.py:3328} INFO - Setting next_dagrun for example_xcom_args_with_operators to None, run_after=None
[2025-08-29T10:12:43.471+0000] {processor.py:178} INFO - Processing /home/airflow/.local/lib/python3.7/site-packages/airflow/example_dags/example_xcomargs.py took 0.049 seconds
[2025-08-29T10:13:13.885+0000] {processor.py:156} INFO - Started process (PID=580) to work on /home/airflow/.local/lib/python3.7/site-packages/airflow/example_dags/example_xcomargs.py
[2025-08-29T10:13:13.886+0000] {processor.py:758} INFO - Processing file /home/airflow/.local/lib/python3.7/site-packages/airflow/example_dags/example_xcomargs.py for tasks to queue
[2025-08-29T10:13:13.886+0000] {logging_mixin.py:117} INFO - [2025-08-29T10:13:13.886+0000] {dagbag.py:525} INFO - Filling up the DagBag from /home/airflow/.local/lib/python3.7/site-packages/airflow/example_dags/example_xcomargs.py
[2025-08-29T10:13:13.896+0000] {processor.py:768} INFO - DAG(s) dict_keys(['example_xcom_args_with_operators', 'example_xcom_args']) retrieved from /home/airflow/.local/lib/python3.7/site-packages/airflow/example_dags/example_xcomargs.py
[2025-08-29T10:13:13.915+0000] {logging_mixin.py:117} INFO - [2025-08-29T10:13:13.915+0000] {dag.py:2573} INFO - Sync 2 DAGs
[2025-08-29T10:13:13.924+0000] {logging_mixin.py:117} INFO - [2025-08-29T10:13:13.924+0000] {dag.py:3328} INFO - Setting next_dagrun for example_xcom_args to None, run_after=None
[2025-08-29T10:13:13.926+0000] {logging_mixin.py:117} INFO - [2025-08-29T10:13:13.926+0000] {dag.py:3328} INFO - Setting next_dagrun for example_xcom_args_with_operators to None, run_after=None
[2025-08-29T10:13:13.934+0000] {processor.py:178} INFO - Processing /home/airflow/.local/lib/python3.7/site-packages/airflow/example_dags/example_xcomargs.py took 0.050 seconds
[2025-08-29T10:13:44.397+0000] {processor.py:156} INFO - Started process (PID=645) to work on /home/airflow/.local/lib/python3.7/site-packages/airflow/example_dags/example_xcomargs.py
[2025-08-29T10:13:44.397+0000] {processor.py:758} INFO - Processing file /home/airflow/.local/lib/python3.7/site-packages/airflow/example_dags/example_xcomargs.py for tasks to queue
[2025-08-29T10:13:44.398+0000] {logging_mixin.py:117} INFO - [2025-08-29T10:13:44.398+0000] {dagbag.py:525} INFO - Filling up the DagBag from /home/airflow/.local/lib/python3.7/site-packages/airflow/example_dags/example_xcomargs.py
[2025-08-29T10:13:44.412+0000] {processor.py:768} INFO - DAG(s) dict_keys(['example_xcom_args_with_operators', 'example_xcom_args']) retrieved from /home/airflow/.local/lib/python3.7/site-packages/airflow/example_dags/example_xcomargs.py
[2025-08-29T10:13:44.433+0000] {logging_mixin.py:117} INFO - [2025-08-29T10:13:44.432+0000] {dag.py:2573} INFO - Sync 2 DAGs
[2025-08-29T10:13:44.443+0000] {logging_mixin.py:117} INFO - [2025-08-29T10:13:44.443+0000] {dag.py:3328} INFO - Setting next_dagrun for example_xcom_args to None, run_after=None
[2025-08-29T10:13:44.447+0000] {logging_mixin.py:117} INFO - [2025-08-29T10:13:44.447+0000] {dag.py:3328} INFO - Setting next_dagrun for example_xcom_args_with_operators to None, run_after=None
[2025-08-29T10:13:44.455+0000] {processor.py:178} INFO - Processing /home/airflow/.local/lib/python3.7/site-packages/airflow/example_dags/example_xcomargs.py took 0.059 seconds
[2025-08-29T10:14:14.933+0000] {processor.py:156} INFO - Started process (PID=710) to work on /home/airflow/.local/lib/python3.7/site-packages/airflow/example_dags/example_xcomargs.py
[2025-08-29T10:14:14.934+0000] {processor.py:758} INFO - Processing file /home/airflow/.local/lib/python3.7/site-packages/airflow/example_dags/example_xcomargs.py for tasks to queue
[2025-08-29T10:14:14.935+0000] {logging_mixin.py:117} INFO - [2025-08-29T10:14:14.935+0000] {dagbag.py:525} INFO - Filling up the DagBag from /home/airflow/.local/lib/python3.7/site-packages/airflow/example_dags/example_xcomargs.py
[2025-08-29T10:14:14.946+0000] {processor.py:768} INFO - DAG(s) dict_keys(['example_xcom_args_with_operators', 'example_xcom_args']) retrieved from /home/airflow/.local/lib/python3.7/site-packages/airflow/example_dags/example_xcomargs.py
[2025-08-29T10:14:14.965+0000] {logging_mixin.py:117} INFO - [2025-08-29T10:14:14.965+0000] {dag.py:2573} INFO - Sync 2 DAGs
[2025-08-29T10:14:14.978+0000] {logging_mixin.py:117} INFO - [2025-08-29T10:14:14.978+0000] {dag.py:3328} INFO - Setting next_dagrun for example_xcom_args to None, run_after=None
[2025-08-29T10:14:14.979+0000] {logging_mixin.py:117} INFO - [2025-08-29T10:14:14.979+0000] {dag.py:3328} INFO - Setting next_dagrun for example_xcom_args_with_operators to None, run_after=None
[2025-08-29T10:14:14.987+0000] {processor.py:178} INFO - Processing /home/airflow/.local/lib/python3.7/site-packages/airflow/example_dags/example_xcomargs.py took 0.055 seconds
[2025-08-29T10:14:45.867+0000] {processor.py:156} INFO - Started process (PID=775) to work on /home/airflow/.local/lib/python3.7/site-packages/airflow/example_dags/example_xcomargs.py
[2025-08-29T10:14:45.867+0000] {processor.py:758} INFO - Processing file /home/airflow/.local/lib/python3.7/site-packages/airflow/example_dags/example_xcomargs.py for tasks to queue
[2025-08-29T10:14:45.868+0000] {logging_mixin.py:117} INFO - [2025-08-29T10:14:45.867+0000] {dagbag.py:525} INFO - Filling up the DagBag from /home/airflow/.local/lib/python3.7/site-packages/airflow/example_dags/example_xcomargs.py
[2025-08-29T10:14:45.877+0000] {processor.py:768} INFO - DAG(s) dict_keys(['example_xcom_args_with_operators', 'example_xcom_args']) retrieved from /home/airflow/.local/lib/python3.7/site-packages/airflow/example_dags/example_xcomargs.py
[2025-08-29T10:14:45.892+0000] {logging_mixin.py:117} INFO - [2025-08-29T10:14:45.892+0000] {dag.py:2573} INFO - Sync 2 DAGs
[2025-08-29T10:14:45.900+0000] {logging_mixin.py:117} INFO - [2025-08-29T10:14:45.900+0000] {dag.py:3328} INFO - Setting next_dagrun for example_xcom_args to None, run_after=None
[2025-08-29T10:14:45.901+0000] {logging_mixin.py:117} INFO - [2025-08-29T10:14:45.901+0000] {dag.py:3328} INFO - Setting next_dagrun for example_xcom_args_with_operators to None, run_after=None
[2025-08-29T10:14:45.906+0000] {processor.py:178} INFO - Processing /home/airflow/.local/lib/python3.7/site-packages/airflow/example_dags/example_xcomargs.py took 0.040 seconds
