[2025-08-29T10:09:09.629+0000] {processor.py:156} INFO - Started process (PID=73) to work on /home/airflow/.local/lib/python3.7/site-packages/airflow/example_dags/example_branch_operator.py
[2025-08-29T10:09:09.631+0000] {processor.py:758} INFO - Processing file /home/airflow/.local/lib/python3.7/site-packages/airflow/example_dags/example_branch_operator.py for tasks to queue
[2025-08-29T10:09:09.634+0000] {logging_mixin.py:117} INFO - [2025-08-29T10:09:09.633+0000] {dagbag.py:525} INFO - Filling up the DagBag from /home/airflow/.local/lib/python3.7/site-packages/airflow/example_dags/example_branch_operator.py
[2025-08-29T10:09:09.686+0000] {processor.py:768} INFO - DAG(s) dict_keys(['example_branch_operator']) retrieved from /home/airflow/.local/lib/python3.7/site-packages/airflow/example_dags/example_branch_operator.py
[2025-08-29T10:09:09.728+0000] {logging_mixin.py:117} INFO - [2025-08-29T10:09:09.727+0000] {dag.py:2573} INFO - Sync 1 DAGs
[2025-08-29T10:09:09.760+0000] {logging_mixin.py:117} INFO - [2025-08-29T10:09:09.759+0000] {dag.py:3328} INFO - Setting next_dagrun for example_branch_operator to 2025-08-28T00:00:00+00:00, run_after=2025-08-29T00:00:00+00:00
[2025-08-29T10:09:09.794+0000] {processor.py:178} INFO - Processing /home/airflow/.local/lib/python3.7/site-packages/airflow/example_dags/example_branch_operator.py took 0.180 seconds
[2025-08-29T10:09:40.631+0000] {processor.py:156} INFO - Started process (PID=138) to work on /home/airflow/.local/lib/python3.7/site-packages/airflow/example_dags/example_branch_operator.py
[2025-08-29T10:09:40.633+0000] {processor.py:758} INFO - Processing file /home/airflow/.local/lib/python3.7/site-packages/airflow/example_dags/example_branch_operator.py for tasks to queue
[2025-08-29T10:09:40.634+0000] {logging_mixin.py:117} INFO - [2025-08-29T10:09:40.634+0000] {dagbag.py:525} INFO - Filling up the DagBag from /home/airflow/.local/lib/python3.7/site-packages/airflow/example_dags/example_branch_operator.py
[2025-08-29T10:09:40.646+0000] {processor.py:768} INFO - DAG(s) dict_keys(['example_branch_operator']) retrieved from /home/airflow/.local/lib/python3.7/site-packages/airflow/example_dags/example_branch_operator.py
[2025-08-29T10:09:40.672+0000] {logging_mixin.py:117} INFO - [2025-08-29T10:09:40.671+0000] {dag.py:2573} INFO - Sync 1 DAGs
[2025-08-29T10:09:40.686+0000] {logging_mixin.py:117} INFO - [2025-08-29T10:09:40.686+0000] {dag.py:3328} INFO - Setting next_dagrun for example_branch_operator to 2025-08-28T00:00:00+00:00, run_after=2025-08-29T00:00:00+00:00
[2025-08-29T10:09:40.698+0000] {processor.py:178} INFO - Processing /home/airflow/.local/lib/python3.7/site-packages/airflow/example_dags/example_branch_operator.py took 0.069 seconds
[2025-08-29T10:10:11.235+0000] {processor.py:156} INFO - Started process (PID=204) to work on /home/airflow/.local/lib/python3.7/site-packages/airflow/example_dags/example_branch_operator.py
[2025-08-29T10:10:11.236+0000] {processor.py:758} INFO - Processing file /home/airflow/.local/lib/python3.7/site-packages/airflow/example_dags/example_branch_operator.py for tasks to queue
[2025-08-29T10:10:11.239+0000] {logging_mixin.py:117} INFO - [2025-08-29T10:10:11.239+0000] {dagbag.py:525} INFO - Filling up the DagBag from /home/airflow/.local/lib/python3.7/site-packages/airflow/example_dags/example_branch_operator.py
[2025-08-29T10:10:11.253+0000] {processor.py:768} INFO - DAG(s) dict_keys(['example_branch_operator']) retrieved from /home/airflow/.local/lib/python3.7/site-packages/airflow/example_dags/example_branch_operator.py
[2025-08-29T10:10:11.274+0000] {logging_mixin.py:117} INFO - [2025-08-29T10:10:11.274+0000] {dag.py:2573} INFO - Sync 1 DAGs
[2025-08-29T10:10:11.289+0000] {logging_mixin.py:117} INFO - [2025-08-29T10:10:11.288+0000] {dag.py:3328} INFO - Setting next_dagrun for example_branch_operator to 2025-08-28T00:00:00+00:00, run_after=2025-08-29T00:00:00+00:00
[2025-08-29T10:10:11.296+0000] {processor.py:178} INFO - Processing /home/airflow/.local/lib/python3.7/site-packages/airflow/example_dags/example_branch_operator.py took 0.065 seconds
[2025-08-29T10:10:41.804+0000] {processor.py:156} INFO - Started process (PID=269) to work on /home/airflow/.local/lib/python3.7/site-packages/airflow/example_dags/example_branch_operator.py
[2025-08-29T10:10:41.806+0000] {processor.py:758} INFO - Processing file /home/airflow/.local/lib/python3.7/site-packages/airflow/example_dags/example_branch_operator.py for tasks to queue
[2025-08-29T10:10:41.806+0000] {logging_mixin.py:117} INFO - [2025-08-29T10:10:41.806+0000] {dagbag.py:525} INFO - Filling up the DagBag from /home/airflow/.local/lib/python3.7/site-packages/airflow/example_dags/example_branch_operator.py
[2025-08-29T10:10:41.819+0000] {processor.py:768} INFO - DAG(s) dict_keys(['example_branch_operator']) retrieved from /home/airflow/.local/lib/python3.7/site-packages/airflow/example_dags/example_branch_operator.py
[2025-08-29T10:10:41.841+0000] {logging_mixin.py:117} INFO - [2025-08-29T10:10:41.841+0000] {dag.py:2573} INFO - Sync 1 DAGs
[2025-08-29T10:10:41.852+0000] {logging_mixin.py:117} INFO - [2025-08-29T10:10:41.852+0000] {dag.py:3328} INFO - Setting next_dagrun for example_branch_operator to 2025-08-28T00:00:00+00:00, run_after=2025-08-29T00:00:00+00:00
[2025-08-29T10:10:41.859+0000] {processor.py:178} INFO - Processing /home/airflow/.local/lib/python3.7/site-packages/airflow/example_dags/example_branch_operator.py took 0.058 seconds
[2025-08-29T10:11:12.462+0000] {processor.py:156} INFO - Started process (PID=334) to work on /home/airflow/.local/lib/python3.7/site-packages/airflow/example_dags/example_branch_operator.py
[2025-08-29T10:11:12.464+0000] {processor.py:758} INFO - Processing file /home/airflow/.local/lib/python3.7/site-packages/airflow/example_dags/example_branch_operator.py for tasks to queue
[2025-08-29T10:11:12.465+0000] {logging_mixin.py:117} INFO - [2025-08-29T10:11:12.465+0000] {dagbag.py:525} INFO - Filling up the DagBag from /home/airflow/.local/lib/python3.7/site-packages/airflow/example_dags/example_branch_operator.py
[2025-08-29T10:11:12.478+0000] {processor.py:768} INFO - DAG(s) dict_keys(['example_branch_operator']) retrieved from /home/airflow/.local/lib/python3.7/site-packages/airflow/example_dags/example_branch_operator.py
[2025-08-29T10:11:12.499+0000] {logging_mixin.py:117} INFO - [2025-08-29T10:11:12.499+0000] {dag.py:2573} INFO - Sync 1 DAGs
[2025-08-29T10:11:12.510+0000] {logging_mixin.py:117} INFO - [2025-08-29T10:11:12.510+0000] {dag.py:3328} INFO - Setting next_dagrun for example_branch_operator to 2025-08-28T00:00:00+00:00, run_after=2025-08-29T00:00:00+00:00
[2025-08-29T10:11:12.517+0000] {processor.py:178} INFO - Processing /home/airflow/.local/lib/python3.7/site-packages/airflow/example_dags/example_branch_operator.py took 0.058 seconds
[2025-08-29T10:11:43.427+0000] {processor.py:156} INFO - Started process (PID=399) to work on /home/airflow/.local/lib/python3.7/site-packages/airflow/example_dags/example_branch_operator.py
[2025-08-29T10:11:43.428+0000] {processor.py:758} INFO - Processing file /home/airflow/.local/lib/python3.7/site-packages/airflow/example_dags/example_branch_operator.py for tasks to queue
[2025-08-29T10:11:43.429+0000] {logging_mixin.py:117} INFO - [2025-08-29T10:11:43.429+0000] {dagbag.py:525} INFO - Filling up the DagBag from /home/airflow/.local/lib/python3.7/site-packages/airflow/example_dags/example_branch_operator.py
[2025-08-29T10:11:43.438+0000] {processor.py:768} INFO - DAG(s) dict_keys(['example_branch_operator']) retrieved from /home/airflow/.local/lib/python3.7/site-packages/airflow/example_dags/example_branch_operator.py
[2025-08-29T10:11:43.460+0000] {logging_mixin.py:117} INFO - [2025-08-29T10:11:43.460+0000] {dag.py:2573} INFO - Sync 1 DAGs
[2025-08-29T10:11:43.473+0000] {logging_mixin.py:117} INFO - [2025-08-29T10:11:43.472+0000] {dag.py:3328} INFO - Setting next_dagrun for example_branch_operator to 2025-08-28T00:00:00+00:00, run_after=2025-08-29T00:00:00+00:00
[2025-08-29T10:11:43.480+0000] {processor.py:178} INFO - Processing /home/airflow/.local/lib/python3.7/site-packages/airflow/example_dags/example_branch_operator.py took 0.055 seconds
[2025-08-29T10:12:14.028+0000] {processor.py:156} INFO - Started process (PID=464) to work on /home/airflow/.local/lib/python3.7/site-packages/airflow/example_dags/example_branch_operator.py
[2025-08-29T10:12:14.031+0000] {processor.py:758} INFO - Processing file /home/airflow/.local/lib/python3.7/site-packages/airflow/example_dags/example_branch_operator.py for tasks to queue
[2025-08-29T10:12:14.032+0000] {logging_mixin.py:117} INFO - [2025-08-29T10:12:14.032+0000] {dagbag.py:525} INFO - Filling up the DagBag from /home/airflow/.local/lib/python3.7/site-packages/airflow/example_dags/example_branch_operator.py
[2025-08-29T10:12:14.042+0000] {processor.py:768} INFO - DAG(s) dict_keys(['example_branch_operator']) retrieved from /home/airflow/.local/lib/python3.7/site-packages/airflow/example_dags/example_branch_operator.py
[2025-08-29T10:12:14.063+0000] {logging_mixin.py:117} INFO - [2025-08-29T10:12:14.063+0000] {dag.py:2573} INFO - Sync 1 DAGs
[2025-08-29T10:12:14.075+0000] {logging_mixin.py:117} INFO - [2025-08-29T10:12:14.075+0000] {dag.py:3328} INFO - Setting next_dagrun for example_branch_operator to 2025-08-28T00:00:00+00:00, run_after=2025-08-29T00:00:00+00:00
[2025-08-29T10:12:14.086+0000] {processor.py:178} INFO - Processing /home/airflow/.local/lib/python3.7/site-packages/airflow/example_dags/example_branch_operator.py took 0.060 seconds
[2025-08-29T10:12:44.556+0000] {processor.py:156} INFO - Started process (PID=520) to work on /home/airflow/.local/lib/python3.7/site-packages/airflow/example_dags/example_branch_operator.py
[2025-08-29T10:12:44.557+0000] {processor.py:758} INFO - Processing file /home/airflow/.local/lib/python3.7/site-packages/airflow/example_dags/example_branch_operator.py for tasks to queue
[2025-08-29T10:12:44.558+0000] {logging_mixin.py:117} INFO - [2025-08-29T10:12:44.558+0000] {dagbag.py:525} INFO - Filling up the DagBag from /home/airflow/.local/lib/python3.7/site-packages/airflow/example_dags/example_branch_operator.py
[2025-08-29T10:12:44.572+0000] {processor.py:768} INFO - DAG(s) dict_keys(['example_branch_operator']) retrieved from /home/airflow/.local/lib/python3.7/site-packages/airflow/example_dags/example_branch_operator.py
[2025-08-29T10:12:44.596+0000] {logging_mixin.py:117} INFO - [2025-08-29T10:12:44.596+0000] {dag.py:2573} INFO - Sync 1 DAGs
[2025-08-29T10:12:44.607+0000] {logging_mixin.py:117} INFO - [2025-08-29T10:12:44.607+0000] {dag.py:3328} INFO - Setting next_dagrun for example_branch_operator to 2025-08-28T00:00:00+00:00, run_after=2025-08-29T00:00:00+00:00
[2025-08-29T10:12:44.614+0000] {processor.py:178} INFO - Processing /home/airflow/.local/lib/python3.7/site-packages/airflow/example_dags/example_branch_operator.py took 0.061 seconds
[2025-08-29T10:13:15.032+0000] {processor.py:156} INFO - Started process (PID=585) to work on /home/airflow/.local/lib/python3.7/site-packages/airflow/example_dags/example_branch_operator.py
[2025-08-29T10:13:15.035+0000] {processor.py:758} INFO - Processing file /home/airflow/.local/lib/python3.7/site-packages/airflow/example_dags/example_branch_operator.py for tasks to queue
[2025-08-29T10:13:15.035+0000] {logging_mixin.py:117} INFO - [2025-08-29T10:13:15.035+0000] {dagbag.py:525} INFO - Filling up the DagBag from /home/airflow/.local/lib/python3.7/site-packages/airflow/example_dags/example_branch_operator.py
[2025-08-29T10:13:15.048+0000] {processor.py:768} INFO - DAG(s) dict_keys(['example_branch_operator']) retrieved from /home/airflow/.local/lib/python3.7/site-packages/airflow/example_dags/example_branch_operator.py
[2025-08-29T10:13:15.073+0000] {logging_mixin.py:117} INFO - [2025-08-29T10:13:15.073+0000] {dag.py:2573} INFO - Sync 1 DAGs
[2025-08-29T10:13:15.084+0000] {logging_mixin.py:117} INFO - [2025-08-29T10:13:15.084+0000] {dag.py:3328} INFO - Setting next_dagrun for example_branch_operator to 2025-08-28T00:00:00+00:00, run_after=2025-08-29T00:00:00+00:00
[2025-08-29T10:13:15.093+0000] {processor.py:178} INFO - Processing /home/airflow/.local/lib/python3.7/site-packages/airflow/example_dags/example_branch_operator.py took 0.064 seconds
[2025-08-29T10:13:45.559+0000] {processor.py:156} INFO - Started process (PID=650) to work on /home/airflow/.local/lib/python3.7/site-packages/airflow/example_dags/example_branch_operator.py
[2025-08-29T10:13:45.560+0000] {processor.py:758} INFO - Processing file /home/airflow/.local/lib/python3.7/site-packages/airflow/example_dags/example_branch_operator.py for tasks to queue
[2025-08-29T10:13:45.561+0000] {logging_mixin.py:117} INFO - [2025-08-29T10:13:45.560+0000] {dagbag.py:525} INFO - Filling up the DagBag from /home/airflow/.local/lib/python3.7/site-packages/airflow/example_dags/example_branch_operator.py
[2025-08-29T10:13:45.574+0000] {processor.py:768} INFO - DAG(s) dict_keys(['example_branch_operator']) retrieved from /home/airflow/.local/lib/python3.7/site-packages/airflow/example_dags/example_branch_operator.py
[2025-08-29T10:13:45.597+0000] {logging_mixin.py:117} INFO - [2025-08-29T10:13:45.597+0000] {dag.py:2573} INFO - Sync 1 DAGs
[2025-08-29T10:13:45.610+0000] {logging_mixin.py:117} INFO - [2025-08-29T10:13:45.609+0000] {dag.py:3328} INFO - Setting next_dagrun for example_branch_operator to 2025-08-28T00:00:00+00:00, run_after=2025-08-29T00:00:00+00:00
[2025-08-29T10:13:45.620+0000] {processor.py:178} INFO - Processing /home/airflow/.local/lib/python3.7/site-packages/airflow/example_dags/example_branch_operator.py took 0.064 seconds
[2025-08-29T10:14:16.126+0000] {processor.py:156} INFO - Started process (PID=715) to work on /home/airflow/.local/lib/python3.7/site-packages/airflow/example_dags/example_branch_operator.py
[2025-08-29T10:14:16.127+0000] {processor.py:758} INFO - Processing file /home/airflow/.local/lib/python3.7/site-packages/airflow/example_dags/example_branch_operator.py for tasks to queue
[2025-08-29T10:14:16.128+0000] {logging_mixin.py:117} INFO - [2025-08-29T10:14:16.128+0000] {dagbag.py:525} INFO - Filling up the DagBag from /home/airflow/.local/lib/python3.7/site-packages/airflow/example_dags/example_branch_operator.py
[2025-08-29T10:14:16.137+0000] {processor.py:768} INFO - DAG(s) dict_keys(['example_branch_operator']) retrieved from /home/airflow/.local/lib/python3.7/site-packages/airflow/example_dags/example_branch_operator.py
[2025-08-29T10:14:16.163+0000] {logging_mixin.py:117} INFO - [2025-08-29T10:14:16.163+0000] {dag.py:2573} INFO - Sync 1 DAGs
[2025-08-29T10:14:16.177+0000] {logging_mixin.py:117} INFO - [2025-08-29T10:14:16.177+0000] {dag.py:3328} INFO - Setting next_dagrun for example_branch_operator to 2025-08-28T00:00:00+00:00, run_after=2025-08-29T00:00:00+00:00
[2025-08-29T10:14:16.188+0000] {processor.py:178} INFO - Processing /home/airflow/.local/lib/python3.7/site-packages/airflow/example_dags/example_branch_operator.py took 0.064 seconds
[2025-08-29T10:14:47.005+0000] {processor.py:156} INFO - Started process (PID=780) to work on /home/airflow/.local/lib/python3.7/site-packages/airflow/example_dags/example_branch_operator.py
[2025-08-29T10:14:47.010+0000] {processor.py:758} INFO - Processing file /home/airflow/.local/lib/python3.7/site-packages/airflow/example_dags/example_branch_operator.py for tasks to queue
[2025-08-29T10:14:47.013+0000] {logging_mixin.py:117} INFO - [2025-08-29T10:14:47.012+0000] {dagbag.py:525} INFO - Filling up the DagBag from /home/airflow/.local/lib/python3.7/site-packages/airflow/example_dags/example_branch_operator.py
[2025-08-29T10:14:47.025+0000] {processor.py:768} INFO - DAG(s) dict_keys(['example_branch_operator']) retrieved from /home/airflow/.local/lib/python3.7/site-packages/airflow/example_dags/example_branch_operator.py
[2025-08-29T10:14:47.048+0000] {logging_mixin.py:117} INFO - [2025-08-29T10:14:47.048+0000] {dag.py:2573} INFO - Sync 1 DAGs
[2025-08-29T10:14:47.060+0000] {logging_mixin.py:117} INFO - [2025-08-29T10:14:47.060+0000] {dag.py:3328} INFO - Setting next_dagrun for example_branch_operator to 2025-08-28T00:00:00+00:00, run_after=2025-08-29T00:00:00+00:00
[2025-08-29T10:14:47.071+0000] {processor.py:178} INFO - Processing /home/airflow/.local/lib/python3.7/site-packages/airflow/example_dags/example_branch_operator.py took 0.070 seconds
