[2025-08-29T10:09:07.811+0000] {processor.py:156} INFO - Started process (PID=46) to work on /home/airflow/.local/lib/python3.7/site-packages/airflow/example_dags/example_latest_only_with_trigger.py
[2025-08-29T10:09:07.816+0000] {processor.py:758} INFO - Processing file /home/airflow/.local/lib/python3.7/site-packages/airflow/example_dags/example_latest_only_with_trigger.py for tasks to queue
[2025-08-29T10:09:07.817+0000] {logging_mixin.py:117} INFO - [2025-08-29T10:09:07.817+0000] {dagbag.py:525} INFO - Filling up the DagBag from /home/airflow/.local/lib/python3.7/site-packages/airflow/example_dags/example_latest_only_with_trigger.py
[2025-08-29T10:09:07.832+0000] {processor.py:768} INFO - DAG(s) dict_keys(['latest_only_with_trigger']) retrieved from /home/airflow/.local/lib/python3.7/site-packages/airflow/example_dags/example_latest_only_with_trigger.py
[2025-08-29T10:09:07.856+0000] {logging_mixin.py:117} INFO - [2025-08-29T10:09:07.856+0000] {dag.py:2573} INFO - Sync 1 DAGs
[2025-08-29T10:09:07.877+0000] {logging_mixin.py:117} INFO - [2025-08-29T10:09:07.877+0000] {dag.py:3328} INFO - Setting next_dagrun for latest_only_with_trigger to 2025-08-29T06:09:07.877013+00:00, run_after=2025-08-29T10:09:07.877013+00:00
[2025-08-29T10:09:07.887+0000] {processor.py:178} INFO - Processing /home/airflow/.local/lib/python3.7/site-packages/airflow/example_dags/example_latest_only_with_trigger.py took 0.079 seconds
[2025-08-29T10:09:38.384+0000] {processor.py:156} INFO - Started process (PID=109) to work on /home/airflow/.local/lib/python3.7/site-packages/airflow/example_dags/example_latest_only_with_trigger.py
[2025-08-29T10:09:38.384+0000] {processor.py:758} INFO - Processing file /home/airflow/.local/lib/python3.7/site-packages/airflow/example_dags/example_latest_only_with_trigger.py for tasks to queue
[2025-08-29T10:09:38.385+0000] {logging_mixin.py:117} INFO - [2025-08-29T10:09:38.385+0000] {dagbag.py:525} INFO - Filling up the DagBag from /home/airflow/.local/lib/python3.7/site-packages/airflow/example_dags/example_latest_only_with_trigger.py
[2025-08-29T10:09:38.391+0000] {processor.py:768} INFO - DAG(s) dict_keys(['latest_only_with_trigger']) retrieved from /home/airflow/.local/lib/python3.7/site-packages/airflow/example_dags/example_latest_only_with_trigger.py
[2025-08-29T10:09:38.416+0000] {logging_mixin.py:117} INFO - [2025-08-29T10:09:38.416+0000] {dag.py:2573} INFO - Sync 1 DAGs
[2025-08-29T10:09:38.427+0000] {logging_mixin.py:117} INFO - [2025-08-29T10:09:38.427+0000] {dag.py:3328} INFO - Setting next_dagrun for latest_only_with_trigger to 2025-08-29T06:09:38.427471+00:00, run_after=2025-08-29T10:09:38.427471+00:00
[2025-08-29T10:09:38.435+0000] {processor.py:178} INFO - Processing /home/airflow/.local/lib/python3.7/site-packages/airflow/example_dags/example_latest_only_with_trigger.py took 0.053 seconds
[2025-08-29T10:10:09.316+0000] {processor.py:156} INFO - Started process (PID=177) to work on /home/airflow/.local/lib/python3.7/site-packages/airflow/example_dags/example_latest_only_with_trigger.py
[2025-08-29T10:10:09.317+0000] {processor.py:758} INFO - Processing file /home/airflow/.local/lib/python3.7/site-packages/airflow/example_dags/example_latest_only_with_trigger.py for tasks to queue
[2025-08-29T10:10:09.318+0000] {logging_mixin.py:117} INFO - [2025-08-29T10:10:09.318+0000] {dagbag.py:525} INFO - Filling up the DagBag from /home/airflow/.local/lib/python3.7/site-packages/airflow/example_dags/example_latest_only_with_trigger.py
[2025-08-29T10:10:09.326+0000] {processor.py:768} INFO - DAG(s) dict_keys(['latest_only_with_trigger']) retrieved from /home/airflow/.local/lib/python3.7/site-packages/airflow/example_dags/example_latest_only_with_trigger.py
[2025-08-29T10:10:09.342+0000] {logging_mixin.py:117} INFO - [2025-08-29T10:10:09.341+0000] {dag.py:2573} INFO - Sync 1 DAGs
[2025-08-29T10:10:09.352+0000] {logging_mixin.py:117} INFO - [2025-08-29T10:10:09.352+0000] {dag.py:3328} INFO - Setting next_dagrun for latest_only_with_trigger to 2025-08-29T06:10:09.352199+00:00, run_after=2025-08-29T10:10:09.352199+00:00
[2025-08-29T10:10:09.361+0000] {processor.py:178} INFO - Processing /home/airflow/.local/lib/python3.7/site-packages/airflow/example_dags/example_latest_only_with_trigger.py took 0.046 seconds
[2025-08-29T10:10:39.916+0000] {processor.py:156} INFO - Started process (PID=242) to work on /home/airflow/.local/lib/python3.7/site-packages/airflow/example_dags/example_latest_only_with_trigger.py
[2025-08-29T10:10:39.918+0000] {processor.py:758} INFO - Processing file /home/airflow/.local/lib/python3.7/site-packages/airflow/example_dags/example_latest_only_with_trigger.py for tasks to queue
[2025-08-29T10:10:39.918+0000] {logging_mixin.py:117} INFO - [2025-08-29T10:10:39.918+0000] {dagbag.py:525} INFO - Filling up the DagBag from /home/airflow/.local/lib/python3.7/site-packages/airflow/example_dags/example_latest_only_with_trigger.py
[2025-08-29T10:10:39.924+0000] {processor.py:768} INFO - DAG(s) dict_keys(['latest_only_with_trigger']) retrieved from /home/airflow/.local/lib/python3.7/site-packages/airflow/example_dags/example_latest_only_with_trigger.py
[2025-08-29T10:10:39.941+0000] {logging_mixin.py:117} INFO - [2025-08-29T10:10:39.941+0000] {dag.py:2573} INFO - Sync 1 DAGs
[2025-08-29T10:10:39.951+0000] {logging_mixin.py:117} INFO - [2025-08-29T10:10:39.951+0000] {dag.py:3328} INFO - Setting next_dagrun for latest_only_with_trigger to 2025-08-29T06:10:39.951726+00:00, run_after=2025-08-29T10:10:39.951726+00:00
[2025-08-29T10:10:39.960+0000] {processor.py:178} INFO - Processing /home/airflow/.local/lib/python3.7/site-packages/airflow/example_dags/example_latest_only_with_trigger.py took 0.046 seconds
[2025-08-29T10:11:10.528+0000] {processor.py:156} INFO - Started process (PID=307) to work on /home/airflow/.local/lib/python3.7/site-packages/airflow/example_dags/example_latest_only_with_trigger.py
[2025-08-29T10:11:10.529+0000] {processor.py:758} INFO - Processing file /home/airflow/.local/lib/python3.7/site-packages/airflow/example_dags/example_latest_only_with_trigger.py for tasks to queue
[2025-08-29T10:11:10.530+0000] {logging_mixin.py:117} INFO - [2025-08-29T10:11:10.530+0000] {dagbag.py:525} INFO - Filling up the DagBag from /home/airflow/.local/lib/python3.7/site-packages/airflow/example_dags/example_latest_only_with_trigger.py
[2025-08-29T10:11:10.536+0000] {processor.py:768} INFO - DAG(s) dict_keys(['latest_only_with_trigger']) retrieved from /home/airflow/.local/lib/python3.7/site-packages/airflow/example_dags/example_latest_only_with_trigger.py
[2025-08-29T10:11:10.556+0000] {logging_mixin.py:117} INFO - [2025-08-29T10:11:10.556+0000] {dag.py:2573} INFO - Sync 1 DAGs
[2025-08-29T10:11:10.570+0000] {logging_mixin.py:117} INFO - [2025-08-29T10:11:10.570+0000] {dag.py:3328} INFO - Setting next_dagrun for latest_only_with_trigger to 2025-08-29T06:11:10.570208+00:00, run_after=2025-08-29T10:11:10.570208+00:00
[2025-08-29T10:11:10.584+0000] {processor.py:178} INFO - Processing /home/airflow/.local/lib/python3.7/site-packages/airflow/example_dags/example_latest_only_with_trigger.py took 0.058 seconds
[2025-08-29T10:11:41.127+0000] {processor.py:156} INFO - Started process (PID=363) to work on /home/airflow/.local/lib/python3.7/site-packages/airflow/example_dags/example_latest_only_with_trigger.py
[2025-08-29T10:11:41.129+0000] {processor.py:758} INFO - Processing file /home/airflow/.local/lib/python3.7/site-packages/airflow/example_dags/example_latest_only_with_trigger.py for tasks to queue
[2025-08-29T10:11:41.129+0000] {logging_mixin.py:117} INFO - [2025-08-29T10:11:41.129+0000] {dagbag.py:525} INFO - Filling up the DagBag from /home/airflow/.local/lib/python3.7/site-packages/airflow/example_dags/example_latest_only_with_trigger.py
[2025-08-29T10:11:41.136+0000] {processor.py:768} INFO - DAG(s) dict_keys(['latest_only_with_trigger']) retrieved from /home/airflow/.local/lib/python3.7/site-packages/airflow/example_dags/example_latest_only_with_trigger.py
[2025-08-29T10:11:41.157+0000] {logging_mixin.py:117} INFO - [2025-08-29T10:11:41.157+0000] {dag.py:2573} INFO - Sync 1 DAGs
[2025-08-29T10:11:41.167+0000] {logging_mixin.py:117} INFO - [2025-08-29T10:11:41.167+0000] {dag.py:3328} INFO - Setting next_dagrun for latest_only_with_trigger to 2025-08-29T06:11:41.167552+00:00, run_after=2025-08-29T10:11:41.167552+00:00
[2025-08-29T10:11:41.183+0000] {processor.py:178} INFO - Processing /home/airflow/.local/lib/python3.7/site-packages/airflow/example_dags/example_latest_only_with_trigger.py took 0.058 seconds
[2025-08-29T10:12:12.169+0000] {processor.py:156} INFO - Started process (PID=428) to work on /home/airflow/.local/lib/python3.7/site-packages/airflow/example_dags/example_latest_only_with_trigger.py
[2025-08-29T10:12:12.170+0000] {processor.py:758} INFO - Processing file /home/airflow/.local/lib/python3.7/site-packages/airflow/example_dags/example_latest_only_with_trigger.py for tasks to queue
[2025-08-29T10:12:12.172+0000] {logging_mixin.py:117} INFO - [2025-08-29T10:12:12.171+0000] {dagbag.py:525} INFO - Filling up the DagBag from /home/airflow/.local/lib/python3.7/site-packages/airflow/example_dags/example_latest_only_with_trigger.py
[2025-08-29T10:12:12.179+0000] {processor.py:768} INFO - DAG(s) dict_keys(['latest_only_with_trigger']) retrieved from /home/airflow/.local/lib/python3.7/site-packages/airflow/example_dags/example_latest_only_with_trigger.py
[2025-08-29T10:12:12.197+0000] {logging_mixin.py:117} INFO - [2025-08-29T10:12:12.197+0000] {dag.py:2573} INFO - Sync 1 DAGs
[2025-08-29T10:12:12.207+0000] {logging_mixin.py:117} INFO - [2025-08-29T10:12:12.207+0000] {dag.py:3328} INFO - Setting next_dagrun for latest_only_with_trigger to 2025-08-29T06:12:12.207541+00:00, run_after=2025-08-29T10:12:12.207541+00:00
[2025-08-29T10:12:12.218+0000] {processor.py:178} INFO - Processing /home/airflow/.local/lib/python3.7/site-packages/airflow/example_dags/example_latest_only_with_trigger.py took 0.050 seconds
[2025-08-29T10:12:42.706+0000] {processor.py:156} INFO - Started process (PID=493) to work on /home/airflow/.local/lib/python3.7/site-packages/airflow/example_dags/example_latest_only_with_trigger.py
[2025-08-29T10:12:42.706+0000] {processor.py:758} INFO - Processing file /home/airflow/.local/lib/python3.7/site-packages/airflow/example_dags/example_latest_only_with_trigger.py for tasks to queue
[2025-08-29T10:12:42.707+0000] {logging_mixin.py:117} INFO - [2025-08-29T10:12:42.707+0000] {dagbag.py:525} INFO - Filling up the DagBag from /home/airflow/.local/lib/python3.7/site-packages/airflow/example_dags/example_latest_only_with_trigger.py
[2025-08-29T10:12:42.712+0000] {processor.py:768} INFO - DAG(s) dict_keys(['latest_only_with_trigger']) retrieved from /home/airflow/.local/lib/python3.7/site-packages/airflow/example_dags/example_latest_only_with_trigger.py
[2025-08-29T10:12:42.726+0000] {logging_mixin.py:117} INFO - [2025-08-29T10:12:42.726+0000] {dag.py:2573} INFO - Sync 1 DAGs
[2025-08-29T10:12:42.735+0000] {logging_mixin.py:117} INFO - [2025-08-29T10:12:42.735+0000] {dag.py:3328} INFO - Setting next_dagrun for latest_only_with_trigger to 2025-08-29T06:12:42.734922+00:00, run_after=2025-08-29T10:12:42.734922+00:00
[2025-08-29T10:12:42.740+0000] {processor.py:178} INFO - Processing /home/airflow/.local/lib/python3.7/site-packages/airflow/example_dags/example_latest_only_with_trigger.py took 0.035 seconds
[2025-08-29T10:13:13.171+0000] {processor.py:156} INFO - Started process (PID=558) to work on /home/airflow/.local/lib/python3.7/site-packages/airflow/example_dags/example_latest_only_with_trigger.py
[2025-08-29T10:13:13.174+0000] {processor.py:758} INFO - Processing file /home/airflow/.local/lib/python3.7/site-packages/airflow/example_dags/example_latest_only_with_trigger.py for tasks to queue
[2025-08-29T10:13:13.174+0000] {logging_mixin.py:117} INFO - [2025-08-29T10:13:13.174+0000] {dagbag.py:525} INFO - Filling up the DagBag from /home/airflow/.local/lib/python3.7/site-packages/airflow/example_dags/example_latest_only_with_trigger.py
[2025-08-29T10:13:13.181+0000] {processor.py:768} INFO - DAG(s) dict_keys(['latest_only_with_trigger']) retrieved from /home/airflow/.local/lib/python3.7/site-packages/airflow/example_dags/example_latest_only_with_trigger.py
[2025-08-29T10:13:13.197+0000] {logging_mixin.py:117} INFO - [2025-08-29T10:13:13.197+0000] {dag.py:2573} INFO - Sync 1 DAGs
[2025-08-29T10:13:13.207+0000] {logging_mixin.py:117} INFO - [2025-08-29T10:13:13.207+0000] {dag.py:3328} INFO - Setting next_dagrun for latest_only_with_trigger to 2025-08-29T06:13:13.207455+00:00, run_after=2025-08-29T10:13:13.207455+00:00
[2025-08-29T10:13:13.214+0000] {processor.py:178} INFO - Processing /home/airflow/.local/lib/python3.7/site-packages/airflow/example_dags/example_latest_only_with_trigger.py took 0.044 seconds
[2025-08-29T10:13:43.692+0000] {processor.py:156} INFO - Started process (PID=623) to work on /home/airflow/.local/lib/python3.7/site-packages/airflow/example_dags/example_latest_only_with_trigger.py
[2025-08-29T10:13:43.693+0000] {processor.py:758} INFO - Processing file /home/airflow/.local/lib/python3.7/site-packages/airflow/example_dags/example_latest_only_with_trigger.py for tasks to queue
[2025-08-29T10:13:43.693+0000] {logging_mixin.py:117} INFO - [2025-08-29T10:13:43.693+0000] {dagbag.py:525} INFO - Filling up the DagBag from /home/airflow/.local/lib/python3.7/site-packages/airflow/example_dags/example_latest_only_with_trigger.py
[2025-08-29T10:13:43.699+0000] {processor.py:768} INFO - DAG(s) dict_keys(['latest_only_with_trigger']) retrieved from /home/airflow/.local/lib/python3.7/site-packages/airflow/example_dags/example_latest_only_with_trigger.py
[2025-08-29T10:13:43.714+0000] {logging_mixin.py:117} INFO - [2025-08-29T10:13:43.714+0000] {dag.py:2573} INFO - Sync 1 DAGs
[2025-08-29T10:13:43.722+0000] {logging_mixin.py:117} INFO - [2025-08-29T10:13:43.722+0000] {dag.py:3328} INFO - Setting next_dagrun for latest_only_with_trigger to 2025-08-29T06:13:43.722676+00:00, run_after=2025-08-29T10:13:43.722676+00:00
[2025-08-29T10:13:43.730+0000] {processor.py:178} INFO - Processing /home/airflow/.local/lib/python3.7/site-packages/airflow/example_dags/example_latest_only_with_trigger.py took 0.039 seconds
[2025-08-29T10:14:14.180+0000] {processor.py:156} INFO - Started process (PID=688) to work on /home/airflow/.local/lib/python3.7/site-packages/airflow/example_dags/example_latest_only_with_trigger.py
[2025-08-29T10:14:14.181+0000] {processor.py:758} INFO - Processing file /home/airflow/.local/lib/python3.7/site-packages/airflow/example_dags/example_latest_only_with_trigger.py for tasks to queue
[2025-08-29T10:14:14.182+0000] {logging_mixin.py:117} INFO - [2025-08-29T10:14:14.182+0000] {dagbag.py:525} INFO - Filling up the DagBag from /home/airflow/.local/lib/python3.7/site-packages/airflow/example_dags/example_latest_only_with_trigger.py
[2025-08-29T10:14:14.189+0000] {processor.py:768} INFO - DAG(s) dict_keys(['latest_only_with_trigger']) retrieved from /home/airflow/.local/lib/python3.7/site-packages/airflow/example_dags/example_latest_only_with_trigger.py
[2025-08-29T10:14:14.206+0000] {logging_mixin.py:117} INFO - [2025-08-29T10:14:14.206+0000] {dag.py:2573} INFO - Sync 1 DAGs
[2025-08-29T10:14:14.218+0000] {logging_mixin.py:117} INFO - [2025-08-29T10:14:14.218+0000] {dag.py:3328} INFO - Setting next_dagrun for latest_only_with_trigger to 2025-08-29T06:14:14.218740+00:00, run_after=2025-08-29T10:14:14.218740+00:00
[2025-08-29T10:14:14.227+0000] {processor.py:178} INFO - Processing /home/airflow/.local/lib/python3.7/site-packages/airflow/example_dags/example_latest_only_with_trigger.py took 0.049 seconds
[2025-08-29T10:14:44.862+0000] {processor.py:156} INFO - Started process (PID=753) to work on /home/airflow/.local/lib/python3.7/site-packages/airflow/example_dags/example_latest_only_with_trigger.py
[2025-08-29T10:14:44.862+0000] {processor.py:758} INFO - Processing file /home/airflow/.local/lib/python3.7/site-packages/airflow/example_dags/example_latest_only_with_trigger.py for tasks to queue
[2025-08-29T10:14:44.862+0000] {logging_mixin.py:117} INFO - [2025-08-29T10:14:44.862+0000] {dagbag.py:525} INFO - Filling up the DagBag from /home/airflow/.local/lib/python3.7/site-packages/airflow/example_dags/example_latest_only_with_trigger.py
[2025-08-29T10:14:44.869+0000] {processor.py:768} INFO - DAG(s) dict_keys(['latest_only_with_trigger']) retrieved from /home/airflow/.local/lib/python3.7/site-packages/airflow/example_dags/example_latest_only_with_trigger.py
[2025-08-29T10:14:44.888+0000] {logging_mixin.py:117} INFO - [2025-08-29T10:14:44.888+0000] {dag.py:2573} INFO - Sync 1 DAGs
[2025-08-29T10:14:44.903+0000] {logging_mixin.py:117} INFO - [2025-08-29T10:14:44.902+0000] {dag.py:3328} INFO - Setting next_dagrun for latest_only_with_trigger to 2025-08-29T06:14:44.902813+00:00, run_after=2025-08-29T10:14:44.902813+00:00
[2025-08-29T10:14:44.913+0000] {processor.py:178} INFO - Processing /home/airflow/.local/lib/python3.7/site-packages/airflow/example_dags/example_latest_only_with_trigger.py took 0.053 seconds
