[2025-08-29T10:09:08.280+0000] {processor.py:156} INFO - Started process (PID=52) to work on /home/airflow/.local/lib/python3.7/site-packages/airflow/example_dags/example_datasets.py
[2025-08-29T10:09:08.282+0000] {processor.py:758} INFO - Processing file /home/airflow/.local/lib/python3.7/site-packages/airflow/example_dags/example_datasets.py for tasks to queue
[2025-08-29T10:09:08.282+0000] {logging_mixin.py:117} INFO - [2025-08-29T10:09:08.282+0000] {dagbag.py:525} INFO - Filling up the DagBag from /home/airflow/.local/lib/python3.7/site-packages/airflow/example_dags/example_datasets.py
[2025-08-29T10:09:08.292+0000] {processor.py:768} INFO - DAG(s) dict_keys(['dataset_produces_2', 'dataset_consumes_unknown_never_scheduled', 'dataset_consumes_1_and_2', 'dataset_consumes_1_never_scheduled', 'dataset_produces_1', 'dataset_consumes_1']) retrieved from /home/airflow/.local/lib/python3.7/site-packages/airflow/example_dags/example_datasets.py
[2025-08-29T10:09:08.320+0000] {logging_mixin.py:117} INFO - [2025-08-29T10:09:08.319+0000] {dag.py:2573} INFO - Sync 6 DAGs
[2025-08-29T10:09:08.346+0000] {logging_mixin.py:117} INFO - [2025-08-29T10:09:08.346+0000] {dag.py:3328} INFO - Setting next_dagrun for dataset_consumes_1 to None, run_after=None
[2025-08-29T10:09:08.348+0000] {logging_mixin.py:117} INFO - [2025-08-29T10:09:08.348+0000] {dag.py:3328} INFO - Setting next_dagrun for dataset_consumes_1_and_2 to None, run_after=None
[2025-08-29T10:09:08.349+0000] {logging_mixin.py:117} INFO - [2025-08-29T10:09:08.349+0000] {dag.py:3328} INFO - Setting next_dagrun for dataset_consumes_1_never_scheduled to None, run_after=None
[2025-08-29T10:09:08.350+0000] {logging_mixin.py:117} INFO - [2025-08-29T10:09:08.350+0000] {dag.py:3328} INFO - Setting next_dagrun for dataset_consumes_unknown_never_scheduled to None, run_after=None
[2025-08-29T10:09:08.351+0000] {logging_mixin.py:117} INFO - [2025-08-29T10:09:08.351+0000] {dag.py:3328} INFO - Setting next_dagrun for dataset_produces_1 to 2025-08-28T00:00:00+00:00, run_after=2025-08-29T00:00:00+00:00
[2025-08-29T10:09:08.352+0000] {logging_mixin.py:117} INFO - [2025-08-29T10:09:08.352+0000] {dag.py:3328} INFO - Setting next_dagrun for dataset_produces_2 to None, run_after=None
[2025-08-29T10:09:08.373+0000] {processor.py:178} INFO - Processing /home/airflow/.local/lib/python3.7/site-packages/airflow/example_dags/example_datasets.py took 0.095 seconds
[2025-08-29T10:09:38.786+0000] {processor.py:156} INFO - Started process (PID=117) to work on /home/airflow/.local/lib/python3.7/site-packages/airflow/example_dags/example_datasets.py
[2025-08-29T10:09:38.787+0000] {processor.py:758} INFO - Processing file /home/airflow/.local/lib/python3.7/site-packages/airflow/example_dags/example_datasets.py for tasks to queue
[2025-08-29T10:09:38.788+0000] {logging_mixin.py:117} INFO - [2025-08-29T10:09:38.788+0000] {dagbag.py:525} INFO - Filling up the DagBag from /home/airflow/.local/lib/python3.7/site-packages/airflow/example_dags/example_datasets.py
[2025-08-29T10:09:38.798+0000] {processor.py:768} INFO - DAG(s) dict_keys(['dataset_produces_1', 'dataset_consumes_1_never_scheduled', 'dataset_produces_2', 'dataset_consumes_1', 'dataset_consumes_unknown_never_scheduled', 'dataset_consumes_1_and_2']) retrieved from /home/airflow/.local/lib/python3.7/site-packages/airflow/example_dags/example_datasets.py
[2025-08-29T10:09:38.844+0000] {logging_mixin.py:117} INFO - [2025-08-29T10:09:38.844+0000] {dag.py:2573} INFO - Sync 6 DAGs
[2025-08-29T10:09:38.858+0000] {logging_mixin.py:117} INFO - [2025-08-29T10:09:38.858+0000] {dag.py:3328} INFO - Setting next_dagrun for dataset_consumes_1 to None, run_after=None
[2025-08-29T10:09:38.859+0000] {logging_mixin.py:117} INFO - [2025-08-29T10:09:38.859+0000] {dag.py:3328} INFO - Setting next_dagrun for dataset_consumes_1_and_2 to None, run_after=None
[2025-08-29T10:09:38.860+0000] {logging_mixin.py:117} INFO - [2025-08-29T10:09:38.860+0000] {dag.py:3328} INFO - Setting next_dagrun for dataset_consumes_1_never_scheduled to None, run_after=None
[2025-08-29T10:09:38.863+0000] {logging_mixin.py:117} INFO - [2025-08-29T10:09:38.863+0000] {dag.py:3328} INFO - Setting next_dagrun for dataset_consumes_unknown_never_scheduled to None, run_after=None
[2025-08-29T10:09:38.864+0000] {logging_mixin.py:117} INFO - [2025-08-29T10:09:38.863+0000] {dag.py:3328} INFO - Setting next_dagrun for dataset_produces_1 to 2025-08-28T00:00:00+00:00, run_after=2025-08-29T00:00:00+00:00
[2025-08-29T10:09:38.865+0000] {logging_mixin.py:117} INFO - [2025-08-29T10:09:38.865+0000] {dag.py:3328} INFO - Setting next_dagrun for dataset_produces_2 to None, run_after=None
[2025-08-29T10:09:38.880+0000] {processor.py:178} INFO - Processing /home/airflow/.local/lib/python3.7/site-packages/airflow/example_dags/example_datasets.py took 0.095 seconds
[2025-08-29T10:10:09.503+0000] {processor.py:156} INFO - Started process (PID=183) to work on /home/airflow/.local/lib/python3.7/site-packages/airflow/example_dags/example_datasets.py
[2025-08-29T10:10:09.504+0000] {processor.py:758} INFO - Processing file /home/airflow/.local/lib/python3.7/site-packages/airflow/example_dags/example_datasets.py for tasks to queue
[2025-08-29T10:10:09.504+0000] {logging_mixin.py:117} INFO - [2025-08-29T10:10:09.504+0000] {dagbag.py:525} INFO - Filling up the DagBag from /home/airflow/.local/lib/python3.7/site-packages/airflow/example_dags/example_datasets.py
[2025-08-29T10:10:09.513+0000] {processor.py:768} INFO - DAG(s) dict_keys(['dataset_consumes_1_and_2', 'dataset_produces_1', 'dataset_produces_2', 'dataset_consumes_unknown_never_scheduled', 'dataset_consumes_1', 'dataset_consumes_1_never_scheduled']) retrieved from /home/airflow/.local/lib/python3.7/site-packages/airflow/example_dags/example_datasets.py
[2025-08-29T10:10:09.534+0000] {logging_mixin.py:117} INFO - [2025-08-29T10:10:09.533+0000] {dag.py:2573} INFO - Sync 6 DAGs
[2025-08-29T10:10:09.544+0000] {logging_mixin.py:117} INFO - [2025-08-29T10:10:09.544+0000] {dag.py:3328} INFO - Setting next_dagrun for dataset_consumes_1 to None, run_after=None
[2025-08-29T10:10:09.545+0000] {logging_mixin.py:117} INFO - [2025-08-29T10:10:09.545+0000] {dag.py:3328} INFO - Setting next_dagrun for dataset_consumes_1_and_2 to None, run_after=None
[2025-08-29T10:10:09.546+0000] {logging_mixin.py:117} INFO - [2025-08-29T10:10:09.546+0000] {dag.py:3328} INFO - Setting next_dagrun for dataset_consumes_1_never_scheduled to None, run_after=None
[2025-08-29T10:10:09.546+0000] {logging_mixin.py:117} INFO - [2025-08-29T10:10:09.546+0000] {dag.py:3328} INFO - Setting next_dagrun for dataset_consumes_unknown_never_scheduled to None, run_after=None
[2025-08-29T10:10:09.549+0000] {logging_mixin.py:117} INFO - [2025-08-29T10:10:09.549+0000] {dag.py:3328} INFO - Setting next_dagrun for dataset_produces_1 to 2025-08-28T00:00:00+00:00, run_after=2025-08-29T00:00:00+00:00
[2025-08-29T10:10:09.550+0000] {logging_mixin.py:117} INFO - [2025-08-29T10:10:09.550+0000] {dag.py:3328} INFO - Setting next_dagrun for dataset_produces_2 to None, run_after=None
[2025-08-29T10:10:09.567+0000] {processor.py:178} INFO - Processing /home/airflow/.local/lib/python3.7/site-packages/airflow/example_dags/example_datasets.py took 0.065 seconds
[2025-08-29T10:10:40.088+0000] {processor.py:156} INFO - Started process (PID=248) to work on /home/airflow/.local/lib/python3.7/site-packages/airflow/example_dags/example_datasets.py
[2025-08-29T10:10:40.091+0000] {processor.py:758} INFO - Processing file /home/airflow/.local/lib/python3.7/site-packages/airflow/example_dags/example_datasets.py for tasks to queue
[2025-08-29T10:10:40.091+0000] {logging_mixin.py:117} INFO - [2025-08-29T10:10:40.091+0000] {dagbag.py:525} INFO - Filling up the DagBag from /home/airflow/.local/lib/python3.7/site-packages/airflow/example_dags/example_datasets.py
[2025-08-29T10:10:40.099+0000] {processor.py:768} INFO - DAG(s) dict_keys(['dataset_produces_1', 'dataset_produces_2', 'dataset_consumes_unknown_never_scheduled', 'dataset_consumes_1_never_scheduled', 'dataset_consumes_1', 'dataset_consumes_1_and_2']) retrieved from /home/airflow/.local/lib/python3.7/site-packages/airflow/example_dags/example_datasets.py
[2025-08-29T10:10:40.130+0000] {logging_mixin.py:117} INFO - [2025-08-29T10:10:40.130+0000] {dag.py:2573} INFO - Sync 6 DAGs
[2025-08-29T10:10:40.143+0000] {logging_mixin.py:117} INFO - [2025-08-29T10:10:40.143+0000] {dag.py:3328} INFO - Setting next_dagrun for dataset_consumes_1 to None, run_after=None
[2025-08-29T10:10:40.146+0000] {logging_mixin.py:117} INFO - [2025-08-29T10:10:40.146+0000] {dag.py:3328} INFO - Setting next_dagrun for dataset_consumes_1_and_2 to None, run_after=None
[2025-08-29T10:10:40.147+0000] {logging_mixin.py:117} INFO - [2025-08-29T10:10:40.147+0000] {dag.py:3328} INFO - Setting next_dagrun for dataset_consumes_1_never_scheduled to None, run_after=None
[2025-08-29T10:10:40.147+0000] {logging_mixin.py:117} INFO - [2025-08-29T10:10:40.147+0000] {dag.py:3328} INFO - Setting next_dagrun for dataset_consumes_unknown_never_scheduled to None, run_after=None
[2025-08-29T10:10:40.149+0000] {logging_mixin.py:117} INFO - [2025-08-29T10:10:40.149+0000] {dag.py:3328} INFO - Setting next_dagrun for dataset_produces_1 to 2025-08-28T00:00:00+00:00, run_after=2025-08-29T00:00:00+00:00
[2025-08-29T10:10:40.150+0000] {logging_mixin.py:117} INFO - [2025-08-29T10:10:40.150+0000] {dag.py:3328} INFO - Setting next_dagrun for dataset_produces_2 to None, run_after=None
[2025-08-29T10:10:40.162+0000] {processor.py:178} INFO - Processing /home/airflow/.local/lib/python3.7/site-packages/airflow/example_dags/example_datasets.py took 0.075 seconds
[2025-08-29T10:11:10.709+0000] {processor.py:156} INFO - Started process (PID=313) to work on /home/airflow/.local/lib/python3.7/site-packages/airflow/example_dags/example_datasets.py
[2025-08-29T10:11:10.710+0000] {processor.py:758} INFO - Processing file /home/airflow/.local/lib/python3.7/site-packages/airflow/example_dags/example_datasets.py for tasks to queue
[2025-08-29T10:11:10.711+0000] {logging_mixin.py:117} INFO - [2025-08-29T10:11:10.711+0000] {dagbag.py:525} INFO - Filling up the DagBag from /home/airflow/.local/lib/python3.7/site-packages/airflow/example_dags/example_datasets.py
[2025-08-29T10:11:10.721+0000] {processor.py:768} INFO - DAG(s) dict_keys(['dataset_produces_2', 'dataset_consumes_1_never_scheduled', 'dataset_consumes_unknown_never_scheduled', 'dataset_produces_1', 'dataset_consumes_1_and_2', 'dataset_consumes_1']) retrieved from /home/airflow/.local/lib/python3.7/site-packages/airflow/example_dags/example_datasets.py
[2025-08-29T10:11:10.749+0000] {logging_mixin.py:117} INFO - [2025-08-29T10:11:10.749+0000] {dag.py:2573} INFO - Sync 6 DAGs
[2025-08-29T10:11:10.762+0000] {logging_mixin.py:117} INFO - [2025-08-29T10:11:10.762+0000] {dag.py:3328} INFO - Setting next_dagrun for dataset_consumes_1 to None, run_after=None
[2025-08-29T10:11:10.766+0000] {logging_mixin.py:117} INFO - [2025-08-29T10:11:10.766+0000] {dag.py:3328} INFO - Setting next_dagrun for dataset_consumes_1_and_2 to None, run_after=None
[2025-08-29T10:11:10.768+0000] {logging_mixin.py:117} INFO - [2025-08-29T10:11:10.768+0000] {dag.py:3328} INFO - Setting next_dagrun for dataset_consumes_1_never_scheduled to None, run_after=None
[2025-08-29T10:11:10.769+0000] {logging_mixin.py:117} INFO - [2025-08-29T10:11:10.769+0000] {dag.py:3328} INFO - Setting next_dagrun for dataset_consumes_unknown_never_scheduled to None, run_after=None
[2025-08-29T10:11:10.771+0000] {logging_mixin.py:117} INFO - [2025-08-29T10:11:10.771+0000] {dag.py:3328} INFO - Setting next_dagrun for dataset_produces_1 to 2025-08-28T00:00:00+00:00, run_after=2025-08-29T00:00:00+00:00
[2025-08-29T10:11:10.771+0000] {logging_mixin.py:117} INFO - [2025-08-29T10:11:10.771+0000] {dag.py:3328} INFO - Setting next_dagrun for dataset_produces_2 to None, run_after=None
[2025-08-29T10:11:10.788+0000] {processor.py:178} INFO - Processing /home/airflow/.local/lib/python3.7/site-packages/airflow/example_dags/example_datasets.py took 0.080 seconds
[2025-08-29T10:11:41.335+0000] {processor.py:156} INFO - Started process (PID=369) to work on /home/airflow/.local/lib/python3.7/site-packages/airflow/example_dags/example_datasets.py
[2025-08-29T10:11:41.336+0000] {processor.py:758} INFO - Processing file /home/airflow/.local/lib/python3.7/site-packages/airflow/example_dags/example_datasets.py for tasks to queue
[2025-08-29T10:11:41.336+0000] {logging_mixin.py:117} INFO - [2025-08-29T10:11:41.336+0000] {dagbag.py:525} INFO - Filling up the DagBag from /home/airflow/.local/lib/python3.7/site-packages/airflow/example_dags/example_datasets.py
[2025-08-29T10:11:41.345+0000] {processor.py:768} INFO - DAG(s) dict_keys(['dataset_produces_2', 'dataset_consumes_unknown_never_scheduled', 'dataset_produces_1', 'dataset_consumes_1', 'dataset_consumes_1_and_2', 'dataset_consumes_1_never_scheduled']) retrieved from /home/airflow/.local/lib/python3.7/site-packages/airflow/example_dags/example_datasets.py
[2025-08-29T10:11:41.373+0000] {logging_mixin.py:117} INFO - [2025-08-29T10:11:41.373+0000] {dag.py:2573} INFO - Sync 6 DAGs
[2025-08-29T10:11:41.385+0000] {logging_mixin.py:117} INFO - [2025-08-29T10:11:41.385+0000] {dag.py:3328} INFO - Setting next_dagrun for dataset_consumes_1 to None, run_after=None
[2025-08-29T10:11:41.389+0000] {logging_mixin.py:117} INFO - [2025-08-29T10:11:41.388+0000] {dag.py:3328} INFO - Setting next_dagrun for dataset_consumes_1_and_2 to None, run_after=None
[2025-08-29T10:11:41.389+0000] {logging_mixin.py:117} INFO - [2025-08-29T10:11:41.389+0000] {dag.py:3328} INFO - Setting next_dagrun for dataset_consumes_1_never_scheduled to None, run_after=None
[2025-08-29T10:11:41.390+0000] {logging_mixin.py:117} INFO - [2025-08-29T10:11:41.390+0000] {dag.py:3328} INFO - Setting next_dagrun for dataset_consumes_unknown_never_scheduled to None, run_after=None
[2025-08-29T10:11:41.391+0000] {logging_mixin.py:117} INFO - [2025-08-29T10:11:41.391+0000] {dag.py:3328} INFO - Setting next_dagrun for dataset_produces_1 to 2025-08-28T00:00:00+00:00, run_after=2025-08-29T00:00:00+00:00
[2025-08-29T10:11:41.392+0000] {logging_mixin.py:117} INFO - [2025-08-29T10:11:41.392+0000] {dag.py:3328} INFO - Setting next_dagrun for dataset_produces_2 to None, run_after=None
[2025-08-29T10:11:41.404+0000] {processor.py:178} INFO - Processing /home/airflow/.local/lib/python3.7/site-packages/airflow/example_dags/example_datasets.py took 0.070 seconds
[2025-08-29T10:12:12.340+0000] {processor.py:156} INFO - Started process (PID=434) to work on /home/airflow/.local/lib/python3.7/site-packages/airflow/example_dags/example_datasets.py
[2025-08-29T10:12:12.341+0000] {processor.py:758} INFO - Processing file /home/airflow/.local/lib/python3.7/site-packages/airflow/example_dags/example_datasets.py for tasks to queue
[2025-08-29T10:12:12.341+0000] {logging_mixin.py:117} INFO - [2025-08-29T10:12:12.341+0000] {dagbag.py:525} INFO - Filling up the DagBag from /home/airflow/.local/lib/python3.7/site-packages/airflow/example_dags/example_datasets.py
[2025-08-29T10:12:12.350+0000] {processor.py:768} INFO - DAG(s) dict_keys(['dataset_produces_2', 'dataset_consumes_1_and_2', 'dataset_produces_1', 'dataset_consumes_1', 'dataset_consumes_1_never_scheduled', 'dataset_consumes_unknown_never_scheduled']) retrieved from /home/airflow/.local/lib/python3.7/site-packages/airflow/example_dags/example_datasets.py
[2025-08-29T10:12:12.372+0000] {logging_mixin.py:117} INFO - [2025-08-29T10:12:12.372+0000] {dag.py:2573} INFO - Sync 6 DAGs
[2025-08-29T10:12:12.384+0000] {logging_mixin.py:117} INFO - [2025-08-29T10:12:12.384+0000] {dag.py:3328} INFO - Setting next_dagrun for dataset_consumes_1 to None, run_after=None
[2025-08-29T10:12:12.386+0000] {logging_mixin.py:117} INFO - [2025-08-29T10:12:12.386+0000] {dag.py:3328} INFO - Setting next_dagrun for dataset_consumes_1_and_2 to None, run_after=None
[2025-08-29T10:12:12.387+0000] {logging_mixin.py:117} INFO - [2025-08-29T10:12:12.387+0000] {dag.py:3328} INFO - Setting next_dagrun for dataset_consumes_1_never_scheduled to None, run_after=None
[2025-08-29T10:12:12.388+0000] {logging_mixin.py:117} INFO - [2025-08-29T10:12:12.388+0000] {dag.py:3328} INFO - Setting next_dagrun for dataset_consumes_unknown_never_scheduled to None, run_after=None
[2025-08-29T10:12:12.389+0000] {logging_mixin.py:117} INFO - [2025-08-29T10:12:12.389+0000] {dag.py:3328} INFO - Setting next_dagrun for dataset_produces_1 to 2025-08-28T00:00:00+00:00, run_after=2025-08-29T00:00:00+00:00
[2025-08-29T10:12:12.390+0000] {logging_mixin.py:117} INFO - [2025-08-29T10:12:12.390+0000] {dag.py:3328} INFO - Setting next_dagrun for dataset_produces_2 to None, run_after=None
[2025-08-29T10:12:12.405+0000] {processor.py:178} INFO - Processing /home/airflow/.local/lib/python3.7/site-packages/airflow/example_dags/example_datasets.py took 0.067 seconds
[2025-08-29T10:12:42.869+0000] {processor.py:156} INFO - Started process (PID=499) to work on /home/airflow/.local/lib/python3.7/site-packages/airflow/example_dags/example_datasets.py
[2025-08-29T10:12:42.870+0000] {processor.py:758} INFO - Processing file /home/airflow/.local/lib/python3.7/site-packages/airflow/example_dags/example_datasets.py for tasks to queue
[2025-08-29T10:12:42.871+0000] {logging_mixin.py:117} INFO - [2025-08-29T10:12:42.871+0000] {dagbag.py:525} INFO - Filling up the DagBag from /home/airflow/.local/lib/python3.7/site-packages/airflow/example_dags/example_datasets.py
[2025-08-29T10:12:42.879+0000] {processor.py:768} INFO - DAG(s) dict_keys(['dataset_consumes_unknown_never_scheduled', 'dataset_produces_2', 'dataset_consumes_1_and_2', 'dataset_produces_1', 'dataset_consumes_1_never_scheduled', 'dataset_consumes_1']) retrieved from /home/airflow/.local/lib/python3.7/site-packages/airflow/example_dags/example_datasets.py
[2025-08-29T10:12:42.903+0000] {logging_mixin.py:117} INFO - [2025-08-29T10:12:42.903+0000] {dag.py:2573} INFO - Sync 6 DAGs
[2025-08-29T10:12:42.913+0000] {logging_mixin.py:117} INFO - [2025-08-29T10:12:42.913+0000] {dag.py:3328} INFO - Setting next_dagrun for dataset_consumes_1 to None, run_after=None
[2025-08-29T10:12:42.916+0000] {logging_mixin.py:117} INFO - [2025-08-29T10:12:42.916+0000] {dag.py:3328} INFO - Setting next_dagrun for dataset_consumes_1_and_2 to None, run_after=None
[2025-08-29T10:12:42.917+0000] {logging_mixin.py:117} INFO - [2025-08-29T10:12:42.917+0000] {dag.py:3328} INFO - Setting next_dagrun for dataset_consumes_1_never_scheduled to None, run_after=None
[2025-08-29T10:12:42.918+0000] {logging_mixin.py:117} INFO - [2025-08-29T10:12:42.918+0000] {dag.py:3328} INFO - Setting next_dagrun for dataset_consumes_unknown_never_scheduled to None, run_after=None
[2025-08-29T10:12:42.919+0000] {logging_mixin.py:117} INFO - [2025-08-29T10:12:42.919+0000] {dag.py:3328} INFO - Setting next_dagrun for dataset_produces_1 to 2025-08-28T00:00:00+00:00, run_after=2025-08-29T00:00:00+00:00
[2025-08-29T10:12:42.919+0000] {logging_mixin.py:117} INFO - [2025-08-29T10:12:42.919+0000] {dag.py:3328} INFO - Setting next_dagrun for dataset_produces_2 to None, run_after=None
[2025-08-29T10:12:42.929+0000] {processor.py:178} INFO - Processing /home/airflow/.local/lib/python3.7/site-packages/airflow/example_dags/example_datasets.py took 0.062 seconds
[2025-08-29T10:13:13.338+0000] {processor.py:156} INFO - Started process (PID=564) to work on /home/airflow/.local/lib/python3.7/site-packages/airflow/example_dags/example_datasets.py
[2025-08-29T10:13:13.340+0000] {processor.py:758} INFO - Processing file /home/airflow/.local/lib/python3.7/site-packages/airflow/example_dags/example_datasets.py for tasks to queue
[2025-08-29T10:13:13.340+0000] {logging_mixin.py:117} INFO - [2025-08-29T10:13:13.340+0000] {dagbag.py:525} INFO - Filling up the DagBag from /home/airflow/.local/lib/python3.7/site-packages/airflow/example_dags/example_datasets.py
[2025-08-29T10:13:13.350+0000] {processor.py:768} INFO - DAG(s) dict_keys(['dataset_produces_1', 'dataset_produces_2', 'dataset_consumes_1_never_scheduled', 'dataset_consumes_unknown_never_scheduled', 'dataset_consumes_1_and_2', 'dataset_consumes_1']) retrieved from /home/airflow/.local/lib/python3.7/site-packages/airflow/example_dags/example_datasets.py
[2025-08-29T10:13:13.370+0000] {logging_mixin.py:117} INFO - [2025-08-29T10:13:13.370+0000] {dag.py:2573} INFO - Sync 6 DAGs
[2025-08-29T10:13:13.380+0000] {logging_mixin.py:117} INFO - [2025-08-29T10:13:13.380+0000] {dag.py:3328} INFO - Setting next_dagrun for dataset_consumes_1 to None, run_after=None
[2025-08-29T10:13:13.383+0000] {logging_mixin.py:117} INFO - [2025-08-29T10:13:13.383+0000] {dag.py:3328} INFO - Setting next_dagrun for dataset_consumes_1_and_2 to None, run_after=None
[2025-08-29T10:13:13.384+0000] {logging_mixin.py:117} INFO - [2025-08-29T10:13:13.384+0000] {dag.py:3328} INFO - Setting next_dagrun for dataset_consumes_1_never_scheduled to None, run_after=None
[2025-08-29T10:13:13.384+0000] {logging_mixin.py:117} INFO - [2025-08-29T10:13:13.384+0000] {dag.py:3328} INFO - Setting next_dagrun for dataset_consumes_unknown_never_scheduled to None, run_after=None
[2025-08-29T10:13:13.385+0000] {logging_mixin.py:117} INFO - [2025-08-29T10:13:13.385+0000] {dag.py:3328} INFO - Setting next_dagrun for dataset_produces_1 to 2025-08-28T00:00:00+00:00, run_after=2025-08-29T00:00:00+00:00
[2025-08-29T10:13:13.386+0000] {logging_mixin.py:117} INFO - [2025-08-29T10:13:13.386+0000] {dag.py:3328} INFO - Setting next_dagrun for dataset_produces_2 to None, run_after=None
[2025-08-29T10:13:13.396+0000] {processor.py:178} INFO - Processing /home/airflow/.local/lib/python3.7/site-packages/airflow/example_dags/example_datasets.py took 0.060 seconds
[2025-08-29T10:13:43.848+0000] {processor.py:156} INFO - Started process (PID=629) to work on /home/airflow/.local/lib/python3.7/site-packages/airflow/example_dags/example_datasets.py
[2025-08-29T10:13:43.849+0000] {processor.py:758} INFO - Processing file /home/airflow/.local/lib/python3.7/site-packages/airflow/example_dags/example_datasets.py for tasks to queue
[2025-08-29T10:13:43.850+0000] {logging_mixin.py:117} INFO - [2025-08-29T10:13:43.850+0000] {dagbag.py:525} INFO - Filling up the DagBag from /home/airflow/.local/lib/python3.7/site-packages/airflow/example_dags/example_datasets.py
[2025-08-29T10:13:43.858+0000] {processor.py:768} INFO - DAG(s) dict_keys(['dataset_consumes_unknown_never_scheduled', 'dataset_produces_2', 'dataset_consumes_1_never_scheduled', 'dataset_produces_1', 'dataset_consumes_1', 'dataset_consumes_1_and_2']) retrieved from /home/airflow/.local/lib/python3.7/site-packages/airflow/example_dags/example_datasets.py
[2025-08-29T10:13:43.884+0000] {logging_mixin.py:117} INFO - [2025-08-29T10:13:43.884+0000] {dag.py:2573} INFO - Sync 6 DAGs
[2025-08-29T10:13:43.895+0000] {logging_mixin.py:117} INFO - [2025-08-29T10:13:43.895+0000] {dag.py:3328} INFO - Setting next_dagrun for dataset_consumes_1 to None, run_after=None
[2025-08-29T10:13:43.896+0000] {logging_mixin.py:117} INFO - [2025-08-29T10:13:43.896+0000] {dag.py:3328} INFO - Setting next_dagrun for dataset_consumes_1_and_2 to None, run_after=None
[2025-08-29T10:13:43.897+0000] {logging_mixin.py:117} INFO - [2025-08-29T10:13:43.897+0000] {dag.py:3328} INFO - Setting next_dagrun for dataset_consumes_1_never_scheduled to None, run_after=None
[2025-08-29T10:13:43.897+0000] {logging_mixin.py:117} INFO - [2025-08-29T10:13:43.897+0000] {dag.py:3328} INFO - Setting next_dagrun for dataset_consumes_unknown_never_scheduled to None, run_after=None
[2025-08-29T10:13:43.898+0000] {logging_mixin.py:117} INFO - [2025-08-29T10:13:43.898+0000] {dag.py:3328} INFO - Setting next_dagrun for dataset_produces_1 to 2025-08-28T00:00:00+00:00, run_after=2025-08-29T00:00:00+00:00
[2025-08-29T10:13:43.898+0000] {logging_mixin.py:117} INFO - [2025-08-29T10:13:43.898+0000] {dag.py:3328} INFO - Setting next_dagrun for dataset_produces_2 to None, run_after=None
[2025-08-29T10:13:43.911+0000] {processor.py:178} INFO - Processing /home/airflow/.local/lib/python3.7/site-packages/airflow/example_dags/example_datasets.py took 0.064 seconds
[2025-08-29T10:14:14.340+0000] {processor.py:156} INFO - Started process (PID=694) to work on /home/airflow/.local/lib/python3.7/site-packages/airflow/example_dags/example_datasets.py
[2025-08-29T10:14:14.341+0000] {processor.py:758} INFO - Processing file /home/airflow/.local/lib/python3.7/site-packages/airflow/example_dags/example_datasets.py for tasks to queue
[2025-08-29T10:14:14.341+0000] {logging_mixin.py:117} INFO - [2025-08-29T10:14:14.341+0000] {dagbag.py:525} INFO - Filling up the DagBag from /home/airflow/.local/lib/python3.7/site-packages/airflow/example_dags/example_datasets.py
[2025-08-29T10:14:14.348+0000] {processor.py:768} INFO - DAG(s) dict_keys(['dataset_consumes_unknown_never_scheduled', 'dataset_consumes_1_never_scheduled', 'dataset_consumes_1', 'dataset_produces_2', 'dataset_produces_1', 'dataset_consumes_1_and_2']) retrieved from /home/airflow/.local/lib/python3.7/site-packages/airflow/example_dags/example_datasets.py
[2025-08-29T10:14:14.368+0000] {logging_mixin.py:117} INFO - [2025-08-29T10:14:14.368+0000] {dag.py:2573} INFO - Sync 6 DAGs
[2025-08-29T10:14:14.378+0000] {logging_mixin.py:117} INFO - [2025-08-29T10:14:14.378+0000] {dag.py:3328} INFO - Setting next_dagrun for dataset_consumes_1 to None, run_after=None
[2025-08-29T10:14:14.379+0000] {logging_mixin.py:117} INFO - [2025-08-29T10:14:14.379+0000] {dag.py:3328} INFO - Setting next_dagrun for dataset_consumes_1_and_2 to None, run_after=None
[2025-08-29T10:14:14.381+0000] {logging_mixin.py:117} INFO - [2025-08-29T10:14:14.381+0000] {dag.py:3328} INFO - Setting next_dagrun for dataset_consumes_1_never_scheduled to None, run_after=None
[2025-08-29T10:14:14.382+0000] {logging_mixin.py:117} INFO - [2025-08-29T10:14:14.382+0000] {dag.py:3328} INFO - Setting next_dagrun for dataset_consumes_unknown_never_scheduled to None, run_after=None
[2025-08-29T10:14:14.383+0000] {logging_mixin.py:117} INFO - [2025-08-29T10:14:14.383+0000] {dag.py:3328} INFO - Setting next_dagrun for dataset_produces_1 to 2025-08-28T00:00:00+00:00, run_after=2025-08-29T00:00:00+00:00
[2025-08-29T10:14:14.383+0000] {logging_mixin.py:117} INFO - [2025-08-29T10:14:14.383+0000] {dag.py:3328} INFO - Setting next_dagrun for dataset_produces_2 to None, run_after=None
[2025-08-29T10:14:14.392+0000] {processor.py:178} INFO - Processing /home/airflow/.local/lib/python3.7/site-packages/airflow/example_dags/example_datasets.py took 0.053 seconds
[2025-08-29T10:14:45.126+0000] {processor.py:156} INFO - Started process (PID=759) to work on /home/airflow/.local/lib/python3.7/site-packages/airflow/example_dags/example_datasets.py
[2025-08-29T10:14:45.127+0000] {processor.py:758} INFO - Processing file /home/airflow/.local/lib/python3.7/site-packages/airflow/example_dags/example_datasets.py for tasks to queue
[2025-08-29T10:14:45.127+0000] {logging_mixin.py:117} INFO - [2025-08-29T10:14:45.127+0000] {dagbag.py:525} INFO - Filling up the DagBag from /home/airflow/.local/lib/python3.7/site-packages/airflow/example_dags/example_datasets.py
[2025-08-29T10:14:45.138+0000] {processor.py:768} INFO - DAG(s) dict_keys(['dataset_produces_2', 'dataset_consumes_unknown_never_scheduled', 'dataset_produces_1', 'dataset_consumes_1_and_2', 'dataset_consumes_1', 'dataset_consumes_1_never_scheduled']) retrieved from /home/airflow/.local/lib/python3.7/site-packages/airflow/example_dags/example_datasets.py
[2025-08-29T10:14:45.183+0000] {logging_mixin.py:117} INFO - [2025-08-29T10:14:45.183+0000] {dag.py:2573} INFO - Sync 6 DAGs
[2025-08-29T10:14:45.205+0000] {logging_mixin.py:117} INFO - [2025-08-29T10:14:45.205+0000] {dag.py:3328} INFO - Setting next_dagrun for dataset_consumes_1 to None, run_after=None
[2025-08-29T10:14:45.209+0000] {logging_mixin.py:117} INFO - [2025-08-29T10:14:45.209+0000] {dag.py:3328} INFO - Setting next_dagrun for dataset_consumes_1_and_2 to None, run_after=None
[2025-08-29T10:14:45.211+0000] {logging_mixin.py:117} INFO - [2025-08-29T10:14:45.211+0000] {dag.py:3328} INFO - Setting next_dagrun for dataset_consumes_1_never_scheduled to None, run_after=None
[2025-08-29T10:14:45.211+0000] {logging_mixin.py:117} INFO - [2025-08-29T10:14:45.211+0000] {dag.py:3328} INFO - Setting next_dagrun for dataset_consumes_unknown_never_scheduled to None, run_after=None
[2025-08-29T10:14:45.212+0000] {logging_mixin.py:117} INFO - [2025-08-29T10:14:45.212+0000] {dag.py:3328} INFO - Setting next_dagrun for dataset_produces_1 to 2025-08-28T00:00:00+00:00, run_after=2025-08-29T00:00:00+00:00
[2025-08-29T10:14:45.216+0000] {logging_mixin.py:117} INFO - [2025-08-29T10:14:45.216+0000] {dag.py:3328} INFO - Setting next_dagrun for dataset_produces_2 to None, run_after=None
[2025-08-29T10:14:45.232+0000] {processor.py:178} INFO - Processing /home/airflow/.local/lib/python3.7/site-packages/airflow/example_dags/example_datasets.py took 0.108 seconds
