[2025-08-29T10:09:09.735+0000] {processor.py:156} INFO - Started process (PID=74) to work on /home/airflow/.local/lib/python3.7/site-packages/airflow/example_dags/example_time_delta_sensor_async.py
[2025-08-29T10:09:09.737+0000] {processor.py:758} INFO - Processing file /home/airflow/.local/lib/python3.7/site-packages/airflow/example_dags/example_time_delta_sensor_async.py for tasks to queue
[2025-08-29T10:09:09.738+0000] {logging_mixin.py:117} INFO - [2025-08-29T10:09:09.738+0000] {dagbag.py:525} INFO - Filling up the DagBag from /home/airflow/.local/lib/python3.7/site-packages/airflow/example_dags/example_time_delta_sensor_async.py
[2025-08-29T10:09:09.758+0000] {processor.py:768} INFO - DAG(s) dict_keys(['example_time_delta_sensor_async']) retrieved from /home/airflow/.local/lib/python3.7/site-packages/airflow/example_dags/example_time_delta_sensor_async.py
[2025-08-29T10:09:09.806+0000] {logging_mixin.py:117} INFO - [2025-08-29T10:09:09.806+0000] {dag.py:2573} INFO - Sync 1 DAGs
[2025-08-29T10:09:09.829+0000] {logging_mixin.py:117} INFO - [2025-08-29T10:09:09.828+0000] {dag.py:3328} INFO - Setting next_dagrun for example_time_delta_sensor_async to None, run_after=None
[2025-08-29T10:09:09.862+0000] {processor.py:178} INFO - Processing /home/airflow/.local/lib/python3.7/site-packages/airflow/example_dags/example_time_delta_sensor_async.py took 0.133 seconds
[2025-08-29T10:09:40.707+0000] {processor.py:156} INFO - Started process (PID=139) to work on /home/airflow/.local/lib/python3.7/site-packages/airflow/example_dags/example_time_delta_sensor_async.py
[2025-08-29T10:09:40.708+0000] {processor.py:758} INFO - Processing file /home/airflow/.local/lib/python3.7/site-packages/airflow/example_dags/example_time_delta_sensor_async.py for tasks to queue
[2025-08-29T10:09:40.709+0000] {logging_mixin.py:117} INFO - [2025-08-29T10:09:40.709+0000] {dagbag.py:525} INFO - Filling up the DagBag from /home/airflow/.local/lib/python3.7/site-packages/airflow/example_dags/example_time_delta_sensor_async.py
[2025-08-29T10:09:40.715+0000] {processor.py:768} INFO - DAG(s) dict_keys(['example_time_delta_sensor_async']) retrieved from /home/airflow/.local/lib/python3.7/site-packages/airflow/example_dags/example_time_delta_sensor_async.py
[2025-08-29T10:09:40.789+0000] {logging_mixin.py:117} INFO - [2025-08-29T10:09:40.789+0000] {dag.py:2573} INFO - Sync 1 DAGs
[2025-08-29T10:09:40.798+0000] {logging_mixin.py:117} INFO - [2025-08-29T10:09:40.798+0000] {dag.py:3328} INFO - Setting next_dagrun for example_time_delta_sensor_async to None, run_after=None
[2025-08-29T10:09:40.804+0000] {processor.py:178} INFO - Processing /home/airflow/.local/lib/python3.7/site-packages/airflow/example_dags/example_time_delta_sensor_async.py took 0.098 seconds
[2025-08-29T10:10:11.307+0000] {processor.py:156} INFO - Started process (PID=205) to work on /home/airflow/.local/lib/python3.7/site-packages/airflow/example_dags/example_time_delta_sensor_async.py
[2025-08-29T10:10:11.308+0000] {processor.py:758} INFO - Processing file /home/airflow/.local/lib/python3.7/site-packages/airflow/example_dags/example_time_delta_sensor_async.py for tasks to queue
[2025-08-29T10:10:11.309+0000] {logging_mixin.py:117} INFO - [2025-08-29T10:10:11.308+0000] {dagbag.py:525} INFO - Filling up the DagBag from /home/airflow/.local/lib/python3.7/site-packages/airflow/example_dags/example_time_delta_sensor_async.py
[2025-08-29T10:10:11.315+0000] {processor.py:768} INFO - DAG(s) dict_keys(['example_time_delta_sensor_async']) retrieved from /home/airflow/.local/lib/python3.7/site-packages/airflow/example_dags/example_time_delta_sensor_async.py
[2025-08-29T10:10:11.384+0000] {logging_mixin.py:117} INFO - [2025-08-29T10:10:11.384+0000] {dag.py:2573} INFO - Sync 1 DAGs
[2025-08-29T10:10:11.393+0000] {logging_mixin.py:117} INFO - [2025-08-29T10:10:11.393+0000] {dag.py:3328} INFO - Setting next_dagrun for example_time_delta_sensor_async to None, run_after=None
[2025-08-29T10:10:11.398+0000] {processor.py:178} INFO - Processing /home/airflow/.local/lib/python3.7/site-packages/airflow/example_dags/example_time_delta_sensor_async.py took 0.094 seconds
[2025-08-29T10:10:41.868+0000] {processor.py:156} INFO - Started process (PID=270) to work on /home/airflow/.local/lib/python3.7/site-packages/airflow/example_dags/example_time_delta_sensor_async.py
[2025-08-29T10:10:41.869+0000] {processor.py:758} INFO - Processing file /home/airflow/.local/lib/python3.7/site-packages/airflow/example_dags/example_time_delta_sensor_async.py for tasks to queue
[2025-08-29T10:10:41.870+0000] {logging_mixin.py:117} INFO - [2025-08-29T10:10:41.869+0000] {dagbag.py:525} INFO - Filling up the DagBag from /home/airflow/.local/lib/python3.7/site-packages/airflow/example_dags/example_time_delta_sensor_async.py
[2025-08-29T10:10:41.875+0000] {processor.py:768} INFO - DAG(s) dict_keys(['example_time_delta_sensor_async']) retrieved from /home/airflow/.local/lib/python3.7/site-packages/airflow/example_dags/example_time_delta_sensor_async.py
[2025-08-29T10:10:41.944+0000] {logging_mixin.py:117} INFO - [2025-08-29T10:10:41.944+0000] {dag.py:2573} INFO - Sync 1 DAGs
[2025-08-29T10:10:41.953+0000] {logging_mixin.py:117} INFO - [2025-08-29T10:10:41.953+0000] {dag.py:3328} INFO - Setting next_dagrun for example_time_delta_sensor_async to None, run_after=None
[2025-08-29T10:10:41.959+0000] {processor.py:178} INFO - Processing /home/airflow/.local/lib/python3.7/site-packages/airflow/example_dags/example_time_delta_sensor_async.py took 0.092 seconds
[2025-08-29T10:11:12.526+0000] {processor.py:156} INFO - Started process (PID=335) to work on /home/airflow/.local/lib/python3.7/site-packages/airflow/example_dags/example_time_delta_sensor_async.py
[2025-08-29T10:11:12.527+0000] {processor.py:758} INFO - Processing file /home/airflow/.local/lib/python3.7/site-packages/airflow/example_dags/example_time_delta_sensor_async.py for tasks to queue
[2025-08-29T10:11:12.528+0000] {logging_mixin.py:117} INFO - [2025-08-29T10:11:12.528+0000] {dagbag.py:525} INFO - Filling up the DagBag from /home/airflow/.local/lib/python3.7/site-packages/airflow/example_dags/example_time_delta_sensor_async.py
[2025-08-29T10:11:12.535+0000] {processor.py:768} INFO - DAG(s) dict_keys(['example_time_delta_sensor_async']) retrieved from /home/airflow/.local/lib/python3.7/site-packages/airflow/example_dags/example_time_delta_sensor_async.py
[2025-08-29T10:11:12.602+0000] {logging_mixin.py:117} INFO - [2025-08-29T10:11:12.602+0000] {dag.py:2573} INFO - Sync 1 DAGs
[2025-08-29T10:11:12.610+0000] {logging_mixin.py:117} INFO - [2025-08-29T10:11:12.610+0000] {dag.py:3328} INFO - Setting next_dagrun for example_time_delta_sensor_async to None, run_after=None
[2025-08-29T10:11:12.615+0000] {processor.py:178} INFO - Processing /home/airflow/.local/lib/python3.7/site-packages/airflow/example_dags/example_time_delta_sensor_async.py took 0.091 seconds
[2025-08-29T10:11:43.492+0000] {processor.py:156} INFO - Started process (PID=400) to work on /home/airflow/.local/lib/python3.7/site-packages/airflow/example_dags/example_time_delta_sensor_async.py
[2025-08-29T10:11:43.494+0000] {processor.py:758} INFO - Processing file /home/airflow/.local/lib/python3.7/site-packages/airflow/example_dags/example_time_delta_sensor_async.py for tasks to queue
[2025-08-29T10:11:43.494+0000] {logging_mixin.py:117} INFO - [2025-08-29T10:11:43.494+0000] {dagbag.py:525} INFO - Filling up the DagBag from /home/airflow/.local/lib/python3.7/site-packages/airflow/example_dags/example_time_delta_sensor_async.py
[2025-08-29T10:11:43.501+0000] {processor.py:768} INFO - DAG(s) dict_keys(['example_time_delta_sensor_async']) retrieved from /home/airflow/.local/lib/python3.7/site-packages/airflow/example_dags/example_time_delta_sensor_async.py
[2025-08-29T10:11:43.578+0000] {logging_mixin.py:117} INFO - [2025-08-29T10:11:43.578+0000] {dag.py:2573} INFO - Sync 1 DAGs
[2025-08-29T10:11:43.588+0000] {logging_mixin.py:117} INFO - [2025-08-29T10:11:43.588+0000] {dag.py:3328} INFO - Setting next_dagrun for example_time_delta_sensor_async to None, run_after=None
[2025-08-29T10:11:43.595+0000] {processor.py:178} INFO - Processing /home/airflow/.local/lib/python3.7/site-packages/airflow/example_dags/example_time_delta_sensor_async.py took 0.105 seconds
[2025-08-29T10:12:14.105+0000] {processor.py:156} INFO - Started process (PID=465) to work on /home/airflow/.local/lib/python3.7/site-packages/airflow/example_dags/example_time_delta_sensor_async.py
[2025-08-29T10:12:14.106+0000] {processor.py:758} INFO - Processing file /home/airflow/.local/lib/python3.7/site-packages/airflow/example_dags/example_time_delta_sensor_async.py for tasks to queue
[2025-08-29T10:12:14.107+0000] {logging_mixin.py:117} INFO - [2025-08-29T10:12:14.107+0000] {dagbag.py:525} INFO - Filling up the DagBag from /home/airflow/.local/lib/python3.7/site-packages/airflow/example_dags/example_time_delta_sensor_async.py
[2025-08-29T10:12:14.114+0000] {processor.py:768} INFO - DAG(s) dict_keys(['example_time_delta_sensor_async']) retrieved from /home/airflow/.local/lib/python3.7/site-packages/airflow/example_dags/example_time_delta_sensor_async.py
[2025-08-29T10:12:14.190+0000] {logging_mixin.py:117} INFO - [2025-08-29T10:12:14.190+0000] {dag.py:2573} INFO - Sync 1 DAGs
[2025-08-29T10:12:14.201+0000] {logging_mixin.py:117} INFO - [2025-08-29T10:12:14.201+0000] {dag.py:3328} INFO - Setting next_dagrun for example_time_delta_sensor_async to None, run_after=None
[2025-08-29T10:12:14.209+0000] {processor.py:178} INFO - Processing /home/airflow/.local/lib/python3.7/site-packages/airflow/example_dags/example_time_delta_sensor_async.py took 0.106 seconds
[2025-08-29T10:12:44.624+0000] {processor.py:156} INFO - Started process (PID=521) to work on /home/airflow/.local/lib/python3.7/site-packages/airflow/example_dags/example_time_delta_sensor_async.py
[2025-08-29T10:12:44.625+0000] {processor.py:758} INFO - Processing file /home/airflow/.local/lib/python3.7/site-packages/airflow/example_dags/example_time_delta_sensor_async.py for tasks to queue
[2025-08-29T10:12:44.626+0000] {logging_mixin.py:117} INFO - [2025-08-29T10:12:44.626+0000] {dagbag.py:525} INFO - Filling up the DagBag from /home/airflow/.local/lib/python3.7/site-packages/airflow/example_dags/example_time_delta_sensor_async.py
[2025-08-29T10:12:44.632+0000] {processor.py:768} INFO - DAG(s) dict_keys(['example_time_delta_sensor_async']) retrieved from /home/airflow/.local/lib/python3.7/site-packages/airflow/example_dags/example_time_delta_sensor_async.py
[2025-08-29T10:12:44.701+0000] {logging_mixin.py:117} INFO - [2025-08-29T10:12:44.701+0000] {dag.py:2573} INFO - Sync 1 DAGs
[2025-08-29T10:12:44.710+0000] {logging_mixin.py:117} INFO - [2025-08-29T10:12:44.710+0000] {dag.py:3328} INFO - Setting next_dagrun for example_time_delta_sensor_async to None, run_after=None
[2025-08-29T10:12:44.715+0000] {processor.py:178} INFO - Processing /home/airflow/.local/lib/python3.7/site-packages/airflow/example_dags/example_time_delta_sensor_async.py took 0.092 seconds
[2025-08-29T10:13:15.106+0000] {processor.py:156} INFO - Started process (PID=586) to work on /home/airflow/.local/lib/python3.7/site-packages/airflow/example_dags/example_time_delta_sensor_async.py
[2025-08-29T10:13:15.106+0000] {processor.py:758} INFO - Processing file /home/airflow/.local/lib/python3.7/site-packages/airflow/example_dags/example_time_delta_sensor_async.py for tasks to queue
[2025-08-29T10:13:15.107+0000] {logging_mixin.py:117} INFO - [2025-08-29T10:13:15.107+0000] {dagbag.py:525} INFO - Filling up the DagBag from /home/airflow/.local/lib/python3.7/site-packages/airflow/example_dags/example_time_delta_sensor_async.py
[2025-08-29T10:13:15.114+0000] {processor.py:768} INFO - DAG(s) dict_keys(['example_time_delta_sensor_async']) retrieved from /home/airflow/.local/lib/python3.7/site-packages/airflow/example_dags/example_time_delta_sensor_async.py
[2025-08-29T10:13:15.194+0000] {logging_mixin.py:117} INFO - [2025-08-29T10:13:15.194+0000] {dag.py:2573} INFO - Sync 1 DAGs
[2025-08-29T10:13:15.206+0000] {logging_mixin.py:117} INFO - [2025-08-29T10:13:15.206+0000] {dag.py:3328} INFO - Setting next_dagrun for example_time_delta_sensor_async to None, run_after=None
[2025-08-29T10:13:15.215+0000] {processor.py:178} INFO - Processing /home/airflow/.local/lib/python3.7/site-packages/airflow/example_dags/example_time_delta_sensor_async.py took 0.111 seconds
[2025-08-29T10:13:45.631+0000] {processor.py:156} INFO - Started process (PID=651) to work on /home/airflow/.local/lib/python3.7/site-packages/airflow/example_dags/example_time_delta_sensor_async.py
[2025-08-29T10:13:45.632+0000] {processor.py:758} INFO - Processing file /home/airflow/.local/lib/python3.7/site-packages/airflow/example_dags/example_time_delta_sensor_async.py for tasks to queue
[2025-08-29T10:13:45.632+0000] {logging_mixin.py:117} INFO - [2025-08-29T10:13:45.632+0000] {dagbag.py:525} INFO - Filling up the DagBag from /home/airflow/.local/lib/python3.7/site-packages/airflow/example_dags/example_time_delta_sensor_async.py
[2025-08-29T10:13:45.639+0000] {processor.py:768} INFO - DAG(s) dict_keys(['example_time_delta_sensor_async']) retrieved from /home/airflow/.local/lib/python3.7/site-packages/airflow/example_dags/example_time_delta_sensor_async.py
[2025-08-29T10:13:45.708+0000] {logging_mixin.py:117} INFO - [2025-08-29T10:13:45.708+0000] {dag.py:2573} INFO - Sync 1 DAGs
[2025-08-29T10:13:45.722+0000] {logging_mixin.py:117} INFO - [2025-08-29T10:13:45.721+0000] {dag.py:3328} INFO - Setting next_dagrun for example_time_delta_sensor_async to None, run_after=None
[2025-08-29T10:13:45.729+0000] {processor.py:178} INFO - Processing /home/airflow/.local/lib/python3.7/site-packages/airflow/example_dags/example_time_delta_sensor_async.py took 0.100 seconds
[2025-08-29T10:14:16.202+0000] {processor.py:156} INFO - Started process (PID=716) to work on /home/airflow/.local/lib/python3.7/site-packages/airflow/example_dags/example_time_delta_sensor_async.py
[2025-08-29T10:14:16.203+0000] {processor.py:758} INFO - Processing file /home/airflow/.local/lib/python3.7/site-packages/airflow/example_dags/example_time_delta_sensor_async.py for tasks to queue
[2025-08-29T10:14:16.203+0000] {logging_mixin.py:117} INFO - [2025-08-29T10:14:16.203+0000] {dagbag.py:525} INFO - Filling up the DagBag from /home/airflow/.local/lib/python3.7/site-packages/airflow/example_dags/example_time_delta_sensor_async.py
[2025-08-29T10:14:16.215+0000] {processor.py:768} INFO - DAG(s) dict_keys(['example_time_delta_sensor_async']) retrieved from /home/airflow/.local/lib/python3.7/site-packages/airflow/example_dags/example_time_delta_sensor_async.py
[2025-08-29T10:14:16.312+0000] {logging_mixin.py:117} INFO - [2025-08-29T10:14:16.312+0000] {dag.py:2573} INFO - Sync 1 DAGs
[2025-08-29T10:14:16.322+0000] {logging_mixin.py:117} INFO - [2025-08-29T10:14:16.322+0000] {dag.py:3328} INFO - Setting next_dagrun for example_time_delta_sensor_async to None, run_after=None
[2025-08-29T10:14:16.330+0000] {processor.py:178} INFO - Processing /home/airflow/.local/lib/python3.7/site-packages/airflow/example_dags/example_time_delta_sensor_async.py took 0.130 seconds
[2025-08-29T10:14:47.081+0000] {processor.py:156} INFO - Started process (PID=781) to work on /home/airflow/.local/lib/python3.7/site-packages/airflow/example_dags/example_time_delta_sensor_async.py
[2025-08-29T10:14:47.082+0000] {processor.py:758} INFO - Processing file /home/airflow/.local/lib/python3.7/site-packages/airflow/example_dags/example_time_delta_sensor_async.py for tasks to queue
[2025-08-29T10:14:47.082+0000] {logging_mixin.py:117} INFO - [2025-08-29T10:14:47.082+0000] {dagbag.py:525} INFO - Filling up the DagBag from /home/airflow/.local/lib/python3.7/site-packages/airflow/example_dags/example_time_delta_sensor_async.py
[2025-08-29T10:14:47.091+0000] {processor.py:768} INFO - DAG(s) dict_keys(['example_time_delta_sensor_async']) retrieved from /home/airflow/.local/lib/python3.7/site-packages/airflow/example_dags/example_time_delta_sensor_async.py
[2025-08-29T10:14:47.175+0000] {logging_mixin.py:117} INFO - [2025-08-29T10:14:47.175+0000] {dag.py:2573} INFO - Sync 1 DAGs
[2025-08-29T10:14:47.184+0000] {logging_mixin.py:117} INFO - [2025-08-29T10:14:47.184+0000] {dag.py:3328} INFO - Setting next_dagrun for example_time_delta_sensor_async to None, run_after=None
[2025-08-29T10:14:47.190+0000] {processor.py:178} INFO - Processing /home/airflow/.local/lib/python3.7/site-packages/airflow/example_dags/example_time_delta_sensor_async.py took 0.110 seconds
