[2025-08-29T10:09:07.469+0000] {processor.py:156} INFO - Started process (PID=43) to work on /home/airflow/.local/lib/python3.7/site-packages/airflow/example_dags/example_trigger_target_dag.py
[2025-08-29T10:09:07.472+0000] {processor.py:758} INFO - Processing file /home/airflow/.local/lib/python3.7/site-packages/airflow/example_dags/example_trigger_target_dag.py for tasks to queue
[2025-08-29T10:09:07.473+0000] {logging_mixin.py:117} INFO - [2025-08-29T10:09:07.473+0000] {dagbag.py:525} INFO - Filling up the DagBag from /home/airflow/.local/lib/python3.7/site-packages/airflow/example_dags/example_trigger_target_dag.py
[2025-08-29T10:09:07.483+0000] {processor.py:768} INFO - DAG(s) dict_keys(['example_trigger_target_dag']) retrieved from /home/airflow/.local/lib/python3.7/site-packages/airflow/example_dags/example_trigger_target_dag.py
[2025-08-29T10:09:07.496+0000] {logging_mixin.py:117} INFO - [2025-08-29T10:09:07.495+0000] {dag.py:2573} INFO - Sync 1 DAGs
[2025-08-29T10:09:07.507+0000] {logging_mixin.py:117} INFO - [2025-08-29T10:09:07.507+0000] {dag.py:3328} INFO - Setting next_dagrun for example_trigger_target_dag to None, run_after=None
[2025-08-29T10:09:07.524+0000] {processor.py:178} INFO - Processing /home/airflow/.local/lib/python3.7/site-packages/airflow/example_dags/example_trigger_target_dag.py took 0.059 seconds
[2025-08-29T10:09:38.275+0000] {processor.py:156} INFO - Started process (PID=106) to work on /home/airflow/.local/lib/python3.7/site-packages/airflow/example_dags/example_trigger_target_dag.py
[2025-08-29T10:09:38.275+0000] {processor.py:758} INFO - Processing file /home/airflow/.local/lib/python3.7/site-packages/airflow/example_dags/example_trigger_target_dag.py for tasks to queue
[2025-08-29T10:09:38.275+0000] {logging_mixin.py:117} INFO - [2025-08-29T10:09:38.275+0000] {dagbag.py:525} INFO - Filling up the DagBag from /home/airflow/.local/lib/python3.7/site-packages/airflow/example_dags/example_trigger_target_dag.py
[2025-08-29T10:09:38.287+0000] {processor.py:768} INFO - DAG(s) dict_keys(['example_trigger_target_dag']) retrieved from /home/airflow/.local/lib/python3.7/site-packages/airflow/example_dags/example_trigger_target_dag.py
[2025-08-29T10:09:38.306+0000] {logging_mixin.py:117} INFO - [2025-08-29T10:09:38.306+0000] {dag.py:2573} INFO - Sync 1 DAGs
[2025-08-29T10:09:38.317+0000] {logging_mixin.py:117} INFO - [2025-08-29T10:09:38.317+0000] {dag.py:3328} INFO - Setting next_dagrun for example_trigger_target_dag to None, run_after=None
[2025-08-29T10:09:38.331+0000] {processor.py:178} INFO - Processing /home/airflow/.local/lib/python3.7/site-packages/airflow/example_dags/example_trigger_target_dag.py took 0.058 seconds
[2025-08-29T10:10:09.210+0000] {processor.py:156} INFO - Started process (PID=174) to work on /home/airflow/.local/lib/python3.7/site-packages/airflow/example_dags/example_trigger_target_dag.py
[2025-08-29T10:10:09.211+0000] {processor.py:758} INFO - Processing file /home/airflow/.local/lib/python3.7/site-packages/airflow/example_dags/example_trigger_target_dag.py for tasks to queue
[2025-08-29T10:10:09.212+0000] {logging_mixin.py:117} INFO - [2025-08-29T10:10:09.212+0000] {dagbag.py:525} INFO - Filling up the DagBag from /home/airflow/.local/lib/python3.7/site-packages/airflow/example_dags/example_trigger_target_dag.py
[2025-08-29T10:10:09.224+0000] {processor.py:768} INFO - DAG(s) dict_keys(['example_trigger_target_dag']) retrieved from /home/airflow/.local/lib/python3.7/site-packages/airflow/example_dags/example_trigger_target_dag.py
[2025-08-29T10:10:09.250+0000] {logging_mixin.py:117} INFO - [2025-08-29T10:10:09.250+0000] {dag.py:2573} INFO - Sync 1 DAGs
[2025-08-29T10:10:09.263+0000] {logging_mixin.py:117} INFO - [2025-08-29T10:10:09.263+0000] {dag.py:3328} INFO - Setting next_dagrun for example_trigger_target_dag to None, run_after=None
[2025-08-29T10:10:09.279+0000] {processor.py:178} INFO - Processing /home/airflow/.local/lib/python3.7/site-packages/airflow/example_dags/example_trigger_target_dag.py took 0.070 seconds
[2025-08-29T10:10:39.790+0000] {processor.py:156} INFO - Started process (PID=239) to work on /home/airflow/.local/lib/python3.7/site-packages/airflow/example_dags/example_trigger_target_dag.py
[2025-08-29T10:10:39.791+0000] {processor.py:758} INFO - Processing file /home/airflow/.local/lib/python3.7/site-packages/airflow/example_dags/example_trigger_target_dag.py for tasks to queue
[2025-08-29T10:10:39.791+0000] {logging_mixin.py:117} INFO - [2025-08-29T10:10:39.791+0000] {dagbag.py:525} INFO - Filling up the DagBag from /home/airflow/.local/lib/python3.7/site-packages/airflow/example_dags/example_trigger_target_dag.py
[2025-08-29T10:10:39.801+0000] {processor.py:768} INFO - DAG(s) dict_keys(['example_trigger_target_dag']) retrieved from /home/airflow/.local/lib/python3.7/site-packages/airflow/example_dags/example_trigger_target_dag.py
[2025-08-29T10:10:39.821+0000] {logging_mixin.py:117} INFO - [2025-08-29T10:10:39.821+0000] {dag.py:2573} INFO - Sync 1 DAGs
[2025-08-29T10:10:39.832+0000] {logging_mixin.py:117} INFO - [2025-08-29T10:10:39.832+0000] {dag.py:3328} INFO - Setting next_dagrun for example_trigger_target_dag to None, run_after=None
[2025-08-29T10:10:39.842+0000] {processor.py:178} INFO - Processing /home/airflow/.local/lib/python3.7/site-packages/airflow/example_dags/example_trigger_target_dag.py took 0.053 seconds
[2025-08-29T10:11:10.419+0000] {processor.py:156} INFO - Started process (PID=304) to work on /home/airflow/.local/lib/python3.7/site-packages/airflow/example_dags/example_trigger_target_dag.py
[2025-08-29T10:11:10.420+0000] {processor.py:758} INFO - Processing file /home/airflow/.local/lib/python3.7/site-packages/airflow/example_dags/example_trigger_target_dag.py for tasks to queue
[2025-08-29T10:11:10.426+0000] {logging_mixin.py:117} INFO - [2025-08-29T10:11:10.425+0000] {dagbag.py:525} INFO - Filling up the DagBag from /home/airflow/.local/lib/python3.7/site-packages/airflow/example_dags/example_trigger_target_dag.py
[2025-08-29T10:11:10.441+0000] {processor.py:768} INFO - DAG(s) dict_keys(['example_trigger_target_dag']) retrieved from /home/airflow/.local/lib/python3.7/site-packages/airflow/example_dags/example_trigger_target_dag.py
[2025-08-29T10:11:10.460+0000] {logging_mixin.py:117} INFO - [2025-08-29T10:11:10.460+0000] {dag.py:2573} INFO - Sync 1 DAGs
[2025-08-29T10:11:10.471+0000] {logging_mixin.py:117} INFO - [2025-08-29T10:11:10.470+0000] {dag.py:3328} INFO - Setting next_dagrun for example_trigger_target_dag to None, run_after=None
[2025-08-29T10:11:10.478+0000] {processor.py:178} INFO - Processing /home/airflow/.local/lib/python3.7/site-packages/airflow/example_dags/example_trigger_target_dag.py took 0.063 seconds
[2025-08-29T10:11:41.011+0000] {processor.py:156} INFO - Started process (PID=360) to work on /home/airflow/.local/lib/python3.7/site-packages/airflow/example_dags/example_trigger_target_dag.py
[2025-08-29T10:11:41.012+0000] {processor.py:758} INFO - Processing file /home/airflow/.local/lib/python3.7/site-packages/airflow/example_dags/example_trigger_target_dag.py for tasks to queue
[2025-08-29T10:11:41.013+0000] {logging_mixin.py:117} INFO - [2025-08-29T10:11:41.013+0000] {dagbag.py:525} INFO - Filling up the DagBag from /home/airflow/.local/lib/python3.7/site-packages/airflow/example_dags/example_trigger_target_dag.py
[2025-08-29T10:11:41.023+0000] {processor.py:768} INFO - DAG(s) dict_keys(['example_trigger_target_dag']) retrieved from /home/airflow/.local/lib/python3.7/site-packages/airflow/example_dags/example_trigger_target_dag.py
[2025-08-29T10:11:41.042+0000] {logging_mixin.py:117} INFO - [2025-08-29T10:11:41.042+0000] {dag.py:2573} INFO - Sync 1 DAGs
[2025-08-29T10:11:41.054+0000] {logging_mixin.py:117} INFO - [2025-08-29T10:11:41.054+0000] {dag.py:3328} INFO - Setting next_dagrun for example_trigger_target_dag to None, run_after=None
[2025-08-29T10:11:41.065+0000] {processor.py:178} INFO - Processing /home/airflow/.local/lib/python3.7/site-packages/airflow/example_dags/example_trigger_target_dag.py took 0.055 seconds
[2025-08-29T10:12:12.024+0000] {processor.py:156} INFO - Started process (PID=425) to work on /home/airflow/.local/lib/python3.7/site-packages/airflow/example_dags/example_trigger_target_dag.py
[2025-08-29T10:12:12.024+0000] {processor.py:758} INFO - Processing file /home/airflow/.local/lib/python3.7/site-packages/airflow/example_dags/example_trigger_target_dag.py for tasks to queue
[2025-08-29T10:12:12.024+0000] {logging_mixin.py:117} INFO - [2025-08-29T10:12:12.024+0000] {dagbag.py:525} INFO - Filling up the DagBag from /home/airflow/.local/lib/python3.7/site-packages/airflow/example_dags/example_trigger_target_dag.py
[2025-08-29T10:12:12.034+0000] {processor.py:768} INFO - DAG(s) dict_keys(['example_trigger_target_dag']) retrieved from /home/airflow/.local/lib/python3.7/site-packages/airflow/example_dags/example_trigger_target_dag.py
[2025-08-29T10:12:12.054+0000] {logging_mixin.py:117} INFO - [2025-08-29T10:12:12.054+0000] {dag.py:2573} INFO - Sync 1 DAGs
[2025-08-29T10:12:12.064+0000] {logging_mixin.py:117} INFO - [2025-08-29T10:12:12.064+0000] {dag.py:3328} INFO - Setting next_dagrun for example_trigger_target_dag to None, run_after=None
[2025-08-29T10:12:12.073+0000] {processor.py:178} INFO - Processing /home/airflow/.local/lib/python3.7/site-packages/airflow/example_dags/example_trigger_target_dag.py took 0.051 seconds
[2025-08-29T10:12:42.595+0000] {processor.py:156} INFO - Started process (PID=490) to work on /home/airflow/.local/lib/python3.7/site-packages/airflow/example_dags/example_trigger_target_dag.py
[2025-08-29T10:12:42.595+0000] {processor.py:758} INFO - Processing file /home/airflow/.local/lib/python3.7/site-packages/airflow/example_dags/example_trigger_target_dag.py for tasks to queue
[2025-08-29T10:12:42.596+0000] {logging_mixin.py:117} INFO - [2025-08-29T10:12:42.596+0000] {dagbag.py:525} INFO - Filling up the DagBag from /home/airflow/.local/lib/python3.7/site-packages/airflow/example_dags/example_trigger_target_dag.py
[2025-08-29T10:12:42.605+0000] {processor.py:768} INFO - DAG(s) dict_keys(['example_trigger_target_dag']) retrieved from /home/airflow/.local/lib/python3.7/site-packages/airflow/example_dags/example_trigger_target_dag.py
[2025-08-29T10:12:42.623+0000] {logging_mixin.py:117} INFO - [2025-08-29T10:12:42.623+0000] {dag.py:2573} INFO - Sync 1 DAGs
[2025-08-29T10:12:42.633+0000] {logging_mixin.py:117} INFO - [2025-08-29T10:12:42.633+0000] {dag.py:3328} INFO - Setting next_dagrun for example_trigger_target_dag to None, run_after=None
[2025-08-29T10:12:42.640+0000] {processor.py:178} INFO - Processing /home/airflow/.local/lib/python3.7/site-packages/airflow/example_dags/example_trigger_target_dag.py took 0.047 seconds
[2025-08-29T10:13:13.066+0000] {processor.py:156} INFO - Started process (PID=555) to work on /home/airflow/.local/lib/python3.7/site-packages/airflow/example_dags/example_trigger_target_dag.py
[2025-08-29T10:13:13.069+0000] {processor.py:758} INFO - Processing file /home/airflow/.local/lib/python3.7/site-packages/airflow/example_dags/example_trigger_target_dag.py for tasks to queue
[2025-08-29T10:13:13.070+0000] {logging_mixin.py:117} INFO - [2025-08-29T10:13:13.070+0000] {dagbag.py:525} INFO - Filling up the DagBag from /home/airflow/.local/lib/python3.7/site-packages/airflow/example_dags/example_trigger_target_dag.py
[2025-08-29T10:13:13.081+0000] {processor.py:768} INFO - DAG(s) dict_keys(['example_trigger_target_dag']) retrieved from /home/airflow/.local/lib/python3.7/site-packages/airflow/example_dags/example_trigger_target_dag.py
[2025-08-29T10:13:13.098+0000] {logging_mixin.py:117} INFO - [2025-08-29T10:13:13.098+0000] {dag.py:2573} INFO - Sync 1 DAGs
[2025-08-29T10:13:13.108+0000] {logging_mixin.py:117} INFO - [2025-08-29T10:13:13.108+0000] {dag.py:3328} INFO - Setting next_dagrun for example_trigger_target_dag to None, run_after=None
[2025-08-29T10:13:13.114+0000] {processor.py:178} INFO - Processing /home/airflow/.local/lib/python3.7/site-packages/airflow/example_dags/example_trigger_target_dag.py took 0.049 seconds
[2025-08-29T10:13:43.619+0000] {processor.py:156} INFO - Started process (PID=620) to work on /home/airflow/.local/lib/python3.7/site-packages/airflow/example_dags/example_trigger_target_dag.py
[2025-08-29T10:13:43.620+0000] {processor.py:758} INFO - Processing file /home/airflow/.local/lib/python3.7/site-packages/airflow/example_dags/example_trigger_target_dag.py for tasks to queue
[2025-08-29T10:13:43.621+0000] {logging_mixin.py:117} INFO - [2025-08-29T10:13:43.621+0000] {dagbag.py:525} INFO - Filling up the DagBag from /home/airflow/.local/lib/python3.7/site-packages/airflow/example_dags/example_trigger_target_dag.py
[2025-08-29T10:13:43.632+0000] {processor.py:768} INFO - DAG(s) dict_keys(['example_trigger_target_dag']) retrieved from /home/airflow/.local/lib/python3.7/site-packages/airflow/example_dags/example_trigger_target_dag.py
[2025-08-29T10:13:43.649+0000] {logging_mixin.py:117} INFO - [2025-08-29T10:13:43.649+0000] {dag.py:2573} INFO - Sync 1 DAGs
[2025-08-29T10:13:43.660+0000] {logging_mixin.py:117} INFO - [2025-08-29T10:13:43.660+0000] {dag.py:3328} INFO - Setting next_dagrun for example_trigger_target_dag to None, run_after=None
[2025-08-29T10:13:43.667+0000] {processor.py:178} INFO - Processing /home/airflow/.local/lib/python3.7/site-packages/airflow/example_dags/example_trigger_target_dag.py took 0.051 seconds
[2025-08-29T10:14:14.083+0000] {processor.py:156} INFO - Started process (PID=685) to work on /home/airflow/.local/lib/python3.7/site-packages/airflow/example_dags/example_trigger_target_dag.py
[2025-08-29T10:14:14.084+0000] {processor.py:758} INFO - Processing file /home/airflow/.local/lib/python3.7/site-packages/airflow/example_dags/example_trigger_target_dag.py for tasks to queue
[2025-08-29T10:14:14.084+0000] {logging_mixin.py:117} INFO - [2025-08-29T10:14:14.084+0000] {dagbag.py:525} INFO - Filling up the DagBag from /home/airflow/.local/lib/python3.7/site-packages/airflow/example_dags/example_trigger_target_dag.py
[2025-08-29T10:14:14.094+0000] {processor.py:768} INFO - DAG(s) dict_keys(['example_trigger_target_dag']) retrieved from /home/airflow/.local/lib/python3.7/site-packages/airflow/example_dags/example_trigger_target_dag.py
[2025-08-29T10:14:14.112+0000] {logging_mixin.py:117} INFO - [2025-08-29T10:14:14.112+0000] {dag.py:2573} INFO - Sync 1 DAGs
[2025-08-29T10:14:14.125+0000] {logging_mixin.py:117} INFO - [2025-08-29T10:14:14.125+0000] {dag.py:3328} INFO - Setting next_dagrun for example_trigger_target_dag to None, run_after=None
[2025-08-29T10:14:14.139+0000] {processor.py:178} INFO - Processing /home/airflow/.local/lib/python3.7/site-packages/airflow/example_dags/example_trigger_target_dag.py took 0.057 seconds
[2025-08-29T10:14:44.734+0000] {processor.py:156} INFO - Started process (PID=750) to work on /home/airflow/.local/lib/python3.7/site-packages/airflow/example_dags/example_trigger_target_dag.py
[2025-08-29T10:14:44.734+0000] {processor.py:758} INFO - Processing file /home/airflow/.local/lib/python3.7/site-packages/airflow/example_dags/example_trigger_target_dag.py for tasks to queue
[2025-08-29T10:14:44.735+0000] {logging_mixin.py:117} INFO - [2025-08-29T10:14:44.735+0000] {dagbag.py:525} INFO - Filling up the DagBag from /home/airflow/.local/lib/python3.7/site-packages/airflow/example_dags/example_trigger_target_dag.py
[2025-08-29T10:14:44.745+0000] {processor.py:768} INFO - DAG(s) dict_keys(['example_trigger_target_dag']) retrieved from /home/airflow/.local/lib/python3.7/site-packages/airflow/example_dags/example_trigger_target_dag.py
[2025-08-29T10:14:44.776+0000] {logging_mixin.py:117} INFO - [2025-08-29T10:14:44.775+0000] {dag.py:2573} INFO - Sync 1 DAGs
[2025-08-29T10:14:44.790+0000] {logging_mixin.py:117} INFO - [2025-08-29T10:14:44.789+0000] {dag.py:3328} INFO - Setting next_dagrun for example_trigger_target_dag to None, run_after=None
[2025-08-29T10:14:44.801+0000] {processor.py:178} INFO - Processing /home/airflow/.local/lib/python3.7/site-packages/airflow/example_dags/example_trigger_target_dag.py took 0.069 seconds
