[2025-08-29T10:09:08.845+0000] {processor.py:156} INFO - Started process (PID=63) to work on /home/airflow/.local/lib/python3.7/site-packages/airflow/example_dags/example_branch_python_dop_operator_3.py
[2025-08-29T10:09:08.847+0000] {processor.py:758} INFO - Processing file /home/airflow/.local/lib/python3.7/site-packages/airflow/example_dags/example_branch_python_dop_operator_3.py for tasks to queue
[2025-08-29T10:09:08.848+0000] {logging_mixin.py:117} INFO - [2025-08-29T10:09:08.848+0000] {dagbag.py:525} INFO - Filling up the DagBag from /home/airflow/.local/lib/python3.7/site-packages/airflow/example_dags/example_branch_python_dop_operator_3.py
[2025-08-29T10:09:08.870+0000] {processor.py:768} INFO - DAG(s) dict_keys(['example_branch_dop_operator_v3']) retrieved from /home/airflow/.local/lib/python3.7/site-packages/airflow/example_dags/example_branch_python_dop_operator_3.py
[2025-08-29T10:09:08.890+0000] {logging_mixin.py:117} INFO - [2025-08-29T10:09:08.890+0000] {dag.py:2573} INFO - Sync 1 DAGs
[2025-08-29T10:09:08.908+0000] {logging_mixin.py:117} INFO - [2025-08-29T10:09:08.907+0000] {dag.py:3328} INFO - Setting next_dagrun for example_branch_dop_operator_v3 to 2025-08-29T10:08:00+00:00, run_after=2025-08-29T10:09:00+00:00
[2025-08-29T10:09:08.924+0000] {processor.py:178} INFO - Processing /home/airflow/.local/lib/python3.7/site-packages/airflow/example_dags/example_branch_python_dop_operator_3.py took 0.082 seconds
[2025-08-29T10:09:39.311+0000] {processor.py:156} INFO - Started process (PID=128) to work on /home/airflow/.local/lib/python3.7/site-packages/airflow/example_dags/example_branch_python_dop_operator_3.py
[2025-08-29T10:09:39.312+0000] {processor.py:758} INFO - Processing file /home/airflow/.local/lib/python3.7/site-packages/airflow/example_dags/example_branch_python_dop_operator_3.py for tasks to queue
[2025-08-29T10:09:39.312+0000] {logging_mixin.py:117} INFO - [2025-08-29T10:09:39.312+0000] {dagbag.py:525} INFO - Filling up the DagBag from /home/airflow/.local/lib/python3.7/site-packages/airflow/example_dags/example_branch_python_dop_operator_3.py
[2025-08-29T10:09:39.324+0000] {processor.py:768} INFO - DAG(s) dict_keys(['example_branch_dop_operator_v3']) retrieved from /home/airflow/.local/lib/python3.7/site-packages/airflow/example_dags/example_branch_python_dop_operator_3.py
[2025-08-29T10:09:39.346+0000] {logging_mixin.py:117} INFO - [2025-08-29T10:09:39.346+0000] {dag.py:2573} INFO - Sync 1 DAGs
[2025-08-29T10:09:39.360+0000] {logging_mixin.py:117} INFO - [2025-08-29T10:09:39.360+0000] {dag.py:3328} INFO - Setting next_dagrun for example_branch_dop_operator_v3 to 2025-08-29T10:08:00+00:00, run_after=2025-08-29T10:09:00+00:00
[2025-08-29T10:09:39.371+0000] {processor.py:178} INFO - Processing /home/airflow/.local/lib/python3.7/site-packages/airflow/example_dags/example_branch_python_dop_operator_3.py took 0.060 seconds
[2025-08-29T10:10:09.917+0000] {processor.py:156} INFO - Started process (PID=194) to work on /home/airflow/.local/lib/python3.7/site-packages/airflow/example_dags/example_branch_python_dop_operator_3.py
[2025-08-29T10:10:09.918+0000] {processor.py:758} INFO - Processing file /home/airflow/.local/lib/python3.7/site-packages/airflow/example_dags/example_branch_python_dop_operator_3.py for tasks to queue
[2025-08-29T10:10:09.919+0000] {logging_mixin.py:117} INFO - [2025-08-29T10:10:09.919+0000] {dagbag.py:525} INFO - Filling up the DagBag from /home/airflow/.local/lib/python3.7/site-packages/airflow/example_dags/example_branch_python_dop_operator_3.py
[2025-08-29T10:10:09.929+0000] {processor.py:768} INFO - DAG(s) dict_keys(['example_branch_dop_operator_v3']) retrieved from /home/airflow/.local/lib/python3.7/site-packages/airflow/example_dags/example_branch_python_dop_operator_3.py
[2025-08-29T10:10:09.949+0000] {logging_mixin.py:117} INFO - [2025-08-29T10:10:09.949+0000] {dag.py:2573} INFO - Sync 1 DAGs
[2025-08-29T10:10:09.964+0000] {logging_mixin.py:117} INFO - [2025-08-29T10:10:09.964+0000] {dag.py:3328} INFO - Setting next_dagrun for example_branch_dop_operator_v3 to 2025-08-29T10:09:00+00:00, run_after=2025-08-29T10:10:00+00:00
[2025-08-29T10:10:09.975+0000] {processor.py:178} INFO - Processing /home/airflow/.local/lib/python3.7/site-packages/airflow/example_dags/example_branch_python_dop_operator_3.py took 0.059 seconds
[2025-08-29T10:10:40.494+0000] {processor.py:156} INFO - Started process (PID=259) to work on /home/airflow/.local/lib/python3.7/site-packages/airflow/example_dags/example_branch_python_dop_operator_3.py
[2025-08-29T10:10:40.495+0000] {processor.py:758} INFO - Processing file /home/airflow/.local/lib/python3.7/site-packages/airflow/example_dags/example_branch_python_dop_operator_3.py for tasks to queue
[2025-08-29T10:10:40.495+0000] {logging_mixin.py:117} INFO - [2025-08-29T10:10:40.495+0000] {dagbag.py:525} INFO - Filling up the DagBag from /home/airflow/.local/lib/python3.7/site-packages/airflow/example_dags/example_branch_python_dop_operator_3.py
[2025-08-29T10:10:40.505+0000] {processor.py:768} INFO - DAG(s) dict_keys(['example_branch_dop_operator_v3']) retrieved from /home/airflow/.local/lib/python3.7/site-packages/airflow/example_dags/example_branch_python_dop_operator_3.py
[2025-08-29T10:10:40.523+0000] {logging_mixin.py:117} INFO - [2025-08-29T10:10:40.523+0000] {dag.py:2573} INFO - Sync 1 DAGs
[2025-08-29T10:10:40.535+0000] {logging_mixin.py:117} INFO - [2025-08-29T10:10:40.535+0000] {dag.py:3328} INFO - Setting next_dagrun for example_branch_dop_operator_v3 to 2025-08-29T10:09:00+00:00, run_after=2025-08-29T10:10:00+00:00
[2025-08-29T10:10:40.543+0000] {processor.py:178} INFO - Processing /home/airflow/.local/lib/python3.7/site-packages/airflow/example_dags/example_branch_python_dop_operator_3.py took 0.051 seconds
[2025-08-29T10:11:11.172+0000] {processor.py:156} INFO - Started process (PID=324) to work on /home/airflow/.local/lib/python3.7/site-packages/airflow/example_dags/example_branch_python_dop_operator_3.py
[2025-08-29T10:11:11.172+0000] {processor.py:758} INFO - Processing file /home/airflow/.local/lib/python3.7/site-packages/airflow/example_dags/example_branch_python_dop_operator_3.py for tasks to queue
[2025-08-29T10:11:11.174+0000] {logging_mixin.py:117} INFO - [2025-08-29T10:11:11.174+0000] {dagbag.py:525} INFO - Filling up the DagBag from /home/airflow/.local/lib/python3.7/site-packages/airflow/example_dags/example_branch_python_dop_operator_3.py
[2025-08-29T10:11:11.184+0000] {processor.py:768} INFO - DAG(s) dict_keys(['example_branch_dop_operator_v3']) retrieved from /home/airflow/.local/lib/python3.7/site-packages/airflow/example_dags/example_branch_python_dop_operator_3.py
[2025-08-29T10:11:11.202+0000] {logging_mixin.py:117} INFO - [2025-08-29T10:11:11.202+0000] {dag.py:2573} INFO - Sync 1 DAGs
[2025-08-29T10:11:11.213+0000] {logging_mixin.py:117} INFO - [2025-08-29T10:11:11.213+0000] {dag.py:3328} INFO - Setting next_dagrun for example_branch_dop_operator_v3 to 2025-08-29T10:10:00+00:00, run_after=2025-08-29T10:11:00+00:00
[2025-08-29T10:11:11.223+0000] {processor.py:178} INFO - Processing /home/airflow/.local/lib/python3.7/site-packages/airflow/example_dags/example_branch_python_dop_operator_3.py took 0.053 seconds
[2025-08-29T10:11:41.886+0000] {processor.py:156} INFO - Started process (PID=389) to work on /home/airflow/.local/lib/python3.7/site-packages/airflow/example_dags/example_branch_python_dop_operator_3.py
[2025-08-29T10:11:41.887+0000] {processor.py:758} INFO - Processing file /home/airflow/.local/lib/python3.7/site-packages/airflow/example_dags/example_branch_python_dop_operator_3.py for tasks to queue
[2025-08-29T10:11:41.887+0000] {logging_mixin.py:117} INFO - [2025-08-29T10:11:41.887+0000] {dagbag.py:525} INFO - Filling up the DagBag from /home/airflow/.local/lib/python3.7/site-packages/airflow/example_dags/example_branch_python_dop_operator_3.py
[2025-08-29T10:11:41.907+0000] {processor.py:768} INFO - DAG(s) dict_keys(['example_branch_dop_operator_v3']) retrieved from /home/airflow/.local/lib/python3.7/site-packages/airflow/example_dags/example_branch_python_dop_operator_3.py
[2025-08-29T10:11:41.938+0000] {logging_mixin.py:117} INFO - [2025-08-29T10:11:41.938+0000] {dag.py:2573} INFO - Sync 1 DAGs
[2025-08-29T10:11:41.955+0000] {logging_mixin.py:117} INFO - [2025-08-29T10:11:41.955+0000] {dag.py:3328} INFO - Setting next_dagrun for example_branch_dop_operator_v3 to 2025-08-29T10:10:00+00:00, run_after=2025-08-29T10:11:00+00:00
[2025-08-29T10:11:41.972+0000] {processor.py:178} INFO - Processing /home/airflow/.local/lib/python3.7/site-packages/airflow/example_dags/example_branch_python_dop_operator_3.py took 0.089 seconds
[2025-08-29T10:12:12.747+0000] {processor.py:156} INFO - Started process (PID=445) to work on /home/airflow/.local/lib/python3.7/site-packages/airflow/example_dags/example_branch_python_dop_operator_3.py
[2025-08-29T10:12:12.748+0000] {processor.py:758} INFO - Processing file /home/airflow/.local/lib/python3.7/site-packages/airflow/example_dags/example_branch_python_dop_operator_3.py for tasks to queue
[2025-08-29T10:12:12.748+0000] {logging_mixin.py:117} INFO - [2025-08-29T10:12:12.748+0000] {dagbag.py:525} INFO - Filling up the DagBag from /home/airflow/.local/lib/python3.7/site-packages/airflow/example_dags/example_branch_python_dop_operator_3.py
[2025-08-29T10:12:12.759+0000] {processor.py:768} INFO - DAG(s) dict_keys(['example_branch_dop_operator_v3']) retrieved from /home/airflow/.local/lib/python3.7/site-packages/airflow/example_dags/example_branch_python_dop_operator_3.py
[2025-08-29T10:12:12.777+0000] {logging_mixin.py:117} INFO - [2025-08-29T10:12:12.777+0000] {dag.py:2573} INFO - Sync 1 DAGs
[2025-08-29T10:12:12.789+0000] {logging_mixin.py:117} INFO - [2025-08-29T10:12:12.789+0000] {dag.py:3328} INFO - Setting next_dagrun for example_branch_dop_operator_v3 to 2025-08-29T10:11:00+00:00, run_after=2025-08-29T10:12:00+00:00
[2025-08-29T10:12:12.796+0000] {processor.py:178} INFO - Processing /home/airflow/.local/lib/python3.7/site-packages/airflow/example_dags/example_branch_python_dop_operator_3.py took 0.051 seconds
[2025-08-29T10:12:43.296+0000] {processor.py:156} INFO - Started process (PID=510) to work on /home/airflow/.local/lib/python3.7/site-packages/airflow/example_dags/example_branch_python_dop_operator_3.py
[2025-08-29T10:12:43.299+0000] {processor.py:758} INFO - Processing file /home/airflow/.local/lib/python3.7/site-packages/airflow/example_dags/example_branch_python_dop_operator_3.py for tasks to queue
[2025-08-29T10:12:43.300+0000] {logging_mixin.py:117} INFO - [2025-08-29T10:12:43.300+0000] {dagbag.py:525} INFO - Filling up the DagBag from /home/airflow/.local/lib/python3.7/site-packages/airflow/example_dags/example_branch_python_dop_operator_3.py
[2025-08-29T10:12:43.311+0000] {processor.py:768} INFO - DAG(s) dict_keys(['example_branch_dop_operator_v3']) retrieved from /home/airflow/.local/lib/python3.7/site-packages/airflow/example_dags/example_branch_python_dop_operator_3.py
[2025-08-29T10:12:43.329+0000] {logging_mixin.py:117} INFO - [2025-08-29T10:12:43.329+0000] {dag.py:2573} INFO - Sync 1 DAGs
[2025-08-29T10:12:43.340+0000] {logging_mixin.py:117} INFO - [2025-08-29T10:12:43.340+0000] {dag.py:3328} INFO - Setting next_dagrun for example_branch_dop_operator_v3 to 2025-08-29T10:11:00+00:00, run_after=2025-08-29T10:12:00+00:00
[2025-08-29T10:12:43.352+0000] {processor.py:178} INFO - Processing /home/airflow/.local/lib/python3.7/site-packages/airflow/example_dags/example_branch_python_dop_operator_3.py took 0.058 seconds
[2025-08-29T10:13:13.727+0000] {processor.py:156} INFO - Started process (PID=575) to work on /home/airflow/.local/lib/python3.7/site-packages/airflow/example_dags/example_branch_python_dop_operator_3.py
[2025-08-29T10:13:13.728+0000] {processor.py:758} INFO - Processing file /home/airflow/.local/lib/python3.7/site-packages/airflow/example_dags/example_branch_python_dop_operator_3.py for tasks to queue
[2025-08-29T10:13:13.729+0000] {logging_mixin.py:117} INFO - [2025-08-29T10:13:13.729+0000] {dagbag.py:525} INFO - Filling up the DagBag from /home/airflow/.local/lib/python3.7/site-packages/airflow/example_dags/example_branch_python_dop_operator_3.py
[2025-08-29T10:13:13.739+0000] {processor.py:768} INFO - DAG(s) dict_keys(['example_branch_dop_operator_v3']) retrieved from /home/airflow/.local/lib/python3.7/site-packages/airflow/example_dags/example_branch_python_dop_operator_3.py
[2025-08-29T10:13:13.757+0000] {logging_mixin.py:117} INFO - [2025-08-29T10:13:13.757+0000] {dag.py:2573} INFO - Sync 1 DAGs
[2025-08-29T10:13:13.768+0000] {logging_mixin.py:117} INFO - [2025-08-29T10:13:13.768+0000] {dag.py:3328} INFO - Setting next_dagrun for example_branch_dop_operator_v3 to 2025-08-29T10:12:00+00:00, run_after=2025-08-29T10:13:00+00:00
[2025-08-29T10:13:13.779+0000] {processor.py:178} INFO - Processing /home/airflow/.local/lib/python3.7/site-packages/airflow/example_dags/example_branch_python_dop_operator_3.py took 0.054 seconds
[2025-08-29T10:13:44.257+0000] {processor.py:156} INFO - Started process (PID=640) to work on /home/airflow/.local/lib/python3.7/site-packages/airflow/example_dags/example_branch_python_dop_operator_3.py
[2025-08-29T10:13:44.258+0000] {processor.py:758} INFO - Processing file /home/airflow/.local/lib/python3.7/site-packages/airflow/example_dags/example_branch_python_dop_operator_3.py for tasks to queue
[2025-08-29T10:13:44.259+0000] {logging_mixin.py:117} INFO - [2025-08-29T10:13:44.259+0000] {dagbag.py:525} INFO - Filling up the DagBag from /home/airflow/.local/lib/python3.7/site-packages/airflow/example_dags/example_branch_python_dop_operator_3.py
[2025-08-29T10:13:44.269+0000] {processor.py:768} INFO - DAG(s) dict_keys(['example_branch_dop_operator_v3']) retrieved from /home/airflow/.local/lib/python3.7/site-packages/airflow/example_dags/example_branch_python_dop_operator_3.py
[2025-08-29T10:13:44.285+0000] {logging_mixin.py:117} INFO - [2025-08-29T10:13:44.285+0000] {dag.py:2573} INFO - Sync 1 DAGs
[2025-08-29T10:13:44.297+0000] {logging_mixin.py:117} INFO - [2025-08-29T10:13:44.297+0000] {dag.py:3328} INFO - Setting next_dagrun for example_branch_dop_operator_v3 to 2025-08-29T10:12:00+00:00, run_after=2025-08-29T10:13:00+00:00
[2025-08-29T10:13:44.306+0000] {processor.py:178} INFO - Processing /home/airflow/.local/lib/python3.7/site-packages/airflow/example_dags/example_branch_python_dop_operator_3.py took 0.051 seconds
[2025-08-29T10:14:14.799+0000] {processor.py:156} INFO - Started process (PID=705) to work on /home/airflow/.local/lib/python3.7/site-packages/airflow/example_dags/example_branch_python_dop_operator_3.py
[2025-08-29T10:14:14.800+0000] {processor.py:758} INFO - Processing file /home/airflow/.local/lib/python3.7/site-packages/airflow/example_dags/example_branch_python_dop_operator_3.py for tasks to queue
[2025-08-29T10:14:14.800+0000] {logging_mixin.py:117} INFO - [2025-08-29T10:14:14.800+0000] {dagbag.py:525} INFO - Filling up the DagBag from /home/airflow/.local/lib/python3.7/site-packages/airflow/example_dags/example_branch_python_dop_operator_3.py
[2025-08-29T10:14:14.810+0000] {processor.py:768} INFO - DAG(s) dict_keys(['example_branch_dop_operator_v3']) retrieved from /home/airflow/.local/lib/python3.7/site-packages/airflow/example_dags/example_branch_python_dop_operator_3.py
[2025-08-29T10:14:14.830+0000] {logging_mixin.py:117} INFO - [2025-08-29T10:14:14.830+0000] {dag.py:2573} INFO - Sync 1 DAGs
[2025-08-29T10:14:14.846+0000] {logging_mixin.py:117} INFO - [2025-08-29T10:14:14.846+0000] {dag.py:3328} INFO - Setting next_dagrun for example_branch_dop_operator_v3 to 2025-08-29T10:13:00+00:00, run_after=2025-08-29T10:14:00+00:00
[2025-08-29T10:14:14.854+0000] {processor.py:178} INFO - Processing /home/airflow/.local/lib/python3.7/site-packages/airflow/example_dags/example_branch_python_dop_operator_3.py took 0.057 seconds
[2025-08-29T10:14:45.680+0000] {processor.py:156} INFO - Started process (PID=770) to work on /home/airflow/.local/lib/python3.7/site-packages/airflow/example_dags/example_branch_python_dop_operator_3.py
[2025-08-29T10:14:45.681+0000] {processor.py:758} INFO - Processing file /home/airflow/.local/lib/python3.7/site-packages/airflow/example_dags/example_branch_python_dop_operator_3.py for tasks to queue
[2025-08-29T10:14:45.682+0000] {logging_mixin.py:117} INFO - [2025-08-29T10:14:45.682+0000] {dagbag.py:525} INFO - Filling up the DagBag from /home/airflow/.local/lib/python3.7/site-packages/airflow/example_dags/example_branch_python_dop_operator_3.py
[2025-08-29T10:14:45.692+0000] {processor.py:768} INFO - DAG(s) dict_keys(['example_branch_dop_operator_v3']) retrieved from /home/airflow/.local/lib/python3.7/site-packages/airflow/example_dags/example_branch_python_dop_operator_3.py
[2025-08-29T10:14:45.713+0000] {logging_mixin.py:117} INFO - [2025-08-29T10:14:45.713+0000] {dag.py:2573} INFO - Sync 1 DAGs
[2025-08-29T10:14:45.724+0000] {logging_mixin.py:117} INFO - [2025-08-29T10:14:45.724+0000] {dag.py:3328} INFO - Setting next_dagrun for example_branch_dop_operator_v3 to 2025-08-29T10:13:00+00:00, run_after=2025-08-29T10:14:00+00:00
[2025-08-29T10:14:45.736+0000] {processor.py:178} INFO - Processing /home/airflow/.local/lib/python3.7/site-packages/airflow/example_dags/example_branch_python_dop_operator_3.py took 0.058 seconds
