[2025-08-29T10:09:08.565+0000] {processor.py:156} INFO - Started process (PID=58) to work on /home/airflow/.local/lib/python3.7/site-packages/airflow/example_dags/example_subdag_operator.py
[2025-08-29T10:09:08.567+0000] {processor.py:758} INFO - Processing file /home/airflow/.local/lib/python3.7/site-packages/airflow/example_dags/example_subdag_operator.py for tasks to queue
[2025-08-29T10:09:08.568+0000] {logging_mixin.py:117} INFO - [2025-08-29T10:09:08.568+0000] {dagbag.py:525} INFO - Filling up the DagBag from /home/airflow/.local/lib/python3.7/site-packages/airflow/example_dags/example_subdag_operator.py
[2025-08-29T10:09:08.589+0000] {processor.py:768} INFO - DAG(s) dict_keys(['example_subdag_operator.section-1', 'example_subdag_operator.section-2', 'example_subdag_operator']) retrieved from /home/airflow/.local/lib/python3.7/site-packages/airflow/example_dags/example_subdag_operator.py
[2025-08-29T10:09:08.597+0000] {logging_mixin.py:117} INFO - [2025-08-29T10:09:08.597+0000] {dag.py:2573} INFO - Sync 3 DAGs
[2025-08-29T10:09:08.612+0000] {logging_mixin.py:117} INFO - [2025-08-29T10:09:08.612+0000] {dag.py:3328} INFO - Setting next_dagrun for example_subdag_operator to 2022-01-01T00:00:00+00:00, run_after=2022-01-01T00:00:00+00:00
[2025-08-29T10:09:08.618+0000] {logging_mixin.py:117} INFO - [2025-08-29T10:09:08.618+0000] {dag.py:3328} INFO - Setting next_dagrun for example_subdag_operator.section-1 to None, run_after=None
[2025-08-29T10:09:08.621+0000] {logging_mixin.py:117} INFO - [2025-08-29T10:09:08.621+0000] {dag.py:3328} INFO - Setting next_dagrun for example_subdag_operator.section-2 to None, run_after=None
[2025-08-29T10:09:08.628+0000] {logging_mixin.py:117} INFO - [2025-08-29T10:09:08.628+0000] {dag.py:2573} INFO - Sync 2 DAGs
[2025-08-29T10:09:08.635+0000] {logging_mixin.py:117} INFO - [2025-08-29T10:09:08.635+0000] {dag.py:3328} INFO - Setting next_dagrun for example_subdag_operator.section-1 to None, run_after=None
[2025-08-29T10:09:08.636+0000] {logging_mixin.py:117} INFO - [2025-08-29T10:09:08.636+0000] {dag.py:3328} INFO - Setting next_dagrun for example_subdag_operator.section-2 to None, run_after=None
[2025-08-29T10:09:08.642+0000] {processor.py:178} INFO - Processing /home/airflow/.local/lib/python3.7/site-packages/airflow/example_dags/example_subdag_operator.py took 0.079 seconds
[2025-08-29T10:09:39.019+0000] {processor.py:156} INFO - Started process (PID=123) to work on /home/airflow/.local/lib/python3.7/site-packages/airflow/example_dags/example_subdag_operator.py
[2025-08-29T10:09:39.019+0000] {processor.py:758} INFO - Processing file /home/airflow/.local/lib/python3.7/site-packages/airflow/example_dags/example_subdag_operator.py for tasks to queue
[2025-08-29T10:09:39.019+0000] {logging_mixin.py:117} INFO - [2025-08-29T10:09:39.019+0000] {dagbag.py:525} INFO - Filling up the DagBag from /home/airflow/.local/lib/python3.7/site-packages/airflow/example_dags/example_subdag_operator.py
[2025-08-29T10:09:39.037+0000] {processor.py:768} INFO - DAG(s) dict_keys(['example_subdag_operator.section-1', 'example_subdag_operator.section-2', 'example_subdag_operator']) retrieved from /home/airflow/.local/lib/python3.7/site-packages/airflow/example_dags/example_subdag_operator.py
[2025-08-29T10:09:39.142+0000] {logging_mixin.py:117} INFO - [2025-08-29T10:09:39.142+0000] {dag.py:2573} INFO - Sync 3 DAGs
[2025-08-29T10:09:39.153+0000] {logging_mixin.py:117} INFO - [2025-08-29T10:09:39.153+0000] {dag.py:3328} INFO - Setting next_dagrun for example_subdag_operator to 2022-01-01T00:00:00+00:00, run_after=2022-01-01T00:00:00+00:00
[2025-08-29T10:09:39.156+0000] {logging_mixin.py:117} INFO - [2025-08-29T10:09:39.156+0000] {dag.py:3328} INFO - Setting next_dagrun for example_subdag_operator.section-1 to None, run_after=None
[2025-08-29T10:09:39.157+0000] {logging_mixin.py:117} INFO - [2025-08-29T10:09:39.157+0000] {dag.py:3328} INFO - Setting next_dagrun for example_subdag_operator.section-2 to None, run_after=None
[2025-08-29T10:09:39.161+0000] {logging_mixin.py:117} INFO - [2025-08-29T10:09:39.160+0000] {dag.py:2573} INFO - Sync 2 DAGs
[2025-08-29T10:09:39.163+0000] {logging_mixin.py:117} INFO - [2025-08-29T10:09:39.163+0000] {dag.py:3328} INFO - Setting next_dagrun for example_subdag_operator.section-1 to None, run_after=None
[2025-08-29T10:09:39.163+0000] {logging_mixin.py:117} INFO - [2025-08-29T10:09:39.163+0000] {dag.py:3328} INFO - Setting next_dagrun for example_subdag_operator.section-2 to None, run_after=None
[2025-08-29T10:09:39.170+0000] {processor.py:178} INFO - Processing /home/airflow/.local/lib/python3.7/site-packages/airflow/example_dags/example_subdag_operator.py took 0.153 seconds
[2025-08-29T10:10:09.702+0000] {processor.py:156} INFO - Started process (PID=189) to work on /home/airflow/.local/lib/python3.7/site-packages/airflow/example_dags/example_subdag_operator.py
[2025-08-29T10:10:09.702+0000] {processor.py:758} INFO - Processing file /home/airflow/.local/lib/python3.7/site-packages/airflow/example_dags/example_subdag_operator.py for tasks to queue
[2025-08-29T10:10:09.703+0000] {logging_mixin.py:117} INFO - [2025-08-29T10:10:09.703+0000] {dagbag.py:525} INFO - Filling up the DagBag from /home/airflow/.local/lib/python3.7/site-packages/airflow/example_dags/example_subdag_operator.py
[2025-08-29T10:10:09.720+0000] {processor.py:768} INFO - DAG(s) dict_keys(['example_subdag_operator.section-1', 'example_subdag_operator.section-2', 'example_subdag_operator']) retrieved from /home/airflow/.local/lib/python3.7/site-packages/airflow/example_dags/example_subdag_operator.py
[2025-08-29T10:10:09.787+0000] {logging_mixin.py:117} INFO - [2025-08-29T10:10:09.787+0000] {dag.py:2573} INFO - Sync 3 DAGs
[2025-08-29T10:10:09.798+0000] {logging_mixin.py:117} INFO - [2025-08-29T10:10:09.798+0000] {dag.py:3328} INFO - Setting next_dagrun for example_subdag_operator to 2022-01-01T00:00:00+00:00, run_after=2022-01-01T00:00:00+00:00
[2025-08-29T10:10:09.800+0000] {logging_mixin.py:117} INFO - [2025-08-29T10:10:09.800+0000] {dag.py:3328} INFO - Setting next_dagrun for example_subdag_operator.section-1 to None, run_after=None
[2025-08-29T10:10:09.801+0000] {logging_mixin.py:117} INFO - [2025-08-29T10:10:09.801+0000] {dag.py:3328} INFO - Setting next_dagrun for example_subdag_operator.section-2 to None, run_after=None
[2025-08-29T10:10:09.805+0000] {logging_mixin.py:117} INFO - [2025-08-29T10:10:09.805+0000] {dag.py:2573} INFO - Sync 2 DAGs
[2025-08-29T10:10:09.809+0000] {logging_mixin.py:117} INFO - [2025-08-29T10:10:09.809+0000] {dag.py:3328} INFO - Setting next_dagrun for example_subdag_operator.section-1 to None, run_after=None
[2025-08-29T10:10:09.809+0000] {logging_mixin.py:117} INFO - [2025-08-29T10:10:09.809+0000] {dag.py:3328} INFO - Setting next_dagrun for example_subdag_operator.section-2 to None, run_after=None
[2025-08-29T10:10:09.817+0000] {processor.py:178} INFO - Processing /home/airflow/.local/lib/python3.7/site-packages/airflow/example_dags/example_subdag_operator.py took 0.117 seconds
[2025-08-29T10:10:40.297+0000] {processor.py:156} INFO - Started process (PID=254) to work on /home/airflow/.local/lib/python3.7/site-packages/airflow/example_dags/example_subdag_operator.py
[2025-08-29T10:10:40.298+0000] {processor.py:758} INFO - Processing file /home/airflow/.local/lib/python3.7/site-packages/airflow/example_dags/example_subdag_operator.py for tasks to queue
[2025-08-29T10:10:40.298+0000] {logging_mixin.py:117} INFO - [2025-08-29T10:10:40.298+0000] {dagbag.py:525} INFO - Filling up the DagBag from /home/airflow/.local/lib/python3.7/site-packages/airflow/example_dags/example_subdag_operator.py
[2025-08-29T10:10:40.313+0000] {processor.py:768} INFO - DAG(s) dict_keys(['example_subdag_operator.section-1', 'example_subdag_operator.section-2', 'example_subdag_operator']) retrieved from /home/airflow/.local/lib/python3.7/site-packages/airflow/example_dags/example_subdag_operator.py
[2025-08-29T10:10:40.379+0000] {logging_mixin.py:117} INFO - [2025-08-29T10:10:40.379+0000] {dag.py:2573} INFO - Sync 3 DAGs
[2025-08-29T10:10:40.389+0000] {logging_mixin.py:117} INFO - [2025-08-29T10:10:40.389+0000] {dag.py:3328} INFO - Setting next_dagrun for example_subdag_operator to 2022-01-01T00:00:00+00:00, run_after=2022-01-01T00:00:00+00:00
[2025-08-29T10:10:40.391+0000] {logging_mixin.py:117} INFO - [2025-08-29T10:10:40.391+0000] {dag.py:3328} INFO - Setting next_dagrun for example_subdag_operator.section-1 to None, run_after=None
[2025-08-29T10:10:40.391+0000] {logging_mixin.py:117} INFO - [2025-08-29T10:10:40.391+0000] {dag.py:3328} INFO - Setting next_dagrun for example_subdag_operator.section-2 to None, run_after=None
[2025-08-29T10:10:40.396+0000] {logging_mixin.py:117} INFO - [2025-08-29T10:10:40.396+0000] {dag.py:2573} INFO - Sync 2 DAGs
[2025-08-29T10:10:40.399+0000] {logging_mixin.py:117} INFO - [2025-08-29T10:10:40.399+0000] {dag.py:3328} INFO - Setting next_dagrun for example_subdag_operator.section-1 to None, run_after=None
[2025-08-29T10:10:40.399+0000] {logging_mixin.py:117} INFO - [2025-08-29T10:10:40.399+0000] {dag.py:3328} INFO - Setting next_dagrun for example_subdag_operator.section-2 to None, run_after=None
[2025-08-29T10:10:40.402+0000] {processor.py:178} INFO - Processing /home/airflow/.local/lib/python3.7/site-packages/airflow/example_dags/example_subdag_operator.py took 0.107 seconds
[2025-08-29T10:11:10.981+0000] {processor.py:156} INFO - Started process (PID=319) to work on /home/airflow/.local/lib/python3.7/site-packages/airflow/example_dags/example_subdag_operator.py
[2025-08-29T10:11:10.982+0000] {processor.py:758} INFO - Processing file /home/airflow/.local/lib/python3.7/site-packages/airflow/example_dags/example_subdag_operator.py for tasks to queue
[2025-08-29T10:11:10.982+0000] {logging_mixin.py:117} INFO - [2025-08-29T10:11:10.982+0000] {dagbag.py:525} INFO - Filling up the DagBag from /home/airflow/.local/lib/python3.7/site-packages/airflow/example_dags/example_subdag_operator.py
[2025-08-29T10:11:10.996+0000] {processor.py:768} INFO - DAG(s) dict_keys(['example_subdag_operator.section-1', 'example_subdag_operator.section-2', 'example_subdag_operator']) retrieved from /home/airflow/.local/lib/python3.7/site-packages/airflow/example_dags/example_subdag_operator.py
[2025-08-29T10:11:11.062+0000] {logging_mixin.py:117} INFO - [2025-08-29T10:11:11.062+0000] {dag.py:2573} INFO - Sync 3 DAGs
[2025-08-29T10:11:11.072+0000] {logging_mixin.py:117} INFO - [2025-08-29T10:11:11.072+0000] {dag.py:3328} INFO - Setting next_dagrun for example_subdag_operator to 2022-01-01T00:00:00+00:00, run_after=2022-01-01T00:00:00+00:00
[2025-08-29T10:11:11.074+0000] {logging_mixin.py:117} INFO - [2025-08-29T10:11:11.074+0000] {dag.py:3328} INFO - Setting next_dagrun for example_subdag_operator.section-1 to None, run_after=None
[2025-08-29T10:11:11.075+0000] {logging_mixin.py:117} INFO - [2025-08-29T10:11:11.074+0000] {dag.py:3328} INFO - Setting next_dagrun for example_subdag_operator.section-2 to None, run_after=None
[2025-08-29T10:11:11.078+0000] {logging_mixin.py:117} INFO - [2025-08-29T10:11:11.078+0000] {dag.py:2573} INFO - Sync 2 DAGs
[2025-08-29T10:11:11.080+0000] {logging_mixin.py:117} INFO - [2025-08-29T10:11:11.080+0000] {dag.py:3328} INFO - Setting next_dagrun for example_subdag_operator.section-1 to None, run_after=None
[2025-08-29T10:11:11.080+0000] {logging_mixin.py:117} INFO - [2025-08-29T10:11:11.080+0000] {dag.py:3328} INFO - Setting next_dagrun for example_subdag_operator.section-2 to None, run_after=None
[2025-08-29T10:11:11.084+0000] {processor.py:178} INFO - Processing /home/airflow/.local/lib/python3.7/site-packages/airflow/example_dags/example_subdag_operator.py took 0.104 seconds
[2025-08-29T10:11:41.587+0000] {processor.py:156} INFO - Started process (PID=375) to work on /home/airflow/.local/lib/python3.7/site-packages/airflow/example_dags/example_subdag_operator.py
[2025-08-29T10:11:41.588+0000] {processor.py:758} INFO - Processing file /home/airflow/.local/lib/python3.7/site-packages/airflow/example_dags/example_subdag_operator.py for tasks to queue
[2025-08-29T10:11:41.588+0000] {logging_mixin.py:117} INFO - [2025-08-29T10:11:41.588+0000] {dagbag.py:525} INFO - Filling up the DagBag from /home/airflow/.local/lib/python3.7/site-packages/airflow/example_dags/example_subdag_operator.py
[2025-08-29T10:11:41.607+0000] {processor.py:768} INFO - DAG(s) dict_keys(['example_subdag_operator.section-1', 'example_subdag_operator.section-2', 'example_subdag_operator']) retrieved from /home/airflow/.local/lib/python3.7/site-packages/airflow/example_dags/example_subdag_operator.py
[2025-08-29T10:11:41.703+0000] {logging_mixin.py:117} INFO - [2025-08-29T10:11:41.703+0000] {dag.py:2573} INFO - Sync 3 DAGs
[2025-08-29T10:11:41.718+0000] {logging_mixin.py:117} INFO - [2025-08-29T10:11:41.718+0000] {dag.py:3328} INFO - Setting next_dagrun for example_subdag_operator to 2022-01-01T00:00:00+00:00, run_after=2022-01-01T00:00:00+00:00
[2025-08-29T10:11:41.720+0000] {logging_mixin.py:117} INFO - [2025-08-29T10:11:41.720+0000] {dag.py:3328} INFO - Setting next_dagrun for example_subdag_operator.section-1 to None, run_after=None
[2025-08-29T10:11:41.721+0000] {logging_mixin.py:117} INFO - [2025-08-29T10:11:41.721+0000] {dag.py:3328} INFO - Setting next_dagrun for example_subdag_operator.section-2 to None, run_after=None
[2025-08-29T10:11:41.724+0000] {logging_mixin.py:117} INFO - [2025-08-29T10:11:41.724+0000] {dag.py:2573} INFO - Sync 2 DAGs
[2025-08-29T10:11:41.728+0000] {logging_mixin.py:117} INFO - [2025-08-29T10:11:41.728+0000] {dag.py:3328} INFO - Setting next_dagrun for example_subdag_operator.section-1 to None, run_after=None
[2025-08-29T10:11:41.728+0000] {logging_mixin.py:117} INFO - [2025-08-29T10:11:41.728+0000] {dag.py:3328} INFO - Setting next_dagrun for example_subdag_operator.section-2 to None, run_after=None
[2025-08-29T10:11:41.734+0000] {processor.py:178} INFO - Processing /home/airflow/.local/lib/python3.7/site-packages/airflow/example_dags/example_subdag_operator.py took 0.148 seconds
[2025-08-29T10:12:12.556+0000] {processor.py:156} INFO - Started process (PID=440) to work on /home/airflow/.local/lib/python3.7/site-packages/airflow/example_dags/example_subdag_operator.py
[2025-08-29T10:12:12.558+0000] {processor.py:758} INFO - Processing file /home/airflow/.local/lib/python3.7/site-packages/airflow/example_dags/example_subdag_operator.py for tasks to queue
[2025-08-29T10:12:12.558+0000] {logging_mixin.py:117} INFO - [2025-08-29T10:12:12.558+0000] {dagbag.py:525} INFO - Filling up the DagBag from /home/airflow/.local/lib/python3.7/site-packages/airflow/example_dags/example_subdag_operator.py
[2025-08-29T10:12:12.573+0000] {processor.py:768} INFO - DAG(s) dict_keys(['example_subdag_operator.section-1', 'example_subdag_operator.section-2', 'example_subdag_operator']) retrieved from /home/airflow/.local/lib/python3.7/site-packages/airflow/example_dags/example_subdag_operator.py
[2025-08-29T10:12:12.641+0000] {logging_mixin.py:117} INFO - [2025-08-29T10:12:12.641+0000] {dag.py:2573} INFO - Sync 3 DAGs
[2025-08-29T10:12:12.653+0000] {logging_mixin.py:117} INFO - [2025-08-29T10:12:12.653+0000] {dag.py:3328} INFO - Setting next_dagrun for example_subdag_operator to 2022-01-01T00:00:00+00:00, run_after=2022-01-01T00:00:00+00:00
[2025-08-29T10:12:12.654+0000] {logging_mixin.py:117} INFO - [2025-08-29T10:12:12.654+0000] {dag.py:3328} INFO - Setting next_dagrun for example_subdag_operator.section-1 to None, run_after=None
[2025-08-29T10:12:12.655+0000] {logging_mixin.py:117} INFO - [2025-08-29T10:12:12.655+0000] {dag.py:3328} INFO - Setting next_dagrun for example_subdag_operator.section-2 to None, run_after=None
[2025-08-29T10:12:12.659+0000] {logging_mixin.py:117} INFO - [2025-08-29T10:12:12.659+0000] {dag.py:2573} INFO - Sync 2 DAGs
[2025-08-29T10:12:12.666+0000] {logging_mixin.py:117} INFO - [2025-08-29T10:12:12.666+0000] {dag.py:3328} INFO - Setting next_dagrun for example_subdag_operator.section-1 to None, run_after=None
[2025-08-29T10:12:12.666+0000] {logging_mixin.py:117} INFO - [2025-08-29T10:12:12.666+0000] {dag.py:3328} INFO - Setting next_dagrun for example_subdag_operator.section-2 to None, run_after=None
[2025-08-29T10:12:12.672+0000] {processor.py:178} INFO - Processing /home/airflow/.local/lib/python3.7/site-packages/airflow/example_dags/example_subdag_operator.py took 0.117 seconds
[2025-08-29T10:12:43.108+0000] {processor.py:156} INFO - Started process (PID=505) to work on /home/airflow/.local/lib/python3.7/site-packages/airflow/example_dags/example_subdag_operator.py
[2025-08-29T10:12:43.109+0000] {processor.py:758} INFO - Processing file /home/airflow/.local/lib/python3.7/site-packages/airflow/example_dags/example_subdag_operator.py for tasks to queue
[2025-08-29T10:12:43.109+0000] {logging_mixin.py:117} INFO - [2025-08-29T10:12:43.109+0000] {dagbag.py:525} INFO - Filling up the DagBag from /home/airflow/.local/lib/python3.7/site-packages/airflow/example_dags/example_subdag_operator.py
[2025-08-29T10:12:43.124+0000] {processor.py:768} INFO - DAG(s) dict_keys(['example_subdag_operator.section-1', 'example_subdag_operator.section-2', 'example_subdag_operator']) retrieved from /home/airflow/.local/lib/python3.7/site-packages/airflow/example_dags/example_subdag_operator.py
[2025-08-29T10:12:43.193+0000] {logging_mixin.py:117} INFO - [2025-08-29T10:12:43.193+0000] {dag.py:2573} INFO - Sync 3 DAGs
[2025-08-29T10:12:43.203+0000] {logging_mixin.py:117} INFO - [2025-08-29T10:12:43.203+0000] {dag.py:3328} INFO - Setting next_dagrun for example_subdag_operator to 2022-01-01T00:00:00+00:00, run_after=2022-01-01T00:00:00+00:00
[2025-08-29T10:12:43.205+0000] {logging_mixin.py:117} INFO - [2025-08-29T10:12:43.205+0000] {dag.py:3328} INFO - Setting next_dagrun for example_subdag_operator.section-1 to None, run_after=None
[2025-08-29T10:12:43.206+0000] {logging_mixin.py:117} INFO - [2025-08-29T10:12:43.206+0000] {dag.py:3328} INFO - Setting next_dagrun for example_subdag_operator.section-2 to None, run_after=None
[2025-08-29T10:12:43.210+0000] {logging_mixin.py:117} INFO - [2025-08-29T10:12:43.210+0000] {dag.py:2573} INFO - Sync 2 DAGs
[2025-08-29T10:12:43.214+0000] {logging_mixin.py:117} INFO - [2025-08-29T10:12:43.214+0000] {dag.py:3328} INFO - Setting next_dagrun for example_subdag_operator.section-1 to None, run_after=None
[2025-08-29T10:12:43.214+0000] {logging_mixin.py:117} INFO - [2025-08-29T10:12:43.214+0000] {dag.py:3328} INFO - Setting next_dagrun for example_subdag_operator.section-2 to None, run_after=None
[2025-08-29T10:12:43.221+0000] {processor.py:178} INFO - Processing /home/airflow/.local/lib/python3.7/site-packages/airflow/example_dags/example_subdag_operator.py took 0.115 seconds
[2025-08-29T10:13:13.544+0000] {processor.py:156} INFO - Started process (PID=570) to work on /home/airflow/.local/lib/python3.7/site-packages/airflow/example_dags/example_subdag_operator.py
[2025-08-29T10:13:13.545+0000] {processor.py:758} INFO - Processing file /home/airflow/.local/lib/python3.7/site-packages/airflow/example_dags/example_subdag_operator.py for tasks to queue
[2025-08-29T10:13:13.546+0000] {logging_mixin.py:117} INFO - [2025-08-29T10:13:13.546+0000] {dagbag.py:525} INFO - Filling up the DagBag from /home/airflow/.local/lib/python3.7/site-packages/airflow/example_dags/example_subdag_operator.py
[2025-08-29T10:13:13.563+0000] {processor.py:768} INFO - DAG(s) dict_keys(['example_subdag_operator.section-1', 'example_subdag_operator.section-2', 'example_subdag_operator']) retrieved from /home/airflow/.local/lib/python3.7/site-packages/airflow/example_dags/example_subdag_operator.py
[2025-08-29T10:13:13.626+0000] {logging_mixin.py:117} INFO - [2025-08-29T10:13:13.626+0000] {dag.py:2573} INFO - Sync 3 DAGs
[2025-08-29T10:13:13.636+0000] {logging_mixin.py:117} INFO - [2025-08-29T10:13:13.635+0000] {dag.py:3328} INFO - Setting next_dagrun for example_subdag_operator to 2022-01-01T00:00:00+00:00, run_after=2022-01-01T00:00:00+00:00
[2025-08-29T10:13:13.637+0000] {logging_mixin.py:117} INFO - [2025-08-29T10:13:13.637+0000] {dag.py:3328} INFO - Setting next_dagrun for example_subdag_operator.section-1 to None, run_after=None
[2025-08-29T10:13:13.637+0000] {logging_mixin.py:117} INFO - [2025-08-29T10:13:13.637+0000] {dag.py:3328} INFO - Setting next_dagrun for example_subdag_operator.section-2 to None, run_after=None
[2025-08-29T10:13:13.640+0000] {logging_mixin.py:117} INFO - [2025-08-29T10:13:13.640+0000] {dag.py:2573} INFO - Sync 2 DAGs
[2025-08-29T10:13:13.646+0000] {logging_mixin.py:117} INFO - [2025-08-29T10:13:13.646+0000] {dag.py:3328} INFO - Setting next_dagrun for example_subdag_operator.section-1 to None, run_after=None
[2025-08-29T10:13:13.646+0000] {logging_mixin.py:117} INFO - [2025-08-29T10:13:13.646+0000] {dag.py:3328} INFO - Setting next_dagrun for example_subdag_operator.section-2 to None, run_after=None
[2025-08-29T10:13:13.651+0000] {processor.py:178} INFO - Processing /home/airflow/.local/lib/python3.7/site-packages/airflow/example_dags/example_subdag_operator.py took 0.109 seconds
[2025-08-29T10:13:44.079+0000] {processor.py:156} INFO - Started process (PID=635) to work on /home/airflow/.local/lib/python3.7/site-packages/airflow/example_dags/example_subdag_operator.py
[2025-08-29T10:13:44.079+0000] {processor.py:758} INFO - Processing file /home/airflow/.local/lib/python3.7/site-packages/airflow/example_dags/example_subdag_operator.py for tasks to queue
[2025-08-29T10:13:44.080+0000] {logging_mixin.py:117} INFO - [2025-08-29T10:13:44.080+0000] {dagbag.py:525} INFO - Filling up the DagBag from /home/airflow/.local/lib/python3.7/site-packages/airflow/example_dags/example_subdag_operator.py
[2025-08-29T10:13:44.093+0000] {processor.py:768} INFO - DAG(s) dict_keys(['example_subdag_operator.section-1', 'example_subdag_operator.section-2', 'example_subdag_operator']) retrieved from /home/airflow/.local/lib/python3.7/site-packages/airflow/example_dags/example_subdag_operator.py
[2025-08-29T10:13:44.154+0000] {logging_mixin.py:117} INFO - [2025-08-29T10:13:44.154+0000] {dag.py:2573} INFO - Sync 3 DAGs
[2025-08-29T10:13:44.164+0000] {logging_mixin.py:117} INFO - [2025-08-29T10:13:44.164+0000] {dag.py:3328} INFO - Setting next_dagrun for example_subdag_operator to 2022-01-01T00:00:00+00:00, run_after=2022-01-01T00:00:00+00:00
[2025-08-29T10:13:44.165+0000] {logging_mixin.py:117} INFO - [2025-08-29T10:13:44.165+0000] {dag.py:3328} INFO - Setting next_dagrun for example_subdag_operator.section-1 to None, run_after=None
[2025-08-29T10:13:44.166+0000] {logging_mixin.py:117} INFO - [2025-08-29T10:13:44.166+0000] {dag.py:3328} INFO - Setting next_dagrun for example_subdag_operator.section-2 to None, run_after=None
[2025-08-29T10:13:44.170+0000] {logging_mixin.py:117} INFO - [2025-08-29T10:13:44.170+0000] {dag.py:2573} INFO - Sync 2 DAGs
[2025-08-29T10:13:44.175+0000] {logging_mixin.py:117} INFO - [2025-08-29T10:13:44.175+0000] {dag.py:3328} INFO - Setting next_dagrun for example_subdag_operator.section-1 to None, run_after=None
[2025-08-29T10:13:44.175+0000] {logging_mixin.py:117} INFO - [2025-08-29T10:13:44.175+0000] {dag.py:3328} INFO - Setting next_dagrun for example_subdag_operator.section-2 to None, run_after=None
[2025-08-29T10:13:44.181+0000] {processor.py:178} INFO - Processing /home/airflow/.local/lib/python3.7/site-packages/airflow/example_dags/example_subdag_operator.py took 0.104 seconds
[2025-08-29T10:14:14.577+0000] {processor.py:156} INFO - Started process (PID=700) to work on /home/airflow/.local/lib/python3.7/site-packages/airflow/example_dags/example_subdag_operator.py
[2025-08-29T10:14:14.578+0000] {processor.py:758} INFO - Processing file /home/airflow/.local/lib/python3.7/site-packages/airflow/example_dags/example_subdag_operator.py for tasks to queue
[2025-08-29T10:14:14.578+0000] {logging_mixin.py:117} INFO - [2025-08-29T10:14:14.578+0000] {dagbag.py:525} INFO - Filling up the DagBag from /home/airflow/.local/lib/python3.7/site-packages/airflow/example_dags/example_subdag_operator.py
[2025-08-29T10:14:14.591+0000] {processor.py:768} INFO - DAG(s) dict_keys(['example_subdag_operator.section-1', 'example_subdag_operator.section-2', 'example_subdag_operator']) retrieved from /home/airflow/.local/lib/python3.7/site-packages/airflow/example_dags/example_subdag_operator.py
[2025-08-29T10:14:14.650+0000] {logging_mixin.py:117} INFO - [2025-08-29T10:14:14.650+0000] {dag.py:2573} INFO - Sync 3 DAGs
[2025-08-29T10:14:14.660+0000] {logging_mixin.py:117} INFO - [2025-08-29T10:14:14.660+0000] {dag.py:3328} INFO - Setting next_dagrun for example_subdag_operator to 2022-01-01T00:00:00+00:00, run_after=2022-01-01T00:00:00+00:00
[2025-08-29T10:14:14.662+0000] {logging_mixin.py:117} INFO - [2025-08-29T10:14:14.662+0000] {dag.py:3328} INFO - Setting next_dagrun for example_subdag_operator.section-1 to None, run_after=None
[2025-08-29T10:14:14.663+0000] {logging_mixin.py:117} INFO - [2025-08-29T10:14:14.662+0000] {dag.py:3328} INFO - Setting next_dagrun for example_subdag_operator.section-2 to None, run_after=None
[2025-08-29T10:14:14.665+0000] {logging_mixin.py:117} INFO - [2025-08-29T10:14:14.665+0000] {dag.py:2573} INFO - Sync 2 DAGs
[2025-08-29T10:14:14.667+0000] {logging_mixin.py:117} INFO - [2025-08-29T10:14:14.667+0000] {dag.py:3328} INFO - Setting next_dagrun for example_subdag_operator.section-1 to None, run_after=None
[2025-08-29T10:14:14.667+0000] {logging_mixin.py:117} INFO - [2025-08-29T10:14:14.667+0000] {dag.py:3328} INFO - Setting next_dagrun for example_subdag_operator.section-2 to None, run_after=None
[2025-08-29T10:14:14.671+0000] {processor.py:178} INFO - Processing /home/airflow/.local/lib/python3.7/site-packages/airflow/example_dags/example_subdag_operator.py took 0.094 seconds
[2025-08-29T10:14:45.476+0000] {processor.py:156} INFO - Started process (PID=765) to work on /home/airflow/.local/lib/python3.7/site-packages/airflow/example_dags/example_subdag_operator.py
[2025-08-29T10:14:45.476+0000] {processor.py:758} INFO - Processing file /home/airflow/.local/lib/python3.7/site-packages/airflow/example_dags/example_subdag_operator.py for tasks to queue
[2025-08-29T10:14:45.476+0000] {logging_mixin.py:117} INFO - [2025-08-29T10:14:45.476+0000] {dagbag.py:525} INFO - Filling up the DagBag from /home/airflow/.local/lib/python3.7/site-packages/airflow/example_dags/example_subdag_operator.py
[2025-08-29T10:14:45.497+0000] {processor.py:768} INFO - DAG(s) dict_keys(['example_subdag_operator.section-1', 'example_subdag_operator.section-2', 'example_subdag_operator']) retrieved from /home/airflow/.local/lib/python3.7/site-packages/airflow/example_dags/example_subdag_operator.py
[2025-08-29T10:14:45.569+0000] {logging_mixin.py:117} INFO - [2025-08-29T10:14:45.569+0000] {dag.py:2573} INFO - Sync 3 DAGs
[2025-08-29T10:14:45.579+0000] {logging_mixin.py:117} INFO - [2025-08-29T10:14:45.578+0000] {dag.py:3328} INFO - Setting next_dagrun for example_subdag_operator to 2022-01-01T00:00:00+00:00, run_after=2022-01-01T00:00:00+00:00
[2025-08-29T10:14:45.583+0000] {logging_mixin.py:117} INFO - [2025-08-29T10:14:45.582+0000] {dag.py:3328} INFO - Setting next_dagrun for example_subdag_operator.section-1 to None, run_after=None
[2025-08-29T10:14:45.586+0000] {logging_mixin.py:117} INFO - [2025-08-29T10:14:45.586+0000] {dag.py:3328} INFO - Setting next_dagrun for example_subdag_operator.section-2 to None, run_after=None
[2025-08-29T10:14:45.589+0000] {logging_mixin.py:117} INFO - [2025-08-29T10:14:45.589+0000] {dag.py:2573} INFO - Sync 2 DAGs
[2025-08-29T10:14:45.591+0000] {logging_mixin.py:117} INFO - [2025-08-29T10:14:45.591+0000] {dag.py:3328} INFO - Setting next_dagrun for example_subdag_operator.section-1 to None, run_after=None
[2025-08-29T10:14:45.591+0000] {logging_mixin.py:117} INFO - [2025-08-29T10:14:45.591+0000] {dag.py:3328} INFO - Setting next_dagrun for example_subdag_operator.section-2 to None, run_after=None
[2025-08-29T10:14:45.598+0000] {processor.py:178} INFO - Processing /home/airflow/.local/lib/python3.7/site-packages/airflow/example_dags/example_subdag_operator.py took 0.124 seconds
