[2025-08-29T10:09:08.481+0000] {processor.py:156} INFO - Started process (PID=56) to work on /home/airflow/.local/lib/python3.7/site-packages/airflow/example_dags/example_external_task_marker_dag.py
[2025-08-29T10:09:08.483+0000] {processor.py:758} INFO - Processing file /home/airflow/.local/lib/python3.7/site-packages/airflow/example_dags/example_external_task_marker_dag.py for tasks to queue
[2025-08-29T10:09:08.484+0000] {logging_mixin.py:117} INFO - [2025-08-29T10:09:08.484+0000] {dagbag.py:525} INFO - Filling up the DagBag from /home/airflow/.local/lib/python3.7/site-packages/airflow/example_dags/example_external_task_marker_dag.py
[2025-08-29T10:09:08.500+0000] {processor.py:768} INFO - DAG(s) dict_keys(['example_external_task_marker_child', 'example_external_task_marker_parent']) retrieved from /home/airflow/.local/lib/python3.7/site-packages/airflow/example_dags/example_external_task_marker_dag.py
[2025-08-29T10:09:08.519+0000] {logging_mixin.py:117} INFO - [2025-08-29T10:09:08.519+0000] {dag.py:2573} INFO - Sync 2 DAGs
[2025-08-29T10:09:08.535+0000] {logging_mixin.py:117} INFO - [2025-08-29T10:09:08.535+0000] {dag.py:3328} INFO - Setting next_dagrun for example_external_task_marker_child to None, run_after=None
[2025-08-29T10:09:08.538+0000] {logging_mixin.py:117} INFO - [2025-08-29T10:09:08.538+0000] {dag.py:3328} INFO - Setting next_dagrun for example_external_task_marker_parent to None, run_after=None
[2025-08-29T10:09:08.548+0000] {processor.py:178} INFO - Processing /home/airflow/.local/lib/python3.7/site-packages/airflow/example_dags/example_external_task_marker_dag.py took 0.074 seconds
[2025-08-29T10:09:38.953+0000] {processor.py:156} INFO - Started process (PID=121) to work on /home/airflow/.local/lib/python3.7/site-packages/airflow/example_dags/example_external_task_marker_dag.py
[2025-08-29T10:09:38.954+0000] {processor.py:758} INFO - Processing file /home/airflow/.local/lib/python3.7/site-packages/airflow/example_dags/example_external_task_marker_dag.py for tasks to queue
[2025-08-29T10:09:38.954+0000] {logging_mixin.py:117} INFO - [2025-08-29T10:09:38.954+0000] {dagbag.py:525} INFO - Filling up the DagBag from /home/airflow/.local/lib/python3.7/site-packages/airflow/example_dags/example_external_task_marker_dag.py
[2025-08-29T10:09:38.961+0000] {processor.py:768} INFO - DAG(s) dict_keys(['example_external_task_marker_child', 'example_external_task_marker_parent']) retrieved from /home/airflow/.local/lib/python3.7/site-packages/airflow/example_dags/example_external_task_marker_dag.py
[2025-08-29T10:09:39.143+0000] {logging_mixin.py:117} INFO - [2025-08-29T10:09:39.143+0000] {dag.py:2573} INFO - Sync 2 DAGs
[2025-08-29T10:09:39.155+0000] {logging_mixin.py:117} INFO - [2025-08-29T10:09:39.155+0000] {dag.py:3328} INFO - Setting next_dagrun for example_external_task_marker_child to None, run_after=None
[2025-08-29T10:09:39.157+0000] {logging_mixin.py:117} INFO - [2025-08-29T10:09:39.157+0000] {dag.py:3328} INFO - Setting next_dagrun for example_external_task_marker_parent to None, run_after=None
[2025-08-29T10:09:39.166+0000] {processor.py:178} INFO - Processing /home/airflow/.local/lib/python3.7/site-packages/airflow/example_dags/example_external_task_marker_dag.py took 0.215 seconds
[2025-08-29T10:10:09.683+0000] {processor.py:156} INFO - Started process (PID=188) to work on /home/airflow/.local/lib/python3.7/site-packages/airflow/example_dags/example_external_task_marker_dag.py
[2025-08-29T10:10:09.684+0000] {processor.py:758} INFO - Processing file /home/airflow/.local/lib/python3.7/site-packages/airflow/example_dags/example_external_task_marker_dag.py for tasks to queue
[2025-08-29T10:10:09.684+0000] {logging_mixin.py:117} INFO - [2025-08-29T10:10:09.684+0000] {dagbag.py:525} INFO - Filling up the DagBag from /home/airflow/.local/lib/python3.7/site-packages/airflow/example_dags/example_external_task_marker_dag.py
[2025-08-29T10:10:09.691+0000] {processor.py:768} INFO - DAG(s) dict_keys(['example_external_task_marker_child', 'example_external_task_marker_parent']) retrieved from /home/airflow/.local/lib/python3.7/site-packages/airflow/example_dags/example_external_task_marker_dag.py
[2025-08-29T10:10:09.763+0000] {logging_mixin.py:117} INFO - [2025-08-29T10:10:09.763+0000] {dag.py:2573} INFO - Sync 2 DAGs
[2025-08-29T10:10:09.772+0000] {logging_mixin.py:117} INFO - [2025-08-29T10:10:09.772+0000] {dag.py:3328} INFO - Setting next_dagrun for example_external_task_marker_child to None, run_after=None
[2025-08-29T10:10:09.774+0000] {logging_mixin.py:117} INFO - [2025-08-29T10:10:09.774+0000] {dag.py:3328} INFO - Setting next_dagrun for example_external_task_marker_parent to None, run_after=None
[2025-08-29T10:10:09.779+0000] {processor.py:178} INFO - Processing /home/airflow/.local/lib/python3.7/site-packages/airflow/example_dags/example_external_task_marker_dag.py took 0.097 seconds
[2025-08-29T10:10:40.218+0000] {processor.py:156} INFO - Started process (PID=252) to work on /home/airflow/.local/lib/python3.7/site-packages/airflow/example_dags/example_external_task_marker_dag.py
[2025-08-29T10:10:40.218+0000] {processor.py:758} INFO - Processing file /home/airflow/.local/lib/python3.7/site-packages/airflow/example_dags/example_external_task_marker_dag.py for tasks to queue
[2025-08-29T10:10:40.219+0000] {logging_mixin.py:117} INFO - [2025-08-29T10:10:40.219+0000] {dagbag.py:525} INFO - Filling up the DagBag from /home/airflow/.local/lib/python3.7/site-packages/airflow/example_dags/example_external_task_marker_dag.py
[2025-08-29T10:10:40.225+0000] {processor.py:768} INFO - DAG(s) dict_keys(['example_external_task_marker_parent', 'example_external_task_marker_child']) retrieved from /home/airflow/.local/lib/python3.7/site-packages/airflow/example_dags/example_external_task_marker_dag.py
[2025-08-29T10:10:40.306+0000] {logging_mixin.py:117} INFO - [2025-08-29T10:10:40.306+0000] {dag.py:2573} INFO - Sync 2 DAGs
[2025-08-29T10:10:40.316+0000] {logging_mixin.py:117} INFO - [2025-08-29T10:10:40.316+0000] {dag.py:3328} INFO - Setting next_dagrun for example_external_task_marker_child to None, run_after=None
[2025-08-29T10:10:40.322+0000] {logging_mixin.py:117} INFO - [2025-08-29T10:10:40.322+0000] {dag.py:3328} INFO - Setting next_dagrun for example_external_task_marker_parent to None, run_after=None
[2025-08-29T10:10:40.335+0000] {processor.py:178} INFO - Processing /home/airflow/.local/lib/python3.7/site-packages/airflow/example_dags/example_external_task_marker_dag.py took 0.119 seconds
[2025-08-29T10:11:10.893+0000] {processor.py:156} INFO - Started process (PID=317) to work on /home/airflow/.local/lib/python3.7/site-packages/airflow/example_dags/example_external_task_marker_dag.py
[2025-08-29T10:11:10.894+0000] {processor.py:758} INFO - Processing file /home/airflow/.local/lib/python3.7/site-packages/airflow/example_dags/example_external_task_marker_dag.py for tasks to queue
[2025-08-29T10:11:10.895+0000] {logging_mixin.py:117} INFO - [2025-08-29T10:11:10.895+0000] {dagbag.py:525} INFO - Filling up the DagBag from /home/airflow/.local/lib/python3.7/site-packages/airflow/example_dags/example_external_task_marker_dag.py
[2025-08-29T10:11:10.903+0000] {processor.py:768} INFO - DAG(s) dict_keys(['example_external_task_marker_child', 'example_external_task_marker_parent']) retrieved from /home/airflow/.local/lib/python3.7/site-packages/airflow/example_dags/example_external_task_marker_dag.py
[2025-08-29T10:11:10.987+0000] {logging_mixin.py:117} INFO - [2025-08-29T10:11:10.986+0000] {dag.py:2573} INFO - Sync 2 DAGs
[2025-08-29T10:11:10.997+0000] {logging_mixin.py:117} INFO - [2025-08-29T10:11:10.997+0000] {dag.py:3328} INFO - Setting next_dagrun for example_external_task_marker_child to None, run_after=None
[2025-08-29T10:11:11.001+0000] {logging_mixin.py:117} INFO - [2025-08-29T10:11:11.001+0000] {dag.py:3328} INFO - Setting next_dagrun for example_external_task_marker_parent to None, run_after=None
[2025-08-29T10:11:11.009+0000] {processor.py:178} INFO - Processing /home/airflow/.local/lib/python3.7/site-packages/airflow/example_dags/example_external_task_marker_dag.py took 0.118 seconds
[2025-08-29T10:11:41.488+0000] {processor.py:156} INFO - Started process (PID=373) to work on /home/airflow/.local/lib/python3.7/site-packages/airflow/example_dags/example_external_task_marker_dag.py
[2025-08-29T10:11:41.489+0000] {processor.py:758} INFO - Processing file /home/airflow/.local/lib/python3.7/site-packages/airflow/example_dags/example_external_task_marker_dag.py for tasks to queue
[2025-08-29T10:11:41.490+0000] {logging_mixin.py:117} INFO - [2025-08-29T10:11:41.490+0000] {dagbag.py:525} INFO - Filling up the DagBag from /home/airflow/.local/lib/python3.7/site-packages/airflow/example_dags/example_external_task_marker_dag.py
[2025-08-29T10:11:41.497+0000] {processor.py:768} INFO - DAG(s) dict_keys(['example_external_task_marker_parent', 'example_external_task_marker_child']) retrieved from /home/airflow/.local/lib/python3.7/site-packages/airflow/example_dags/example_external_task_marker_dag.py
[2025-08-29T10:11:41.590+0000] {logging_mixin.py:117} INFO - [2025-08-29T10:11:41.590+0000] {dag.py:2573} INFO - Sync 2 DAGs
[2025-08-29T10:11:41.605+0000] {logging_mixin.py:117} INFO - [2025-08-29T10:11:41.604+0000] {dag.py:3328} INFO - Setting next_dagrun for example_external_task_marker_child to None, run_after=None
[2025-08-29T10:11:41.609+0000] {logging_mixin.py:117} INFO - [2025-08-29T10:11:41.609+0000] {dag.py:3328} INFO - Setting next_dagrun for example_external_task_marker_parent to None, run_after=None
[2025-08-29T10:11:41.618+0000] {processor.py:178} INFO - Processing /home/airflow/.local/lib/python3.7/site-packages/airflow/example_dags/example_external_task_marker_dag.py took 0.132 seconds
[2025-08-29T10:12:12.476+0000] {processor.py:156} INFO - Started process (PID=438) to work on /home/airflow/.local/lib/python3.7/site-packages/airflow/example_dags/example_external_task_marker_dag.py
[2025-08-29T10:12:12.476+0000] {processor.py:758} INFO - Processing file /home/airflow/.local/lib/python3.7/site-packages/airflow/example_dags/example_external_task_marker_dag.py for tasks to queue
[2025-08-29T10:12:12.477+0000] {logging_mixin.py:117} INFO - [2025-08-29T10:12:12.476+0000] {dagbag.py:525} INFO - Filling up the DagBag from /home/airflow/.local/lib/python3.7/site-packages/airflow/example_dags/example_external_task_marker_dag.py
[2025-08-29T10:12:12.483+0000] {processor.py:768} INFO - DAG(s) dict_keys(['example_external_task_marker_child', 'example_external_task_marker_parent']) retrieved from /home/airflow/.local/lib/python3.7/site-packages/airflow/example_dags/example_external_task_marker_dag.py
[2025-08-29T10:12:12.554+0000] {logging_mixin.py:117} INFO - [2025-08-29T10:12:12.554+0000] {dag.py:2573} INFO - Sync 2 DAGs
[2025-08-29T10:12:12.566+0000] {logging_mixin.py:117} INFO - [2025-08-29T10:12:12.566+0000] {dag.py:3328} INFO - Setting next_dagrun for example_external_task_marker_child to None, run_after=None
[2025-08-29T10:12:12.567+0000] {logging_mixin.py:117} INFO - [2025-08-29T10:12:12.567+0000] {dag.py:3328} INFO - Setting next_dagrun for example_external_task_marker_parent to None, run_after=None
[2025-08-29T10:12:12.575+0000] {processor.py:178} INFO - Processing /home/airflow/.local/lib/python3.7/site-packages/airflow/example_dags/example_external_task_marker_dag.py took 0.100 seconds
[2025-08-29T10:12:43.008+0000] {processor.py:156} INFO - Started process (PID=503) to work on /home/airflow/.local/lib/python3.7/site-packages/airflow/example_dags/example_external_task_marker_dag.py
[2025-08-29T10:12:43.009+0000] {processor.py:758} INFO - Processing file /home/airflow/.local/lib/python3.7/site-packages/airflow/example_dags/example_external_task_marker_dag.py for tasks to queue
[2025-08-29T10:12:43.009+0000] {logging_mixin.py:117} INFO - [2025-08-29T10:12:43.009+0000] {dagbag.py:525} INFO - Filling up the DagBag from /home/airflow/.local/lib/python3.7/site-packages/airflow/example_dags/example_external_task_marker_dag.py
[2025-08-29T10:12:43.018+0000] {processor.py:768} INFO - DAG(s) dict_keys(['example_external_task_marker_child', 'example_external_task_marker_parent']) retrieved from /home/airflow/.local/lib/python3.7/site-packages/airflow/example_dags/example_external_task_marker_dag.py
[2025-08-29T10:12:43.096+0000] {logging_mixin.py:117} INFO - [2025-08-29T10:12:43.096+0000] {dag.py:2573} INFO - Sync 2 DAGs
[2025-08-29T10:12:43.107+0000] {logging_mixin.py:117} INFO - [2025-08-29T10:12:43.106+0000] {dag.py:3328} INFO - Setting next_dagrun for example_external_task_marker_child to None, run_after=None
[2025-08-29T10:12:43.108+0000] {logging_mixin.py:117} INFO - [2025-08-29T10:12:43.108+0000] {dag.py:3328} INFO - Setting next_dagrun for example_external_task_marker_parent to None, run_after=None
[2025-08-29T10:12:43.114+0000] {processor.py:178} INFO - Processing /home/airflow/.local/lib/python3.7/site-packages/airflow/example_dags/example_external_task_marker_dag.py took 0.109 seconds
[2025-08-29T10:13:13.469+0000] {processor.py:156} INFO - Started process (PID=568) to work on /home/airflow/.local/lib/python3.7/site-packages/airflow/example_dags/example_external_task_marker_dag.py
[2025-08-29T10:13:13.469+0000] {processor.py:758} INFO - Processing file /home/airflow/.local/lib/python3.7/site-packages/airflow/example_dags/example_external_task_marker_dag.py for tasks to queue
[2025-08-29T10:13:13.470+0000] {logging_mixin.py:117} INFO - [2025-08-29T10:13:13.470+0000] {dagbag.py:525} INFO - Filling up the DagBag from /home/airflow/.local/lib/python3.7/site-packages/airflow/example_dags/example_external_task_marker_dag.py
[2025-08-29T10:13:13.476+0000] {processor.py:768} INFO - DAG(s) dict_keys(['example_external_task_marker_child', 'example_external_task_marker_parent']) retrieved from /home/airflow/.local/lib/python3.7/site-packages/airflow/example_dags/example_external_task_marker_dag.py
[2025-08-29T10:13:13.552+0000] {logging_mixin.py:117} INFO - [2025-08-29T10:13:13.552+0000] {dag.py:2573} INFO - Sync 2 DAGs
[2025-08-29T10:13:13.563+0000] {logging_mixin.py:117} INFO - [2025-08-29T10:13:13.563+0000] {dag.py:3328} INFO - Setting next_dagrun for example_external_task_marker_child to None, run_after=None
[2025-08-29T10:13:13.564+0000] {logging_mixin.py:117} INFO - [2025-08-29T10:13:13.564+0000] {dag.py:3328} INFO - Setting next_dagrun for example_external_task_marker_parent to None, run_after=None
[2025-08-29T10:13:13.570+0000] {processor.py:178} INFO - Processing /home/airflow/.local/lib/python3.7/site-packages/airflow/example_dags/example_external_task_marker_dag.py took 0.103 seconds
[2025-08-29T10:13:43.986+0000] {processor.py:156} INFO - Started process (PID=633) to work on /home/airflow/.local/lib/python3.7/site-packages/airflow/example_dags/example_external_task_marker_dag.py
[2025-08-29T10:13:43.987+0000] {processor.py:758} INFO - Processing file /home/airflow/.local/lib/python3.7/site-packages/airflow/example_dags/example_external_task_marker_dag.py for tasks to queue
[2025-08-29T10:13:43.987+0000] {logging_mixin.py:117} INFO - [2025-08-29T10:13:43.987+0000] {dagbag.py:525} INFO - Filling up the DagBag from /home/airflow/.local/lib/python3.7/site-packages/airflow/example_dags/example_external_task_marker_dag.py
[2025-08-29T10:13:43.994+0000] {processor.py:768} INFO - DAG(s) dict_keys(['example_external_task_marker_child', 'example_external_task_marker_parent']) retrieved from /home/airflow/.local/lib/python3.7/site-packages/airflow/example_dags/example_external_task_marker_dag.py
[2025-08-29T10:13:44.066+0000] {logging_mixin.py:117} INFO - [2025-08-29T10:13:44.066+0000] {dag.py:2573} INFO - Sync 2 DAGs
[2025-08-29T10:13:44.075+0000] {logging_mixin.py:117} INFO - [2025-08-29T10:13:44.075+0000] {dag.py:3328} INFO - Setting next_dagrun for example_external_task_marker_child to None, run_after=None
[2025-08-29T10:13:44.077+0000] {logging_mixin.py:117} INFO - [2025-08-29T10:13:44.077+0000] {dag.py:3328} INFO - Setting next_dagrun for example_external_task_marker_parent to None, run_after=None
[2025-08-29T10:13:44.082+0000] {processor.py:178} INFO - Processing /home/airflow/.local/lib/python3.7/site-packages/airflow/example_dags/example_external_task_marker_dag.py took 0.098 seconds
[2025-08-29T10:14:14.459+0000] {processor.py:156} INFO - Started process (PID=698) to work on /home/airflow/.local/lib/python3.7/site-packages/airflow/example_dags/example_external_task_marker_dag.py
[2025-08-29T10:14:14.460+0000] {processor.py:758} INFO - Processing file /home/airflow/.local/lib/python3.7/site-packages/airflow/example_dags/example_external_task_marker_dag.py for tasks to queue
[2025-08-29T10:14:14.461+0000] {logging_mixin.py:117} INFO - [2025-08-29T10:14:14.461+0000] {dagbag.py:525} INFO - Filling up the DagBag from /home/airflow/.local/lib/python3.7/site-packages/airflow/example_dags/example_external_task_marker_dag.py
[2025-08-29T10:14:14.467+0000] {processor.py:768} INFO - DAG(s) dict_keys(['example_external_task_marker_child', 'example_external_task_marker_parent']) retrieved from /home/airflow/.local/lib/python3.7/site-packages/airflow/example_dags/example_external_task_marker_dag.py
[2025-08-29T10:14:14.547+0000] {logging_mixin.py:117} INFO - [2025-08-29T10:14:14.547+0000] {dag.py:2573} INFO - Sync 2 DAGs
[2025-08-29T10:14:14.558+0000] {logging_mixin.py:117} INFO - [2025-08-29T10:14:14.558+0000] {dag.py:3328} INFO - Setting next_dagrun for example_external_task_marker_child to None, run_after=None
[2025-08-29T10:14:14.561+0000] {logging_mixin.py:117} INFO - [2025-08-29T10:14:14.561+0000] {dag.py:3328} INFO - Setting next_dagrun for example_external_task_marker_parent to None, run_after=None
[2025-08-29T10:14:14.569+0000] {processor.py:178} INFO - Processing /home/airflow/.local/lib/python3.7/site-packages/airflow/example_dags/example_external_task_marker_dag.py took 0.111 seconds
[2025-08-29T10:14:45.397+0000] {processor.py:156} INFO - Started process (PID=763) to work on /home/airflow/.local/lib/python3.7/site-packages/airflow/example_dags/example_external_task_marker_dag.py
[2025-08-29T10:14:45.397+0000] {processor.py:758} INFO - Processing file /home/airflow/.local/lib/python3.7/site-packages/airflow/example_dags/example_external_task_marker_dag.py for tasks to queue
[2025-08-29T10:14:45.397+0000] {logging_mixin.py:117} INFO - [2025-08-29T10:14:45.397+0000] {dagbag.py:525} INFO - Filling up the DagBag from /home/airflow/.local/lib/python3.7/site-packages/airflow/example_dags/example_external_task_marker_dag.py
[2025-08-29T10:14:45.406+0000] {processor.py:768} INFO - DAG(s) dict_keys(['example_external_task_marker_parent', 'example_external_task_marker_child']) retrieved from /home/airflow/.local/lib/python3.7/site-packages/airflow/example_dags/example_external_task_marker_dag.py
[2025-08-29T10:14:45.499+0000] {logging_mixin.py:117} INFO - [2025-08-29T10:14:45.496+0000] {dag.py:2573} INFO - Sync 2 DAGs
[2025-08-29T10:14:45.512+0000] {logging_mixin.py:117} INFO - [2025-08-29T10:14:45.512+0000] {dag.py:3328} INFO - Setting next_dagrun for example_external_task_marker_child to None, run_after=None
[2025-08-29T10:14:45.519+0000] {logging_mixin.py:117} INFO - [2025-08-29T10:14:45.519+0000] {dag.py:3328} INFO - Setting next_dagrun for example_external_task_marker_parent to None, run_after=None
[2025-08-29T10:14:45.532+0000] {processor.py:178} INFO - Processing /home/airflow/.local/lib/python3.7/site-packages/airflow/example_dags/example_external_task_marker_dag.py took 0.137 seconds
