[2025-08-29T10:09:07.547+0000] {processor.py:156} INFO - Started process (PID=44) to work on /home/airflow/.local/lib/python3.7/site-packages/airflow/example_dags/example_branch_day_of_week_operator.py
[2025-08-29T10:09:07.549+0000] {processor.py:758} INFO - Processing file /home/airflow/.local/lib/python3.7/site-packages/airflow/example_dags/example_branch_day_of_week_operator.py for tasks to queue
[2025-08-29T10:09:07.549+0000] {logging_mixin.py:117} INFO - [2025-08-29T10:09:07.549+0000] {dagbag.py:525} INFO - Filling up the DagBag from /home/airflow/.local/lib/python3.7/site-packages/airflow/example_dags/example_branch_day_of_week_operator.py
[2025-08-29T10:09:07.568+0000] {processor.py:768} INFO - DAG(s) dict_keys(['example_weekday_branch_operator']) retrieved from /home/airflow/.local/lib/python3.7/site-packages/airflow/example_dags/example_branch_day_of_week_operator.py
[2025-08-29T10:09:07.589+0000] {logging_mixin.py:117} INFO - [2025-08-29T10:09:07.588+0000] {dag.py:2573} INFO - Sync 1 DAGs
[2025-08-29T10:09:07.607+0000] {logging_mixin.py:117} INFO - [2025-08-29T10:09:07.606+0000] {dag.py:3328} INFO - Setting next_dagrun for example_weekday_branch_operator to 2025-08-28T00:00:00+00:00, run_after=2025-08-29T00:00:00+00:00
[2025-08-29T10:09:07.623+0000] {processor.py:178} INFO - Processing /home/airflow/.local/lib/python3.7/site-packages/airflow/example_dags/example_branch_day_of_week_operator.py took 0.083 seconds
[2025-08-29T10:09:38.281+0000] {processor.py:156} INFO - Started process (PID=107) to work on /home/airflow/.local/lib/python3.7/site-packages/airflow/example_dags/example_branch_day_of_week_operator.py
[2025-08-29T10:09:38.282+0000] {processor.py:758} INFO - Processing file /home/airflow/.local/lib/python3.7/site-packages/airflow/example_dags/example_branch_day_of_week_operator.py for tasks to queue
[2025-08-29T10:09:38.282+0000] {logging_mixin.py:117} INFO - [2025-08-29T10:09:38.282+0000] {dagbag.py:525} INFO - Filling up the DagBag from /home/airflow/.local/lib/python3.7/site-packages/airflow/example_dags/example_branch_day_of_week_operator.py
[2025-08-29T10:09:38.291+0000] {processor.py:768} INFO - DAG(s) dict_keys(['example_weekday_branch_operator']) retrieved from /home/airflow/.local/lib/python3.7/site-packages/airflow/example_dags/example_branch_day_of_week_operator.py
[2025-08-29T10:09:38.311+0000] {logging_mixin.py:117} INFO - [2025-08-29T10:09:38.311+0000] {dag.py:2573} INFO - Sync 1 DAGs
[2025-08-29T10:09:38.322+0000] {logging_mixin.py:117} INFO - [2025-08-29T10:09:38.322+0000] {dag.py:3328} INFO - Setting next_dagrun for example_weekday_branch_operator to 2025-08-28T00:00:00+00:00, run_after=2025-08-29T00:00:00+00:00
[2025-08-29T10:09:38.333+0000] {processor.py:178} INFO - Processing /home/airflow/.local/lib/python3.7/site-packages/airflow/example_dags/example_branch_day_of_week_operator.py took 0.053 seconds
[2025-08-29T10:10:09.250+0000] {processor.py:156} INFO - Started process (PID=175) to work on /home/airflow/.local/lib/python3.7/site-packages/airflow/example_dags/example_branch_day_of_week_operator.py
[2025-08-29T10:10:09.254+0000] {processor.py:758} INFO - Processing file /home/airflow/.local/lib/python3.7/site-packages/airflow/example_dags/example_branch_day_of_week_operator.py for tasks to queue
[2025-08-29T10:10:09.255+0000] {logging_mixin.py:117} INFO - [2025-08-29T10:10:09.254+0000] {dagbag.py:525} INFO - Filling up the DagBag from /home/airflow/.local/lib/python3.7/site-packages/airflow/example_dags/example_branch_day_of_week_operator.py
[2025-08-29T10:10:09.262+0000] {processor.py:768} INFO - DAG(s) dict_keys(['example_weekday_branch_operator']) retrieved from /home/airflow/.local/lib/python3.7/site-packages/airflow/example_dags/example_branch_day_of_week_operator.py
[2025-08-29T10:10:09.282+0000] {logging_mixin.py:117} INFO - [2025-08-29T10:10:09.282+0000] {dag.py:2573} INFO - Sync 1 DAGs
[2025-08-29T10:10:09.293+0000] {logging_mixin.py:117} INFO - [2025-08-29T10:10:09.293+0000] {dag.py:3328} INFO - Setting next_dagrun for example_weekday_branch_operator to 2025-08-28T00:00:00+00:00, run_after=2025-08-29T00:00:00+00:00
[2025-08-29T10:10:09.307+0000] {processor.py:178} INFO - Processing /home/airflow/.local/lib/python3.7/site-packages/airflow/example_dags/example_branch_day_of_week_operator.py took 0.058 seconds
[2025-08-29T10:10:39.852+0000] {processor.py:156} INFO - Started process (PID=240) to work on /home/airflow/.local/lib/python3.7/site-packages/airflow/example_dags/example_branch_day_of_week_operator.py
[2025-08-29T10:10:39.852+0000] {processor.py:758} INFO - Processing file /home/airflow/.local/lib/python3.7/site-packages/airflow/example_dags/example_branch_day_of_week_operator.py for tasks to queue
[2025-08-29T10:10:39.852+0000] {logging_mixin.py:117} INFO - [2025-08-29T10:10:39.852+0000] {dagbag.py:525} INFO - Filling up the DagBag from /home/airflow/.local/lib/python3.7/site-packages/airflow/example_dags/example_branch_day_of_week_operator.py
[2025-08-29T10:10:39.859+0000] {processor.py:768} INFO - DAG(s) dict_keys(['example_weekday_branch_operator']) retrieved from /home/airflow/.local/lib/python3.7/site-packages/airflow/example_dags/example_branch_day_of_week_operator.py
[2025-08-29T10:10:39.875+0000] {logging_mixin.py:117} INFO - [2025-08-29T10:10:39.875+0000] {dag.py:2573} INFO - Sync 1 DAGs
[2025-08-29T10:10:39.886+0000] {logging_mixin.py:117} INFO - [2025-08-29T10:10:39.886+0000] {dag.py:3328} INFO - Setting next_dagrun for example_weekday_branch_operator to 2025-08-28T00:00:00+00:00, run_after=2025-08-29T00:00:00+00:00
[2025-08-29T10:10:39.900+0000] {processor.py:178} INFO - Processing /home/airflow/.local/lib/python3.7/site-packages/airflow/example_dags/example_branch_day_of_week_operator.py took 0.050 seconds
[2025-08-29T10:11:10.463+0000] {processor.py:156} INFO - Started process (PID=305) to work on /home/airflow/.local/lib/python3.7/site-packages/airflow/example_dags/example_branch_day_of_week_operator.py
[2025-08-29T10:11:10.463+0000] {processor.py:758} INFO - Processing file /home/airflow/.local/lib/python3.7/site-packages/airflow/example_dags/example_branch_day_of_week_operator.py for tasks to queue
[2025-08-29T10:11:10.464+0000] {logging_mixin.py:117} INFO - [2025-08-29T10:11:10.463+0000] {dagbag.py:525} INFO - Filling up the DagBag from /home/airflow/.local/lib/python3.7/site-packages/airflow/example_dags/example_branch_day_of_week_operator.py
[2025-08-29T10:11:10.472+0000] {processor.py:768} INFO - DAG(s) dict_keys(['example_weekday_branch_operator']) retrieved from /home/airflow/.local/lib/python3.7/site-packages/airflow/example_dags/example_branch_day_of_week_operator.py
[2025-08-29T10:11:10.492+0000] {logging_mixin.py:117} INFO - [2025-08-29T10:11:10.492+0000] {dag.py:2573} INFO - Sync 1 DAGs
[2025-08-29T10:11:10.503+0000] {logging_mixin.py:117} INFO - [2025-08-29T10:11:10.503+0000] {dag.py:3328} INFO - Setting next_dagrun for example_weekday_branch_operator to 2025-08-28T00:00:00+00:00, run_after=2025-08-29T00:00:00+00:00
[2025-08-29T10:11:10.513+0000] {processor.py:178} INFO - Processing /home/airflow/.local/lib/python3.7/site-packages/airflow/example_dags/example_branch_day_of_week_operator.py took 0.052 seconds
[2025-08-29T10:11:41.058+0000] {processor.py:156} INFO - Started process (PID=361) to work on /home/airflow/.local/lib/python3.7/site-packages/airflow/example_dags/example_branch_day_of_week_operator.py
[2025-08-29T10:11:41.059+0000] {processor.py:758} INFO - Processing file /home/airflow/.local/lib/python3.7/site-packages/airflow/example_dags/example_branch_day_of_week_operator.py for tasks to queue
[2025-08-29T10:11:41.059+0000] {logging_mixin.py:117} INFO - [2025-08-29T10:11:41.059+0000] {dagbag.py:525} INFO - Filling up the DagBag from /home/airflow/.local/lib/python3.7/site-packages/airflow/example_dags/example_branch_day_of_week_operator.py
[2025-08-29T10:11:41.068+0000] {processor.py:768} INFO - DAG(s) dict_keys(['example_weekday_branch_operator']) retrieved from /home/airflow/.local/lib/python3.7/site-packages/airflow/example_dags/example_branch_day_of_week_operator.py
[2025-08-29T10:11:41.089+0000] {logging_mixin.py:117} INFO - [2025-08-29T10:11:41.089+0000] {dag.py:2573} INFO - Sync 1 DAGs
[2025-08-29T10:11:41.101+0000] {logging_mixin.py:117} INFO - [2025-08-29T10:11:41.101+0000] {dag.py:3328} INFO - Setting next_dagrun for example_weekday_branch_operator to 2025-08-28T00:00:00+00:00, run_after=2025-08-29T00:00:00+00:00
[2025-08-29T10:11:41.112+0000] {processor.py:178} INFO - Processing /home/airflow/.local/lib/python3.7/site-packages/airflow/example_dags/example_branch_day_of_week_operator.py took 0.055 seconds
[2025-08-29T10:12:12.086+0000] {processor.py:156} INFO - Started process (PID=426) to work on /home/airflow/.local/lib/python3.7/site-packages/airflow/example_dags/example_branch_day_of_week_operator.py
[2025-08-29T10:12:12.087+0000] {processor.py:758} INFO - Processing file /home/airflow/.local/lib/python3.7/site-packages/airflow/example_dags/example_branch_day_of_week_operator.py for tasks to queue
[2025-08-29T10:12:12.087+0000] {logging_mixin.py:117} INFO - [2025-08-29T10:12:12.087+0000] {dagbag.py:525} INFO - Filling up the DagBag from /home/airflow/.local/lib/python3.7/site-packages/airflow/example_dags/example_branch_day_of_week_operator.py
[2025-08-29T10:12:12.106+0000] {processor.py:768} INFO - DAG(s) dict_keys(['example_weekday_branch_operator']) retrieved from /home/airflow/.local/lib/python3.7/site-packages/airflow/example_dags/example_branch_day_of_week_operator.py
[2025-08-29T10:12:12.137+0000] {logging_mixin.py:117} INFO - [2025-08-29T10:12:12.137+0000] {dag.py:2573} INFO - Sync 1 DAGs
[2025-08-29T10:12:12.148+0000] {logging_mixin.py:117} INFO - [2025-08-29T10:12:12.148+0000] {dag.py:3328} INFO - Setting next_dagrun for example_weekday_branch_operator to 2025-08-28T00:00:00+00:00, run_after=2025-08-29T00:00:00+00:00
[2025-08-29T10:12:12.157+0000] {processor.py:178} INFO - Processing /home/airflow/.local/lib/python3.7/site-packages/airflow/example_dags/example_branch_day_of_week_operator.py took 0.074 seconds
[2025-08-29T10:12:42.651+0000] {processor.py:156} INFO - Started process (PID=491) to work on /home/airflow/.local/lib/python3.7/site-packages/airflow/example_dags/example_branch_day_of_week_operator.py
[2025-08-29T10:12:42.651+0000] {processor.py:758} INFO - Processing file /home/airflow/.local/lib/python3.7/site-packages/airflow/example_dags/example_branch_day_of_week_operator.py for tasks to queue
[2025-08-29T10:12:42.651+0000] {logging_mixin.py:117} INFO - [2025-08-29T10:12:42.651+0000] {dagbag.py:525} INFO - Filling up the DagBag from /home/airflow/.local/lib/python3.7/site-packages/airflow/example_dags/example_branch_day_of_week_operator.py
[2025-08-29T10:12:42.657+0000] {processor.py:768} INFO - DAG(s) dict_keys(['example_weekday_branch_operator']) retrieved from /home/airflow/.local/lib/python3.7/site-packages/airflow/example_dags/example_branch_day_of_week_operator.py
[2025-08-29T10:12:42.675+0000] {logging_mixin.py:117} INFO - [2025-08-29T10:12:42.675+0000] {dag.py:2573} INFO - Sync 1 DAGs
[2025-08-29T10:12:42.686+0000] {logging_mixin.py:117} INFO - [2025-08-29T10:12:42.686+0000] {dag.py:3328} INFO - Setting next_dagrun for example_weekday_branch_operator to 2025-08-28T00:00:00+00:00, run_after=2025-08-29T00:00:00+00:00
[2025-08-29T10:12:42.697+0000] {processor.py:178} INFO - Processing /home/airflow/.local/lib/python3.7/site-packages/airflow/example_dags/example_branch_day_of_week_operator.py took 0.048 seconds
[2025-08-29T10:13:13.114+0000] {processor.py:156} INFO - Started process (PID=556) to work on /home/airflow/.local/lib/python3.7/site-packages/airflow/example_dags/example_branch_day_of_week_operator.py
[2025-08-29T10:13:13.116+0000] {processor.py:758} INFO - Processing file /home/airflow/.local/lib/python3.7/site-packages/airflow/example_dags/example_branch_day_of_week_operator.py for tasks to queue
[2025-08-29T10:13:13.117+0000] {logging_mixin.py:117} INFO - [2025-08-29T10:13:13.117+0000] {dagbag.py:525} INFO - Filling up the DagBag from /home/airflow/.local/lib/python3.7/site-packages/airflow/example_dags/example_branch_day_of_week_operator.py
[2025-08-29T10:13:13.124+0000] {processor.py:768} INFO - DAG(s) dict_keys(['example_weekday_branch_operator']) retrieved from /home/airflow/.local/lib/python3.7/site-packages/airflow/example_dags/example_branch_day_of_week_operator.py
[2025-08-29T10:13:13.140+0000] {logging_mixin.py:117} INFO - [2025-08-29T10:13:13.140+0000] {dag.py:2573} INFO - Sync 1 DAGs
[2025-08-29T10:13:13.151+0000] {logging_mixin.py:117} INFO - [2025-08-29T10:13:13.151+0000] {dag.py:3328} INFO - Setting next_dagrun for example_weekday_branch_operator to 2025-08-28T00:00:00+00:00, run_after=2025-08-29T00:00:00+00:00
[2025-08-29T10:13:13.161+0000] {processor.py:178} INFO - Processing /home/airflow/.local/lib/python3.7/site-packages/airflow/example_dags/example_branch_day_of_week_operator.py took 0.049 seconds
[2025-08-29T10:13:43.638+0000] {processor.py:156} INFO - Started process (PID=621) to work on /home/airflow/.local/lib/python3.7/site-packages/airflow/example_dags/example_branch_day_of_week_operator.py
[2025-08-29T10:13:43.639+0000] {processor.py:758} INFO - Processing file /home/airflow/.local/lib/python3.7/site-packages/airflow/example_dags/example_branch_day_of_week_operator.py for tasks to queue
[2025-08-29T10:13:43.639+0000] {logging_mixin.py:117} INFO - [2025-08-29T10:13:43.639+0000] {dagbag.py:525} INFO - Filling up the DagBag from /home/airflow/.local/lib/python3.7/site-packages/airflow/example_dags/example_branch_day_of_week_operator.py
[2025-08-29T10:13:43.647+0000] {processor.py:768} INFO - DAG(s) dict_keys(['example_weekday_branch_operator']) retrieved from /home/airflow/.local/lib/python3.7/site-packages/airflow/example_dags/example_branch_day_of_week_operator.py
[2025-08-29T10:13:43.663+0000] {logging_mixin.py:117} INFO - [2025-08-29T10:13:43.663+0000] {dag.py:2573} INFO - Sync 1 DAGs
[2025-08-29T10:13:43.673+0000] {logging_mixin.py:117} INFO - [2025-08-29T10:13:43.673+0000] {dag.py:3328} INFO - Setting next_dagrun for example_weekday_branch_operator to 2025-08-28T00:00:00+00:00, run_after=2025-08-29T00:00:00+00:00
[2025-08-29T10:13:43.682+0000] {processor.py:178} INFO - Processing /home/airflow/.local/lib/python3.7/site-packages/airflow/example_dags/example_branch_day_of_week_operator.py took 0.046 seconds
[2025-08-29T10:14:14.114+0000] {processor.py:156} INFO - Started process (PID=686) to work on /home/airflow/.local/lib/python3.7/site-packages/airflow/example_dags/example_branch_day_of_week_operator.py
[2025-08-29T10:14:14.115+0000] {processor.py:758} INFO - Processing file /home/airflow/.local/lib/python3.7/site-packages/airflow/example_dags/example_branch_day_of_week_operator.py for tasks to queue
[2025-08-29T10:14:14.115+0000] {logging_mixin.py:117} INFO - [2025-08-29T10:14:14.115+0000] {dagbag.py:525} INFO - Filling up the DagBag from /home/airflow/.local/lib/python3.7/site-packages/airflow/example_dags/example_branch_day_of_week_operator.py
[2025-08-29T10:14:14.124+0000] {processor.py:768} INFO - DAG(s) dict_keys(['example_weekday_branch_operator']) retrieved from /home/airflow/.local/lib/python3.7/site-packages/airflow/example_dags/example_branch_day_of_week_operator.py
[2025-08-29T10:14:14.143+0000] {logging_mixin.py:117} INFO - [2025-08-29T10:14:14.142+0000] {dag.py:2573} INFO - Sync 1 DAGs
[2025-08-29T10:14:14.156+0000] {logging_mixin.py:117} INFO - [2025-08-29T10:14:14.156+0000] {dag.py:3328} INFO - Setting next_dagrun for example_weekday_branch_operator to 2025-08-28T00:00:00+00:00, run_after=2025-08-29T00:00:00+00:00
[2025-08-29T10:14:14.168+0000] {processor.py:178} INFO - Processing /home/airflow/.local/lib/python3.7/site-packages/airflow/example_dags/example_branch_day_of_week_operator.py took 0.056 seconds
[2025-08-29T10:14:44.741+0000] {processor.py:156} INFO - Started process (PID=751) to work on /home/airflow/.local/lib/python3.7/site-packages/airflow/example_dags/example_branch_day_of_week_operator.py
[2025-08-29T10:14:44.741+0000] {processor.py:758} INFO - Processing file /home/airflow/.local/lib/python3.7/site-packages/airflow/example_dags/example_branch_day_of_week_operator.py for tasks to queue
[2025-08-29T10:14:44.744+0000] {logging_mixin.py:117} INFO - [2025-08-29T10:14:44.744+0000] {dagbag.py:525} INFO - Filling up the DagBag from /home/airflow/.local/lib/python3.7/site-packages/airflow/example_dags/example_branch_day_of_week_operator.py
[2025-08-29T10:14:44.752+0000] {processor.py:768} INFO - DAG(s) dict_keys(['example_weekday_branch_operator']) retrieved from /home/airflow/.local/lib/python3.7/site-packages/airflow/example_dags/example_branch_day_of_week_operator.py
[2025-08-29T10:14:44.780+0000] {logging_mixin.py:117} INFO - [2025-08-29T10:14:44.780+0000] {dag.py:2573} INFO - Sync 1 DAGs
[2025-08-29T10:14:44.793+0000] {logging_mixin.py:117} INFO - [2025-08-29T10:14:44.793+0000] {dag.py:3328} INFO - Setting next_dagrun for example_weekday_branch_operator to 2025-08-28T00:00:00+00:00, run_after=2025-08-29T00:00:00+00:00
[2025-08-29T10:14:44.805+0000] {processor.py:178} INFO - Processing /home/airflow/.local/lib/python3.7/site-packages/airflow/example_dags/example_branch_day_of_week_operator.py took 0.066 seconds
