[2025-08-29T10:09:08.785+0000] {processor.py:156} INFO - Started process (PID=62) to work on /home/airflow/.local/lib/python3.7/site-packages/airflow/example_dags/example_local_kubernetes_executor.py
[2025-08-29T10:09:08.787+0000] {processor.py:758} INFO - Processing file /home/airflow/.local/lib/python3.7/site-packages/airflow/example_dags/example_local_kubernetes_executor.py for tasks to queue
[2025-08-29T10:09:08.788+0000] {logging_mixin.py:117} INFO - [2025-08-29T10:09:08.788+0000] {dagbag.py:525} INFO - Filling up the DagBag from /home/airflow/.local/lib/python3.7/site-packages/airflow/example_dags/example_local_kubernetes_executor.py
[2025-08-29T10:09:08.806+0000] {processor.py:768} INFO - DAG(s) dict_keys(['example_local_kubernetes_executor']) retrieved from /home/airflow/.local/lib/python3.7/site-packages/airflow/example_dags/example_local_kubernetes_executor.py
[2025-08-29T10:09:08.842+0000] {logging_mixin.py:117} INFO - [2025-08-29T10:09:08.841+0000] {dag.py:2573} INFO - Sync 1 DAGs
[2025-08-29T10:09:08.865+0000] {logging_mixin.py:117} INFO - [2025-08-29T10:09:08.865+0000] {dag.py:3328} INFO - Setting next_dagrun for example_local_kubernetes_executor to None, run_after=None
[2025-08-29T10:09:08.876+0000] {processor.py:178} INFO - Processing /home/airflow/.local/lib/python3.7/site-packages/airflow/example_dags/example_local_kubernetes_executor.py took 0.093 seconds
[2025-08-29T10:09:39.249+0000] {processor.py:156} INFO - Started process (PID=127) to work on /home/airflow/.local/lib/python3.7/site-packages/airflow/example_dags/example_local_kubernetes_executor.py
[2025-08-29T10:09:39.250+0000] {processor.py:758} INFO - Processing file /home/airflow/.local/lib/python3.7/site-packages/airflow/example_dags/example_local_kubernetes_executor.py for tasks to queue
[2025-08-29T10:09:39.252+0000] {logging_mixin.py:117} INFO - [2025-08-29T10:09:39.252+0000] {dagbag.py:525} INFO - Filling up the DagBag from /home/airflow/.local/lib/python3.7/site-packages/airflow/example_dags/example_local_kubernetes_executor.py
[2025-08-29T10:09:39.266+0000] {processor.py:768} INFO - DAG(s) dict_keys(['example_local_kubernetes_executor']) retrieved from /home/airflow/.local/lib/python3.7/site-packages/airflow/example_dags/example_local_kubernetes_executor.py
[2025-08-29T10:09:39.288+0000] {logging_mixin.py:117} INFO - [2025-08-29T10:09:39.288+0000] {dag.py:2573} INFO - Sync 1 DAGs
[2025-08-29T10:09:39.297+0000] {logging_mixin.py:117} INFO - [2025-08-29T10:09:39.297+0000] {dag.py:3328} INFO - Setting next_dagrun for example_local_kubernetes_executor to None, run_after=None
[2025-08-29T10:09:39.307+0000] {processor.py:178} INFO - Processing /home/airflow/.local/lib/python3.7/site-packages/airflow/example_dags/example_local_kubernetes_executor.py took 0.059 seconds
[2025-08-29T10:10:09.885+0000] {processor.py:156} INFO - Started process (PID=193) to work on /home/airflow/.local/lib/python3.7/site-packages/airflow/example_dags/example_local_kubernetes_executor.py
[2025-08-29T10:10:09.886+0000] {processor.py:758} INFO - Processing file /home/airflow/.local/lib/python3.7/site-packages/airflow/example_dags/example_local_kubernetes_executor.py for tasks to queue
[2025-08-29T10:10:09.887+0000] {logging_mixin.py:117} INFO - [2025-08-29T10:10:09.887+0000] {dagbag.py:525} INFO - Filling up the DagBag from /home/airflow/.local/lib/python3.7/site-packages/airflow/example_dags/example_local_kubernetes_executor.py
[2025-08-29T10:10:09.898+0000] {processor.py:768} INFO - DAG(s) dict_keys(['example_local_kubernetes_executor']) retrieved from /home/airflow/.local/lib/python3.7/site-packages/airflow/example_dags/example_local_kubernetes_executor.py
[2025-08-29T10:10:09.915+0000] {logging_mixin.py:117} INFO - [2025-08-29T10:10:09.915+0000] {dag.py:2573} INFO - Sync 1 DAGs
[2025-08-29T10:10:09.926+0000] {logging_mixin.py:117} INFO - [2025-08-29T10:10:09.926+0000] {dag.py:3328} INFO - Setting next_dagrun for example_local_kubernetes_executor to None, run_after=None
[2025-08-29T10:10:09.937+0000] {processor.py:178} INFO - Processing /home/airflow/.local/lib/python3.7/site-packages/airflow/example_dags/example_local_kubernetes_executor.py took 0.054 seconds
[2025-08-29T10:10:40.471+0000] {processor.py:156} INFO - Started process (PID=258) to work on /home/airflow/.local/lib/python3.7/site-packages/airflow/example_dags/example_local_kubernetes_executor.py
[2025-08-29T10:10:40.471+0000] {processor.py:758} INFO - Processing file /home/airflow/.local/lib/python3.7/site-packages/airflow/example_dags/example_local_kubernetes_executor.py for tasks to queue
[2025-08-29T10:10:40.472+0000] {logging_mixin.py:117} INFO - [2025-08-29T10:10:40.472+0000] {dagbag.py:525} INFO - Filling up the DagBag from /home/airflow/.local/lib/python3.7/site-packages/airflow/example_dags/example_local_kubernetes_executor.py
[2025-08-29T10:10:40.484+0000] {processor.py:768} INFO - DAG(s) dict_keys(['example_local_kubernetes_executor']) retrieved from /home/airflow/.local/lib/python3.7/site-packages/airflow/example_dags/example_local_kubernetes_executor.py
[2025-08-29T10:10:40.506+0000] {logging_mixin.py:117} INFO - [2025-08-29T10:10:40.506+0000] {dag.py:2573} INFO - Sync 1 DAGs
[2025-08-29T10:10:40.518+0000] {logging_mixin.py:117} INFO - [2025-08-29T10:10:40.517+0000] {dag.py:3328} INFO - Setting next_dagrun for example_local_kubernetes_executor to None, run_after=None
[2025-08-29T10:10:40.526+0000] {processor.py:178} INFO - Processing /home/airflow/.local/lib/python3.7/site-packages/airflow/example_dags/example_local_kubernetes_executor.py took 0.057 seconds
[2025-08-29T10:11:11.135+0000] {processor.py:156} INFO - Started process (PID=323) to work on /home/airflow/.local/lib/python3.7/site-packages/airflow/example_dags/example_local_kubernetes_executor.py
[2025-08-29T10:11:11.136+0000] {processor.py:758} INFO - Processing file /home/airflow/.local/lib/python3.7/site-packages/airflow/example_dags/example_local_kubernetes_executor.py for tasks to queue
[2025-08-29T10:11:11.137+0000] {logging_mixin.py:117} INFO - [2025-08-29T10:11:11.137+0000] {dagbag.py:525} INFO - Filling up the DagBag from /home/airflow/.local/lib/python3.7/site-packages/airflow/example_dags/example_local_kubernetes_executor.py
[2025-08-29T10:11:11.147+0000] {processor.py:768} INFO - DAG(s) dict_keys(['example_local_kubernetes_executor']) retrieved from /home/airflow/.local/lib/python3.7/site-packages/airflow/example_dags/example_local_kubernetes_executor.py
[2025-08-29T10:11:11.164+0000] {logging_mixin.py:117} INFO - [2025-08-29T10:11:11.164+0000] {dag.py:2573} INFO - Sync 1 DAGs
[2025-08-29T10:11:11.174+0000] {logging_mixin.py:117} INFO - [2025-08-29T10:11:11.174+0000] {dag.py:3328} INFO - Setting next_dagrun for example_local_kubernetes_executor to None, run_after=None
[2025-08-29T10:11:11.182+0000] {processor.py:178} INFO - Processing /home/airflow/.local/lib/python3.7/site-packages/airflow/example_dags/example_local_kubernetes_executor.py took 0.049 seconds
[2025-08-29T10:11:41.832+0000] {processor.py:156} INFO - Started process (PID=388) to work on /home/airflow/.local/lib/python3.7/site-packages/airflow/example_dags/example_local_kubernetes_executor.py
[2025-08-29T10:11:41.836+0000] {processor.py:758} INFO - Processing file /home/airflow/.local/lib/python3.7/site-packages/airflow/example_dags/example_local_kubernetes_executor.py for tasks to queue
[2025-08-29T10:11:41.837+0000] {logging_mixin.py:117} INFO - [2025-08-29T10:11:41.837+0000] {dagbag.py:525} INFO - Filling up the DagBag from /home/airflow/.local/lib/python3.7/site-packages/airflow/example_dags/example_local_kubernetes_executor.py
[2025-08-29T10:11:41.869+0000] {processor.py:768} INFO - DAG(s) dict_keys(['example_local_kubernetes_executor']) retrieved from /home/airflow/.local/lib/python3.7/site-packages/airflow/example_dags/example_local_kubernetes_executor.py
[2025-08-29T10:11:41.900+0000] {logging_mixin.py:117} INFO - [2025-08-29T10:11:41.899+0000] {dag.py:2573} INFO - Sync 1 DAGs
[2025-08-29T10:11:41.922+0000] {logging_mixin.py:117} INFO - [2025-08-29T10:11:41.922+0000] {dag.py:3328} INFO - Setting next_dagrun for example_local_kubernetes_executor to None, run_after=None
[2025-08-29T10:11:41.938+0000] {processor.py:178} INFO - Processing /home/airflow/.local/lib/python3.7/site-packages/airflow/example_dags/example_local_kubernetes_executor.py took 0.112 seconds
[2025-08-29T10:12:12.711+0000] {processor.py:156} INFO - Started process (PID=444) to work on /home/airflow/.local/lib/python3.7/site-packages/airflow/example_dags/example_local_kubernetes_executor.py
[2025-08-29T10:12:12.712+0000] {processor.py:758} INFO - Processing file /home/airflow/.local/lib/python3.7/site-packages/airflow/example_dags/example_local_kubernetes_executor.py for tasks to queue
[2025-08-29T10:12:12.713+0000] {logging_mixin.py:117} INFO - [2025-08-29T10:12:12.713+0000] {dagbag.py:525} INFO - Filling up the DagBag from /home/airflow/.local/lib/python3.7/site-packages/airflow/example_dags/example_local_kubernetes_executor.py
[2025-08-29T10:12:12.723+0000] {processor.py:768} INFO - DAG(s) dict_keys(['example_local_kubernetes_executor']) retrieved from /home/airflow/.local/lib/python3.7/site-packages/airflow/example_dags/example_local_kubernetes_executor.py
[2025-08-29T10:12:12.739+0000] {logging_mixin.py:117} INFO - [2025-08-29T10:12:12.739+0000] {dag.py:2573} INFO - Sync 1 DAGs
[2025-08-29T10:12:12.751+0000] {logging_mixin.py:117} INFO - [2025-08-29T10:12:12.751+0000] {dag.py:3328} INFO - Setting next_dagrun for example_local_kubernetes_executor to None, run_after=None
[2025-08-29T10:12:12.757+0000] {processor.py:178} INFO - Processing /home/airflow/.local/lib/python3.7/site-packages/airflow/example_dags/example_local_kubernetes_executor.py took 0.048 seconds
[2025-08-29T10:12:43.237+0000] {processor.py:156} INFO - Started process (PID=509) to work on /home/airflow/.local/lib/python3.7/site-packages/airflow/example_dags/example_local_kubernetes_executor.py
[2025-08-29T10:12:43.238+0000] {processor.py:758} INFO - Processing file /home/airflow/.local/lib/python3.7/site-packages/airflow/example_dags/example_local_kubernetes_executor.py for tasks to queue
[2025-08-29T10:12:43.239+0000] {logging_mixin.py:117} INFO - [2025-08-29T10:12:43.239+0000] {dagbag.py:525} INFO - Filling up the DagBag from /home/airflow/.local/lib/python3.7/site-packages/airflow/example_dags/example_local_kubernetes_executor.py
[2025-08-29T10:12:43.249+0000] {processor.py:768} INFO - DAG(s) dict_keys(['example_local_kubernetes_executor']) retrieved from /home/airflow/.local/lib/python3.7/site-packages/airflow/example_dags/example_local_kubernetes_executor.py
[2025-08-29T10:12:43.278+0000] {logging_mixin.py:117} INFO - [2025-08-29T10:12:43.278+0000] {dag.py:2573} INFO - Sync 1 DAGs
[2025-08-29T10:12:43.288+0000] {logging_mixin.py:117} INFO - [2025-08-29T10:12:43.288+0000] {dag.py:3328} INFO - Setting next_dagrun for example_local_kubernetes_executor to None, run_after=None
[2025-08-29T10:12:43.296+0000] {processor.py:178} INFO - Processing /home/airflow/.local/lib/python3.7/site-packages/airflow/example_dags/example_local_kubernetes_executor.py took 0.060 seconds
[2025-08-29T10:13:13.701+0000] {processor.py:156} INFO - Started process (PID=574) to work on /home/airflow/.local/lib/python3.7/site-packages/airflow/example_dags/example_local_kubernetes_executor.py
[2025-08-29T10:13:13.702+0000] {processor.py:758} INFO - Processing file /home/airflow/.local/lib/python3.7/site-packages/airflow/example_dags/example_local_kubernetes_executor.py for tasks to queue
[2025-08-29T10:13:13.703+0000] {logging_mixin.py:117} INFO - [2025-08-29T10:13:13.703+0000] {dagbag.py:525} INFO - Filling up the DagBag from /home/airflow/.local/lib/python3.7/site-packages/airflow/example_dags/example_local_kubernetes_executor.py
[2025-08-29T10:13:13.713+0000] {processor.py:768} INFO - DAG(s) dict_keys(['example_local_kubernetes_executor']) retrieved from /home/airflow/.local/lib/python3.7/site-packages/airflow/example_dags/example_local_kubernetes_executor.py
[2025-08-29T10:13:13.730+0000] {logging_mixin.py:117} INFO - [2025-08-29T10:13:13.730+0000] {dag.py:2573} INFO - Sync 1 DAGs
[2025-08-29T10:13:13.741+0000] {logging_mixin.py:117} INFO - [2025-08-29T10:13:13.741+0000] {dag.py:3328} INFO - Setting next_dagrun for example_local_kubernetes_executor to None, run_after=None
[2025-08-29T10:13:13.753+0000] {processor.py:178} INFO - Processing /home/airflow/.local/lib/python3.7/site-packages/airflow/example_dags/example_local_kubernetes_executor.py took 0.055 seconds
[2025-08-29T10:13:44.219+0000] {processor.py:156} INFO - Started process (PID=639) to work on /home/airflow/.local/lib/python3.7/site-packages/airflow/example_dags/example_local_kubernetes_executor.py
[2025-08-29T10:13:44.221+0000] {processor.py:758} INFO - Processing file /home/airflow/.local/lib/python3.7/site-packages/airflow/example_dags/example_local_kubernetes_executor.py for tasks to queue
[2025-08-29T10:13:44.222+0000] {logging_mixin.py:117} INFO - [2025-08-29T10:13:44.222+0000] {dagbag.py:525} INFO - Filling up the DagBag from /home/airflow/.local/lib/python3.7/site-packages/airflow/example_dags/example_local_kubernetes_executor.py
[2025-08-29T10:13:44.231+0000] {processor.py:768} INFO - DAG(s) dict_keys(['example_local_kubernetes_executor']) retrieved from /home/airflow/.local/lib/python3.7/site-packages/airflow/example_dags/example_local_kubernetes_executor.py
[2025-08-29T10:13:44.252+0000] {logging_mixin.py:117} INFO - [2025-08-29T10:13:44.251+0000] {dag.py:2573} INFO - Sync 1 DAGs
[2025-08-29T10:13:44.262+0000] {logging_mixin.py:117} INFO - [2025-08-29T10:13:44.262+0000] {dag.py:3328} INFO - Setting next_dagrun for example_local_kubernetes_executor to None, run_after=None
[2025-08-29T10:13:44.270+0000] {processor.py:178} INFO - Processing /home/airflow/.local/lib/python3.7/site-packages/airflow/example_dags/example_local_kubernetes_executor.py took 0.052 seconds
[2025-08-29T10:14:14.745+0000] {processor.py:156} INFO - Started process (PID=704) to work on /home/airflow/.local/lib/python3.7/site-packages/airflow/example_dags/example_local_kubernetes_executor.py
[2025-08-29T10:14:14.746+0000] {processor.py:758} INFO - Processing file /home/airflow/.local/lib/python3.7/site-packages/airflow/example_dags/example_local_kubernetes_executor.py for tasks to queue
[2025-08-29T10:14:14.747+0000] {logging_mixin.py:117} INFO - [2025-08-29T10:14:14.747+0000] {dagbag.py:525} INFO - Filling up the DagBag from /home/airflow/.local/lib/python3.7/site-packages/airflow/example_dags/example_local_kubernetes_executor.py
[2025-08-29T10:14:14.759+0000] {processor.py:768} INFO - DAG(s) dict_keys(['example_local_kubernetes_executor']) retrieved from /home/airflow/.local/lib/python3.7/site-packages/airflow/example_dags/example_local_kubernetes_executor.py
[2025-08-29T10:14:14.784+0000] {logging_mixin.py:117} INFO - [2025-08-29T10:14:14.784+0000] {dag.py:2573} INFO - Sync 1 DAGs
[2025-08-29T10:14:14.793+0000] {logging_mixin.py:117} INFO - [2025-08-29T10:14:14.793+0000] {dag.py:3328} INFO - Setting next_dagrun for example_local_kubernetes_executor to None, run_after=None
[2025-08-29T10:14:14.801+0000] {processor.py:178} INFO - Processing /home/airflow/.local/lib/python3.7/site-packages/airflow/example_dags/example_local_kubernetes_executor.py took 0.057 seconds
[2025-08-29T10:14:45.674+0000] {processor.py:156} INFO - Started process (PID=769) to work on /home/airflow/.local/lib/python3.7/site-packages/airflow/example_dags/example_local_kubernetes_executor.py
[2025-08-29T10:14:45.675+0000] {processor.py:758} INFO - Processing file /home/airflow/.local/lib/python3.7/site-packages/airflow/example_dags/example_local_kubernetes_executor.py for tasks to queue
[2025-08-29T10:14:45.675+0000] {logging_mixin.py:117} INFO - [2025-08-29T10:14:45.675+0000] {dagbag.py:525} INFO - Filling up the DagBag from /home/airflow/.local/lib/python3.7/site-packages/airflow/example_dags/example_local_kubernetes_executor.py
[2025-08-29T10:14:45.688+0000] {processor.py:768} INFO - DAG(s) dict_keys(['example_local_kubernetes_executor']) retrieved from /home/airflow/.local/lib/python3.7/site-packages/airflow/example_dags/example_local_kubernetes_executor.py
[2025-08-29T10:14:45.709+0000] {logging_mixin.py:117} INFO - [2025-08-29T10:14:45.709+0000] {dag.py:2573} INFO - Sync 1 DAGs
[2025-08-29T10:14:45.722+0000] {logging_mixin.py:117} INFO - [2025-08-29T10:14:45.722+0000] {dag.py:3328} INFO - Setting next_dagrun for example_local_kubernetes_executor to None, run_after=None
[2025-08-29T10:14:45.732+0000] {processor.py:178} INFO - Processing /home/airflow/.local/lib/python3.7/site-packages/airflow/example_dags/example_local_kubernetes_executor.py took 0.059 seconds
