[2025-08-29T10:09:08.513+0000] {processor.py:156} INFO - Started process (PID=57) to work on /home/airflow/.local/lib/python3.7/site-packages/airflow/example_dags/example_xcom.py
[2025-08-29T10:09:08.514+0000] {processor.py:758} INFO - Processing file /home/airflow/.local/lib/python3.7/site-packages/airflow/example_dags/example_xcom.py for tasks to queue
[2025-08-29T10:09:08.514+0000] {logging_mixin.py:117} INFO - [2025-08-29T10:09:08.514+0000] {dagbag.py:525} INFO - Filling up the DagBag from /home/airflow/.local/lib/python3.7/site-packages/airflow/example_dags/example_xcom.py
[2025-08-29T10:09:08.528+0000] {processor.py:768} INFO - DAG(s) dict_keys(['example_xcom']) retrieved from /home/airflow/.local/lib/python3.7/site-packages/airflow/example_dags/example_xcom.py
[2025-08-29T10:09:08.550+0000] {logging_mixin.py:117} INFO - [2025-08-29T10:09:08.550+0000] {dag.py:2573} INFO - Sync 1 DAGs
[2025-08-29T10:09:08.565+0000] {logging_mixin.py:117} INFO - [2025-08-29T10:09:08.565+0000] {dag.py:3328} INFO - Setting next_dagrun for example_xcom to 2021-01-01T00:00:00+00:00, run_after=2021-01-01T00:00:00+00:00
[2025-08-29T10:09:08.579+0000] {processor.py:178} INFO - Processing /home/airflow/.local/lib/python3.7/site-packages/airflow/example_dags/example_xcom.py took 0.069 seconds
[2025-08-29T10:09:38.960+0000] {processor.py:156} INFO - Started process (PID=122) to work on /home/airflow/.local/lib/python3.7/site-packages/airflow/example_dags/example_xcom.py
[2025-08-29T10:09:38.961+0000] {processor.py:758} INFO - Processing file /home/airflow/.local/lib/python3.7/site-packages/airflow/example_dags/example_xcom.py for tasks to queue
[2025-08-29T10:09:38.961+0000] {logging_mixin.py:117} INFO - [2025-08-29T10:09:38.961+0000] {dagbag.py:525} INFO - Filling up the DagBag from /home/airflow/.local/lib/python3.7/site-packages/airflow/example_dags/example_xcom.py
[2025-08-29T10:09:38.971+0000] {processor.py:768} INFO - DAG(s) dict_keys(['example_xcom']) retrieved from /home/airflow/.local/lib/python3.7/site-packages/airflow/example_dags/example_xcom.py
[2025-08-29T10:09:38.992+0000] {logging_mixin.py:117} INFO - [2025-08-29T10:09:38.991+0000] {dag.py:2573} INFO - Sync 1 DAGs
[2025-08-29T10:09:39.001+0000] {logging_mixin.py:117} INFO - [2025-08-29T10:09:39.001+0000] {dag.py:3328} INFO - Setting next_dagrun for example_xcom to 2021-01-01T00:00:00+00:00, run_after=2021-01-01T00:00:00+00:00
[2025-08-29T10:09:39.009+0000] {processor.py:178} INFO - Processing /home/airflow/.local/lib/python3.7/site-packages/airflow/example_dags/example_xcom.py took 0.052 seconds
[2025-08-29T10:10:09.641+0000] {processor.py:156} INFO - Started process (PID=187) to work on /home/airflow/.local/lib/python3.7/site-packages/airflow/example_dags/example_xcom.py
[2025-08-29T10:10:09.641+0000] {processor.py:758} INFO - Processing file /home/airflow/.local/lib/python3.7/site-packages/airflow/example_dags/example_xcom.py for tasks to queue
[2025-08-29T10:10:09.642+0000] {logging_mixin.py:117} INFO - [2025-08-29T10:10:09.642+0000] {dagbag.py:525} INFO - Filling up the DagBag from /home/airflow/.local/lib/python3.7/site-packages/airflow/example_dags/example_xcom.py
[2025-08-29T10:10:09.652+0000] {processor.py:768} INFO - DAG(s) dict_keys(['example_xcom']) retrieved from /home/airflow/.local/lib/python3.7/site-packages/airflow/example_dags/example_xcom.py
[2025-08-29T10:10:09.670+0000] {logging_mixin.py:117} INFO - [2025-08-29T10:10:09.670+0000] {dag.py:2573} INFO - Sync 1 DAGs
[2025-08-29T10:10:09.680+0000] {logging_mixin.py:117} INFO - [2025-08-29T10:10:09.680+0000] {dag.py:3328} INFO - Setting next_dagrun for example_xcom to 2021-01-01T00:00:00+00:00, run_after=2021-01-01T00:00:00+00:00
[2025-08-29T10:10:09.686+0000] {processor.py:178} INFO - Processing /home/airflow/.local/lib/python3.7/site-packages/airflow/example_dags/example_xcom.py took 0.046 seconds
[2025-08-29T10:10:40.243+0000] {processor.py:156} INFO - Started process (PID=253) to work on /home/airflow/.local/lib/python3.7/site-packages/airflow/example_dags/example_xcom.py
[2025-08-29T10:10:40.243+0000] {processor.py:758} INFO - Processing file /home/airflow/.local/lib/python3.7/site-packages/airflow/example_dags/example_xcom.py for tasks to queue
[2025-08-29T10:10:40.244+0000] {logging_mixin.py:117} INFO - [2025-08-29T10:10:40.244+0000] {dagbag.py:525} INFO - Filling up the DagBag from /home/airflow/.local/lib/python3.7/site-packages/airflow/example_dags/example_xcom.py
[2025-08-29T10:10:40.253+0000] {processor.py:768} INFO - DAG(s) dict_keys(['example_xcom']) retrieved from /home/airflow/.local/lib/python3.7/site-packages/airflow/example_dags/example_xcom.py
[2025-08-29T10:10:40.272+0000] {logging_mixin.py:117} INFO - [2025-08-29T10:10:40.272+0000] {dag.py:2573} INFO - Sync 1 DAGs
[2025-08-29T10:10:40.282+0000] {logging_mixin.py:117} INFO - [2025-08-29T10:10:40.282+0000] {dag.py:3328} INFO - Setting next_dagrun for example_xcom to 2021-01-01T00:00:00+00:00, run_after=2021-01-01T00:00:00+00:00
[2025-08-29T10:10:40.288+0000] {processor.py:178} INFO - Processing /home/airflow/.local/lib/python3.7/site-packages/airflow/example_dags/example_xcom.py took 0.047 seconds
[2025-08-29T10:11:10.920+0000] {processor.py:156} INFO - Started process (PID=318) to work on /home/airflow/.local/lib/python3.7/site-packages/airflow/example_dags/example_xcom.py
[2025-08-29T10:11:10.921+0000] {processor.py:758} INFO - Processing file /home/airflow/.local/lib/python3.7/site-packages/airflow/example_dags/example_xcom.py for tasks to queue
[2025-08-29T10:11:10.922+0000] {logging_mixin.py:117} INFO - [2025-08-29T10:11:10.922+0000] {dagbag.py:525} INFO - Filling up the DagBag from /home/airflow/.local/lib/python3.7/site-packages/airflow/example_dags/example_xcom.py
[2025-08-29T10:11:10.936+0000] {processor.py:768} INFO - DAG(s) dict_keys(['example_xcom']) retrieved from /home/airflow/.local/lib/python3.7/site-packages/airflow/example_dags/example_xcom.py
[2025-08-29T10:11:10.955+0000] {logging_mixin.py:117} INFO - [2025-08-29T10:11:10.955+0000] {dag.py:2573} INFO - Sync 1 DAGs
[2025-08-29T10:11:10.966+0000] {logging_mixin.py:117} INFO - [2025-08-29T10:11:10.965+0000] {dag.py:3328} INFO - Setting next_dagrun for example_xcom to 2021-01-01T00:00:00+00:00, run_after=2021-01-01T00:00:00+00:00
[2025-08-29T10:11:10.973+0000] {processor.py:178} INFO - Processing /home/airflow/.local/lib/python3.7/site-packages/airflow/example_dags/example_xcom.py took 0.058 seconds
[2025-08-29T10:11:41.514+0000] {processor.py:156} INFO - Started process (PID=374) to work on /home/airflow/.local/lib/python3.7/site-packages/airflow/example_dags/example_xcom.py
[2025-08-29T10:11:41.516+0000] {processor.py:758} INFO - Processing file /home/airflow/.local/lib/python3.7/site-packages/airflow/example_dags/example_xcom.py for tasks to queue
[2025-08-29T10:11:41.517+0000] {logging_mixin.py:117} INFO - [2025-08-29T10:11:41.517+0000] {dagbag.py:525} INFO - Filling up the DagBag from /home/airflow/.local/lib/python3.7/site-packages/airflow/example_dags/example_xcom.py
[2025-08-29T10:11:41.529+0000] {processor.py:768} INFO - DAG(s) dict_keys(['example_xcom']) retrieved from /home/airflow/.local/lib/python3.7/site-packages/airflow/example_dags/example_xcom.py
[2025-08-29T10:11:41.557+0000] {logging_mixin.py:117} INFO - [2025-08-29T10:11:41.557+0000] {dag.py:2573} INFO - Sync 1 DAGs
[2025-08-29T10:11:41.568+0000] {logging_mixin.py:117} INFO - [2025-08-29T10:11:41.568+0000] {dag.py:3328} INFO - Setting next_dagrun for example_xcom to 2021-01-01T00:00:00+00:00, run_after=2021-01-01T00:00:00+00:00
[2025-08-29T10:11:41.577+0000] {processor.py:178} INFO - Processing /home/airflow/.local/lib/python3.7/site-packages/airflow/example_dags/example_xcom.py took 0.064 seconds
[2025-08-29T10:12:12.502+0000] {processor.py:156} INFO - Started process (PID=439) to work on /home/airflow/.local/lib/python3.7/site-packages/airflow/example_dags/example_xcom.py
[2025-08-29T10:12:12.503+0000] {processor.py:758} INFO - Processing file /home/airflow/.local/lib/python3.7/site-packages/airflow/example_dags/example_xcom.py for tasks to queue
[2025-08-29T10:12:12.503+0000] {logging_mixin.py:117} INFO - [2025-08-29T10:12:12.503+0000] {dagbag.py:525} INFO - Filling up the DagBag from /home/airflow/.local/lib/python3.7/site-packages/airflow/example_dags/example_xcom.py
[2025-08-29T10:12:12.513+0000] {processor.py:768} INFO - DAG(s) dict_keys(['example_xcom']) retrieved from /home/airflow/.local/lib/python3.7/site-packages/airflow/example_dags/example_xcom.py
[2025-08-29T10:12:12.529+0000] {logging_mixin.py:117} INFO - [2025-08-29T10:12:12.529+0000] {dag.py:2573} INFO - Sync 1 DAGs
[2025-08-29T10:12:12.539+0000] {logging_mixin.py:117} INFO - [2025-08-29T10:12:12.539+0000] {dag.py:3328} INFO - Setting next_dagrun for example_xcom to 2021-01-01T00:00:00+00:00, run_after=2021-01-01T00:00:00+00:00
[2025-08-29T10:12:12.545+0000] {processor.py:178} INFO - Processing /home/airflow/.local/lib/python3.7/site-packages/airflow/example_dags/example_xcom.py took 0.045 seconds
[2025-08-29T10:12:43.049+0000] {processor.py:156} INFO - Started process (PID=504) to work on /home/airflow/.local/lib/python3.7/site-packages/airflow/example_dags/example_xcom.py
[2025-08-29T10:12:43.050+0000] {processor.py:758} INFO - Processing file /home/airflow/.local/lib/python3.7/site-packages/airflow/example_dags/example_xcom.py for tasks to queue
[2025-08-29T10:12:43.050+0000] {logging_mixin.py:117} INFO - [2025-08-29T10:12:43.050+0000] {dagbag.py:525} INFO - Filling up the DagBag from /home/airflow/.local/lib/python3.7/site-packages/airflow/example_dags/example_xcom.py
[2025-08-29T10:12:43.059+0000] {processor.py:768} INFO - DAG(s) dict_keys(['example_xcom']) retrieved from /home/airflow/.local/lib/python3.7/site-packages/airflow/example_dags/example_xcom.py
[2025-08-29T10:12:43.077+0000] {logging_mixin.py:117} INFO - [2025-08-29T10:12:43.077+0000] {dag.py:2573} INFO - Sync 1 DAGs
[2025-08-29T10:12:43.087+0000] {logging_mixin.py:117} INFO - [2025-08-29T10:12:43.087+0000] {dag.py:3328} INFO - Setting next_dagrun for example_xcom to 2021-01-01T00:00:00+00:00, run_after=2021-01-01T00:00:00+00:00
[2025-08-29T10:12:43.095+0000] {processor.py:178} INFO - Processing /home/airflow/.local/lib/python3.7/site-packages/airflow/example_dags/example_xcom.py took 0.047 seconds
[2025-08-29T10:13:13.487+0000] {processor.py:156} INFO - Started process (PID=569) to work on /home/airflow/.local/lib/python3.7/site-packages/airflow/example_dags/example_xcom.py
[2025-08-29T10:13:13.488+0000] {processor.py:758} INFO - Processing file /home/airflow/.local/lib/python3.7/site-packages/airflow/example_dags/example_xcom.py for tasks to queue
[2025-08-29T10:13:13.489+0000] {logging_mixin.py:117} INFO - [2025-08-29T10:13:13.489+0000] {dagbag.py:525} INFO - Filling up the DagBag from /home/airflow/.local/lib/python3.7/site-packages/airflow/example_dags/example_xcom.py
[2025-08-29T10:13:13.498+0000] {processor.py:768} INFO - DAG(s) dict_keys(['example_xcom']) retrieved from /home/airflow/.local/lib/python3.7/site-packages/airflow/example_dags/example_xcom.py
[2025-08-29T10:13:13.515+0000] {logging_mixin.py:117} INFO - [2025-08-29T10:13:13.515+0000] {dag.py:2573} INFO - Sync 1 DAGs
[2025-08-29T10:13:13.524+0000] {logging_mixin.py:117} INFO - [2025-08-29T10:13:13.524+0000] {dag.py:3328} INFO - Setting next_dagrun for example_xcom to 2021-01-01T00:00:00+00:00, run_after=2021-01-01T00:00:00+00:00
[2025-08-29T10:13:13.532+0000] {processor.py:178} INFO - Processing /home/airflow/.local/lib/python3.7/site-packages/airflow/example_dags/example_xcom.py took 0.046 seconds
[2025-08-29T10:13:44.021+0000] {processor.py:156} INFO - Started process (PID=634) to work on /home/airflow/.local/lib/python3.7/site-packages/airflow/example_dags/example_xcom.py
[2025-08-29T10:13:44.021+0000] {processor.py:758} INFO - Processing file /home/airflow/.local/lib/python3.7/site-packages/airflow/example_dags/example_xcom.py for tasks to queue
[2025-08-29T10:13:44.023+0000] {logging_mixin.py:117} INFO - [2025-08-29T10:13:44.022+0000] {dagbag.py:525} INFO - Filling up the DagBag from /home/airflow/.local/lib/python3.7/site-packages/airflow/example_dags/example_xcom.py
[2025-08-29T10:13:44.033+0000] {processor.py:768} INFO - DAG(s) dict_keys(['example_xcom']) retrieved from /home/airflow/.local/lib/python3.7/site-packages/airflow/example_dags/example_xcom.py
[2025-08-29T10:13:44.050+0000] {logging_mixin.py:117} INFO - [2025-08-29T10:13:44.050+0000] {dag.py:2573} INFO - Sync 1 DAGs
[2025-08-29T10:13:44.059+0000] {logging_mixin.py:117} INFO - [2025-08-29T10:13:44.059+0000] {dag.py:3328} INFO - Setting next_dagrun for example_xcom to 2021-01-01T00:00:00+00:00, run_after=2021-01-01T00:00:00+00:00
[2025-08-29T10:13:44.068+0000] {processor.py:178} INFO - Processing /home/airflow/.local/lib/python3.7/site-packages/airflow/example_dags/example_xcom.py took 0.048 seconds
[2025-08-29T10:14:14.512+0000] {processor.py:156} INFO - Started process (PID=699) to work on /home/airflow/.local/lib/python3.7/site-packages/airflow/example_dags/example_xcom.py
[2025-08-29T10:14:14.514+0000] {processor.py:758} INFO - Processing file /home/airflow/.local/lib/python3.7/site-packages/airflow/example_dags/example_xcom.py for tasks to queue
[2025-08-29T10:14:14.515+0000] {logging_mixin.py:117} INFO - [2025-08-29T10:14:14.515+0000] {dagbag.py:525} INFO - Filling up the DagBag from /home/airflow/.local/lib/python3.7/site-packages/airflow/example_dags/example_xcom.py
[2025-08-29T10:14:14.525+0000] {processor.py:768} INFO - DAG(s) dict_keys(['example_xcom']) retrieved from /home/airflow/.local/lib/python3.7/site-packages/airflow/example_dags/example_xcom.py
[2025-08-29T10:14:14.543+0000] {logging_mixin.py:117} INFO - [2025-08-29T10:14:14.543+0000] {dag.py:2573} INFO - Sync 1 DAGs
[2025-08-29T10:14:14.558+0000] {logging_mixin.py:117} INFO - [2025-08-29T10:14:14.557+0000] {dag.py:3328} INFO - Setting next_dagrun for example_xcom to 2021-01-01T00:00:00+00:00, run_after=2021-01-01T00:00:00+00:00
[2025-08-29T10:14:14.569+0000] {processor.py:178} INFO - Processing /home/airflow/.local/lib/python3.7/site-packages/airflow/example_dags/example_xcom.py took 0.059 seconds
[2025-08-29T10:14:45.400+0000] {processor.py:156} INFO - Started process (PID=764) to work on /home/airflow/.local/lib/python3.7/site-packages/airflow/example_dags/example_xcom.py
[2025-08-29T10:14:45.401+0000] {processor.py:758} INFO - Processing file /home/airflow/.local/lib/python3.7/site-packages/airflow/example_dags/example_xcom.py for tasks to queue
[2025-08-29T10:14:45.402+0000] {logging_mixin.py:117} INFO - [2025-08-29T10:14:45.402+0000] {dagbag.py:525} INFO - Filling up the DagBag from /home/airflow/.local/lib/python3.7/site-packages/airflow/example_dags/example_xcom.py
[2025-08-29T10:14:45.414+0000] {processor.py:768} INFO - DAG(s) dict_keys(['example_xcom']) retrieved from /home/airflow/.local/lib/python3.7/site-packages/airflow/example_dags/example_xcom.py
[2025-08-29T10:14:45.440+0000] {logging_mixin.py:117} INFO - [2025-08-29T10:14:45.440+0000] {dag.py:2573} INFO - Sync 1 DAGs
[2025-08-29T10:14:45.453+0000] {logging_mixin.py:117} INFO - [2025-08-29T10:14:45.452+0000] {dag.py:3328} INFO - Setting next_dagrun for example_xcom to 2021-01-01T00:00:00+00:00, run_after=2021-01-01T00:00:00+00:00
[2025-08-29T10:14:45.462+0000] {processor.py:178} INFO - Processing /home/airflow/.local/lib/python3.7/site-packages/airflow/example_dags/example_xcom.py took 0.064 seconds
