[2025-08-29T10:09:08.388+0000] {processor.py:156} INFO - Started process (PID=54) to work on /home/airflow/.local/lib/python3.7/site-packages/airflow/example_dags/example_sla_dag.py
[2025-08-29T10:09:08.389+0000] {processor.py:758} INFO - Processing file /home/airflow/.local/lib/python3.7/site-packages/airflow/example_dags/example_sla_dag.py for tasks to queue
[2025-08-29T10:09:08.389+0000] {logging_mixin.py:117} INFO - [2025-08-29T10:09:08.389+0000] {dagbag.py:525} INFO - Filling up the DagBag from /home/airflow/.local/lib/python3.7/site-packages/airflow/example_dags/example_sla_dag.py
[2025-08-29T10:09:08.403+0000] {processor.py:768} INFO - DAG(s) dict_keys(['example_sla_dag']) retrieved from /home/airflow/.local/lib/python3.7/site-packages/airflow/example_dags/example_sla_dag.py
[2025-08-29T10:09:08.423+0000] {logging_mixin.py:117} INFO - [2025-08-29T10:09:08.422+0000] {dag.py:2573} INFO - Sync 1 DAGs
[2025-08-29T10:09:08.438+0000] {logging_mixin.py:117} INFO - [2025-08-29T10:09:08.438+0000] {dag.py:3328} INFO - Setting next_dagrun for example_sla_dag to 2025-08-29T10:06:00+00:00, run_after=2025-08-29T10:08:00+00:00
[2025-08-29T10:09:08.456+0000] {processor.py:178} INFO - Processing /home/airflow/.local/lib/python3.7/site-packages/airflow/example_dags/example_sla_dag.py took 0.069 seconds
[2025-08-29T10:09:38.885+0000] {processor.py:156} INFO - Started process (PID=119) to work on /home/airflow/.local/lib/python3.7/site-packages/airflow/example_dags/example_sla_dag.py
[2025-08-29T10:09:38.885+0000] {processor.py:758} INFO - Processing file /home/airflow/.local/lib/python3.7/site-packages/airflow/example_dags/example_sla_dag.py for tasks to queue
[2025-08-29T10:09:38.885+0000] {logging_mixin.py:117} INFO - [2025-08-29T10:09:38.885+0000] {dagbag.py:525} INFO - Filling up the DagBag from /home/airflow/.local/lib/python3.7/site-packages/airflow/example_dags/example_sla_dag.py
[2025-08-29T10:09:38.896+0000] {processor.py:768} INFO - DAG(s) dict_keys(['example_sla_dag']) retrieved from /home/airflow/.local/lib/python3.7/site-packages/airflow/example_dags/example_sla_dag.py
[2025-08-29T10:09:38.919+0000] {logging_mixin.py:117} INFO - [2025-08-29T10:09:38.918+0000] {dag.py:2573} INFO - Sync 1 DAGs
[2025-08-29T10:09:38.932+0000] {logging_mixin.py:117} INFO - [2025-08-29T10:09:38.932+0000] {dag.py:3328} INFO - Setting next_dagrun for example_sla_dag to 2025-08-29T10:06:00+00:00, run_after=2025-08-29T10:08:00+00:00
[2025-08-29T10:09:38.942+0000] {processor.py:178} INFO - Processing /home/airflow/.local/lib/python3.7/site-packages/airflow/example_dags/example_sla_dag.py took 0.058 seconds
[2025-08-29T10:10:09.576+0000] {processor.py:156} INFO - Started process (PID=185) to work on /home/airflow/.local/lib/python3.7/site-packages/airflow/example_dags/example_sla_dag.py
[2025-08-29T10:10:09.579+0000] {processor.py:758} INFO - Processing file /home/airflow/.local/lib/python3.7/site-packages/airflow/example_dags/example_sla_dag.py for tasks to queue
[2025-08-29T10:10:09.579+0000] {logging_mixin.py:117} INFO - [2025-08-29T10:10:09.579+0000] {dagbag.py:525} INFO - Filling up the DagBag from /home/airflow/.local/lib/python3.7/site-packages/airflow/example_dags/example_sla_dag.py
[2025-08-29T10:10:09.589+0000] {processor.py:768} INFO - DAG(s) dict_keys(['example_sla_dag']) retrieved from /home/airflow/.local/lib/python3.7/site-packages/airflow/example_dags/example_sla_dag.py
[2025-08-29T10:10:09.608+0000] {logging_mixin.py:117} INFO - [2025-08-29T10:10:09.608+0000] {dag.py:2573} INFO - Sync 1 DAGs
[2025-08-29T10:10:09.619+0000] {logging_mixin.py:117} INFO - [2025-08-29T10:10:09.619+0000] {dag.py:3328} INFO - Setting next_dagrun for example_sla_dag to 2025-08-29T10:08:00+00:00, run_after=2025-08-29T10:10:00+00:00
[2025-08-29T10:10:09.631+0000] {processor.py:178} INFO - Processing /home/airflow/.local/lib/python3.7/site-packages/airflow/example_dags/example_sla_dag.py took 0.056 seconds
[2025-08-29T10:10:40.161+0000] {processor.py:156} INFO - Started process (PID=250) to work on /home/airflow/.local/lib/python3.7/site-packages/airflow/example_dags/example_sla_dag.py
[2025-08-29T10:10:40.161+0000] {processor.py:758} INFO - Processing file /home/airflow/.local/lib/python3.7/site-packages/airflow/example_dags/example_sla_dag.py for tasks to queue
[2025-08-29T10:10:40.161+0000] {logging_mixin.py:117} INFO - [2025-08-29T10:10:40.161+0000] {dagbag.py:525} INFO - Filling up the DagBag from /home/airflow/.local/lib/python3.7/site-packages/airflow/example_dags/example_sla_dag.py
[2025-08-29T10:10:40.173+0000] {processor.py:768} INFO - DAG(s) dict_keys(['example_sla_dag']) retrieved from /home/airflow/.local/lib/python3.7/site-packages/airflow/example_dags/example_sla_dag.py
[2025-08-29T10:10:40.191+0000] {logging_mixin.py:117} INFO - [2025-08-29T10:10:40.191+0000] {dag.py:2573} INFO - Sync 1 DAGs
[2025-08-29T10:10:40.201+0000] {logging_mixin.py:117} INFO - [2025-08-29T10:10:40.201+0000] {dag.py:3328} INFO - Setting next_dagrun for example_sla_dag to 2025-08-29T10:08:00+00:00, run_after=2025-08-29T10:10:00+00:00
[2025-08-29T10:10:40.208+0000] {processor.py:178} INFO - Processing /home/airflow/.local/lib/python3.7/site-packages/airflow/example_dags/example_sla_dag.py took 0.048 seconds
[2025-08-29T10:11:10.806+0000] {processor.py:156} INFO - Started process (PID=315) to work on /home/airflow/.local/lib/python3.7/site-packages/airflow/example_dags/example_sla_dag.py
[2025-08-29T10:11:10.807+0000] {processor.py:758} INFO - Processing file /home/airflow/.local/lib/python3.7/site-packages/airflow/example_dags/example_sla_dag.py for tasks to queue
[2025-08-29T10:11:10.808+0000] {logging_mixin.py:117} INFO - [2025-08-29T10:11:10.808+0000] {dagbag.py:525} INFO - Filling up the DagBag from /home/airflow/.local/lib/python3.7/site-packages/airflow/example_dags/example_sla_dag.py
[2025-08-29T10:11:10.818+0000] {processor.py:768} INFO - DAG(s) dict_keys(['example_sla_dag']) retrieved from /home/airflow/.local/lib/python3.7/site-packages/airflow/example_dags/example_sla_dag.py
[2025-08-29T10:11:10.842+0000] {logging_mixin.py:117} INFO - [2025-08-29T10:11:10.842+0000] {dag.py:2573} INFO - Sync 1 DAGs
[2025-08-29T10:11:10.866+0000] {logging_mixin.py:117} INFO - [2025-08-29T10:11:10.866+0000] {dag.py:3328} INFO - Setting next_dagrun for example_sla_dag to 2025-08-29T10:08:00+00:00, run_after=2025-08-29T10:10:00+00:00
[2025-08-29T10:11:10.879+0000] {processor.py:178} INFO - Processing /home/airflow/.local/lib/python3.7/site-packages/airflow/example_dags/example_sla_dag.py took 0.075 seconds
[2025-08-29T10:11:41.414+0000] {processor.py:156} INFO - Started process (PID=371) to work on /home/airflow/.local/lib/python3.7/site-packages/airflow/example_dags/example_sla_dag.py
[2025-08-29T10:11:41.414+0000] {processor.py:758} INFO - Processing file /home/airflow/.local/lib/python3.7/site-packages/airflow/example_dags/example_sla_dag.py for tasks to queue
[2025-08-29T10:11:41.416+0000] {logging_mixin.py:117} INFO - [2025-08-29T10:11:41.416+0000] {dagbag.py:525} INFO - Filling up the DagBag from /home/airflow/.local/lib/python3.7/site-packages/airflow/example_dags/example_sla_dag.py
[2025-08-29T10:11:41.427+0000] {processor.py:768} INFO - DAG(s) dict_keys(['example_sla_dag']) retrieved from /home/airflow/.local/lib/python3.7/site-packages/airflow/example_dags/example_sla_dag.py
[2025-08-29T10:11:41.452+0000] {logging_mixin.py:117} INFO - [2025-08-29T10:11:41.451+0000] {dag.py:2573} INFO - Sync 1 DAGs
[2025-08-29T10:11:41.464+0000] {logging_mixin.py:117} INFO - [2025-08-29T10:11:41.463+0000] {dag.py:3328} INFO - Setting next_dagrun for example_sla_dag to 2025-08-29T10:08:00+00:00, run_after=2025-08-29T10:10:00+00:00
[2025-08-29T10:11:41.473+0000] {processor.py:178} INFO - Processing /home/airflow/.local/lib/python3.7/site-packages/airflow/example_dags/example_sla_dag.py took 0.061 seconds
[2025-08-29T10:12:12.416+0000] {processor.py:156} INFO - Started process (PID=436) to work on /home/airflow/.local/lib/python3.7/site-packages/airflow/example_dags/example_sla_dag.py
[2025-08-29T10:12:12.417+0000] {processor.py:758} INFO - Processing file /home/airflow/.local/lib/python3.7/site-packages/airflow/example_dags/example_sla_dag.py for tasks to queue
[2025-08-29T10:12:12.420+0000] {logging_mixin.py:117} INFO - [2025-08-29T10:12:12.420+0000] {dagbag.py:525} INFO - Filling up the DagBag from /home/airflow/.local/lib/python3.7/site-packages/airflow/example_dags/example_sla_dag.py
[2025-08-29T10:12:12.430+0000] {processor.py:768} INFO - DAG(s) dict_keys(['example_sla_dag']) retrieved from /home/airflow/.local/lib/python3.7/site-packages/airflow/example_dags/example_sla_dag.py
[2025-08-29T10:12:12.446+0000] {logging_mixin.py:117} INFO - [2025-08-29T10:12:12.446+0000] {dag.py:2573} INFO - Sync 1 DAGs
[2025-08-29T10:12:12.457+0000] {logging_mixin.py:117} INFO - [2025-08-29T10:12:12.457+0000] {dag.py:3328} INFO - Setting next_dagrun for example_sla_dag to 2025-08-29T10:10:00+00:00, run_after=2025-08-29T10:12:00+00:00
[2025-08-29T10:12:12.465+0000] {processor.py:178} INFO - Processing /home/airflow/.local/lib/python3.7/site-packages/airflow/example_dags/example_sla_dag.py took 0.050 seconds
[2025-08-29T10:12:42.946+0000] {processor.py:156} INFO - Started process (PID=501) to work on /home/airflow/.local/lib/python3.7/site-packages/airflow/example_dags/example_sla_dag.py
[2025-08-29T10:12:42.947+0000] {processor.py:758} INFO - Processing file /home/airflow/.local/lib/python3.7/site-packages/airflow/example_dags/example_sla_dag.py for tasks to queue
[2025-08-29T10:12:42.947+0000] {logging_mixin.py:117} INFO - [2025-08-29T10:12:42.947+0000] {dagbag.py:525} INFO - Filling up the DagBag from /home/airflow/.local/lib/python3.7/site-packages/airflow/example_dags/example_sla_dag.py
[2025-08-29T10:12:42.956+0000] {processor.py:768} INFO - DAG(s) dict_keys(['example_sla_dag']) retrieved from /home/airflow/.local/lib/python3.7/site-packages/airflow/example_dags/example_sla_dag.py
[2025-08-29T10:12:42.974+0000] {logging_mixin.py:117} INFO - [2025-08-29T10:12:42.974+0000] {dag.py:2573} INFO - Sync 1 DAGs
[2025-08-29T10:12:42.987+0000] {logging_mixin.py:117} INFO - [2025-08-29T10:12:42.987+0000] {dag.py:3328} INFO - Setting next_dagrun for example_sla_dag to 2025-08-29T10:10:00+00:00, run_after=2025-08-29T10:12:00+00:00
[2025-08-29T10:12:42.995+0000] {processor.py:178} INFO - Processing /home/airflow/.local/lib/python3.7/site-packages/airflow/example_dags/example_sla_dag.py took 0.051 seconds
[2025-08-29T10:13:13.406+0000] {processor.py:156} INFO - Started process (PID=566) to work on /home/airflow/.local/lib/python3.7/site-packages/airflow/example_dags/example_sla_dag.py
[2025-08-29T10:13:13.407+0000] {processor.py:758} INFO - Processing file /home/airflow/.local/lib/python3.7/site-packages/airflow/example_dags/example_sla_dag.py for tasks to queue
[2025-08-29T10:13:13.408+0000] {logging_mixin.py:117} INFO - [2025-08-29T10:13:13.408+0000] {dagbag.py:525} INFO - Filling up the DagBag from /home/airflow/.local/lib/python3.7/site-packages/airflow/example_dags/example_sla_dag.py
[2025-08-29T10:13:13.420+0000] {processor.py:768} INFO - DAG(s) dict_keys(['example_sla_dag']) retrieved from /home/airflow/.local/lib/python3.7/site-packages/airflow/example_dags/example_sla_dag.py
[2025-08-29T10:13:13.437+0000] {logging_mixin.py:117} INFO - [2025-08-29T10:13:13.437+0000] {dag.py:2573} INFO - Sync 1 DAGs
[2025-08-29T10:13:13.447+0000] {logging_mixin.py:117} INFO - [2025-08-29T10:13:13.447+0000] {dag.py:3328} INFO - Setting next_dagrun for example_sla_dag to 2025-08-29T10:10:00+00:00, run_after=2025-08-29T10:12:00+00:00
[2025-08-29T10:13:13.455+0000] {processor.py:178} INFO - Processing /home/airflow/.local/lib/python3.7/site-packages/airflow/example_dags/example_sla_dag.py took 0.050 seconds
[2025-08-29T10:13:43.925+0000] {processor.py:156} INFO - Started process (PID=631) to work on /home/airflow/.local/lib/python3.7/site-packages/airflow/example_dags/example_sla_dag.py
[2025-08-29T10:13:43.926+0000] {processor.py:758} INFO - Processing file /home/airflow/.local/lib/python3.7/site-packages/airflow/example_dags/example_sla_dag.py for tasks to queue
[2025-08-29T10:13:43.926+0000] {logging_mixin.py:117} INFO - [2025-08-29T10:13:43.926+0000] {dagbag.py:525} INFO - Filling up the DagBag from /home/airflow/.local/lib/python3.7/site-packages/airflow/example_dags/example_sla_dag.py
[2025-08-29T10:13:43.937+0000] {processor.py:768} INFO - DAG(s) dict_keys(['example_sla_dag']) retrieved from /home/airflow/.local/lib/python3.7/site-packages/airflow/example_dags/example_sla_dag.py
[2025-08-29T10:13:43.956+0000] {logging_mixin.py:117} INFO - [2025-08-29T10:13:43.955+0000] {dag.py:2573} INFO - Sync 1 DAGs
[2025-08-29T10:13:43.967+0000] {logging_mixin.py:117} INFO - [2025-08-29T10:13:43.967+0000] {dag.py:3328} INFO - Setting next_dagrun for example_sla_dag to 2025-08-29T10:10:00+00:00, run_after=2025-08-29T10:12:00+00:00
[2025-08-29T10:13:43.975+0000] {processor.py:178} INFO - Processing /home/airflow/.local/lib/python3.7/site-packages/airflow/example_dags/example_sla_dag.py took 0.052 seconds
[2025-08-29T10:14:14.406+0000] {processor.py:156} INFO - Started process (PID=696) to work on /home/airflow/.local/lib/python3.7/site-packages/airflow/example_dags/example_sla_dag.py
[2025-08-29T10:14:14.407+0000] {processor.py:758} INFO - Processing file /home/airflow/.local/lib/python3.7/site-packages/airflow/example_dags/example_sla_dag.py for tasks to queue
[2025-08-29T10:14:14.407+0000] {logging_mixin.py:117} INFO - [2025-08-29T10:14:14.407+0000] {dagbag.py:525} INFO - Filling up the DagBag from /home/airflow/.local/lib/python3.7/site-packages/airflow/example_dags/example_sla_dag.py
[2025-08-29T10:14:14.417+0000] {processor.py:768} INFO - DAG(s) dict_keys(['example_sla_dag']) retrieved from /home/airflow/.local/lib/python3.7/site-packages/airflow/example_dags/example_sla_dag.py
[2025-08-29T10:14:14.431+0000] {logging_mixin.py:117} INFO - [2025-08-29T10:14:14.431+0000] {dag.py:2573} INFO - Sync 1 DAGs
[2025-08-29T10:14:14.443+0000] {logging_mixin.py:117} INFO - [2025-08-29T10:14:14.443+0000] {dag.py:3328} INFO - Setting next_dagrun for example_sla_dag to 2025-08-29T10:12:00+00:00, run_after=2025-08-29T10:14:00+00:00
[2025-08-29T10:14:14.450+0000] {processor.py:178} INFO - Processing /home/airflow/.local/lib/python3.7/site-packages/airflow/example_dags/example_sla_dag.py took 0.045 seconds
[2025-08-29T10:14:45.244+0000] {processor.py:156} INFO - Started process (PID=761) to work on /home/airflow/.local/lib/python3.7/site-packages/airflow/example_dags/example_sla_dag.py
[2025-08-29T10:14:45.245+0000] {processor.py:758} INFO - Processing file /home/airflow/.local/lib/python3.7/site-packages/airflow/example_dags/example_sla_dag.py for tasks to queue
[2025-08-29T10:14:45.245+0000] {logging_mixin.py:117} INFO - [2025-08-29T10:14:45.245+0000] {dagbag.py:525} INFO - Filling up the DagBag from /home/airflow/.local/lib/python3.7/site-packages/airflow/example_dags/example_sla_dag.py
[2025-08-29T10:14:45.256+0000] {processor.py:768} INFO - DAG(s) dict_keys(['example_sla_dag']) retrieved from /home/airflow/.local/lib/python3.7/site-packages/airflow/example_dags/example_sla_dag.py
[2025-08-29T10:14:45.284+0000] {logging_mixin.py:117} INFO - [2025-08-29T10:14:45.284+0000] {dag.py:2573} INFO - Sync 1 DAGs
[2025-08-29T10:14:45.303+0000] {logging_mixin.py:117} INFO - [2025-08-29T10:14:45.303+0000] {dag.py:3328} INFO - Setting next_dagrun for example_sla_dag to 2025-08-29T10:12:00+00:00, run_after=2025-08-29T10:14:00+00:00
[2025-08-29T10:14:45.315+0000] {processor.py:178} INFO - Processing /home/airflow/.local/lib/python3.7/site-packages/airflow/example_dags/example_sla_dag.py took 0.073 seconds
