[2025-08-29T10:09:09.085+0000] {processor.py:156} INFO - Started process (PID=67) to work on /home/airflow/.local/lib/python3.7/site-packages/airflow/example_dags/example_branch_operator_decorator.py
[2025-08-29T10:09:09.087+0000] {processor.py:758} INFO - Processing file /home/airflow/.local/lib/python3.7/site-packages/airflow/example_dags/example_branch_operator_decorator.py for tasks to queue
[2025-08-29T10:09:09.089+0000] {logging_mixin.py:117} INFO - [2025-08-29T10:09:09.088+0000] {dagbag.py:525} INFO - Filling up the DagBag from /home/airflow/.local/lib/python3.7/site-packages/airflow/example_dags/example_branch_operator_decorator.py
[2025-08-29T10:09:09.133+0000] {processor.py:768} INFO - DAG(s) dict_keys(['example_branch_python_operator_decorator']) retrieved from /home/airflow/.local/lib/python3.7/site-packages/airflow/example_dags/example_branch_operator_decorator.py
[2025-08-29T10:09:09.155+0000] {logging_mixin.py:117} INFO - [2025-08-29T10:09:09.155+0000] {dag.py:2573} INFO - Sync 1 DAGs
[2025-08-29T10:09:09.185+0000] {logging_mixin.py:117} INFO - [2025-08-29T10:09:09.185+0000] {dag.py:3328} INFO - Setting next_dagrun for example_branch_python_operator_decorator to 2025-08-28T00:00:00+00:00, run_after=2025-08-29T00:00:00+00:00
[2025-08-29T10:09:09.207+0000] {processor.py:178} INFO - Processing /home/airflow/.local/lib/python3.7/site-packages/airflow/example_dags/example_branch_operator_decorator.py took 0.133 seconds
[2025-08-29T10:09:39.439+0000] {processor.py:156} INFO - Started process (PID=132) to work on /home/airflow/.local/lib/python3.7/site-packages/airflow/example_dags/example_branch_operator_decorator.py
[2025-08-29T10:09:39.439+0000] {processor.py:758} INFO - Processing file /home/airflow/.local/lib/python3.7/site-packages/airflow/example_dags/example_branch_operator_decorator.py for tasks to queue
[2025-08-29T10:09:39.440+0000] {logging_mixin.py:117} INFO - [2025-08-29T10:09:39.440+0000] {dagbag.py:525} INFO - Filling up the DagBag from /home/airflow/.local/lib/python3.7/site-packages/airflow/example_dags/example_branch_operator_decorator.py
[2025-08-29T10:09:39.450+0000] {processor.py:768} INFO - DAG(s) dict_keys(['example_branch_python_operator_decorator']) retrieved from /home/airflow/.local/lib/python3.7/site-packages/airflow/example_dags/example_branch_operator_decorator.py
[2025-08-29T10:09:39.469+0000] {logging_mixin.py:117} INFO - [2025-08-29T10:09:39.469+0000] {dag.py:2573} INFO - Sync 1 DAGs
[2025-08-29T10:09:39.481+0000] {logging_mixin.py:117} INFO - [2025-08-29T10:09:39.481+0000] {dag.py:3328} INFO - Setting next_dagrun for example_branch_python_operator_decorator to 2025-08-28T00:00:00+00:00, run_after=2025-08-29T00:00:00+00:00
[2025-08-29T10:09:39.493+0000] {processor.py:178} INFO - Processing /home/airflow/.local/lib/python3.7/site-packages/airflow/example_dags/example_branch_operator_decorator.py took 0.055 seconds
[2025-08-29T10:10:10.044+0000] {processor.py:156} INFO - Started process (PID=198) to work on /home/airflow/.local/lib/python3.7/site-packages/airflow/example_dags/example_branch_operator_decorator.py
[2025-08-29T10:10:10.046+0000] {processor.py:758} INFO - Processing file /home/airflow/.local/lib/python3.7/site-packages/airflow/example_dags/example_branch_operator_decorator.py for tasks to queue
[2025-08-29T10:10:10.046+0000] {logging_mixin.py:117} INFO - [2025-08-29T10:10:10.046+0000] {dagbag.py:525} INFO - Filling up the DagBag from /home/airflow/.local/lib/python3.7/site-packages/airflow/example_dags/example_branch_operator_decorator.py
[2025-08-29T10:10:10.057+0000] {processor.py:768} INFO - DAG(s) dict_keys(['example_branch_python_operator_decorator']) retrieved from /home/airflow/.local/lib/python3.7/site-packages/airflow/example_dags/example_branch_operator_decorator.py
[2025-08-29T10:10:10.073+0000] {logging_mixin.py:117} INFO - [2025-08-29T10:10:10.073+0000] {dag.py:2573} INFO - Sync 1 DAGs
[2025-08-29T10:10:10.083+0000] {logging_mixin.py:117} INFO - [2025-08-29T10:10:10.083+0000] {dag.py:3328} INFO - Setting next_dagrun for example_branch_python_operator_decorator to 2025-08-28T00:00:00+00:00, run_after=2025-08-29T00:00:00+00:00
[2025-08-29T10:10:10.092+0000] {processor.py:178} INFO - Processing /home/airflow/.local/lib/python3.7/site-packages/airflow/example_dags/example_branch_operator_decorator.py took 0.050 seconds
[2025-08-29T10:10:40.617+0000] {processor.py:156} INFO - Started process (PID=263) to work on /home/airflow/.local/lib/python3.7/site-packages/airflow/example_dags/example_branch_operator_decorator.py
[2025-08-29T10:10:40.619+0000] {processor.py:758} INFO - Processing file /home/airflow/.local/lib/python3.7/site-packages/airflow/example_dags/example_branch_operator_decorator.py for tasks to queue
[2025-08-29T10:10:40.620+0000] {logging_mixin.py:117} INFO - [2025-08-29T10:10:40.620+0000] {dagbag.py:525} INFO - Filling up the DagBag from /home/airflow/.local/lib/python3.7/site-packages/airflow/example_dags/example_branch_operator_decorator.py
[2025-08-29T10:10:40.629+0000] {processor.py:768} INFO - DAG(s) dict_keys(['example_branch_python_operator_decorator']) retrieved from /home/airflow/.local/lib/python3.7/site-packages/airflow/example_dags/example_branch_operator_decorator.py
[2025-08-29T10:10:40.646+0000] {logging_mixin.py:117} INFO - [2025-08-29T10:10:40.646+0000] {dag.py:2573} INFO - Sync 1 DAGs
[2025-08-29T10:10:40.656+0000] {logging_mixin.py:117} INFO - [2025-08-29T10:10:40.656+0000] {dag.py:3328} INFO - Setting next_dagrun for example_branch_python_operator_decorator to 2025-08-28T00:00:00+00:00, run_after=2025-08-29T00:00:00+00:00
[2025-08-29T10:10:40.663+0000] {processor.py:178} INFO - Processing /home/airflow/.local/lib/python3.7/site-packages/airflow/example_dags/example_branch_operator_decorator.py took 0.047 seconds
[2025-08-29T10:11:11.290+0000] {processor.py:156} INFO - Started process (PID=328) to work on /home/airflow/.local/lib/python3.7/site-packages/airflow/example_dags/example_branch_operator_decorator.py
[2025-08-29T10:11:11.291+0000] {processor.py:758} INFO - Processing file /home/airflow/.local/lib/python3.7/site-packages/airflow/example_dags/example_branch_operator_decorator.py for tasks to queue
[2025-08-29T10:11:11.291+0000] {logging_mixin.py:117} INFO - [2025-08-29T10:11:11.291+0000] {dagbag.py:525} INFO - Filling up the DagBag from /home/airflow/.local/lib/python3.7/site-packages/airflow/example_dags/example_branch_operator_decorator.py
[2025-08-29T10:11:11.304+0000] {processor.py:768} INFO - DAG(s) dict_keys(['example_branch_python_operator_decorator']) retrieved from /home/airflow/.local/lib/python3.7/site-packages/airflow/example_dags/example_branch_operator_decorator.py
[2025-08-29T10:11:11.320+0000] {logging_mixin.py:117} INFO - [2025-08-29T10:11:11.320+0000] {dag.py:2573} INFO - Sync 1 DAGs
[2025-08-29T10:11:11.329+0000] {logging_mixin.py:117} INFO - [2025-08-29T10:11:11.329+0000] {dag.py:3328} INFO - Setting next_dagrun for example_branch_python_operator_decorator to 2025-08-28T00:00:00+00:00, run_after=2025-08-29T00:00:00+00:00
[2025-08-29T10:11:11.341+0000] {processor.py:178} INFO - Processing /home/airflow/.local/lib/python3.7/site-packages/airflow/example_dags/example_branch_operator_decorator.py took 0.052 seconds
[2025-08-29T10:11:42.093+0000] {processor.py:156} INFO - Started process (PID=393) to work on /home/airflow/.local/lib/python3.7/site-packages/airflow/example_dags/example_branch_operator_decorator.py
[2025-08-29T10:11:42.095+0000] {processor.py:758} INFO - Processing file /home/airflow/.local/lib/python3.7/site-packages/airflow/example_dags/example_branch_operator_decorator.py for tasks to queue
[2025-08-29T10:11:42.095+0000] {logging_mixin.py:117} INFO - [2025-08-29T10:11:42.095+0000] {dagbag.py:525} INFO - Filling up the DagBag from /home/airflow/.local/lib/python3.7/site-packages/airflow/example_dags/example_branch_operator_decorator.py
[2025-08-29T10:11:42.108+0000] {processor.py:768} INFO - DAG(s) dict_keys(['example_branch_python_operator_decorator']) retrieved from /home/airflow/.local/lib/python3.7/site-packages/airflow/example_dags/example_branch_operator_decorator.py
[2025-08-29T10:11:42.136+0000] {logging_mixin.py:117} INFO - [2025-08-29T10:11:42.136+0000] {dag.py:2573} INFO - Sync 1 DAGs
[2025-08-29T10:11:42.159+0000] {logging_mixin.py:117} INFO - [2025-08-29T10:11:42.159+0000] {dag.py:3328} INFO - Setting next_dagrun for example_branch_python_operator_decorator to 2025-08-28T00:00:00+00:00, run_after=2025-08-29T00:00:00+00:00
[2025-08-29T10:11:42.183+0000] {processor.py:178} INFO - Processing /home/airflow/.local/lib/python3.7/site-packages/airflow/example_dags/example_branch_operator_decorator.py took 0.092 seconds
[2025-08-29T10:12:12.870+0000] {processor.py:156} INFO - Started process (PID=449) to work on /home/airflow/.local/lib/python3.7/site-packages/airflow/example_dags/example_branch_operator_decorator.py
[2025-08-29T10:12:12.870+0000] {processor.py:758} INFO - Processing file /home/airflow/.local/lib/python3.7/site-packages/airflow/example_dags/example_branch_operator_decorator.py for tasks to queue
[2025-08-29T10:12:12.871+0000] {logging_mixin.py:117} INFO - [2025-08-29T10:12:12.871+0000] {dagbag.py:525} INFO - Filling up the DagBag from /home/airflow/.local/lib/python3.7/site-packages/airflow/example_dags/example_branch_operator_decorator.py
[2025-08-29T10:12:12.881+0000] {processor.py:768} INFO - DAG(s) dict_keys(['example_branch_python_operator_decorator']) retrieved from /home/airflow/.local/lib/python3.7/site-packages/airflow/example_dags/example_branch_operator_decorator.py
[2025-08-29T10:12:12.899+0000] {logging_mixin.py:117} INFO - [2025-08-29T10:12:12.899+0000] {dag.py:2573} INFO - Sync 1 DAGs
[2025-08-29T10:12:12.911+0000] {logging_mixin.py:117} INFO - [2025-08-29T10:12:12.911+0000] {dag.py:3328} INFO - Setting next_dagrun for example_branch_python_operator_decorator to 2025-08-28T00:00:00+00:00, run_after=2025-08-29T00:00:00+00:00
[2025-08-29T10:12:12.917+0000] {processor.py:178} INFO - Processing /home/airflow/.local/lib/python3.7/site-packages/airflow/example_dags/example_branch_operator_decorator.py took 0.049 seconds
[2025-08-29T10:12:43.417+0000] {processor.py:156} INFO - Started process (PID=514) to work on /home/airflow/.local/lib/python3.7/site-packages/airflow/example_dags/example_branch_operator_decorator.py
[2025-08-29T10:12:43.418+0000] {processor.py:758} INFO - Processing file /home/airflow/.local/lib/python3.7/site-packages/airflow/example_dags/example_branch_operator_decorator.py for tasks to queue
[2025-08-29T10:12:43.419+0000] {logging_mixin.py:117} INFO - [2025-08-29T10:12:43.418+0000] {dagbag.py:525} INFO - Filling up the DagBag from /home/airflow/.local/lib/python3.7/site-packages/airflow/example_dags/example_branch_operator_decorator.py
[2025-08-29T10:12:43.428+0000] {processor.py:768} INFO - DAG(s) dict_keys(['example_branch_python_operator_decorator']) retrieved from /home/airflow/.local/lib/python3.7/site-packages/airflow/example_dags/example_branch_operator_decorator.py
[2025-08-29T10:12:43.446+0000] {logging_mixin.py:117} INFO - [2025-08-29T10:12:43.446+0000] {dag.py:2573} INFO - Sync 1 DAGs
[2025-08-29T10:12:43.457+0000] {logging_mixin.py:117} INFO - [2025-08-29T10:12:43.457+0000] {dag.py:3328} INFO - Setting next_dagrun for example_branch_python_operator_decorator to 2025-08-28T00:00:00+00:00, run_after=2025-08-29T00:00:00+00:00
[2025-08-29T10:12:43.465+0000] {processor.py:178} INFO - Processing /home/airflow/.local/lib/python3.7/site-packages/airflow/example_dags/example_branch_operator_decorator.py took 0.049 seconds
[2025-08-29T10:13:13.845+0000] {processor.py:156} INFO - Started process (PID=579) to work on /home/airflow/.local/lib/python3.7/site-packages/airflow/example_dags/example_branch_operator_decorator.py
[2025-08-29T10:13:13.846+0000] {processor.py:758} INFO - Processing file /home/airflow/.local/lib/python3.7/site-packages/airflow/example_dags/example_branch_operator_decorator.py for tasks to queue
[2025-08-29T10:13:13.847+0000] {logging_mixin.py:117} INFO - [2025-08-29T10:13:13.847+0000] {dagbag.py:525} INFO - Filling up the DagBag from /home/airflow/.local/lib/python3.7/site-packages/airflow/example_dags/example_branch_operator_decorator.py
[2025-08-29T10:13:13.859+0000] {processor.py:768} INFO - DAG(s) dict_keys(['example_branch_python_operator_decorator']) retrieved from /home/airflow/.local/lib/python3.7/site-packages/airflow/example_dags/example_branch_operator_decorator.py
[2025-08-29T10:13:13.877+0000] {logging_mixin.py:117} INFO - [2025-08-29T10:13:13.877+0000] {dag.py:2573} INFO - Sync 1 DAGs
[2025-08-29T10:13:13.888+0000] {logging_mixin.py:117} INFO - [2025-08-29T10:13:13.888+0000] {dag.py:3328} INFO - Setting next_dagrun for example_branch_python_operator_decorator to 2025-08-28T00:00:00+00:00, run_after=2025-08-29T00:00:00+00:00
[2025-08-29T10:13:13.896+0000] {processor.py:178} INFO - Processing /home/airflow/.local/lib/python3.7/site-packages/airflow/example_dags/example_branch_operator_decorator.py took 0.052 seconds
[2025-08-29T10:13:44.370+0000] {processor.py:156} INFO - Started process (PID=644) to work on /home/airflow/.local/lib/python3.7/site-packages/airflow/example_dags/example_branch_operator_decorator.py
[2025-08-29T10:13:44.371+0000] {processor.py:758} INFO - Processing file /home/airflow/.local/lib/python3.7/site-packages/airflow/example_dags/example_branch_operator_decorator.py for tasks to queue
[2025-08-29T10:13:44.372+0000] {logging_mixin.py:117} INFO - [2025-08-29T10:13:44.372+0000] {dagbag.py:525} INFO - Filling up the DagBag from /home/airflow/.local/lib/python3.7/site-packages/airflow/example_dags/example_branch_operator_decorator.py
[2025-08-29T10:13:44.382+0000] {processor.py:768} INFO - DAG(s) dict_keys(['example_branch_python_operator_decorator']) retrieved from /home/airflow/.local/lib/python3.7/site-packages/airflow/example_dags/example_branch_operator_decorator.py
[2025-08-29T10:13:44.398+0000] {logging_mixin.py:117} INFO - [2025-08-29T10:13:44.397+0000] {dag.py:2573} INFO - Sync 1 DAGs
[2025-08-29T10:13:44.410+0000] {logging_mixin.py:117} INFO - [2025-08-29T10:13:44.410+0000] {dag.py:3328} INFO - Setting next_dagrun for example_branch_python_operator_decorator to 2025-08-28T00:00:00+00:00, run_after=2025-08-29T00:00:00+00:00
[2025-08-29T10:13:44.418+0000] {processor.py:178} INFO - Processing /home/airflow/.local/lib/python3.7/site-packages/airflow/example_dags/example_branch_operator_decorator.py took 0.049 seconds
[2025-08-29T10:14:14.927+0000] {processor.py:156} INFO - Started process (PID=709) to work on /home/airflow/.local/lib/python3.7/site-packages/airflow/example_dags/example_branch_operator_decorator.py
[2025-08-29T10:14:14.928+0000] {processor.py:758} INFO - Processing file /home/airflow/.local/lib/python3.7/site-packages/airflow/example_dags/example_branch_operator_decorator.py for tasks to queue
[2025-08-29T10:14:14.928+0000] {logging_mixin.py:117} INFO - [2025-08-29T10:14:14.928+0000] {dagbag.py:525} INFO - Filling up the DagBag from /home/airflow/.local/lib/python3.7/site-packages/airflow/example_dags/example_branch_operator_decorator.py
[2025-08-29T10:14:14.938+0000] {processor.py:768} INFO - DAG(s) dict_keys(['example_branch_python_operator_decorator']) retrieved from /home/airflow/.local/lib/python3.7/site-packages/airflow/example_dags/example_branch_operator_decorator.py
[2025-08-29T10:14:14.959+0000] {logging_mixin.py:117} INFO - [2025-08-29T10:14:14.959+0000] {dag.py:2573} INFO - Sync 1 DAGs
[2025-08-29T10:14:14.972+0000] {logging_mixin.py:117} INFO - [2025-08-29T10:14:14.972+0000] {dag.py:3328} INFO - Setting next_dagrun for example_branch_python_operator_decorator to 2025-08-28T00:00:00+00:00, run_after=2025-08-29T00:00:00+00:00
[2025-08-29T10:14:14.984+0000] {processor.py:178} INFO - Processing /home/airflow/.local/lib/python3.7/site-packages/airflow/example_dags/example_branch_operator_decorator.py took 0.059 seconds
[2025-08-29T10:14:45.811+0000] {processor.py:156} INFO - Started process (PID=774) to work on /home/airflow/.local/lib/python3.7/site-packages/airflow/example_dags/example_branch_operator_decorator.py
[2025-08-29T10:14:45.812+0000] {processor.py:758} INFO - Processing file /home/airflow/.local/lib/python3.7/site-packages/airflow/example_dags/example_branch_operator_decorator.py for tasks to queue
[2025-08-29T10:14:45.813+0000] {logging_mixin.py:117} INFO - [2025-08-29T10:14:45.813+0000] {dagbag.py:525} INFO - Filling up the DagBag from /home/airflow/.local/lib/python3.7/site-packages/airflow/example_dags/example_branch_operator_decorator.py
[2025-08-29T10:14:45.823+0000] {processor.py:768} INFO - DAG(s) dict_keys(['example_branch_python_operator_decorator']) retrieved from /home/airflow/.local/lib/python3.7/site-packages/airflow/example_dags/example_branch_operator_decorator.py
[2025-08-29T10:14:45.840+0000] {logging_mixin.py:117} INFO - [2025-08-29T10:14:45.840+0000] {dag.py:2573} INFO - Sync 1 DAGs
[2025-08-29T10:14:45.849+0000] {logging_mixin.py:117} INFO - [2025-08-29T10:14:45.849+0000] {dag.py:3328} INFO - Setting next_dagrun for example_branch_python_operator_decorator to 2025-08-28T00:00:00+00:00, run_after=2025-08-29T00:00:00+00:00
[2025-08-29T10:14:45.858+0000] {processor.py:178} INFO - Processing /home/airflow/.local/lib/python3.7/site-packages/airflow/example_dags/example_branch_operator_decorator.py took 0.049 seconds
