[2025-08-29T10:09:08.406+0000] {processor.py:156} INFO - Started process (PID=55) to work on /home/airflow/.local/lib/python3.7/site-packages/airflow/example_dags/example_python_operator.py
[2025-08-29T10:09:08.408+0000] {processor.py:758} INFO - Processing file /home/airflow/.local/lib/python3.7/site-packages/airflow/example_dags/example_python_operator.py for tasks to queue
[2025-08-29T10:09:08.409+0000] {logging_mixin.py:117} INFO - [2025-08-29T10:09:08.409+0000] {dagbag.py:525} INFO - Filling up the DagBag from /home/airflow/.local/lib/python3.7/site-packages/airflow/example_dags/example_python_operator.py
[2025-08-29T10:09:08.437+0000] {processor.py:768} INFO - DAG(s) dict_keys(['example_python_operator']) retrieved from /home/airflow/.local/lib/python3.7/site-packages/airflow/example_dags/example_python_operator.py
[2025-08-29T10:09:08.460+0000] {logging_mixin.py:117} INFO - [2025-08-29T10:09:08.460+0000] {dag.py:2573} INFO - Sync 1 DAGs
[2025-08-29T10:09:08.476+0000] {logging_mixin.py:117} INFO - [2025-08-29T10:09:08.476+0000] {dag.py:3328} INFO - Setting next_dagrun for example_python_operator to None, run_after=None
[2025-08-29T10:09:08.491+0000] {processor.py:178} INFO - Processing /home/airflow/.local/lib/python3.7/site-packages/airflow/example_dags/example_python_operator.py took 0.088 seconds
[2025-08-29T10:09:38.891+0000] {processor.py:156} INFO - Started process (PID=120) to work on /home/airflow/.local/lib/python3.7/site-packages/airflow/example_dags/example_python_operator.py
[2025-08-29T10:09:38.892+0000] {processor.py:758} INFO - Processing file /home/airflow/.local/lib/python3.7/site-packages/airflow/example_dags/example_python_operator.py for tasks to queue
[2025-08-29T10:09:38.895+0000] {logging_mixin.py:117} INFO - [2025-08-29T10:09:38.895+0000] {dagbag.py:525} INFO - Filling up the DagBag from /home/airflow/.local/lib/python3.7/site-packages/airflow/example_dags/example_python_operator.py
[2025-08-29T10:09:38.907+0000] {processor.py:768} INFO - DAG(s) dict_keys(['example_python_operator']) retrieved from /home/airflow/.local/lib/python3.7/site-packages/airflow/example_dags/example_python_operator.py
[2025-08-29T10:09:38.929+0000] {logging_mixin.py:117} INFO - [2025-08-29T10:09:38.929+0000] {dag.py:2573} INFO - Sync 1 DAGs
[2025-08-29T10:09:38.939+0000] {logging_mixin.py:117} INFO - [2025-08-29T10:09:38.939+0000] {dag.py:3328} INFO - Setting next_dagrun for example_python_operator to None, run_after=None
[2025-08-29T10:09:38.949+0000] {processor.py:178} INFO - Processing /home/airflow/.local/lib/python3.7/site-packages/airflow/example_dags/example_python_operator.py took 0.059 seconds
[2025-08-29T10:10:09.609+0000] {processor.py:156} INFO - Started process (PID=186) to work on /home/airflow/.local/lib/python3.7/site-packages/airflow/example_dags/example_python_operator.py
[2025-08-29T10:10:09.611+0000] {processor.py:758} INFO - Processing file /home/airflow/.local/lib/python3.7/site-packages/airflow/example_dags/example_python_operator.py for tasks to queue
[2025-08-29T10:10:09.612+0000] {logging_mixin.py:117} INFO - [2025-08-29T10:10:09.612+0000] {dagbag.py:525} INFO - Filling up the DagBag from /home/airflow/.local/lib/python3.7/site-packages/airflow/example_dags/example_python_operator.py
[2025-08-29T10:10:09.622+0000] {processor.py:768} INFO - DAG(s) dict_keys(['example_python_operator']) retrieved from /home/airflow/.local/lib/python3.7/site-packages/airflow/example_dags/example_python_operator.py
[2025-08-29T10:10:09.643+0000] {logging_mixin.py:117} INFO - [2025-08-29T10:10:09.643+0000] {dag.py:2573} INFO - Sync 1 DAGs
[2025-08-29T10:10:09.655+0000] {logging_mixin.py:117} INFO - [2025-08-29T10:10:09.655+0000] {dag.py:3328} INFO - Setting next_dagrun for example_python_operator to None, run_after=None
[2025-08-29T10:10:09.673+0000] {processor.py:178} INFO - Processing /home/airflow/.local/lib/python3.7/site-packages/airflow/example_dags/example_python_operator.py took 0.065 seconds
[2025-08-29T10:10:40.172+0000] {processor.py:156} INFO - Started process (PID=251) to work on /home/airflow/.local/lib/python3.7/site-packages/airflow/example_dags/example_python_operator.py
[2025-08-29T10:10:40.174+0000] {processor.py:758} INFO - Processing file /home/airflow/.local/lib/python3.7/site-packages/airflow/example_dags/example_python_operator.py for tasks to queue
[2025-08-29T10:10:40.175+0000] {logging_mixin.py:117} INFO - [2025-08-29T10:10:40.175+0000] {dagbag.py:525} INFO - Filling up the DagBag from /home/airflow/.local/lib/python3.7/site-packages/airflow/example_dags/example_python_operator.py
[2025-08-29T10:10:40.189+0000] {processor.py:768} INFO - DAG(s) dict_keys(['example_python_operator']) retrieved from /home/airflow/.local/lib/python3.7/site-packages/airflow/example_dags/example_python_operator.py
[2025-08-29T10:10:40.209+0000] {logging_mixin.py:117} INFO - [2025-08-29T10:10:40.209+0000] {dag.py:2573} INFO - Sync 1 DAGs
[2025-08-29T10:10:40.220+0000] {logging_mixin.py:117} INFO - [2025-08-29T10:10:40.220+0000] {dag.py:3328} INFO - Setting next_dagrun for example_python_operator to None, run_after=None
[2025-08-29T10:10:40.229+0000] {processor.py:178} INFO - Processing /home/airflow/.local/lib/python3.7/site-packages/airflow/example_dags/example_python_operator.py took 0.058 seconds
[2025-08-29T10:11:10.824+0000] {processor.py:156} INFO - Started process (PID=316) to work on /home/airflow/.local/lib/python3.7/site-packages/airflow/example_dags/example_python_operator.py
[2025-08-29T10:11:10.825+0000] {processor.py:758} INFO - Processing file /home/airflow/.local/lib/python3.7/site-packages/airflow/example_dags/example_python_operator.py for tasks to queue
[2025-08-29T10:11:10.826+0000] {logging_mixin.py:117} INFO - [2025-08-29T10:11:10.826+0000] {dagbag.py:525} INFO - Filling up the DagBag from /home/airflow/.local/lib/python3.7/site-packages/airflow/example_dags/example_python_operator.py
[2025-08-29T10:11:10.839+0000] {processor.py:768} INFO - DAG(s) dict_keys(['example_python_operator']) retrieved from /home/airflow/.local/lib/python3.7/site-packages/airflow/example_dags/example_python_operator.py
[2025-08-29T10:11:10.870+0000] {logging_mixin.py:117} INFO - [2025-08-29T10:11:10.869+0000] {dag.py:2573} INFO - Sync 1 DAGs
[2025-08-29T10:11:10.885+0000] {logging_mixin.py:117} INFO - [2025-08-29T10:11:10.885+0000] {dag.py:3328} INFO - Setting next_dagrun for example_python_operator to None, run_after=None
[2025-08-29T10:11:10.896+0000] {processor.py:178} INFO - Processing /home/airflow/.local/lib/python3.7/site-packages/airflow/example_dags/example_python_operator.py took 0.074 seconds
[2025-08-29T10:11:41.442+0000] {processor.py:156} INFO - Started process (PID=372) to work on /home/airflow/.local/lib/python3.7/site-packages/airflow/example_dags/example_python_operator.py
[2025-08-29T10:11:41.442+0000] {processor.py:758} INFO - Processing file /home/airflow/.local/lib/python3.7/site-packages/airflow/example_dags/example_python_operator.py for tasks to queue
[2025-08-29T10:11:41.443+0000] {logging_mixin.py:117} INFO - [2025-08-29T10:11:41.443+0000] {dagbag.py:525} INFO - Filling up the DagBag from /home/airflow/.local/lib/python3.7/site-packages/airflow/example_dags/example_python_operator.py
[2025-08-29T10:11:41.455+0000] {processor.py:768} INFO - DAG(s) dict_keys(['example_python_operator']) retrieved from /home/airflow/.local/lib/python3.7/site-packages/airflow/example_dags/example_python_operator.py
[2025-08-29T10:11:41.476+0000] {logging_mixin.py:117} INFO - [2025-08-29T10:11:41.476+0000] {dag.py:2573} INFO - Sync 1 DAGs
[2025-08-29T10:11:41.488+0000] {logging_mixin.py:117} INFO - [2025-08-29T10:11:41.488+0000] {dag.py:3328} INFO - Setting next_dagrun for example_python_operator to None, run_after=None
[2025-08-29T10:11:41.499+0000] {processor.py:178} INFO - Processing /home/airflow/.local/lib/python3.7/site-packages/airflow/example_dags/example_python_operator.py took 0.062 seconds
[2025-08-29T10:12:12.438+0000] {processor.py:156} INFO - Started process (PID=437) to work on /home/airflow/.local/lib/python3.7/site-packages/airflow/example_dags/example_python_operator.py
[2025-08-29T10:12:12.439+0000] {processor.py:758} INFO - Processing file /home/airflow/.local/lib/python3.7/site-packages/airflow/example_dags/example_python_operator.py for tasks to queue
[2025-08-29T10:12:12.439+0000] {logging_mixin.py:117} INFO - [2025-08-29T10:12:12.439+0000] {dagbag.py:525} INFO - Filling up the DagBag from /home/airflow/.local/lib/python3.7/site-packages/airflow/example_dags/example_python_operator.py
[2025-08-29T10:12:12.449+0000] {processor.py:768} INFO - DAG(s) dict_keys(['example_python_operator']) retrieved from /home/airflow/.local/lib/python3.7/site-packages/airflow/example_dags/example_python_operator.py
[2025-08-29T10:12:12.467+0000] {logging_mixin.py:117} INFO - [2025-08-29T10:12:12.467+0000] {dag.py:2573} INFO - Sync 1 DAGs
[2025-08-29T10:12:12.478+0000] {logging_mixin.py:117} INFO - [2025-08-29T10:12:12.478+0000] {dag.py:3328} INFO - Setting next_dagrun for example_python_operator to None, run_after=None
[2025-08-29T10:12:12.486+0000] {processor.py:178} INFO - Processing /home/airflow/.local/lib/python3.7/site-packages/airflow/example_dags/example_python_operator.py took 0.050 seconds
[2025-08-29T10:12:42.983+0000] {processor.py:156} INFO - Started process (PID=502) to work on /home/airflow/.local/lib/python3.7/site-packages/airflow/example_dags/example_python_operator.py
[2025-08-29T10:12:42.984+0000] {processor.py:758} INFO - Processing file /home/airflow/.local/lib/python3.7/site-packages/airflow/example_dags/example_python_operator.py for tasks to queue
[2025-08-29T10:12:42.984+0000] {logging_mixin.py:117} INFO - [2025-08-29T10:12:42.984+0000] {dagbag.py:525} INFO - Filling up the DagBag from /home/airflow/.local/lib/python3.7/site-packages/airflow/example_dags/example_python_operator.py
[2025-08-29T10:12:42.995+0000] {processor.py:768} INFO - DAG(s) dict_keys(['example_python_operator']) retrieved from /home/airflow/.local/lib/python3.7/site-packages/airflow/example_dags/example_python_operator.py
[2025-08-29T10:12:43.017+0000] {logging_mixin.py:117} INFO - [2025-08-29T10:12:43.017+0000] {dag.py:2573} INFO - Sync 1 DAGs
[2025-08-29T10:12:43.027+0000] {logging_mixin.py:117} INFO - [2025-08-29T10:12:43.027+0000] {dag.py:3328} INFO - Setting next_dagrun for example_python_operator to None, run_after=None
[2025-08-29T10:12:43.039+0000] {processor.py:178} INFO - Processing /home/airflow/.local/lib/python3.7/site-packages/airflow/example_dags/example_python_operator.py took 0.058 seconds
[2025-08-29T10:13:13.426+0000] {processor.py:156} INFO - Started process (PID=567) to work on /home/airflow/.local/lib/python3.7/site-packages/airflow/example_dags/example_python_operator.py
[2025-08-29T10:13:13.427+0000] {processor.py:758} INFO - Processing file /home/airflow/.local/lib/python3.7/site-packages/airflow/example_dags/example_python_operator.py for tasks to queue
[2025-08-29T10:13:13.427+0000] {logging_mixin.py:117} INFO - [2025-08-29T10:13:13.427+0000] {dagbag.py:525} INFO - Filling up the DagBag from /home/airflow/.local/lib/python3.7/site-packages/airflow/example_dags/example_python_operator.py
[2025-08-29T10:13:13.437+0000] {processor.py:768} INFO - DAG(s) dict_keys(['example_python_operator']) retrieved from /home/airflow/.local/lib/python3.7/site-packages/airflow/example_dags/example_python_operator.py
[2025-08-29T10:13:13.454+0000] {logging_mixin.py:117} INFO - [2025-08-29T10:13:13.454+0000] {dag.py:2573} INFO - Sync 1 DAGs
[2025-08-29T10:13:13.464+0000] {logging_mixin.py:117} INFO - [2025-08-29T10:13:13.464+0000] {dag.py:3328} INFO - Setting next_dagrun for example_python_operator to None, run_after=None
[2025-08-29T10:13:13.472+0000] {processor.py:178} INFO - Processing /home/airflow/.local/lib/python3.7/site-packages/airflow/example_dags/example_python_operator.py took 0.049 seconds
[2025-08-29T10:13:43.962+0000] {processor.py:156} INFO - Started process (PID=632) to work on /home/airflow/.local/lib/python3.7/site-packages/airflow/example_dags/example_python_operator.py
[2025-08-29T10:13:43.963+0000] {processor.py:758} INFO - Processing file /home/airflow/.local/lib/python3.7/site-packages/airflow/example_dags/example_python_operator.py for tasks to queue
[2025-08-29T10:13:43.963+0000] {logging_mixin.py:117} INFO - [2025-08-29T10:13:43.963+0000] {dagbag.py:525} INFO - Filling up the DagBag from /home/airflow/.local/lib/python3.7/site-packages/airflow/example_dags/example_python_operator.py
[2025-08-29T10:13:43.974+0000] {processor.py:768} INFO - DAG(s) dict_keys(['example_python_operator']) retrieved from /home/airflow/.local/lib/python3.7/site-packages/airflow/example_dags/example_python_operator.py
[2025-08-29T10:13:43.990+0000] {logging_mixin.py:117} INFO - [2025-08-29T10:13:43.990+0000] {dag.py:2573} INFO - Sync 1 DAGs
[2025-08-29T10:13:44.000+0000] {logging_mixin.py:117} INFO - [2025-08-29T10:13:43.999+0000] {dag.py:3328} INFO - Setting next_dagrun for example_python_operator to None, run_after=None
[2025-08-29T10:13:44.010+0000] {processor.py:178} INFO - Processing /home/airflow/.local/lib/python3.7/site-packages/airflow/example_dags/example_python_operator.py took 0.050 seconds
[2025-08-29T10:14:14.451+0000] {processor.py:156} INFO - Started process (PID=697) to work on /home/airflow/.local/lib/python3.7/site-packages/airflow/example_dags/example_python_operator.py
[2025-08-29T10:14:14.453+0000] {processor.py:758} INFO - Processing file /home/airflow/.local/lib/python3.7/site-packages/airflow/example_dags/example_python_operator.py for tasks to queue
[2025-08-29T10:14:14.453+0000] {logging_mixin.py:117} INFO - [2025-08-29T10:14:14.453+0000] {dagbag.py:525} INFO - Filling up the DagBag from /home/airflow/.local/lib/python3.7/site-packages/airflow/example_dags/example_python_operator.py
[2025-08-29T10:14:14.464+0000] {processor.py:768} INFO - DAG(s) dict_keys(['example_python_operator']) retrieved from /home/airflow/.local/lib/python3.7/site-packages/airflow/example_dags/example_python_operator.py
[2025-08-29T10:14:14.480+0000] {logging_mixin.py:117} INFO - [2025-08-29T10:14:14.479+0000] {dag.py:2573} INFO - Sync 1 DAGs
[2025-08-29T10:14:14.492+0000] {logging_mixin.py:117} INFO - [2025-08-29T10:14:14.492+0000] {dag.py:3328} INFO - Setting next_dagrun for example_python_operator to None, run_after=None
[2025-08-29T10:14:14.501+0000] {processor.py:178} INFO - Processing /home/airflow/.local/lib/python3.7/site-packages/airflow/example_dags/example_python_operator.py took 0.052 seconds
[2025-08-29T10:14:45.328+0000] {processor.py:156} INFO - Started process (PID=762) to work on /home/airflow/.local/lib/python3.7/site-packages/airflow/example_dags/example_python_operator.py
[2025-08-29T10:14:45.328+0000] {processor.py:758} INFO - Processing file /home/airflow/.local/lib/python3.7/site-packages/airflow/example_dags/example_python_operator.py for tasks to queue
[2025-08-29T10:14:45.329+0000] {logging_mixin.py:117} INFO - [2025-08-29T10:14:45.329+0000] {dagbag.py:525} INFO - Filling up the DagBag from /home/airflow/.local/lib/python3.7/site-packages/airflow/example_dags/example_python_operator.py
[2025-08-29T10:14:45.343+0000] {processor.py:768} INFO - DAG(s) dict_keys(['example_python_operator']) retrieved from /home/airflow/.local/lib/python3.7/site-packages/airflow/example_dags/example_python_operator.py
[2025-08-29T10:14:45.366+0000] {logging_mixin.py:117} INFO - [2025-08-29T10:14:45.366+0000] {dag.py:2573} INFO - Sync 1 DAGs
[2025-08-29T10:14:45.378+0000] {logging_mixin.py:117} INFO - [2025-08-29T10:14:45.378+0000] {dag.py:3328} INFO - Setting next_dagrun for example_python_operator to None, run_after=None
[2025-08-29T10:14:45.386+0000] {processor.py:178} INFO - Processing /home/airflow/.local/lib/python3.7/site-packages/airflow/example_dags/example_python_operator.py took 0.059 seconds
