[2025-08-29T10:09:07.285+0000] {processor.py:156} INFO - Started process (PID=40) to work on /home/airflow/.local/lib/python3.7/site-packages/airflow/example_dags/example_nested_branch_dag.py
[2025-08-29T10:09:07.286+0000] {processor.py:758} INFO - Processing file /home/airflow/.local/lib/python3.7/site-packages/airflow/example_dags/example_nested_branch_dag.py for tasks to queue
[2025-08-29T10:09:07.288+0000] {logging_mixin.py:117} INFO - [2025-08-29T10:09:07.288+0000] {dagbag.py:525} INFO - Filling up the DagBag from /home/airflow/.local/lib/python3.7/site-packages/airflow/example_dags/example_nested_branch_dag.py
[2025-08-29T10:09:07.349+0000] {processor.py:768} INFO - DAG(s) dict_keys(['example_nested_branch_dag']) retrieved from /home/airflow/.local/lib/python3.7/site-packages/airflow/example_dags/example_nested_branch_dag.py
[2025-08-29T10:09:07.366+0000] {logging_mixin.py:117} INFO - [2025-08-29T10:09:07.366+0000] {dag.py:2573} INFO - Sync 1 DAGs
[2025-08-29T10:09:07.383+0000] {logging_mixin.py:117} INFO - [2025-08-29T10:09:07.382+0000] {dag.py:3328} INFO - Setting next_dagrun for example_nested_branch_dag to 2025-08-28T00:00:00+00:00, run_after=2025-08-29T00:00:00+00:00
[2025-08-29T10:09:07.391+0000] {processor.py:178} INFO - Processing /home/airflow/.local/lib/python3.7/site-packages/airflow/example_dags/example_nested_branch_dag.py took 0.110 seconds
[2025-08-29T10:09:38.184+0000] {processor.py:156} INFO - Started process (PID=104) to work on /home/airflow/.local/lib/python3.7/site-packages/airflow/example_dags/example_nested_branch_dag.py
[2025-08-29T10:09:38.185+0000] {processor.py:758} INFO - Processing file /home/airflow/.local/lib/python3.7/site-packages/airflow/example_dags/example_nested_branch_dag.py for tasks to queue
[2025-08-29T10:09:38.187+0000] {logging_mixin.py:117} INFO - [2025-08-29T10:09:38.186+0000] {dagbag.py:525} INFO - Filling up the DagBag from /home/airflow/.local/lib/python3.7/site-packages/airflow/example_dags/example_nested_branch_dag.py
[2025-08-29T10:09:38.210+0000] {processor.py:768} INFO - DAG(s) dict_keys(['example_nested_branch_dag']) retrieved from /home/airflow/.local/lib/python3.7/site-packages/airflow/example_dags/example_nested_branch_dag.py
[2025-08-29T10:09:38.246+0000] {logging_mixin.py:117} INFO - [2025-08-29T10:09:38.246+0000] {dag.py:2573} INFO - Sync 1 DAGs
[2025-08-29T10:09:38.258+0000] {logging_mixin.py:117} INFO - [2025-08-29T10:09:38.258+0000] {dag.py:3328} INFO - Setting next_dagrun for example_nested_branch_dag to 2025-08-28T00:00:00+00:00, run_after=2025-08-29T00:00:00+00:00
[2025-08-29T10:09:38.268+0000] {processor.py:178} INFO - Processing /home/airflow/.local/lib/python3.7/site-packages/airflow/example_dags/example_nested_branch_dag.py took 0.094 seconds
[2025-08-29T10:10:09.063+0000] {processor.py:156} INFO - Started process (PID=171) to work on /home/airflow/.local/lib/python3.7/site-packages/airflow/example_dags/example_nested_branch_dag.py
[2025-08-29T10:10:09.064+0000] {processor.py:758} INFO - Processing file /home/airflow/.local/lib/python3.7/site-packages/airflow/example_dags/example_nested_branch_dag.py for tasks to queue
[2025-08-29T10:10:09.065+0000] {logging_mixin.py:117} INFO - [2025-08-29T10:10:09.064+0000] {dagbag.py:525} INFO - Filling up the DagBag from /home/airflow/.local/lib/python3.7/site-packages/airflow/example_dags/example_nested_branch_dag.py
[2025-08-29T10:10:09.085+0000] {processor.py:768} INFO - DAG(s) dict_keys(['example_nested_branch_dag']) retrieved from /home/airflow/.local/lib/python3.7/site-packages/airflow/example_dags/example_nested_branch_dag.py
[2025-08-29T10:10:09.118+0000] {logging_mixin.py:117} INFO - [2025-08-29T10:10:09.118+0000] {dag.py:2573} INFO - Sync 1 DAGs
[2025-08-29T10:10:09.133+0000] {logging_mixin.py:117} INFO - [2025-08-29T10:10:09.133+0000] {dag.py:3328} INFO - Setting next_dagrun for example_nested_branch_dag to 2025-08-28T00:00:00+00:00, run_after=2025-08-29T00:00:00+00:00
[2025-08-29T10:10:09.145+0000] {processor.py:178} INFO - Processing /home/airflow/.local/lib/python3.7/site-packages/airflow/example_dags/example_nested_branch_dag.py took 0.086 seconds
[2025-08-29T10:10:39.650+0000] {processor.py:156} INFO - Started process (PID=236) to work on /home/airflow/.local/lib/python3.7/site-packages/airflow/example_dags/example_nested_branch_dag.py
[2025-08-29T10:10:39.651+0000] {processor.py:758} INFO - Processing file /home/airflow/.local/lib/python3.7/site-packages/airflow/example_dags/example_nested_branch_dag.py for tasks to queue
[2025-08-29T10:10:39.651+0000] {logging_mixin.py:117} INFO - [2025-08-29T10:10:39.651+0000] {dagbag.py:525} INFO - Filling up the DagBag from /home/airflow/.local/lib/python3.7/site-packages/airflow/example_dags/example_nested_branch_dag.py
[2025-08-29T10:10:39.677+0000] {processor.py:768} INFO - DAG(s) dict_keys(['example_nested_branch_dag']) retrieved from /home/airflow/.local/lib/python3.7/site-packages/airflow/example_dags/example_nested_branch_dag.py
[2025-08-29T10:10:39.708+0000] {logging_mixin.py:117} INFO - [2025-08-29T10:10:39.708+0000] {dag.py:2573} INFO - Sync 1 DAGs
[2025-08-29T10:10:39.721+0000] {logging_mixin.py:117} INFO - [2025-08-29T10:10:39.721+0000] {dag.py:3328} INFO - Setting next_dagrun for example_nested_branch_dag to 2025-08-28T00:00:00+00:00, run_after=2025-08-29T00:00:00+00:00
[2025-08-29T10:10:39.729+0000] {processor.py:178} INFO - Processing /home/airflow/.local/lib/python3.7/site-packages/airflow/example_dags/example_nested_branch_dag.py took 0.083 seconds
[2025-08-29T10:11:10.189+0000] {processor.py:156} INFO - Started process (PID=301) to work on /home/airflow/.local/lib/python3.7/site-packages/airflow/example_dags/example_nested_branch_dag.py
[2025-08-29T10:11:10.190+0000] {processor.py:758} INFO - Processing file /home/airflow/.local/lib/python3.7/site-packages/airflow/example_dags/example_nested_branch_dag.py for tasks to queue
[2025-08-29T10:11:10.191+0000] {logging_mixin.py:117} INFO - [2025-08-29T10:11:10.190+0000] {dagbag.py:525} INFO - Filling up the DagBag from /home/airflow/.local/lib/python3.7/site-packages/airflow/example_dags/example_nested_branch_dag.py
[2025-08-29T10:11:10.216+0000] {processor.py:768} INFO - DAG(s) dict_keys(['example_nested_branch_dag']) retrieved from /home/airflow/.local/lib/python3.7/site-packages/airflow/example_dags/example_nested_branch_dag.py
[2025-08-29T10:11:10.247+0000] {logging_mixin.py:117} INFO - [2025-08-29T10:11:10.247+0000] {dag.py:2573} INFO - Sync 1 DAGs
[2025-08-29T10:11:10.267+0000] {logging_mixin.py:117} INFO - [2025-08-29T10:11:10.267+0000] {dag.py:3328} INFO - Setting next_dagrun for example_nested_branch_dag to 2025-08-28T00:00:00+00:00, run_after=2025-08-29T00:00:00+00:00
[2025-08-29T10:11:10.290+0000] {processor.py:178} INFO - Processing /home/airflow/.local/lib/python3.7/site-packages/airflow/example_dags/example_nested_branch_dag.py took 0.104 seconds
[2025-08-29T10:11:40.823+0000] {processor.py:156} INFO - Started process (PID=357) to work on /home/airflow/.local/lib/python3.7/site-packages/airflow/example_dags/example_nested_branch_dag.py
[2025-08-29T10:11:40.824+0000] {processor.py:758} INFO - Processing file /home/airflow/.local/lib/python3.7/site-packages/airflow/example_dags/example_nested_branch_dag.py for tasks to queue
[2025-08-29T10:11:40.827+0000] {logging_mixin.py:117} INFO - [2025-08-29T10:11:40.827+0000] {dagbag.py:525} INFO - Filling up the DagBag from /home/airflow/.local/lib/python3.7/site-packages/airflow/example_dags/example_nested_branch_dag.py
[2025-08-29T10:11:40.857+0000] {processor.py:768} INFO - DAG(s) dict_keys(['example_nested_branch_dag']) retrieved from /home/airflow/.local/lib/python3.7/site-packages/airflow/example_dags/example_nested_branch_dag.py
[2025-08-29T10:11:40.899+0000] {logging_mixin.py:117} INFO - [2025-08-29T10:11:40.899+0000] {dag.py:2573} INFO - Sync 1 DAGs
[2025-08-29T10:11:40.919+0000] {logging_mixin.py:117} INFO - [2025-08-29T10:11:40.919+0000] {dag.py:3328} INFO - Setting next_dagrun for example_nested_branch_dag to 2025-08-28T00:00:00+00:00, run_after=2025-08-29T00:00:00+00:00
[2025-08-29T10:11:40.931+0000] {processor.py:178} INFO - Processing /home/airflow/.local/lib/python3.7/site-packages/airflow/example_dags/example_nested_branch_dag.py took 0.110 seconds
[2025-08-29T10:12:11.861+0000] {processor.py:156} INFO - Started process (PID=422) to work on /home/airflow/.local/lib/python3.7/site-packages/airflow/example_dags/example_nested_branch_dag.py
[2025-08-29T10:12:11.862+0000] {processor.py:758} INFO - Processing file /home/airflow/.local/lib/python3.7/site-packages/airflow/example_dags/example_nested_branch_dag.py for tasks to queue
[2025-08-29T10:12:11.863+0000] {logging_mixin.py:117} INFO - [2025-08-29T10:12:11.863+0000] {dagbag.py:525} INFO - Filling up the DagBag from /home/airflow/.local/lib/python3.7/site-packages/airflow/example_dags/example_nested_branch_dag.py
[2025-08-29T10:12:11.894+0000] {processor.py:768} INFO - DAG(s) dict_keys(['example_nested_branch_dag']) retrieved from /home/airflow/.local/lib/python3.7/site-packages/airflow/example_dags/example_nested_branch_dag.py
[2025-08-29T10:12:11.929+0000] {logging_mixin.py:117} INFO - [2025-08-29T10:12:11.929+0000] {dag.py:2573} INFO - Sync 1 DAGs
[2025-08-29T10:12:11.945+0000] {logging_mixin.py:117} INFO - [2025-08-29T10:12:11.945+0000] {dag.py:3328} INFO - Setting next_dagrun for example_nested_branch_dag to 2025-08-28T00:00:00+00:00, run_after=2025-08-29T00:00:00+00:00
[2025-08-29T10:12:11.956+0000] {processor.py:178} INFO - Processing /home/airflow/.local/lib/python3.7/site-packages/airflow/example_dags/example_nested_branch_dag.py took 0.097 seconds
[2025-08-29T10:12:42.447+0000] {processor.py:156} INFO - Started process (PID=487) to work on /home/airflow/.local/lib/python3.7/site-packages/airflow/example_dags/example_nested_branch_dag.py
[2025-08-29T10:12:42.449+0000] {processor.py:758} INFO - Processing file /home/airflow/.local/lib/python3.7/site-packages/airflow/example_dags/example_nested_branch_dag.py for tasks to queue
[2025-08-29T10:12:42.450+0000] {logging_mixin.py:117} INFO - [2025-08-29T10:12:42.450+0000] {dagbag.py:525} INFO - Filling up the DagBag from /home/airflow/.local/lib/python3.7/site-packages/airflow/example_dags/example_nested_branch_dag.py
[2025-08-29T10:12:42.473+0000] {processor.py:768} INFO - DAG(s) dict_keys(['example_nested_branch_dag']) retrieved from /home/airflow/.local/lib/python3.7/site-packages/airflow/example_dags/example_nested_branch_dag.py
[2025-08-29T10:12:42.509+0000] {logging_mixin.py:117} INFO - [2025-08-29T10:12:42.509+0000] {dag.py:2573} INFO - Sync 1 DAGs
[2025-08-29T10:12:42.526+0000] {logging_mixin.py:117} INFO - [2025-08-29T10:12:42.526+0000] {dag.py:3328} INFO - Setting next_dagrun for example_nested_branch_dag to 2025-08-28T00:00:00+00:00, run_after=2025-08-29T00:00:00+00:00
[2025-08-29T10:12:42.536+0000] {processor.py:178} INFO - Processing /home/airflow/.local/lib/python3.7/site-packages/airflow/example_dags/example_nested_branch_dag.py took 0.091 seconds
[2025-08-29T10:13:12.903+0000] {processor.py:156} INFO - Started process (PID=552) to work on /home/airflow/.local/lib/python3.7/site-packages/airflow/example_dags/example_nested_branch_dag.py
[2025-08-29T10:13:12.905+0000] {processor.py:758} INFO - Processing file /home/airflow/.local/lib/python3.7/site-packages/airflow/example_dags/example_nested_branch_dag.py for tasks to queue
[2025-08-29T10:13:12.906+0000] {logging_mixin.py:117} INFO - [2025-08-29T10:13:12.906+0000] {dagbag.py:525} INFO - Filling up the DagBag from /home/airflow/.local/lib/python3.7/site-packages/airflow/example_dags/example_nested_branch_dag.py
[2025-08-29T10:13:12.930+0000] {processor.py:768} INFO - DAG(s) dict_keys(['example_nested_branch_dag']) retrieved from /home/airflow/.local/lib/python3.7/site-packages/airflow/example_dags/example_nested_branch_dag.py
[2025-08-29T10:13:12.963+0000] {logging_mixin.py:117} INFO - [2025-08-29T10:13:12.963+0000] {dag.py:2573} INFO - Sync 1 DAGs
[2025-08-29T10:13:12.977+0000] {logging_mixin.py:117} INFO - [2025-08-29T10:13:12.977+0000] {dag.py:3328} INFO - Setting next_dagrun for example_nested_branch_dag to 2025-08-28T00:00:00+00:00, run_after=2025-08-29T00:00:00+00:00
[2025-08-29T10:13:12.987+0000] {processor.py:178} INFO - Processing /home/airflow/.local/lib/python3.7/site-packages/airflow/example_dags/example_nested_branch_dag.py took 0.087 seconds
[2025-08-29T10:13:43.446+0000] {processor.py:156} INFO - Started process (PID=617) to work on /home/airflow/.local/lib/python3.7/site-packages/airflow/example_dags/example_nested_branch_dag.py
[2025-08-29T10:13:43.448+0000] {processor.py:758} INFO - Processing file /home/airflow/.local/lib/python3.7/site-packages/airflow/example_dags/example_nested_branch_dag.py for tasks to queue
[2025-08-29T10:13:43.449+0000] {logging_mixin.py:117} INFO - [2025-08-29T10:13:43.449+0000] {dagbag.py:525} INFO - Filling up the DagBag from /home/airflow/.local/lib/python3.7/site-packages/airflow/example_dags/example_nested_branch_dag.py
[2025-08-29T10:13:43.472+0000] {processor.py:768} INFO - DAG(s) dict_keys(['example_nested_branch_dag']) retrieved from /home/airflow/.local/lib/python3.7/site-packages/airflow/example_dags/example_nested_branch_dag.py
[2025-08-29T10:13:43.503+0000] {logging_mixin.py:117} INFO - [2025-08-29T10:13:43.503+0000] {dag.py:2573} INFO - Sync 1 DAGs
[2025-08-29T10:13:43.516+0000] {logging_mixin.py:117} INFO - [2025-08-29T10:13:43.516+0000] {dag.py:3328} INFO - Setting next_dagrun for example_nested_branch_dag to 2025-08-28T00:00:00+00:00, run_after=2025-08-29T00:00:00+00:00
[2025-08-29T10:13:43.526+0000] {processor.py:178} INFO - Processing /home/airflow/.local/lib/python3.7/site-packages/airflow/example_dags/example_nested_branch_dag.py took 0.083 seconds
[2025-08-29T10:14:13.952+0000] {processor.py:156} INFO - Started process (PID=682) to work on /home/airflow/.local/lib/python3.7/site-packages/airflow/example_dags/example_nested_branch_dag.py
[2025-08-29T10:14:13.953+0000] {processor.py:758} INFO - Processing file /home/airflow/.local/lib/python3.7/site-packages/airflow/example_dags/example_nested_branch_dag.py for tasks to queue
[2025-08-29T10:14:13.953+0000] {logging_mixin.py:117} INFO - [2025-08-29T10:14:13.953+0000] {dagbag.py:525} INFO - Filling up the DagBag from /home/airflow/.local/lib/python3.7/site-packages/airflow/example_dags/example_nested_branch_dag.py
[2025-08-29T10:14:13.972+0000] {processor.py:768} INFO - DAG(s) dict_keys(['example_nested_branch_dag']) retrieved from /home/airflow/.local/lib/python3.7/site-packages/airflow/example_dags/example_nested_branch_dag.py
[2025-08-29T10:14:14.000+0000] {logging_mixin.py:117} INFO - [2025-08-29T10:14:14.000+0000] {dag.py:2573} INFO - Sync 1 DAGs
[2025-08-29T10:14:14.015+0000] {logging_mixin.py:117} INFO - [2025-08-29T10:14:14.014+0000] {dag.py:3328} INFO - Setting next_dagrun for example_nested_branch_dag to 2025-08-28T00:00:00+00:00, run_after=2025-08-29T00:00:00+00:00
[2025-08-29T10:14:14.025+0000] {processor.py:178} INFO - Processing /home/airflow/.local/lib/python3.7/site-packages/airflow/example_dags/example_nested_branch_dag.py took 0.074 seconds
[2025-08-29T10:14:44.549+0000] {processor.py:156} INFO - Started process (PID=747) to work on /home/airflow/.local/lib/python3.7/site-packages/airflow/example_dags/example_nested_branch_dag.py
[2025-08-29T10:14:44.550+0000] {processor.py:758} INFO - Processing file /home/airflow/.local/lib/python3.7/site-packages/airflow/example_dags/example_nested_branch_dag.py for tasks to queue
[2025-08-29T10:14:44.551+0000] {logging_mixin.py:117} INFO - [2025-08-29T10:14:44.551+0000] {dagbag.py:525} INFO - Filling up the DagBag from /home/airflow/.local/lib/python3.7/site-packages/airflow/example_dags/example_nested_branch_dag.py
[2025-08-29T10:14:44.575+0000] {processor.py:768} INFO - DAG(s) dict_keys(['example_nested_branch_dag']) retrieved from /home/airflow/.local/lib/python3.7/site-packages/airflow/example_dags/example_nested_branch_dag.py
[2025-08-29T10:14:44.618+0000] {logging_mixin.py:117} INFO - [2025-08-29T10:14:44.618+0000] {dag.py:2573} INFO - Sync 1 DAGs
[2025-08-29T10:14:44.640+0000] {logging_mixin.py:117} INFO - [2025-08-29T10:14:44.639+0000] {dag.py:3328} INFO - Setting next_dagrun for example_nested_branch_dag to 2025-08-28T00:00:00+00:00, run_after=2025-08-29T00:00:00+00:00
[2025-08-29T10:14:44.653+0000] {processor.py:178} INFO - Processing /home/airflow/.local/lib/python3.7/site-packages/airflow/example_dags/example_nested_branch_dag.py took 0.105 seconds
