[2025-08-29T10:09:09.232+0000] {processor.py:156} INFO - Started process (PID=69) to work on /home/airflow/.local/lib/python3.7/site-packages/airflow/example_dags/example_task_group_decorator.py
[2025-08-29T10:09:09.233+0000] {processor.py:758} INFO - Processing file /home/airflow/.local/lib/python3.7/site-packages/airflow/example_dags/example_task_group_decorator.py for tasks to queue
[2025-08-29T10:09:09.234+0000] {logging_mixin.py:117} INFO - [2025-08-29T10:09:09.234+0000] {dagbag.py:525} INFO - Filling up the DagBag from /home/airflow/.local/lib/python3.7/site-packages/airflow/example_dags/example_task_group_decorator.py
[2025-08-29T10:09:09.252+0000] {processor.py:768} INFO - DAG(s) dict_keys(['example_task_group_decorator']) retrieved from /home/airflow/.local/lib/python3.7/site-packages/airflow/example_dags/example_task_group_decorator.py
[2025-08-29T10:09:09.287+0000] {logging_mixin.py:117} INFO - [2025-08-29T10:09:09.287+0000] {dag.py:2573} INFO - Sync 1 DAGs
[2025-08-29T10:09:09.308+0000] {logging_mixin.py:117} INFO - [2025-08-29T10:09:09.308+0000] {dag.py:3328} INFO - Setting next_dagrun for example_task_group_decorator to 2025-08-28T10:09:09.308537+00:00, run_after=2025-08-29T10:09:09.308537+00:00
[2025-08-29T10:09:09.328+0000] {processor.py:178} INFO - Processing /home/airflow/.local/lib/python3.7/site-packages/airflow/example_dags/example_task_group_decorator.py took 0.102 seconds
[2025-08-29T10:09:39.551+0000] {processor.py:156} INFO - Started process (PID=134) to work on /home/airflow/.local/lib/python3.7/site-packages/airflow/example_dags/example_task_group_decorator.py
[2025-08-29T10:09:39.551+0000] {processor.py:758} INFO - Processing file /home/airflow/.local/lib/python3.7/site-packages/airflow/example_dags/example_task_group_decorator.py for tasks to queue
[2025-08-29T10:09:39.551+0000] {logging_mixin.py:117} INFO - [2025-08-29T10:09:39.551+0000] {dagbag.py:525} INFO - Filling up the DagBag from /home/airflow/.local/lib/python3.7/site-packages/airflow/example_dags/example_task_group_decorator.py
[2025-08-29T10:09:39.566+0000] {processor.py:768} INFO - DAG(s) dict_keys(['example_task_group_decorator']) retrieved from /home/airflow/.local/lib/python3.7/site-packages/airflow/example_dags/example_task_group_decorator.py
[2025-08-29T10:09:39.589+0000] {logging_mixin.py:117} INFO - [2025-08-29T10:09:39.589+0000] {dag.py:2573} INFO - Sync 1 DAGs
[2025-08-29T10:09:39.599+0000] {logging_mixin.py:117} INFO - [2025-08-29T10:09:39.599+0000] {dag.py:3328} INFO - Setting next_dagrun for example_task_group_decorator to 2025-08-28T10:09:39.599048+00:00, run_after=2025-08-29T10:09:39.599048+00:00
[2025-08-29T10:09:39.608+0000] {processor.py:178} INFO - Processing /home/airflow/.local/lib/python3.7/site-packages/airflow/example_dags/example_task_group_decorator.py took 0.058 seconds
[2025-08-29T10:10:10.103+0000] {processor.py:156} INFO - Started process (PID=200) to work on /home/airflow/.local/lib/python3.7/site-packages/airflow/example_dags/example_task_group_decorator.py
[2025-08-29T10:10:10.104+0000] {processor.py:758} INFO - Processing file /home/airflow/.local/lib/python3.7/site-packages/airflow/example_dags/example_task_group_decorator.py for tasks to queue
[2025-08-29T10:10:10.104+0000] {logging_mixin.py:117} INFO - [2025-08-29T10:10:10.104+0000] {dagbag.py:525} INFO - Filling up the DagBag from /home/airflow/.local/lib/python3.7/site-packages/airflow/example_dags/example_task_group_decorator.py
[2025-08-29T10:10:10.116+0000] {processor.py:768} INFO - DAG(s) dict_keys(['example_task_group_decorator']) retrieved from /home/airflow/.local/lib/python3.7/site-packages/airflow/example_dags/example_task_group_decorator.py
[2025-08-29T10:10:10.134+0000] {logging_mixin.py:117} INFO - [2025-08-29T10:10:10.134+0000] {dag.py:2573} INFO - Sync 1 DAGs
[2025-08-29T10:10:10.146+0000] {logging_mixin.py:117} INFO - [2025-08-29T10:10:10.146+0000] {dag.py:3328} INFO - Setting next_dagrun for example_task_group_decorator to 2025-08-28T10:10:10.145981+00:00, run_after=2025-08-29T10:10:10.145981+00:00
[2025-08-29T10:10:10.159+0000] {processor.py:178} INFO - Processing /home/airflow/.local/lib/python3.7/site-packages/airflow/example_dags/example_task_group_decorator.py took 0.057 seconds
[2025-08-29T10:10:40.678+0000] {processor.py:156} INFO - Started process (PID=265) to work on /home/airflow/.local/lib/python3.7/site-packages/airflow/example_dags/example_task_group_decorator.py
[2025-08-29T10:10:40.679+0000] {processor.py:758} INFO - Processing file /home/airflow/.local/lib/python3.7/site-packages/airflow/example_dags/example_task_group_decorator.py for tasks to queue
[2025-08-29T10:10:40.679+0000] {logging_mixin.py:117} INFO - [2025-08-29T10:10:40.679+0000] {dagbag.py:525} INFO - Filling up the DagBag from /home/airflow/.local/lib/python3.7/site-packages/airflow/example_dags/example_task_group_decorator.py
[2025-08-29T10:10:40.692+0000] {processor.py:768} INFO - DAG(s) dict_keys(['example_task_group_decorator']) retrieved from /home/airflow/.local/lib/python3.7/site-packages/airflow/example_dags/example_task_group_decorator.py
[2025-08-29T10:10:40.711+0000] {logging_mixin.py:117} INFO - [2025-08-29T10:10:40.711+0000] {dag.py:2573} INFO - Sync 1 DAGs
[2025-08-29T10:10:40.721+0000] {logging_mixin.py:117} INFO - [2025-08-29T10:10:40.721+0000] {dag.py:3328} INFO - Setting next_dagrun for example_task_group_decorator to 2025-08-28T10:10:40.721654+00:00, run_after=2025-08-29T10:10:40.721654+00:00
[2025-08-29T10:10:40.729+0000] {processor.py:178} INFO - Processing /home/airflow/.local/lib/python3.7/site-packages/airflow/example_dags/example_task_group_decorator.py took 0.052 seconds
[2025-08-29T10:11:11.351+0000] {processor.py:156} INFO - Started process (PID=330) to work on /home/airflow/.local/lib/python3.7/site-packages/airflow/example_dags/example_task_group_decorator.py
[2025-08-29T10:11:11.352+0000] {processor.py:758} INFO - Processing file /home/airflow/.local/lib/python3.7/site-packages/airflow/example_dags/example_task_group_decorator.py for tasks to queue
[2025-08-29T10:11:11.352+0000] {logging_mixin.py:117} INFO - [2025-08-29T10:11:11.352+0000] {dagbag.py:525} INFO - Filling up the DagBag from /home/airflow/.local/lib/python3.7/site-packages/airflow/example_dags/example_task_group_decorator.py
[2025-08-29T10:11:11.365+0000] {processor.py:768} INFO - DAG(s) dict_keys(['example_task_group_decorator']) retrieved from /home/airflow/.local/lib/python3.7/site-packages/airflow/example_dags/example_task_group_decorator.py
[2025-08-29T10:11:11.383+0000] {logging_mixin.py:117} INFO - [2025-08-29T10:11:11.383+0000] {dag.py:2573} INFO - Sync 1 DAGs
[2025-08-29T10:11:11.394+0000] {logging_mixin.py:117} INFO - [2025-08-29T10:11:11.394+0000] {dag.py:3328} INFO - Setting next_dagrun for example_task_group_decorator to 2025-08-28T10:11:11.394414+00:00, run_after=2025-08-29T10:11:11.394414+00:00
[2025-08-29T10:11:11.401+0000] {processor.py:178} INFO - Processing /home/airflow/.local/lib/python3.7/site-packages/airflow/example_dags/example_task_group_decorator.py took 0.051 seconds
[2025-08-29T10:11:42.209+0000] {processor.py:156} INFO - Started process (PID=395) to work on /home/airflow/.local/lib/python3.7/site-packages/airflow/example_dags/example_task_group_decorator.py
[2025-08-29T10:11:42.210+0000] {processor.py:758} INFO - Processing file /home/airflow/.local/lib/python3.7/site-packages/airflow/example_dags/example_task_group_decorator.py for tasks to queue
[2025-08-29T10:11:42.211+0000] {logging_mixin.py:117} INFO - [2025-08-29T10:11:42.210+0000] {dagbag.py:525} INFO - Filling up the DagBag from /home/airflow/.local/lib/python3.7/site-packages/airflow/example_dags/example_task_group_decorator.py
[2025-08-29T10:11:42.230+0000] {processor.py:768} INFO - DAG(s) dict_keys(['example_task_group_decorator']) retrieved from /home/airflow/.local/lib/python3.7/site-packages/airflow/example_dags/example_task_group_decorator.py
[2025-08-29T10:11:42.263+0000] {logging_mixin.py:117} INFO - [2025-08-29T10:11:42.263+0000] {dag.py:2573} INFO - Sync 1 DAGs
[2025-08-29T10:11:42.277+0000] {logging_mixin.py:117} INFO - [2025-08-29T10:11:42.277+0000] {dag.py:3328} INFO - Setting next_dagrun for example_task_group_decorator to 2025-08-28T10:11:42.277065+00:00, run_after=2025-08-29T10:11:42.277065+00:00
[2025-08-29T10:11:42.297+0000] {processor.py:178} INFO - Processing /home/airflow/.local/lib/python3.7/site-packages/airflow/example_dags/example_task_group_decorator.py took 0.090 seconds
[2025-08-29T10:12:12.930+0000] {processor.py:156} INFO - Started process (PID=451) to work on /home/airflow/.local/lib/python3.7/site-packages/airflow/example_dags/example_task_group_decorator.py
[2025-08-29T10:12:12.931+0000] {processor.py:758} INFO - Processing file /home/airflow/.local/lib/python3.7/site-packages/airflow/example_dags/example_task_group_decorator.py for tasks to queue
[2025-08-29T10:12:12.932+0000] {logging_mixin.py:117} INFO - [2025-08-29T10:12:12.932+0000] {dagbag.py:525} INFO - Filling up the DagBag from /home/airflow/.local/lib/python3.7/site-packages/airflow/example_dags/example_task_group_decorator.py
[2025-08-29T10:12:12.945+0000] {processor.py:768} INFO - DAG(s) dict_keys(['example_task_group_decorator']) retrieved from /home/airflow/.local/lib/python3.7/site-packages/airflow/example_dags/example_task_group_decorator.py
[2025-08-29T10:12:12.964+0000] {logging_mixin.py:117} INFO - [2025-08-29T10:12:12.963+0000] {dag.py:2573} INFO - Sync 1 DAGs
[2025-08-29T10:12:12.975+0000] {logging_mixin.py:117} INFO - [2025-08-29T10:12:12.975+0000] {dag.py:3328} INFO - Setting next_dagrun for example_task_group_decorator to 2025-08-28T10:12:12.975026+00:00, run_after=2025-08-29T10:12:12.975026+00:00
[2025-08-29T10:12:12.988+0000] {processor.py:178} INFO - Processing /home/airflow/.local/lib/python3.7/site-packages/airflow/example_dags/example_task_group_decorator.py took 0.060 seconds
[2025-08-29T10:12:43.476+0000] {processor.py:156} INFO - Started process (PID=516) to work on /home/airflow/.local/lib/python3.7/site-packages/airflow/example_dags/example_task_group_decorator.py
[2025-08-29T10:12:43.477+0000] {processor.py:758} INFO - Processing file /home/airflow/.local/lib/python3.7/site-packages/airflow/example_dags/example_task_group_decorator.py for tasks to queue
[2025-08-29T10:12:43.477+0000] {logging_mixin.py:117} INFO - [2025-08-29T10:12:43.477+0000] {dagbag.py:525} INFO - Filling up the DagBag from /home/airflow/.local/lib/python3.7/site-packages/airflow/example_dags/example_task_group_decorator.py
[2025-08-29T10:12:43.489+0000] {processor.py:768} INFO - DAG(s) dict_keys(['example_task_group_decorator']) retrieved from /home/airflow/.local/lib/python3.7/site-packages/airflow/example_dags/example_task_group_decorator.py
[2025-08-29T10:12:43.507+0000] {logging_mixin.py:117} INFO - [2025-08-29T10:12:43.507+0000] {dag.py:2573} INFO - Sync 1 DAGs
[2025-08-29T10:12:43.517+0000] {logging_mixin.py:117} INFO - [2025-08-29T10:12:43.517+0000] {dag.py:3328} INFO - Setting next_dagrun for example_task_group_decorator to 2025-08-28T10:12:43.517698+00:00, run_after=2025-08-29T10:12:43.517698+00:00
[2025-08-29T10:12:43.528+0000] {processor.py:178} INFO - Processing /home/airflow/.local/lib/python3.7/site-packages/airflow/example_dags/example_task_group_decorator.py took 0.053 seconds
[2025-08-29T10:13:13.906+0000] {processor.py:156} INFO - Started process (PID=581) to work on /home/airflow/.local/lib/python3.7/site-packages/airflow/example_dags/example_task_group_decorator.py
[2025-08-29T10:13:13.906+0000] {processor.py:758} INFO - Processing file /home/airflow/.local/lib/python3.7/site-packages/airflow/example_dags/example_task_group_decorator.py for tasks to queue
[2025-08-29T10:13:13.907+0000] {logging_mixin.py:117} INFO - [2025-08-29T10:13:13.907+0000] {dagbag.py:525} INFO - Filling up the DagBag from /home/airflow/.local/lib/python3.7/site-packages/airflow/example_dags/example_task_group_decorator.py
[2025-08-29T10:13:13.919+0000] {processor.py:768} INFO - DAG(s) dict_keys(['example_task_group_decorator']) retrieved from /home/airflow/.local/lib/python3.7/site-packages/airflow/example_dags/example_task_group_decorator.py
[2025-08-29T10:13:13.937+0000] {logging_mixin.py:117} INFO - [2025-08-29T10:13:13.937+0000] {dag.py:2573} INFO - Sync 1 DAGs
[2025-08-29T10:13:13.948+0000] {logging_mixin.py:117} INFO - [2025-08-29T10:13:13.948+0000] {dag.py:3328} INFO - Setting next_dagrun for example_task_group_decorator to 2025-08-28T10:13:13.948262+00:00, run_after=2025-08-29T10:13:13.948262+00:00
[2025-08-29T10:13:13.958+0000] {processor.py:178} INFO - Processing /home/airflow/.local/lib/python3.7/site-packages/airflow/example_dags/example_task_group_decorator.py took 0.053 seconds
[2025-08-29T10:13:44.429+0000] {processor.py:156} INFO - Started process (PID=646) to work on /home/airflow/.local/lib/python3.7/site-packages/airflow/example_dags/example_task_group_decorator.py
[2025-08-29T10:13:44.429+0000] {processor.py:758} INFO - Processing file /home/airflow/.local/lib/python3.7/site-packages/airflow/example_dags/example_task_group_decorator.py for tasks to queue
[2025-08-29T10:13:44.430+0000] {logging_mixin.py:117} INFO - [2025-08-29T10:13:44.430+0000] {dagbag.py:525} INFO - Filling up the DagBag from /home/airflow/.local/lib/python3.7/site-packages/airflow/example_dags/example_task_group_decorator.py
[2025-08-29T10:13:44.442+0000] {processor.py:768} INFO - DAG(s) dict_keys(['example_task_group_decorator']) retrieved from /home/airflow/.local/lib/python3.7/site-packages/airflow/example_dags/example_task_group_decorator.py
[2025-08-29T10:13:44.458+0000] {logging_mixin.py:117} INFO - [2025-08-29T10:13:44.458+0000] {dag.py:2573} INFO - Sync 1 DAGs
[2025-08-29T10:13:44.468+0000] {logging_mixin.py:117} INFO - [2025-08-29T10:13:44.468+0000] {dag.py:3328} INFO - Setting next_dagrun for example_task_group_decorator to 2025-08-28T10:13:44.467984+00:00, run_after=2025-08-29T10:13:44.467984+00:00
[2025-08-29T10:13:44.475+0000] {processor.py:178} INFO - Processing /home/airflow/.local/lib/python3.7/site-packages/airflow/example_dags/example_task_group_decorator.py took 0.047 seconds
[2025-08-29T10:14:14.994+0000] {processor.py:156} INFO - Started process (PID=711) to work on /home/airflow/.local/lib/python3.7/site-packages/airflow/example_dags/example_task_group_decorator.py
[2025-08-29T10:14:14.994+0000] {processor.py:758} INFO - Processing file /home/airflow/.local/lib/python3.7/site-packages/airflow/example_dags/example_task_group_decorator.py for tasks to queue
[2025-08-29T10:14:14.994+0000] {logging_mixin.py:117} INFO - [2025-08-29T10:14:14.994+0000] {dagbag.py:525} INFO - Filling up the DagBag from /home/airflow/.local/lib/python3.7/site-packages/airflow/example_dags/example_task_group_decorator.py
[2025-08-29T10:14:15.006+0000] {processor.py:768} INFO - DAG(s) dict_keys(['example_task_group_decorator']) retrieved from /home/airflow/.local/lib/python3.7/site-packages/airflow/example_dags/example_task_group_decorator.py
[2025-08-29T10:14:15.020+0000] {logging_mixin.py:117} INFO - [2025-08-29T10:14:15.020+0000] {dag.py:2573} INFO - Sync 1 DAGs
[2025-08-29T10:14:15.029+0000] {logging_mixin.py:117} INFO - [2025-08-29T10:14:15.029+0000] {dag.py:3328} INFO - Setting next_dagrun for example_task_group_decorator to 2025-08-28T10:14:15.029241+00:00, run_after=2025-08-29T10:14:15.029241+00:00
[2025-08-29T10:14:15.035+0000] {processor.py:178} INFO - Processing /home/airflow/.local/lib/python3.7/site-packages/airflow/example_dags/example_task_group_decorator.py took 0.042 seconds
[2025-08-29T10:14:45.914+0000] {processor.py:156} INFO - Started process (PID=776) to work on /home/airflow/.local/lib/python3.7/site-packages/airflow/example_dags/example_task_group_decorator.py
[2025-08-29T10:14:45.914+0000] {processor.py:758} INFO - Processing file /home/airflow/.local/lib/python3.7/site-packages/airflow/example_dags/example_task_group_decorator.py for tasks to queue
[2025-08-29T10:14:45.915+0000] {logging_mixin.py:117} INFO - [2025-08-29T10:14:45.915+0000] {dagbag.py:525} INFO - Filling up the DagBag from /home/airflow/.local/lib/python3.7/site-packages/airflow/example_dags/example_task_group_decorator.py
[2025-08-29T10:14:45.930+0000] {processor.py:768} INFO - DAG(s) dict_keys(['example_task_group_decorator']) retrieved from /home/airflow/.local/lib/python3.7/site-packages/airflow/example_dags/example_task_group_decorator.py
[2025-08-29T10:14:45.949+0000] {logging_mixin.py:117} INFO - [2025-08-29T10:14:45.949+0000] {dag.py:2573} INFO - Sync 1 DAGs
[2025-08-29T10:14:45.960+0000] {logging_mixin.py:117} INFO - [2025-08-29T10:14:45.960+0000] {dag.py:3328} INFO - Setting next_dagrun for example_task_group_decorator to 2025-08-28T10:14:45.960040+00:00, run_after=2025-08-29T10:14:45.960040+00:00
[2025-08-29T10:14:45.967+0000] {processor.py:178} INFO - Processing /home/airflow/.local/lib/python3.7/site-packages/airflow/example_dags/example_task_group_decorator.py took 0.054 seconds
