[2025-08-29T10:09:08.959+0000] {processor.py:156} INFO - Started process (PID=65) to work on /home/airflow/.local/lib/python3.7/site-packages/airflow/example_dags/example_short_circuit_operator.py
[2025-08-29T10:09:08.960+0000] {processor.py:758} INFO - Processing file /home/airflow/.local/lib/python3.7/site-packages/airflow/example_dags/example_short_circuit_operator.py for tasks to queue
[2025-08-29T10:09:08.961+0000] {logging_mixin.py:117} INFO - [2025-08-29T10:09:08.961+0000] {dagbag.py:525} INFO - Filling up the DagBag from /home/airflow/.local/lib/python3.7/site-packages/airflow/example_dags/example_short_circuit_operator.py
[2025-08-29T10:09:08.976+0000] {processor.py:768} INFO - DAG(s) dict_keys(['example_short_circuit_operator']) retrieved from /home/airflow/.local/lib/python3.7/site-packages/airflow/example_dags/example_short_circuit_operator.py
[2025-08-29T10:09:09.000+0000] {logging_mixin.py:117} INFO - [2025-08-29T10:09:09.000+0000] {dag.py:2573} INFO - Sync 1 DAGs
[2025-08-29T10:09:09.037+0000] {logging_mixin.py:117} INFO - [2025-08-29T10:09:09.037+0000] {dag.py:3328} INFO - Setting next_dagrun for example_short_circuit_operator to 2025-08-28T10:09:09.037054+00:00, run_after=2025-08-29T10:09:09.037054+00:00
[2025-08-29T10:09:09.054+0000] {processor.py:178} INFO - Processing /home/airflow/.local/lib/python3.7/site-packages/airflow/example_dags/example_short_circuit_operator.py took 0.106 seconds
[2025-08-29T10:09:39.379+0000] {processor.py:156} INFO - Started process (PID=130) to work on /home/airflow/.local/lib/python3.7/site-packages/airflow/example_dags/example_short_circuit_operator.py
[2025-08-29T10:09:39.379+0000] {processor.py:758} INFO - Processing file /home/airflow/.local/lib/python3.7/site-packages/airflow/example_dags/example_short_circuit_operator.py for tasks to queue
[2025-08-29T10:09:39.379+0000] {logging_mixin.py:117} INFO - [2025-08-29T10:09:39.379+0000] {dagbag.py:525} INFO - Filling up the DagBag from /home/airflow/.local/lib/python3.7/site-packages/airflow/example_dags/example_short_circuit_operator.py
[2025-08-29T10:09:39.386+0000] {processor.py:768} INFO - DAG(s) dict_keys(['example_short_circuit_operator']) retrieved from /home/airflow/.local/lib/python3.7/site-packages/airflow/example_dags/example_short_circuit_operator.py
[2025-08-29T10:09:39.403+0000] {logging_mixin.py:117} INFO - [2025-08-29T10:09:39.403+0000] {dag.py:2573} INFO - Sync 1 DAGs
[2025-08-29T10:09:39.412+0000] {logging_mixin.py:117} INFO - [2025-08-29T10:09:39.412+0000] {dag.py:3328} INFO - Setting next_dagrun for example_short_circuit_operator to 2025-08-28T10:09:39.411994+00:00, run_after=2025-08-29T10:09:39.411994+00:00
[2025-08-29T10:09:39.425+0000] {processor.py:178} INFO - Processing /home/airflow/.local/lib/python3.7/site-packages/airflow/example_dags/example_short_circuit_operator.py took 0.047 seconds
[2025-08-29T10:10:09.985+0000] {processor.py:156} INFO - Started process (PID=196) to work on /home/airflow/.local/lib/python3.7/site-packages/airflow/example_dags/example_short_circuit_operator.py
[2025-08-29T10:10:09.986+0000] {processor.py:758} INFO - Processing file /home/airflow/.local/lib/python3.7/site-packages/airflow/example_dags/example_short_circuit_operator.py for tasks to queue
[2025-08-29T10:10:09.986+0000] {logging_mixin.py:117} INFO - [2025-08-29T10:10:09.986+0000] {dagbag.py:525} INFO - Filling up the DagBag from /home/airflow/.local/lib/python3.7/site-packages/airflow/example_dags/example_short_circuit_operator.py
[2025-08-29T10:10:09.993+0000] {processor.py:768} INFO - DAG(s) dict_keys(['example_short_circuit_operator']) retrieved from /home/airflow/.local/lib/python3.7/site-packages/airflow/example_dags/example_short_circuit_operator.py
[2025-08-29T10:10:10.010+0000] {logging_mixin.py:117} INFO - [2025-08-29T10:10:10.009+0000] {dag.py:2573} INFO - Sync 1 DAGs
[2025-08-29T10:10:10.020+0000] {logging_mixin.py:117} INFO - [2025-08-29T10:10:10.020+0000] {dag.py:3328} INFO - Setting next_dagrun for example_short_circuit_operator to 2025-08-28T10:10:10.020518+00:00, run_after=2025-08-29T10:10:10.020518+00:00
[2025-08-29T10:10:10.034+0000] {processor.py:178} INFO - Processing /home/airflow/.local/lib/python3.7/site-packages/airflow/example_dags/example_short_circuit_operator.py took 0.050 seconds
[2025-08-29T10:10:40.556+0000] {processor.py:156} INFO - Started process (PID=261) to work on /home/airflow/.local/lib/python3.7/site-packages/airflow/example_dags/example_short_circuit_operator.py
[2025-08-29T10:10:40.557+0000] {processor.py:758} INFO - Processing file /home/airflow/.local/lib/python3.7/site-packages/airflow/example_dags/example_short_circuit_operator.py for tasks to queue
[2025-08-29T10:10:40.557+0000] {logging_mixin.py:117} INFO - [2025-08-29T10:10:40.557+0000] {dagbag.py:525} INFO - Filling up the DagBag from /home/airflow/.local/lib/python3.7/site-packages/airflow/example_dags/example_short_circuit_operator.py
[2025-08-29T10:10:40.564+0000] {processor.py:768} INFO - DAG(s) dict_keys(['example_short_circuit_operator']) retrieved from /home/airflow/.local/lib/python3.7/site-packages/airflow/example_dags/example_short_circuit_operator.py
[2025-08-29T10:10:40.586+0000] {logging_mixin.py:117} INFO - [2025-08-29T10:10:40.586+0000] {dag.py:2573} INFO - Sync 1 DAGs
[2025-08-29T10:10:40.597+0000] {logging_mixin.py:117} INFO - [2025-08-29T10:10:40.597+0000] {dag.py:3328} INFO - Setting next_dagrun for example_short_circuit_operator to 2025-08-28T10:10:40.597221+00:00, run_after=2025-08-29T10:10:40.597221+00:00
[2025-08-29T10:10:40.604+0000] {processor.py:178} INFO - Processing /home/airflow/.local/lib/python3.7/site-packages/airflow/example_dags/example_short_circuit_operator.py took 0.049 seconds
[2025-08-29T10:11:11.233+0000] {processor.py:156} INFO - Started process (PID=326) to work on /home/airflow/.local/lib/python3.7/site-packages/airflow/example_dags/example_short_circuit_operator.py
[2025-08-29T10:11:11.234+0000] {processor.py:758} INFO - Processing file /home/airflow/.local/lib/python3.7/site-packages/airflow/example_dags/example_short_circuit_operator.py for tasks to queue
[2025-08-29T10:11:11.235+0000] {logging_mixin.py:117} INFO - [2025-08-29T10:11:11.235+0000] {dagbag.py:525} INFO - Filling up the DagBag from /home/airflow/.local/lib/python3.7/site-packages/airflow/example_dags/example_short_circuit_operator.py
[2025-08-29T10:11:11.244+0000] {processor.py:768} INFO - DAG(s) dict_keys(['example_short_circuit_operator']) retrieved from /home/airflow/.local/lib/python3.7/site-packages/airflow/example_dags/example_short_circuit_operator.py
[2025-08-29T10:11:11.261+0000] {logging_mixin.py:117} INFO - [2025-08-29T10:11:11.261+0000] {dag.py:2573} INFO - Sync 1 DAGs
[2025-08-29T10:11:11.271+0000] {logging_mixin.py:117} INFO - [2025-08-29T10:11:11.271+0000] {dag.py:3328} INFO - Setting next_dagrun for example_short_circuit_operator to 2025-08-28T10:11:11.271729+00:00, run_after=2025-08-29T10:11:11.271729+00:00
[2025-08-29T10:11:11.278+0000] {processor.py:178} INFO - Processing /home/airflow/.local/lib/python3.7/site-packages/airflow/example_dags/example_short_circuit_operator.py took 0.046 seconds
[2025-08-29T10:11:41.987+0000] {processor.py:156} INFO - Started process (PID=391) to work on /home/airflow/.local/lib/python3.7/site-packages/airflow/example_dags/example_short_circuit_operator.py
[2025-08-29T10:11:41.988+0000] {processor.py:758} INFO - Processing file /home/airflow/.local/lib/python3.7/site-packages/airflow/example_dags/example_short_circuit_operator.py for tasks to queue
[2025-08-29T10:11:41.989+0000] {logging_mixin.py:117} INFO - [2025-08-29T10:11:41.989+0000] {dagbag.py:525} INFO - Filling up the DagBag from /home/airflow/.local/lib/python3.7/site-packages/airflow/example_dags/example_short_circuit_operator.py
[2025-08-29T10:11:42.007+0000] {processor.py:768} INFO - DAG(s) dict_keys(['example_short_circuit_operator']) retrieved from /home/airflow/.local/lib/python3.7/site-packages/airflow/example_dags/example_short_circuit_operator.py
[2025-08-29T10:11:42.040+0000] {logging_mixin.py:117} INFO - [2025-08-29T10:11:42.040+0000] {dag.py:2573} INFO - Sync 1 DAGs
[2025-08-29T10:11:42.055+0000] {logging_mixin.py:117} INFO - [2025-08-29T10:11:42.055+0000] {dag.py:3328} INFO - Setting next_dagrun for example_short_circuit_operator to 2025-08-28T10:11:42.055526+00:00, run_after=2025-08-29T10:11:42.055526+00:00
[2025-08-29T10:11:42.073+0000] {processor.py:178} INFO - Processing /home/airflow/.local/lib/python3.7/site-packages/airflow/example_dags/example_short_circuit_operator.py took 0.088 seconds
[2025-08-29T10:12:12.806+0000] {processor.py:156} INFO - Started process (PID=447) to work on /home/airflow/.local/lib/python3.7/site-packages/airflow/example_dags/example_short_circuit_operator.py
[2025-08-29T10:12:12.807+0000] {processor.py:758} INFO - Processing file /home/airflow/.local/lib/python3.7/site-packages/airflow/example_dags/example_short_circuit_operator.py for tasks to queue
[2025-08-29T10:12:12.807+0000] {logging_mixin.py:117} INFO - [2025-08-29T10:12:12.807+0000] {dagbag.py:525} INFO - Filling up the DagBag from /home/airflow/.local/lib/python3.7/site-packages/airflow/example_dags/example_short_circuit_operator.py
[2025-08-29T10:12:12.814+0000] {processor.py:768} INFO - DAG(s) dict_keys(['example_short_circuit_operator']) retrieved from /home/airflow/.local/lib/python3.7/site-packages/airflow/example_dags/example_short_circuit_operator.py
[2025-08-29T10:12:12.832+0000] {logging_mixin.py:117} INFO - [2025-08-29T10:12:12.832+0000] {dag.py:2573} INFO - Sync 1 DAGs
[2025-08-29T10:12:12.844+0000] {logging_mixin.py:117} INFO - [2025-08-29T10:12:12.844+0000] {dag.py:3328} INFO - Setting next_dagrun for example_short_circuit_operator to 2025-08-28T10:12:12.844221+00:00, run_after=2025-08-29T10:12:12.844221+00:00
[2025-08-29T10:12:12.860+0000] {processor.py:178} INFO - Processing /home/airflow/.local/lib/python3.7/site-packages/airflow/example_dags/example_short_circuit_operator.py took 0.055 seconds
[2025-08-29T10:12:43.361+0000] {processor.py:156} INFO - Started process (PID=512) to work on /home/airflow/.local/lib/python3.7/site-packages/airflow/example_dags/example_short_circuit_operator.py
[2025-08-29T10:12:43.363+0000] {processor.py:758} INFO - Processing file /home/airflow/.local/lib/python3.7/site-packages/airflow/example_dags/example_short_circuit_operator.py for tasks to queue
[2025-08-29T10:12:43.363+0000] {logging_mixin.py:117} INFO - [2025-08-29T10:12:43.363+0000] {dagbag.py:525} INFO - Filling up the DagBag from /home/airflow/.local/lib/python3.7/site-packages/airflow/example_dags/example_short_circuit_operator.py
[2025-08-29T10:12:43.370+0000] {processor.py:768} INFO - DAG(s) dict_keys(['example_short_circuit_operator']) retrieved from /home/airflow/.local/lib/python3.7/site-packages/airflow/example_dags/example_short_circuit_operator.py
[2025-08-29T10:12:43.388+0000] {logging_mixin.py:117} INFO - [2025-08-29T10:12:43.388+0000] {dag.py:2573} INFO - Sync 1 DAGs
[2025-08-29T10:12:43.399+0000] {logging_mixin.py:117} INFO - [2025-08-29T10:12:43.399+0000] {dag.py:3328} INFO - Setting next_dagrun for example_short_circuit_operator to 2025-08-28T10:12:43.399560+00:00, run_after=2025-08-29T10:12:43.399560+00:00
[2025-08-29T10:12:43.408+0000] {processor.py:178} INFO - Processing /home/airflow/.local/lib/python3.7/site-packages/airflow/example_dags/example_short_circuit_operator.py took 0.048 seconds
[2025-08-29T10:13:13.788+0000] {processor.py:156} INFO - Started process (PID=577) to work on /home/airflow/.local/lib/python3.7/site-packages/airflow/example_dags/example_short_circuit_operator.py
[2025-08-29T10:13:13.789+0000] {processor.py:758} INFO - Processing file /home/airflow/.local/lib/python3.7/site-packages/airflow/example_dags/example_short_circuit_operator.py for tasks to queue
[2025-08-29T10:13:13.789+0000] {logging_mixin.py:117} INFO - [2025-08-29T10:13:13.789+0000] {dagbag.py:525} INFO - Filling up the DagBag from /home/airflow/.local/lib/python3.7/site-packages/airflow/example_dags/example_short_circuit_operator.py
[2025-08-29T10:13:13.797+0000] {processor.py:768} INFO - DAG(s) dict_keys(['example_short_circuit_operator']) retrieved from /home/airflow/.local/lib/python3.7/site-packages/airflow/example_dags/example_short_circuit_operator.py
[2025-08-29T10:13:13.817+0000] {logging_mixin.py:117} INFO - [2025-08-29T10:13:13.816+0000] {dag.py:2573} INFO - Sync 1 DAGs
[2025-08-29T10:13:13.826+0000] {logging_mixin.py:117} INFO - [2025-08-29T10:13:13.826+0000] {dag.py:3328} INFO - Setting next_dagrun for example_short_circuit_operator to 2025-08-28T10:13:13.826003+00:00, run_after=2025-08-29T10:13:13.826003+00:00
[2025-08-29T10:13:13.834+0000] {processor.py:178} INFO - Processing /home/airflow/.local/lib/python3.7/site-packages/airflow/example_dags/example_short_circuit_operator.py took 0.047 seconds
[2025-08-29T10:13:44.319+0000] {processor.py:156} INFO - Started process (PID=642) to work on /home/airflow/.local/lib/python3.7/site-packages/airflow/example_dags/example_short_circuit_operator.py
[2025-08-29T10:13:44.319+0000] {processor.py:758} INFO - Processing file /home/airflow/.local/lib/python3.7/site-packages/airflow/example_dags/example_short_circuit_operator.py for tasks to queue
[2025-08-29T10:13:44.320+0000] {logging_mixin.py:117} INFO - [2025-08-29T10:13:44.320+0000] {dagbag.py:525} INFO - Filling up the DagBag from /home/airflow/.local/lib/python3.7/site-packages/airflow/example_dags/example_short_circuit_operator.py
[2025-08-29T10:13:44.327+0000] {processor.py:768} INFO - DAG(s) dict_keys(['example_short_circuit_operator']) retrieved from /home/airflow/.local/lib/python3.7/site-packages/airflow/example_dags/example_short_circuit_operator.py
[2025-08-29T10:13:44.343+0000] {logging_mixin.py:117} INFO - [2025-08-29T10:13:44.343+0000] {dag.py:2573} INFO - Sync 1 DAGs
[2025-08-29T10:13:44.354+0000] {logging_mixin.py:117} INFO - [2025-08-29T10:13:44.354+0000] {dag.py:3328} INFO - Setting next_dagrun for example_short_circuit_operator to 2025-08-28T10:13:44.354783+00:00, run_after=2025-08-29T10:13:44.354783+00:00
[2025-08-29T10:13:44.361+0000] {processor.py:178} INFO - Processing /home/airflow/.local/lib/python3.7/site-packages/airflow/example_dags/example_short_circuit_operator.py took 0.044 seconds
[2025-08-29T10:14:14.868+0000] {processor.py:156} INFO - Started process (PID=707) to work on /home/airflow/.local/lib/python3.7/site-packages/airflow/example_dags/example_short_circuit_operator.py
[2025-08-29T10:14:14.869+0000] {processor.py:758} INFO - Processing file /home/airflow/.local/lib/python3.7/site-packages/airflow/example_dags/example_short_circuit_operator.py for tasks to queue
[2025-08-29T10:14:14.869+0000] {logging_mixin.py:117} INFO - [2025-08-29T10:14:14.869+0000] {dagbag.py:525} INFO - Filling up the DagBag from /home/airflow/.local/lib/python3.7/site-packages/airflow/example_dags/example_short_circuit_operator.py
[2025-08-29T10:14:14.878+0000] {processor.py:768} INFO - DAG(s) dict_keys(['example_short_circuit_operator']) retrieved from /home/airflow/.local/lib/python3.7/site-packages/airflow/example_dags/example_short_circuit_operator.py
[2025-08-29T10:14:14.896+0000] {logging_mixin.py:117} INFO - [2025-08-29T10:14:14.896+0000] {dag.py:2573} INFO - Sync 1 DAGs
[2025-08-29T10:14:14.906+0000] {logging_mixin.py:117} INFO - [2025-08-29T10:14:14.906+0000] {dag.py:3328} INFO - Setting next_dagrun for example_short_circuit_operator to 2025-08-28T10:14:14.906684+00:00, run_after=2025-08-29T10:14:14.906684+00:00
[2025-08-29T10:14:14.918+0000] {processor.py:178} INFO - Processing /home/airflow/.local/lib/python3.7/site-packages/airflow/example_dags/example_short_circuit_operator.py took 0.051 seconds
[2025-08-29T10:14:45.747+0000] {processor.py:156} INFO - Started process (PID=772) to work on /home/airflow/.local/lib/python3.7/site-packages/airflow/example_dags/example_short_circuit_operator.py
[2025-08-29T10:14:45.749+0000] {processor.py:758} INFO - Processing file /home/airflow/.local/lib/python3.7/site-packages/airflow/example_dags/example_short_circuit_operator.py for tasks to queue
[2025-08-29T10:14:45.753+0000] {logging_mixin.py:117} INFO - [2025-08-29T10:14:45.753+0000] {dagbag.py:525} INFO - Filling up the DagBag from /home/airflow/.local/lib/python3.7/site-packages/airflow/example_dags/example_short_circuit_operator.py
[2025-08-29T10:14:45.760+0000] {processor.py:768} INFO - DAG(s) dict_keys(['example_short_circuit_operator']) retrieved from /home/airflow/.local/lib/python3.7/site-packages/airflow/example_dags/example_short_circuit_operator.py
[2025-08-29T10:14:45.782+0000] {logging_mixin.py:117} INFO - [2025-08-29T10:14:45.782+0000] {dag.py:2573} INFO - Sync 1 DAGs
[2025-08-29T10:14:45.794+0000] {logging_mixin.py:117} INFO - [2025-08-29T10:14:45.794+0000] {dag.py:3328} INFO - Setting next_dagrun for example_short_circuit_operator to 2025-08-28T10:14:45.794677+00:00, run_after=2025-08-29T10:14:45.794677+00:00
[2025-08-29T10:14:45.801+0000] {processor.py:178} INFO - Processing /home/airflow/.local/lib/python3.7/site-packages/airflow/example_dags/example_short_circuit_operator.py took 0.055 seconds
