[2025-08-29T10:09:07.634+0000] {processor.py:156} INFO - Started process (PID=45) to work on /home/airflow/.local/lib/python3.7/site-packages/airflow/example_dags/example_skip_dag.py
[2025-08-29T10:09:07.635+0000] {processor.py:758} INFO - Processing file /home/airflow/.local/lib/python3.7/site-packages/airflow/example_dags/example_skip_dag.py for tasks to queue
[2025-08-29T10:09:07.636+0000] {logging_mixin.py:117} INFO - [2025-08-29T10:09:07.636+0000] {dagbag.py:525} INFO - Filling up the DagBag from /home/airflow/.local/lib/python3.7/site-packages/airflow/example_dags/example_skip_dag.py
[2025-08-29T10:09:07.645+0000] {processor.py:768} INFO - DAG(s) dict_keys(['example_skip_dag']) retrieved from /home/airflow/.local/lib/python3.7/site-packages/airflow/example_dags/example_skip_dag.py
[2025-08-29T10:09:07.662+0000] {logging_mixin.py:117} INFO - [2025-08-29T10:09:07.662+0000] {dag.py:2573} INFO - Sync 1 DAGs
[2025-08-29T10:09:07.761+0000] {logging_mixin.py:117} INFO - [2025-08-29T10:09:07.761+0000] {dag.py:3328} INFO - Setting next_dagrun for example_skip_dag to 2025-08-28T10:09:07.760985+00:00, run_after=2025-08-29T10:09:07.760985+00:00
[2025-08-29T10:09:07.793+0000] {processor.py:178} INFO - Processing /home/airflow/.local/lib/python3.7/site-packages/airflow/example_dags/example_skip_dag.py took 0.160 seconds
[2025-08-29T10:09:38.340+0000] {processor.py:156} INFO - Started process (PID=108) to work on /home/airflow/.local/lib/python3.7/site-packages/airflow/example_dags/example_skip_dag.py
[2025-08-29T10:09:38.340+0000] {processor.py:758} INFO - Processing file /home/airflow/.local/lib/python3.7/site-packages/airflow/example_dags/example_skip_dag.py for tasks to queue
[2025-08-29T10:09:38.340+0000] {logging_mixin.py:117} INFO - [2025-08-29T10:09:38.340+0000] {dagbag.py:525} INFO - Filling up the DagBag from /home/airflow/.local/lib/python3.7/site-packages/airflow/example_dags/example_skip_dag.py
[2025-08-29T10:09:38.346+0000] {processor.py:768} INFO - DAG(s) dict_keys(['example_skip_dag']) retrieved from /home/airflow/.local/lib/python3.7/site-packages/airflow/example_dags/example_skip_dag.py
[2025-08-29T10:09:38.361+0000] {logging_mixin.py:117} INFO - [2025-08-29T10:09:38.361+0000] {dag.py:2573} INFO - Sync 1 DAGs
[2025-08-29T10:09:38.369+0000] {logging_mixin.py:117} INFO - [2025-08-29T10:09:38.369+0000] {dag.py:3328} INFO - Setting next_dagrun for example_skip_dag to 2025-08-28T10:09:38.369302+00:00, run_after=2025-08-29T10:09:38.369302+00:00
[2025-08-29T10:09:38.375+0000] {processor.py:178} INFO - Processing /home/airflow/.local/lib/python3.7/site-packages/airflow/example_dags/example_skip_dag.py took 0.036 seconds
[2025-08-29T10:10:09.289+0000] {processor.py:156} INFO - Started process (PID=176) to work on /home/airflow/.local/lib/python3.7/site-packages/airflow/example_dags/example_skip_dag.py
[2025-08-29T10:10:09.290+0000] {processor.py:758} INFO - Processing file /home/airflow/.local/lib/python3.7/site-packages/airflow/example_dags/example_skip_dag.py for tasks to queue
[2025-08-29T10:10:09.291+0000] {logging_mixin.py:117} INFO - [2025-08-29T10:10:09.291+0000] {dagbag.py:525} INFO - Filling up the DagBag from /home/airflow/.local/lib/python3.7/site-packages/airflow/example_dags/example_skip_dag.py
[2025-08-29T10:10:09.297+0000] {processor.py:768} INFO - DAG(s) dict_keys(['example_skip_dag']) retrieved from /home/airflow/.local/lib/python3.7/site-packages/airflow/example_dags/example_skip_dag.py
[2025-08-29T10:10:09.315+0000] {logging_mixin.py:117} INFO - [2025-08-29T10:10:09.315+0000] {dag.py:2573} INFO - Sync 1 DAGs
[2025-08-29T10:10:09.326+0000] {logging_mixin.py:117} INFO - [2025-08-29T10:10:09.326+0000] {dag.py:3328} INFO - Setting next_dagrun for example_skip_dag to 2025-08-28T10:10:09.326549+00:00, run_after=2025-08-29T10:10:09.326549+00:00
[2025-08-29T10:10:09.340+0000] {processor.py:178} INFO - Processing /home/airflow/.local/lib/python3.7/site-packages/airflow/example_dags/example_skip_dag.py took 0.052 seconds
[2025-08-29T10:10:39.858+0000] {processor.py:156} INFO - Started process (PID=241) to work on /home/airflow/.local/lib/python3.7/site-packages/airflow/example_dags/example_skip_dag.py
[2025-08-29T10:10:39.861+0000] {processor.py:758} INFO - Processing file /home/airflow/.local/lib/python3.7/site-packages/airflow/example_dags/example_skip_dag.py for tasks to queue
[2025-08-29T10:10:39.863+0000] {logging_mixin.py:117} INFO - [2025-08-29T10:10:39.863+0000] {dagbag.py:525} INFO - Filling up the DagBag from /home/airflow/.local/lib/python3.7/site-packages/airflow/example_dags/example_skip_dag.py
[2025-08-29T10:10:39.870+0000] {processor.py:768} INFO - DAG(s) dict_keys(['example_skip_dag']) retrieved from /home/airflow/.local/lib/python3.7/site-packages/airflow/example_dags/example_skip_dag.py
[2025-08-29T10:10:39.891+0000] {logging_mixin.py:117} INFO - [2025-08-29T10:10:39.891+0000] {dag.py:2573} INFO - Sync 1 DAGs
[2025-08-29T10:10:39.904+0000] {logging_mixin.py:117} INFO - [2025-08-29T10:10:39.904+0000] {dag.py:3328} INFO - Setting next_dagrun for example_skip_dag to 2025-08-28T10:10:39.904416+00:00, run_after=2025-08-29T10:10:39.904416+00:00
[2025-08-29T10:10:39.914+0000] {processor.py:178} INFO - Processing /home/airflow/.local/lib/python3.7/site-packages/airflow/example_dags/example_skip_dag.py took 0.057 seconds
[2025-08-29T10:11:10.489+0000] {processor.py:156} INFO - Started process (PID=306) to work on /home/airflow/.local/lib/python3.7/site-packages/airflow/example_dags/example_skip_dag.py
[2025-08-29T10:11:10.490+0000] {processor.py:758} INFO - Processing file /home/airflow/.local/lib/python3.7/site-packages/airflow/example_dags/example_skip_dag.py for tasks to queue
[2025-08-29T10:11:10.490+0000] {logging_mixin.py:117} INFO - [2025-08-29T10:11:10.490+0000] {dagbag.py:525} INFO - Filling up the DagBag from /home/airflow/.local/lib/python3.7/site-packages/airflow/example_dags/example_skip_dag.py
[2025-08-29T10:11:10.496+0000] {processor.py:768} INFO - DAG(s) dict_keys(['example_skip_dag']) retrieved from /home/airflow/.local/lib/python3.7/site-packages/airflow/example_dags/example_skip_dag.py
[2025-08-29T10:11:10.517+0000] {logging_mixin.py:117} INFO - [2025-08-29T10:11:10.516+0000] {dag.py:2573} INFO - Sync 1 DAGs
[2025-08-29T10:11:10.526+0000] {logging_mixin.py:117} INFO - [2025-08-29T10:11:10.526+0000] {dag.py:3328} INFO - Setting next_dagrun for example_skip_dag to 2025-08-28T10:11:10.526613+00:00, run_after=2025-08-29T10:11:10.526613+00:00
[2025-08-29T10:11:10.533+0000] {processor.py:178} INFO - Processing /home/airflow/.local/lib/python3.7/site-packages/airflow/example_dags/example_skip_dag.py took 0.046 seconds
[2025-08-29T10:11:41.083+0000] {processor.py:156} INFO - Started process (PID=362) to work on /home/airflow/.local/lib/python3.7/site-packages/airflow/example_dags/example_skip_dag.py
[2025-08-29T10:11:41.084+0000] {processor.py:758} INFO - Processing file /home/airflow/.local/lib/python3.7/site-packages/airflow/example_dags/example_skip_dag.py for tasks to queue
[2025-08-29T10:11:41.085+0000] {logging_mixin.py:117} INFO - [2025-08-29T10:11:41.085+0000] {dagbag.py:525} INFO - Filling up the DagBag from /home/airflow/.local/lib/python3.7/site-packages/airflow/example_dags/example_skip_dag.py
[2025-08-29T10:11:41.093+0000] {processor.py:768} INFO - DAG(s) dict_keys(['example_skip_dag']) retrieved from /home/airflow/.local/lib/python3.7/site-packages/airflow/example_dags/example_skip_dag.py
[2025-08-29T10:11:41.114+0000] {logging_mixin.py:117} INFO - [2025-08-29T10:11:41.114+0000] {dag.py:2573} INFO - Sync 1 DAGs
[2025-08-29T10:11:41.125+0000] {logging_mixin.py:117} INFO - [2025-08-29T10:11:41.125+0000] {dag.py:3328} INFO - Setting next_dagrun for example_skip_dag to 2025-08-28T10:11:41.124970+00:00, run_after=2025-08-29T10:11:41.124970+00:00
[2025-08-29T10:11:41.135+0000] {processor.py:178} INFO - Processing /home/airflow/.local/lib/python3.7/site-packages/airflow/example_dags/example_skip_dag.py took 0.054 seconds
[2025-08-29T10:12:12.105+0000] {processor.py:156} INFO - Started process (PID=427) to work on /home/airflow/.local/lib/python3.7/site-packages/airflow/example_dags/example_skip_dag.py
[2025-08-29T10:12:12.107+0000] {processor.py:758} INFO - Processing file /home/airflow/.local/lib/python3.7/site-packages/airflow/example_dags/example_skip_dag.py for tasks to queue
[2025-08-29T10:12:12.114+0000] {logging_mixin.py:117} INFO - [2025-08-29T10:12:12.114+0000] {dagbag.py:525} INFO - Filling up the DagBag from /home/airflow/.local/lib/python3.7/site-packages/airflow/example_dags/example_skip_dag.py
[2025-08-29T10:12:12.128+0000] {processor.py:768} INFO - DAG(s) dict_keys(['example_skip_dag']) retrieved from /home/airflow/.local/lib/python3.7/site-packages/airflow/example_dags/example_skip_dag.py
[2025-08-29T10:12:12.148+0000] {logging_mixin.py:117} INFO - [2025-08-29T10:12:12.148+0000] {dag.py:2573} INFO - Sync 1 DAGs
[2025-08-29T10:12:12.161+0000] {logging_mixin.py:117} INFO - [2025-08-29T10:12:12.161+0000] {dag.py:3328} INFO - Setting next_dagrun for example_skip_dag to 2025-08-28T10:12:12.161137+00:00, run_after=2025-08-29T10:12:12.161137+00:00
[2025-08-29T10:12:12.170+0000] {processor.py:178} INFO - Processing /home/airflow/.local/lib/python3.7/site-packages/airflow/example_dags/example_skip_dag.py took 0.068 seconds
[2025-08-29T10:12:42.657+0000] {processor.py:156} INFO - Started process (PID=492) to work on /home/airflow/.local/lib/python3.7/site-packages/airflow/example_dags/example_skip_dag.py
[2025-08-29T10:12:42.658+0000] {processor.py:758} INFO - Processing file /home/airflow/.local/lib/python3.7/site-packages/airflow/example_dags/example_skip_dag.py for tasks to queue
[2025-08-29T10:12:42.658+0000] {logging_mixin.py:117} INFO - [2025-08-29T10:12:42.658+0000] {dagbag.py:525} INFO - Filling up the DagBag from /home/airflow/.local/lib/python3.7/site-packages/airflow/example_dags/example_skip_dag.py
[2025-08-29T10:12:42.662+0000] {processor.py:768} INFO - DAG(s) dict_keys(['example_skip_dag']) retrieved from /home/airflow/.local/lib/python3.7/site-packages/airflow/example_dags/example_skip_dag.py
[2025-08-29T10:12:42.677+0000] {logging_mixin.py:117} INFO - [2025-08-29T10:12:42.677+0000] {dag.py:2573} INFO - Sync 1 DAGs
[2025-08-29T10:12:42.688+0000] {logging_mixin.py:117} INFO - [2025-08-29T10:12:42.688+0000] {dag.py:3328} INFO - Setting next_dagrun for example_skip_dag to 2025-08-28T10:12:42.688639+00:00, run_after=2025-08-29T10:12:42.688639+00:00
[2025-08-29T10:12:42.698+0000] {processor.py:178} INFO - Processing /home/airflow/.local/lib/python3.7/site-packages/airflow/example_dags/example_skip_dag.py took 0.042 seconds
[2025-08-29T10:13:13.123+0000] {processor.py:156} INFO - Started process (PID=557) to work on /home/airflow/.local/lib/python3.7/site-packages/airflow/example_dags/example_skip_dag.py
[2025-08-29T10:13:13.124+0000] {processor.py:758} INFO - Processing file /home/airflow/.local/lib/python3.7/site-packages/airflow/example_dags/example_skip_dag.py for tasks to queue
[2025-08-29T10:13:13.128+0000] {logging_mixin.py:117} INFO - [2025-08-29T10:13:13.128+0000] {dagbag.py:525} INFO - Filling up the DagBag from /home/airflow/.local/lib/python3.7/site-packages/airflow/example_dags/example_skip_dag.py
[2025-08-29T10:13:13.136+0000] {processor.py:768} INFO - DAG(s) dict_keys(['example_skip_dag']) retrieved from /home/airflow/.local/lib/python3.7/site-packages/airflow/example_dags/example_skip_dag.py
[2025-08-29T10:13:13.154+0000] {logging_mixin.py:117} INFO - [2025-08-29T10:13:13.154+0000] {dag.py:2573} INFO - Sync 1 DAGs
[2025-08-29T10:13:13.164+0000] {logging_mixin.py:117} INFO - [2025-08-29T10:13:13.163+0000] {dag.py:3328} INFO - Setting next_dagrun for example_skip_dag to 2025-08-28T10:13:13.163856+00:00, run_after=2025-08-29T10:13:13.163856+00:00
[2025-08-29T10:13:13.171+0000] {processor.py:178} INFO - Processing /home/airflow/.local/lib/python3.7/site-packages/airflow/example_dags/example_skip_dag.py took 0.049 seconds
[2025-08-29T10:13:43.676+0000] {processor.py:156} INFO - Started process (PID=622) to work on /home/airflow/.local/lib/python3.7/site-packages/airflow/example_dags/example_skip_dag.py
[2025-08-29T10:13:43.677+0000] {processor.py:758} INFO - Processing file /home/airflow/.local/lib/python3.7/site-packages/airflow/example_dags/example_skip_dag.py for tasks to queue
[2025-08-29T10:13:43.677+0000] {logging_mixin.py:117} INFO - [2025-08-29T10:13:43.677+0000] {dagbag.py:525} INFO - Filling up the DagBag from /home/airflow/.local/lib/python3.7/site-packages/airflow/example_dags/example_skip_dag.py
[2025-08-29T10:13:43.683+0000] {processor.py:768} INFO - DAG(s) dict_keys(['example_skip_dag']) retrieved from /home/airflow/.local/lib/python3.7/site-packages/airflow/example_dags/example_skip_dag.py
[2025-08-29T10:13:43.700+0000] {logging_mixin.py:117} INFO - [2025-08-29T10:13:43.700+0000] {dag.py:2573} INFO - Sync 1 DAGs
[2025-08-29T10:13:43.712+0000] {logging_mixin.py:117} INFO - [2025-08-29T10:13:43.711+0000] {dag.py:3328} INFO - Setting next_dagrun for example_skip_dag to 2025-08-28T10:13:43.711822+00:00, run_after=2025-08-29T10:13:43.711822+00:00
[2025-08-29T10:13:43.719+0000] {processor.py:178} INFO - Processing /home/airflow/.local/lib/python3.7/site-packages/airflow/example_dags/example_skip_dag.py took 0.044 seconds
[2025-08-29T10:14:14.150+0000] {processor.py:156} INFO - Started process (PID=687) to work on /home/airflow/.local/lib/python3.7/site-packages/airflow/example_dags/example_skip_dag.py
[2025-08-29T10:14:14.151+0000] {processor.py:758} INFO - Processing file /home/airflow/.local/lib/python3.7/site-packages/airflow/example_dags/example_skip_dag.py for tasks to queue
[2025-08-29T10:14:14.153+0000] {logging_mixin.py:117} INFO - [2025-08-29T10:14:14.152+0000] {dagbag.py:525} INFO - Filling up the DagBag from /home/airflow/.local/lib/python3.7/site-packages/airflow/example_dags/example_skip_dag.py
[2025-08-29T10:14:14.160+0000] {processor.py:768} INFO - DAG(s) dict_keys(['example_skip_dag']) retrieved from /home/airflow/.local/lib/python3.7/site-packages/airflow/example_dags/example_skip_dag.py
[2025-08-29T10:14:14.184+0000] {logging_mixin.py:117} INFO - [2025-08-29T10:14:14.184+0000] {dag.py:2573} INFO - Sync 1 DAGs
[2025-08-29T10:14:14.196+0000] {logging_mixin.py:117} INFO - [2025-08-29T10:14:14.196+0000] {dag.py:3328} INFO - Setting next_dagrun for example_skip_dag to 2025-08-28T10:14:14.196281+00:00, run_after=2025-08-29T10:14:14.196281+00:00
[2025-08-29T10:14:14.205+0000] {processor.py:178} INFO - Processing /home/airflow/.local/lib/python3.7/site-packages/airflow/example_dags/example_skip_dag.py took 0.057 seconds
[2025-08-29T10:14:44.811+0000] {processor.py:156} INFO - Started process (PID=752) to work on /home/airflow/.local/lib/python3.7/site-packages/airflow/example_dags/example_skip_dag.py
[2025-08-29T10:14:44.812+0000] {processor.py:758} INFO - Processing file /home/airflow/.local/lib/python3.7/site-packages/airflow/example_dags/example_skip_dag.py for tasks to queue
[2025-08-29T10:14:44.812+0000] {logging_mixin.py:117} INFO - [2025-08-29T10:14:44.812+0000] {dagbag.py:525} INFO - Filling up the DagBag from /home/airflow/.local/lib/python3.7/site-packages/airflow/example_dags/example_skip_dag.py
[2025-08-29T10:14:44.817+0000] {processor.py:768} INFO - DAG(s) dict_keys(['example_skip_dag']) retrieved from /home/airflow/.local/lib/python3.7/site-packages/airflow/example_dags/example_skip_dag.py
[2025-08-29T10:14:44.834+0000] {logging_mixin.py:117} INFO - [2025-08-29T10:14:44.834+0000] {dag.py:2573} INFO - Sync 1 DAGs
[2025-08-29T10:14:44.845+0000] {logging_mixin.py:117} INFO - [2025-08-29T10:14:44.844+0000] {dag.py:3328} INFO - Setting next_dagrun for example_skip_dag to 2025-08-28T10:14:44.844867+00:00, run_after=2025-08-29T10:14:44.844867+00:00
[2025-08-29T10:14:44.851+0000] {processor.py:178} INFO - Processing /home/airflow/.local/lib/python3.7/site-packages/airflow/example_dags/example_skip_dag.py took 0.042 seconds
