[2025-08-29T10:09:08.982+0000] {processor.py:156} INFO - Started process (PID=66) to work on /home/airflow/.local/lib/python3.7/site-packages/airflow/example_dags/example_branch_datetime_operator.py
[2025-08-29T10:09:08.984+0000] {processor.py:758} INFO - Processing file /home/airflow/.local/lib/python3.7/site-packages/airflow/example_dags/example_branch_datetime_operator.py for tasks to queue
[2025-08-29T10:09:08.985+0000] {logging_mixin.py:117} INFO - [2025-08-29T10:09:08.985+0000] {dagbag.py:525} INFO - Filling up the DagBag from /home/airflow/.local/lib/python3.7/site-packages/airflow/example_dags/example_branch_datetime_operator.py
[2025-08-29T10:09:09.024+0000] {processor.py:768} INFO - DAG(s) dict_keys(['example_branch_datetime_operator_2', 'example_branch_datetime_operator', 'example_branch_datetime_operator_3']) retrieved from /home/airflow/.local/lib/python3.7/site-packages/airflow/example_dags/example_branch_datetime_operator.py
[2025-08-29T10:09:09.065+0000] {logging_mixin.py:117} INFO - [2025-08-29T10:09:09.065+0000] {dag.py:2573} INFO - Sync 3 DAGs
[2025-08-29T10:09:09.110+0000] {logging_mixin.py:117} INFO - [2025-08-29T10:09:09.109+0000] {dag.py:3328} INFO - Setting next_dagrun for example_branch_datetime_operator to 2025-08-28T00:00:00+00:00, run_after=2025-08-29T00:00:00+00:00
[2025-08-29T10:09:09.116+0000] {logging_mixin.py:117} INFO - [2025-08-29T10:09:09.116+0000] {dag.py:3328} INFO - Setting next_dagrun for example_branch_datetime_operator_2 to 2025-08-28T00:00:00+00:00, run_after=2025-08-29T00:00:00+00:00
[2025-08-29T10:09:09.119+0000] {logging_mixin.py:117} INFO - [2025-08-29T10:09:09.119+0000] {dag.py:3328} INFO - Setting next_dagrun for example_branch_datetime_operator_3 to 2025-08-28T00:00:00+00:00, run_after=2025-08-29T00:00:00+00:00
[2025-08-29T10:09:09.140+0000] {processor.py:178} INFO - Processing /home/airflow/.local/lib/python3.7/site-packages/airflow/example_dags/example_branch_datetime_operator.py took 0.159 seconds
[2025-08-29T10:09:39.438+0000] {processor.py:156} INFO - Started process (PID=131) to work on /home/airflow/.local/lib/python3.7/site-packages/airflow/example_dags/example_branch_datetime_operator.py
[2025-08-29T10:09:39.439+0000] {processor.py:758} INFO - Processing file /home/airflow/.local/lib/python3.7/site-packages/airflow/example_dags/example_branch_datetime_operator.py for tasks to queue
[2025-08-29T10:09:39.439+0000] {logging_mixin.py:117} INFO - [2025-08-29T10:09:39.439+0000] {dagbag.py:525} INFO - Filling up the DagBag from /home/airflow/.local/lib/python3.7/site-packages/airflow/example_dags/example_branch_datetime_operator.py
[2025-08-29T10:09:39.447+0000] {processor.py:768} INFO - DAG(s) dict_keys(['example_branch_datetime_operator', 'example_branch_datetime_operator_3', 'example_branch_datetime_operator_2']) retrieved from /home/airflow/.local/lib/python3.7/site-packages/airflow/example_dags/example_branch_datetime_operator.py
[2025-08-29T10:09:39.466+0000] {logging_mixin.py:117} INFO - [2025-08-29T10:09:39.466+0000] {dag.py:2573} INFO - Sync 3 DAGs
[2025-08-29T10:09:39.478+0000] {logging_mixin.py:117} INFO - [2025-08-29T10:09:39.478+0000] {dag.py:3328} INFO - Setting next_dagrun for example_branch_datetime_operator to 2025-08-28T00:00:00+00:00, run_after=2025-08-29T00:00:00+00:00
[2025-08-29T10:09:39.480+0000] {logging_mixin.py:117} INFO - [2025-08-29T10:09:39.480+0000] {dag.py:3328} INFO - Setting next_dagrun for example_branch_datetime_operator_2 to 2025-08-28T00:00:00+00:00, run_after=2025-08-29T00:00:00+00:00
[2025-08-29T10:09:39.482+0000] {logging_mixin.py:117} INFO - [2025-08-29T10:09:39.482+0000] {dag.py:3328} INFO - Setting next_dagrun for example_branch_datetime_operator_3 to 2025-08-28T00:00:00+00:00, run_after=2025-08-29T00:00:00+00:00
[2025-08-29T10:09:39.491+0000] {processor.py:178} INFO - Processing /home/airflow/.local/lib/python3.7/site-packages/airflow/example_dags/example_branch_datetime_operator.py took 0.054 seconds
[2025-08-29T10:10:10.005+0000] {processor.py:156} INFO - Started process (PID=197) to work on /home/airflow/.local/lib/python3.7/site-packages/airflow/example_dags/example_branch_datetime_operator.py
[2025-08-29T10:10:10.007+0000] {processor.py:758} INFO - Processing file /home/airflow/.local/lib/python3.7/site-packages/airflow/example_dags/example_branch_datetime_operator.py for tasks to queue
[2025-08-29T10:10:10.008+0000] {logging_mixin.py:117} INFO - [2025-08-29T10:10:10.008+0000] {dagbag.py:525} INFO - Filling up the DagBag from /home/airflow/.local/lib/python3.7/site-packages/airflow/example_dags/example_branch_datetime_operator.py
[2025-08-29T10:10:10.016+0000] {processor.py:768} INFO - DAG(s) dict_keys(['example_branch_datetime_operator_3', 'example_branch_datetime_operator', 'example_branch_datetime_operator_2']) retrieved from /home/airflow/.local/lib/python3.7/site-packages/airflow/example_dags/example_branch_datetime_operator.py
[2025-08-29T10:10:10.038+0000] {logging_mixin.py:117} INFO - [2025-08-29T10:10:10.038+0000] {dag.py:2573} INFO - Sync 3 DAGs
[2025-08-29T10:10:10.049+0000] {logging_mixin.py:117} INFO - [2025-08-29T10:10:10.049+0000] {dag.py:3328} INFO - Setting next_dagrun for example_branch_datetime_operator to 2025-08-28T00:00:00+00:00, run_after=2025-08-29T00:00:00+00:00
[2025-08-29T10:10:10.052+0000] {logging_mixin.py:117} INFO - [2025-08-29T10:10:10.052+0000] {dag.py:3328} INFO - Setting next_dagrun for example_branch_datetime_operator_2 to 2025-08-28T00:00:00+00:00, run_after=2025-08-29T00:00:00+00:00
[2025-08-29T10:10:10.053+0000] {logging_mixin.py:117} INFO - [2025-08-29T10:10:10.053+0000] {dag.py:3328} INFO - Setting next_dagrun for example_branch_datetime_operator_3 to 2025-08-28T00:00:00+00:00, run_after=2025-08-29T00:00:00+00:00
[2025-08-29T10:10:10.063+0000] {processor.py:178} INFO - Processing /home/airflow/.local/lib/python3.7/site-packages/airflow/example_dags/example_branch_datetime_operator.py took 0.060 seconds
[2025-08-29T10:10:40.598+0000] {processor.py:156} INFO - Started process (PID=262) to work on /home/airflow/.local/lib/python3.7/site-packages/airflow/example_dags/example_branch_datetime_operator.py
[2025-08-29T10:10:40.599+0000] {processor.py:758} INFO - Processing file /home/airflow/.local/lib/python3.7/site-packages/airflow/example_dags/example_branch_datetime_operator.py for tasks to queue
[2025-08-29T10:10:40.599+0000] {logging_mixin.py:117} INFO - [2025-08-29T10:10:40.599+0000] {dagbag.py:525} INFO - Filling up the DagBag from /home/airflow/.local/lib/python3.7/site-packages/airflow/example_dags/example_branch_datetime_operator.py
[2025-08-29T10:10:40.607+0000] {processor.py:768} INFO - DAG(s) dict_keys(['example_branch_datetime_operator_2', 'example_branch_datetime_operator', 'example_branch_datetime_operator_3']) retrieved from /home/airflow/.local/lib/python3.7/site-packages/airflow/example_dags/example_branch_datetime_operator.py
[2025-08-29T10:10:40.625+0000] {logging_mixin.py:117} INFO - [2025-08-29T10:10:40.624+0000] {dag.py:2573} INFO - Sync 3 DAGs
[2025-08-29T10:10:40.637+0000] {logging_mixin.py:117} INFO - [2025-08-29T10:10:40.636+0000] {dag.py:3328} INFO - Setting next_dagrun for example_branch_datetime_operator to 2025-08-28T00:00:00+00:00, run_after=2025-08-29T00:00:00+00:00
[2025-08-29T10:10:40.639+0000] {logging_mixin.py:117} INFO - [2025-08-29T10:10:40.639+0000] {dag.py:3328} INFO - Setting next_dagrun for example_branch_datetime_operator_2 to 2025-08-28T00:00:00+00:00, run_after=2025-08-29T00:00:00+00:00
[2025-08-29T10:10:40.641+0000] {logging_mixin.py:117} INFO - [2025-08-29T10:10:40.641+0000] {dag.py:3328} INFO - Setting next_dagrun for example_branch_datetime_operator_3 to 2025-08-28T00:00:00+00:00, run_after=2025-08-29T00:00:00+00:00
[2025-08-29T10:10:40.649+0000] {processor.py:178} INFO - Processing /home/airflow/.local/lib/python3.7/site-packages/airflow/example_dags/example_branch_datetime_operator.py took 0.053 seconds
[2025-08-29T10:11:11.245+0000] {processor.py:156} INFO - Started process (PID=327) to work on /home/airflow/.local/lib/python3.7/site-packages/airflow/example_dags/example_branch_datetime_operator.py
[2025-08-29T10:11:11.249+0000] {processor.py:758} INFO - Processing file /home/airflow/.local/lib/python3.7/site-packages/airflow/example_dags/example_branch_datetime_operator.py for tasks to queue
[2025-08-29T10:11:11.249+0000] {logging_mixin.py:117} INFO - [2025-08-29T10:11:11.249+0000] {dagbag.py:525} INFO - Filling up the DagBag from /home/airflow/.local/lib/python3.7/site-packages/airflow/example_dags/example_branch_datetime_operator.py
[2025-08-29T10:11:11.258+0000] {processor.py:768} INFO - DAG(s) dict_keys(['example_branch_datetime_operator_2', 'example_branch_datetime_operator_3', 'example_branch_datetime_operator']) retrieved from /home/airflow/.local/lib/python3.7/site-packages/airflow/example_dags/example_branch_datetime_operator.py
[2025-08-29T10:11:11.276+0000] {logging_mixin.py:117} INFO - [2025-08-29T10:11:11.276+0000] {dag.py:2573} INFO - Sync 3 DAGs
[2025-08-29T10:11:11.286+0000] {logging_mixin.py:117} INFO - [2025-08-29T10:11:11.285+0000] {dag.py:3328} INFO - Setting next_dagrun for example_branch_datetime_operator to 2025-08-28T00:00:00+00:00, run_after=2025-08-29T00:00:00+00:00
[2025-08-29T10:11:11.288+0000] {logging_mixin.py:117} INFO - [2025-08-29T10:11:11.288+0000] {dag.py:3328} INFO - Setting next_dagrun for example_branch_datetime_operator_2 to 2025-08-28T00:00:00+00:00, run_after=2025-08-29T00:00:00+00:00
[2025-08-29T10:11:11.290+0000] {logging_mixin.py:117} INFO - [2025-08-29T10:11:11.290+0000] {dag.py:3328} INFO - Setting next_dagrun for example_branch_datetime_operator_3 to 2025-08-28T00:00:00+00:00, run_after=2025-08-29T00:00:00+00:00
[2025-08-29T10:11:11.301+0000] {processor.py:178} INFO - Processing /home/airflow/.local/lib/python3.7/site-packages/airflow/example_dags/example_branch_datetime_operator.py took 0.058 seconds
[2025-08-29T10:11:42.060+0000] {processor.py:156} INFO - Started process (PID=392) to work on /home/airflow/.local/lib/python3.7/site-packages/airflow/example_dags/example_branch_datetime_operator.py
[2025-08-29T10:11:42.061+0000] {processor.py:758} INFO - Processing file /home/airflow/.local/lib/python3.7/site-packages/airflow/example_dags/example_branch_datetime_operator.py for tasks to queue
[2025-08-29T10:11:42.061+0000] {logging_mixin.py:117} INFO - [2025-08-29T10:11:42.061+0000] {dagbag.py:525} INFO - Filling up the DagBag from /home/airflow/.local/lib/python3.7/site-packages/airflow/example_dags/example_branch_datetime_operator.py
[2025-08-29T10:11:42.075+0000] {processor.py:768} INFO - DAG(s) dict_keys(['example_branch_datetime_operator_2', 'example_branch_datetime_operator_3', 'example_branch_datetime_operator']) retrieved from /home/airflow/.local/lib/python3.7/site-packages/airflow/example_dags/example_branch_datetime_operator.py
[2025-08-29T10:11:42.112+0000] {logging_mixin.py:117} INFO - [2025-08-29T10:11:42.112+0000] {dag.py:2573} INFO - Sync 3 DAGs
[2025-08-29T10:11:42.129+0000] {logging_mixin.py:117} INFO - [2025-08-29T10:11:42.129+0000] {dag.py:3328} INFO - Setting next_dagrun for example_branch_datetime_operator to 2025-08-28T00:00:00+00:00, run_after=2025-08-29T00:00:00+00:00
[2025-08-29T10:11:42.133+0000] {logging_mixin.py:117} INFO - [2025-08-29T10:11:42.133+0000] {dag.py:3328} INFO - Setting next_dagrun for example_branch_datetime_operator_2 to 2025-08-28T00:00:00+00:00, run_after=2025-08-29T00:00:00+00:00
[2025-08-29T10:11:42.136+0000] {logging_mixin.py:117} INFO - [2025-08-29T10:11:42.136+0000] {dag.py:3328} INFO - Setting next_dagrun for example_branch_datetime_operator_3 to 2025-08-28T00:00:00+00:00, run_after=2025-08-29T00:00:00+00:00
[2025-08-29T10:11:42.159+0000] {processor.py:178} INFO - Processing /home/airflow/.local/lib/python3.7/site-packages/airflow/example_dags/example_branch_datetime_operator.py took 0.101 seconds
[2025-08-29T10:12:12.830+0000] {processor.py:156} INFO - Started process (PID=448) to work on /home/airflow/.local/lib/python3.7/site-packages/airflow/example_dags/example_branch_datetime_operator.py
[2025-08-29T10:12:12.832+0000] {processor.py:758} INFO - Processing file /home/airflow/.local/lib/python3.7/site-packages/airflow/example_dags/example_branch_datetime_operator.py for tasks to queue
[2025-08-29T10:12:12.833+0000] {logging_mixin.py:117} INFO - [2025-08-29T10:12:12.833+0000] {dagbag.py:525} INFO - Filling up the DagBag from /home/airflow/.local/lib/python3.7/site-packages/airflow/example_dags/example_branch_datetime_operator.py
[2025-08-29T10:12:12.841+0000] {processor.py:768} INFO - DAG(s) dict_keys(['example_branch_datetime_operator_2', 'example_branch_datetime_operator_3', 'example_branch_datetime_operator']) retrieved from /home/airflow/.local/lib/python3.7/site-packages/airflow/example_dags/example_branch_datetime_operator.py
[2025-08-29T10:12:12.862+0000] {logging_mixin.py:117} INFO - [2025-08-29T10:12:12.862+0000] {dag.py:2573} INFO - Sync 3 DAGs
[2025-08-29T10:12:12.873+0000] {logging_mixin.py:117} INFO - [2025-08-29T10:12:12.873+0000] {dag.py:3328} INFO - Setting next_dagrun for example_branch_datetime_operator to 2025-08-28T00:00:00+00:00, run_after=2025-08-29T00:00:00+00:00
[2025-08-29T10:12:12.876+0000] {logging_mixin.py:117} INFO - [2025-08-29T10:12:12.876+0000] {dag.py:3328} INFO - Setting next_dagrun for example_branch_datetime_operator_2 to 2025-08-28T00:00:00+00:00, run_after=2025-08-29T00:00:00+00:00
[2025-08-29T10:12:12.878+0000] {logging_mixin.py:117} INFO - [2025-08-29T10:12:12.878+0000] {dag.py:3328} INFO - Setting next_dagrun for example_branch_datetime_operator_3 to 2025-08-28T00:00:00+00:00, run_after=2025-08-29T00:00:00+00:00
[2025-08-29T10:12:12.884+0000] {processor.py:178} INFO - Processing /home/airflow/.local/lib/python3.7/site-packages/airflow/example_dags/example_branch_datetime_operator.py took 0.056 seconds
[2025-08-29T10:12:43.365+0000] {processor.py:156} INFO - Started process (PID=513) to work on /home/airflow/.local/lib/python3.7/site-packages/airflow/example_dags/example_branch_datetime_operator.py
[2025-08-29T10:12:43.365+0000] {processor.py:758} INFO - Processing file /home/airflow/.local/lib/python3.7/site-packages/airflow/example_dags/example_branch_datetime_operator.py for tasks to queue
[2025-08-29T10:12:43.366+0000] {logging_mixin.py:117} INFO - [2025-08-29T10:12:43.366+0000] {dagbag.py:525} INFO - Filling up the DagBag from /home/airflow/.local/lib/python3.7/site-packages/airflow/example_dags/example_branch_datetime_operator.py
[2025-08-29T10:12:43.373+0000] {processor.py:768} INFO - DAG(s) dict_keys(['example_branch_datetime_operator_3', 'example_branch_datetime_operator_2', 'example_branch_datetime_operator']) retrieved from /home/airflow/.local/lib/python3.7/site-packages/airflow/example_dags/example_branch_datetime_operator.py
[2025-08-29T10:12:43.391+0000] {logging_mixin.py:117} INFO - [2025-08-29T10:12:43.391+0000] {dag.py:2573} INFO - Sync 3 DAGs
[2025-08-29T10:12:43.403+0000] {logging_mixin.py:117} INFO - [2025-08-29T10:12:43.402+0000] {dag.py:3328} INFO - Setting next_dagrun for example_branch_datetime_operator to 2025-08-28T00:00:00+00:00, run_after=2025-08-29T00:00:00+00:00
[2025-08-29T10:12:43.404+0000] {logging_mixin.py:117} INFO - [2025-08-29T10:12:43.404+0000] {dag.py:3328} INFO - Setting next_dagrun for example_branch_datetime_operator_2 to 2025-08-28T00:00:00+00:00, run_after=2025-08-29T00:00:00+00:00
[2025-08-29T10:12:43.405+0000] {logging_mixin.py:117} INFO - [2025-08-29T10:12:43.405+0000] {dag.py:3328} INFO - Setting next_dagrun for example_branch_datetime_operator_3 to 2025-08-28T00:00:00+00:00, run_after=2025-08-29T00:00:00+00:00
[2025-08-29T10:12:43.413+0000] {processor.py:178} INFO - Processing /home/airflow/.local/lib/python3.7/site-packages/airflow/example_dags/example_branch_datetime_operator.py took 0.049 seconds
[2025-08-29T10:13:13.818+0000] {processor.py:156} INFO - Started process (PID=578) to work on /home/airflow/.local/lib/python3.7/site-packages/airflow/example_dags/example_branch_datetime_operator.py
[2025-08-29T10:13:13.821+0000] {processor.py:758} INFO - Processing file /home/airflow/.local/lib/python3.7/site-packages/airflow/example_dags/example_branch_datetime_operator.py for tasks to queue
[2025-08-29T10:13:13.821+0000] {logging_mixin.py:117} INFO - [2025-08-29T10:13:13.821+0000] {dagbag.py:525} INFO - Filling up the DagBag from /home/airflow/.local/lib/python3.7/site-packages/airflow/example_dags/example_branch_datetime_operator.py
[2025-08-29T10:13:13.829+0000] {processor.py:768} INFO - DAG(s) dict_keys(['example_branch_datetime_operator_2', 'example_branch_datetime_operator', 'example_branch_datetime_operator_3']) retrieved from /home/airflow/.local/lib/python3.7/site-packages/airflow/example_dags/example_branch_datetime_operator.py
[2025-08-29T10:13:13.850+0000] {logging_mixin.py:117} INFO - [2025-08-29T10:13:13.850+0000] {dag.py:2573} INFO - Sync 3 DAGs
[2025-08-29T10:13:13.862+0000] {logging_mixin.py:117} INFO - [2025-08-29T10:13:13.862+0000] {dag.py:3328} INFO - Setting next_dagrun for example_branch_datetime_operator to 2025-08-28T00:00:00+00:00, run_after=2025-08-29T00:00:00+00:00
[2025-08-29T10:13:13.864+0000] {logging_mixin.py:117} INFO - [2025-08-29T10:13:13.864+0000] {dag.py:3328} INFO - Setting next_dagrun for example_branch_datetime_operator_2 to 2025-08-28T00:00:00+00:00, run_after=2025-08-29T00:00:00+00:00
[2025-08-29T10:13:13.864+0000] {logging_mixin.py:117} INFO - [2025-08-29T10:13:13.864+0000] {dag.py:3328} INFO - Setting next_dagrun for example_branch_datetime_operator_3 to 2025-08-28T00:00:00+00:00, run_after=2025-08-29T00:00:00+00:00
[2025-08-29T10:13:13.873+0000] {processor.py:178} INFO - Processing /home/airflow/.local/lib/python3.7/site-packages/airflow/example_dags/example_branch_datetime_operator.py took 0.056 seconds
[2025-08-29T10:13:44.336+0000] {processor.py:156} INFO - Started process (PID=643) to work on /home/airflow/.local/lib/python3.7/site-packages/airflow/example_dags/example_branch_datetime_operator.py
[2025-08-29T10:13:44.337+0000] {processor.py:758} INFO - Processing file /home/airflow/.local/lib/python3.7/site-packages/airflow/example_dags/example_branch_datetime_operator.py for tasks to queue
[2025-08-29T10:13:44.337+0000] {logging_mixin.py:117} INFO - [2025-08-29T10:13:44.337+0000] {dagbag.py:525} INFO - Filling up the DagBag from /home/airflow/.local/lib/python3.7/site-packages/airflow/example_dags/example_branch_datetime_operator.py
[2025-08-29T10:13:44.344+0000] {processor.py:768} INFO - DAG(s) dict_keys(['example_branch_datetime_operator_3', 'example_branch_datetime_operator_2', 'example_branch_datetime_operator']) retrieved from /home/airflow/.local/lib/python3.7/site-packages/airflow/example_dags/example_branch_datetime_operator.py
[2025-08-29T10:13:44.364+0000] {logging_mixin.py:117} INFO - [2025-08-29T10:13:44.364+0000] {dag.py:2573} INFO - Sync 3 DAGs
[2025-08-29T10:13:44.374+0000] {logging_mixin.py:117} INFO - [2025-08-29T10:13:44.374+0000] {dag.py:3328} INFO - Setting next_dagrun for example_branch_datetime_operator to 2025-08-28T00:00:00+00:00, run_after=2025-08-29T00:00:00+00:00
[2025-08-29T10:13:44.377+0000] {logging_mixin.py:117} INFO - [2025-08-29T10:13:44.377+0000] {dag.py:3328} INFO - Setting next_dagrun for example_branch_datetime_operator_2 to 2025-08-28T00:00:00+00:00, run_after=2025-08-29T00:00:00+00:00
[2025-08-29T10:13:44.378+0000] {logging_mixin.py:117} INFO - [2025-08-29T10:13:44.378+0000] {dag.py:3328} INFO - Setting next_dagrun for example_branch_datetime_operator_3 to 2025-08-28T00:00:00+00:00, run_after=2025-08-29T00:00:00+00:00
[2025-08-29T10:13:44.385+0000] {processor.py:178} INFO - Processing /home/airflow/.local/lib/python3.7/site-packages/airflow/example_dags/example_branch_datetime_operator.py took 0.050 seconds
[2025-08-29T10:14:14.874+0000] {processor.py:156} INFO - Started process (PID=708) to work on /home/airflow/.local/lib/python3.7/site-packages/airflow/example_dags/example_branch_datetime_operator.py
[2025-08-29T10:14:14.874+0000] {processor.py:758} INFO - Processing file /home/airflow/.local/lib/python3.7/site-packages/airflow/example_dags/example_branch_datetime_operator.py for tasks to queue
[2025-08-29T10:14:14.875+0000] {logging_mixin.py:117} INFO - [2025-08-29T10:14:14.875+0000] {dagbag.py:525} INFO - Filling up the DagBag from /home/airflow/.local/lib/python3.7/site-packages/airflow/example_dags/example_branch_datetime_operator.py
[2025-08-29T10:14:14.883+0000] {processor.py:768} INFO - DAG(s) dict_keys(['example_branch_datetime_operator_3', 'example_branch_datetime_operator_2', 'example_branch_datetime_operator']) retrieved from /home/airflow/.local/lib/python3.7/site-packages/airflow/example_dags/example_branch_datetime_operator.py
[2025-08-29T10:14:14.900+0000] {logging_mixin.py:117} INFO - [2025-08-29T10:14:14.900+0000] {dag.py:2573} INFO - Sync 3 DAGs
[2025-08-29T10:14:14.910+0000] {logging_mixin.py:117} INFO - [2025-08-29T10:14:14.910+0000] {dag.py:3328} INFO - Setting next_dagrun for example_branch_datetime_operator to 2025-08-28T00:00:00+00:00, run_after=2025-08-29T00:00:00+00:00
[2025-08-29T10:14:14.913+0000] {logging_mixin.py:117} INFO - [2025-08-29T10:14:14.912+0000] {dag.py:3328} INFO - Setting next_dagrun for example_branch_datetime_operator_2 to 2025-08-28T00:00:00+00:00, run_after=2025-08-29T00:00:00+00:00
[2025-08-29T10:14:14.914+0000] {logging_mixin.py:117} INFO - [2025-08-29T10:14:14.914+0000] {dag.py:3328} INFO - Setting next_dagrun for example_branch_datetime_operator_3 to 2025-08-28T00:00:00+00:00, run_after=2025-08-29T00:00:00+00:00
[2025-08-29T10:14:14.922+0000] {processor.py:178} INFO - Processing /home/airflow/.local/lib/python3.7/site-packages/airflow/example_dags/example_branch_datetime_operator.py took 0.050 seconds
[2025-08-29T10:14:45.801+0000] {processor.py:156} INFO - Started process (PID=773) to work on /home/airflow/.local/lib/python3.7/site-packages/airflow/example_dags/example_branch_datetime_operator.py
[2025-08-29T10:14:45.805+0000] {processor.py:758} INFO - Processing file /home/airflow/.local/lib/python3.7/site-packages/airflow/example_dags/example_branch_datetime_operator.py for tasks to queue
[2025-08-29T10:14:45.805+0000] {logging_mixin.py:117} INFO - [2025-08-29T10:14:45.805+0000] {dagbag.py:525} INFO - Filling up the DagBag from /home/airflow/.local/lib/python3.7/site-packages/airflow/example_dags/example_branch_datetime_operator.py
[2025-08-29T10:14:45.814+0000] {processor.py:768} INFO - DAG(s) dict_keys(['example_branch_datetime_operator_3', 'example_branch_datetime_operator_2', 'example_branch_datetime_operator']) retrieved from /home/airflow/.local/lib/python3.7/site-packages/airflow/example_dags/example_branch_datetime_operator.py
[2025-08-29T10:14:45.835+0000] {logging_mixin.py:117} INFO - [2025-08-29T10:14:45.835+0000] {dag.py:2573} INFO - Sync 3 DAGs
[2025-08-29T10:14:45.848+0000] {logging_mixin.py:117} INFO - [2025-08-29T10:14:45.848+0000] {dag.py:3328} INFO - Setting next_dagrun for example_branch_datetime_operator to 2025-08-28T00:00:00+00:00, run_after=2025-08-29T00:00:00+00:00
[2025-08-29T10:14:45.850+0000] {logging_mixin.py:117} INFO - [2025-08-29T10:14:45.850+0000] {dag.py:3328} INFO - Setting next_dagrun for example_branch_datetime_operator_2 to 2025-08-28T00:00:00+00:00, run_after=2025-08-29T00:00:00+00:00
[2025-08-29T10:14:45.851+0000] {logging_mixin.py:117} INFO - [2025-08-29T10:14:45.851+0000] {dag.py:3328} INFO - Setting next_dagrun for example_branch_datetime_operator_3 to 2025-08-28T00:00:00+00:00, run_after=2025-08-29T00:00:00+00:00
[2025-08-29T10:14:45.860+0000] {processor.py:178} INFO - Processing /home/airflow/.local/lib/python3.7/site-packages/airflow/example_dags/example_branch_datetime_operator.py took 0.061 seconds
