[2025-08-29T10:09:09.479+0000] {processor.py:156} INFO - Started process (PID=72) to work on /home/airflow/.local/lib/python3.7/site-packages/airflow/example_dags/example_dag_decorator.py
[2025-08-29T10:09:09.481+0000] {processor.py:758} INFO - Processing file /home/airflow/.local/lib/python3.7/site-packages/airflow/example_dags/example_dag_decorator.py for tasks to queue
[2025-08-29T10:09:09.483+0000] {logging_mixin.py:117} INFO - [2025-08-29T10:09:09.483+0000] {dagbag.py:525} INFO - Filling up the DagBag from /home/airflow/.local/lib/python3.7/site-packages/airflow/example_dags/example_dag_decorator.py
[2025-08-29T10:09:09.568+0000] {processor.py:768} INFO - DAG(s) dict_keys(['example_dag_decorator']) retrieved from /home/airflow/.local/lib/python3.7/site-packages/airflow/example_dags/example_dag_decorator.py
[2025-08-29T10:09:09.608+0000] {logging_mixin.py:117} INFO - [2025-08-29T10:09:09.608+0000] {dag.py:2573} INFO - Sync 1 DAGs
[2025-08-29T10:09:09.663+0000] {logging_mixin.py:117} INFO - [2025-08-29T10:09:09.663+0000] {dag.py:3328} INFO - Setting next_dagrun for example_dag_decorator to None, run_after=None
[2025-08-29T10:09:09.702+0000] {processor.py:178} INFO - Processing /home/airflow/.local/lib/python3.7/site-packages/airflow/example_dags/example_dag_decorator.py took 0.235 seconds
[2025-08-29T10:09:40.627+0000] {processor.py:156} INFO - Started process (PID=137) to work on /home/airflow/.local/lib/python3.7/site-packages/airflow/example_dags/example_dag_decorator.py
[2025-08-29T10:09:40.628+0000] {processor.py:758} INFO - Processing file /home/airflow/.local/lib/python3.7/site-packages/airflow/example_dags/example_dag_decorator.py for tasks to queue
[2025-08-29T10:09:40.628+0000] {logging_mixin.py:117} INFO - [2025-08-29T10:09:40.628+0000] {dagbag.py:525} INFO - Filling up the DagBag from /home/airflow/.local/lib/python3.7/site-packages/airflow/example_dags/example_dag_decorator.py
[2025-08-29T10:09:40.646+0000] {processor.py:768} INFO - DAG(s) dict_keys(['example_dag_decorator']) retrieved from /home/airflow/.local/lib/python3.7/site-packages/airflow/example_dags/example_dag_decorator.py
[2025-08-29T10:09:40.693+0000] {logging_mixin.py:117} INFO - [2025-08-29T10:09:40.693+0000] {dag.py:2573} INFO - Sync 1 DAGs
[2025-08-29T10:09:40.706+0000] {logging_mixin.py:117} INFO - [2025-08-29T10:09:40.705+0000] {dag.py:3328} INFO - Setting next_dagrun for example_dag_decorator to None, run_after=None
[2025-08-29T10:09:40.723+0000] {processor.py:178} INFO - Processing /home/airflow/.local/lib/python3.7/site-packages/airflow/example_dags/example_dag_decorator.py took 0.098 seconds
[2025-08-29T10:10:11.226+0000] {processor.py:156} INFO - Started process (PID=203) to work on /home/airflow/.local/lib/python3.7/site-packages/airflow/example_dags/example_dag_decorator.py
[2025-08-29T10:10:11.227+0000] {processor.py:758} INFO - Processing file /home/airflow/.local/lib/python3.7/site-packages/airflow/example_dags/example_dag_decorator.py for tasks to queue
[2025-08-29T10:10:11.228+0000] {logging_mixin.py:117} INFO - [2025-08-29T10:10:11.228+0000] {dagbag.py:525} INFO - Filling up the DagBag from /home/airflow/.local/lib/python3.7/site-packages/airflow/example_dags/example_dag_decorator.py
[2025-08-29T10:10:11.255+0000] {processor.py:768} INFO - DAG(s) dict_keys(['example_dag_decorator']) retrieved from /home/airflow/.local/lib/python3.7/site-packages/airflow/example_dags/example_dag_decorator.py
[2025-08-29T10:10:11.304+0000] {logging_mixin.py:117} INFO - [2025-08-29T10:10:11.304+0000] {dag.py:2573} INFO - Sync 1 DAGs
[2025-08-29T10:10:11.314+0000] {logging_mixin.py:117} INFO - [2025-08-29T10:10:11.314+0000] {dag.py:3328} INFO - Setting next_dagrun for example_dag_decorator to None, run_after=None
[2025-08-29T10:10:11.324+0000] {processor.py:178} INFO - Processing /home/airflow/.local/lib/python3.7/site-packages/airflow/example_dags/example_dag_decorator.py took 0.103 seconds
[2025-08-29T10:10:41.804+0000] {processor.py:156} INFO - Started process (PID=268) to work on /home/airflow/.local/lib/python3.7/site-packages/airflow/example_dags/example_dag_decorator.py
[2025-08-29T10:10:41.806+0000] {processor.py:758} INFO - Processing file /home/airflow/.local/lib/python3.7/site-packages/airflow/example_dags/example_dag_decorator.py for tasks to queue
[2025-08-29T10:10:41.807+0000] {logging_mixin.py:117} INFO - [2025-08-29T10:10:41.806+0000] {dagbag.py:525} INFO - Filling up the DagBag from /home/airflow/.local/lib/python3.7/site-packages/airflow/example_dags/example_dag_decorator.py
[2025-08-29T10:10:41.824+0000] {processor.py:768} INFO - DAG(s) dict_keys(['example_dag_decorator']) retrieved from /home/airflow/.local/lib/python3.7/site-packages/airflow/example_dags/example_dag_decorator.py
[2025-08-29T10:10:41.860+0000] {logging_mixin.py:117} INFO - [2025-08-29T10:10:41.860+0000] {dag.py:2573} INFO - Sync 1 DAGs
[2025-08-29T10:10:41.871+0000] {logging_mixin.py:117} INFO - [2025-08-29T10:10:41.871+0000] {dag.py:3328} INFO - Setting next_dagrun for example_dag_decorator to None, run_after=None
[2025-08-29T10:10:41.880+0000] {processor.py:178} INFO - Processing /home/airflow/.local/lib/python3.7/site-packages/airflow/example_dags/example_dag_decorator.py took 0.080 seconds
[2025-08-29T10:11:12.458+0000] {processor.py:156} INFO - Started process (PID=333) to work on /home/airflow/.local/lib/python3.7/site-packages/airflow/example_dags/example_dag_decorator.py
[2025-08-29T10:11:12.460+0000] {processor.py:758} INFO - Processing file /home/airflow/.local/lib/python3.7/site-packages/airflow/example_dags/example_dag_decorator.py for tasks to queue
[2025-08-29T10:11:12.460+0000] {logging_mixin.py:117} INFO - [2025-08-29T10:11:12.460+0000] {dagbag.py:525} INFO - Filling up the DagBag from /home/airflow/.local/lib/python3.7/site-packages/airflow/example_dags/example_dag_decorator.py
[2025-08-29T10:11:12.480+0000] {processor.py:768} INFO - DAG(s) dict_keys(['example_dag_decorator']) retrieved from /home/airflow/.local/lib/python3.7/site-packages/airflow/example_dags/example_dag_decorator.py
[2025-08-29T10:11:12.519+0000] {logging_mixin.py:117} INFO - [2025-08-29T10:11:12.519+0000] {dag.py:2573} INFO - Sync 1 DAGs
[2025-08-29T10:11:12.530+0000] {logging_mixin.py:117} INFO - [2025-08-29T10:11:12.530+0000] {dag.py:3328} INFO - Setting next_dagrun for example_dag_decorator to None, run_after=None
[2025-08-29T10:11:12.538+0000] {processor.py:178} INFO - Processing /home/airflow/.local/lib/python3.7/site-packages/airflow/example_dags/example_dag_decorator.py took 0.085 seconds
[2025-08-29T10:11:43.423+0000] {processor.py:156} INFO - Started process (PID=398) to work on /home/airflow/.local/lib/python3.7/site-packages/airflow/example_dags/example_dag_decorator.py
[2025-08-29T10:11:43.424+0000] {processor.py:758} INFO - Processing file /home/airflow/.local/lib/python3.7/site-packages/airflow/example_dags/example_dag_decorator.py for tasks to queue
[2025-08-29T10:11:43.425+0000] {logging_mixin.py:117} INFO - [2025-08-29T10:11:43.425+0000] {dagbag.py:525} INFO - Filling up the DagBag from /home/airflow/.local/lib/python3.7/site-packages/airflow/example_dags/example_dag_decorator.py
[2025-08-29T10:11:43.442+0000] {processor.py:768} INFO - DAG(s) dict_keys(['example_dag_decorator']) retrieved from /home/airflow/.local/lib/python3.7/site-packages/airflow/example_dags/example_dag_decorator.py
[2025-08-29T10:11:43.485+0000] {logging_mixin.py:117} INFO - [2025-08-29T10:11:43.485+0000] {dag.py:2573} INFO - Sync 1 DAGs
[2025-08-29T10:11:43.497+0000] {logging_mixin.py:117} INFO - [2025-08-29T10:11:43.497+0000] {dag.py:3328} INFO - Setting next_dagrun for example_dag_decorator to None, run_after=None
[2025-08-29T10:11:43.507+0000] {processor.py:178} INFO - Processing /home/airflow/.local/lib/python3.7/site-packages/airflow/example_dags/example_dag_decorator.py took 0.088 seconds
[2025-08-29T10:12:14.026+0000] {processor.py:156} INFO - Started process (PID=463) to work on /home/airflow/.local/lib/python3.7/site-packages/airflow/example_dags/example_dag_decorator.py
[2025-08-29T10:12:14.027+0000] {processor.py:758} INFO - Processing file /home/airflow/.local/lib/python3.7/site-packages/airflow/example_dags/example_dag_decorator.py for tasks to queue
[2025-08-29T10:12:14.028+0000] {logging_mixin.py:117} INFO - [2025-08-29T10:12:14.028+0000] {dagbag.py:525} INFO - Filling up the DagBag from /home/airflow/.local/lib/python3.7/site-packages/airflow/example_dags/example_dag_decorator.py
[2025-08-29T10:12:14.042+0000] {processor.py:768} INFO - DAG(s) dict_keys(['example_dag_decorator']) retrieved from /home/airflow/.local/lib/python3.7/site-packages/airflow/example_dags/example_dag_decorator.py
[2025-08-29T10:12:14.081+0000] {logging_mixin.py:117} INFO - [2025-08-29T10:12:14.081+0000] {dag.py:2573} INFO - Sync 1 DAGs
[2025-08-29T10:12:14.099+0000] {logging_mixin.py:117} INFO - [2025-08-29T10:12:14.099+0000] {dag.py:3328} INFO - Setting next_dagrun for example_dag_decorator to None, run_after=None
[2025-08-29T10:12:14.112+0000] {processor.py:178} INFO - Processing /home/airflow/.local/lib/python3.7/site-packages/airflow/example_dags/example_dag_decorator.py took 0.088 seconds
[2025-08-29T10:12:44.556+0000] {processor.py:156} INFO - Started process (PID=519) to work on /home/airflow/.local/lib/python3.7/site-packages/airflow/example_dags/example_dag_decorator.py
[2025-08-29T10:12:44.557+0000] {processor.py:758} INFO - Processing file /home/airflow/.local/lib/python3.7/site-packages/airflow/example_dags/example_dag_decorator.py for tasks to queue
[2025-08-29T10:12:44.558+0000] {logging_mixin.py:117} INFO - [2025-08-29T10:12:44.558+0000] {dagbag.py:525} INFO - Filling up the DagBag from /home/airflow/.local/lib/python3.7/site-packages/airflow/example_dags/example_dag_decorator.py
[2025-08-29T10:12:44.576+0000] {processor.py:768} INFO - DAG(s) dict_keys(['example_dag_decorator']) retrieved from /home/airflow/.local/lib/python3.7/site-packages/airflow/example_dags/example_dag_decorator.py
[2025-08-29T10:12:44.618+0000] {logging_mixin.py:117} INFO - [2025-08-29T10:12:44.618+0000] {dag.py:2573} INFO - Sync 1 DAGs
[2025-08-29T10:12:44.628+0000] {logging_mixin.py:117} INFO - [2025-08-29T10:12:44.628+0000] {dag.py:3328} INFO - Setting next_dagrun for example_dag_decorator to None, run_after=None
[2025-08-29T10:12:44.638+0000] {processor.py:178} INFO - Processing /home/airflow/.local/lib/python3.7/site-packages/airflow/example_dags/example_dag_decorator.py took 0.086 seconds
[2025-08-29T10:13:15.029+0000] {processor.py:156} INFO - Started process (PID=584) to work on /home/airflow/.local/lib/python3.7/site-packages/airflow/example_dags/example_dag_decorator.py
[2025-08-29T10:13:15.030+0000] {processor.py:758} INFO - Processing file /home/airflow/.local/lib/python3.7/site-packages/airflow/example_dags/example_dag_decorator.py for tasks to queue
[2025-08-29T10:13:15.031+0000] {logging_mixin.py:117} INFO - [2025-08-29T10:13:15.031+0000] {dagbag.py:525} INFO - Filling up the DagBag from /home/airflow/.local/lib/python3.7/site-packages/airflow/example_dags/example_dag_decorator.py
[2025-08-29T10:13:15.052+0000] {processor.py:768} INFO - DAG(s) dict_keys(['example_dag_decorator']) retrieved from /home/airflow/.local/lib/python3.7/site-packages/airflow/example_dags/example_dag_decorator.py
[2025-08-29T10:13:15.090+0000] {logging_mixin.py:117} INFO - [2025-08-29T10:13:15.090+0000] {dag.py:2573} INFO - Sync 1 DAGs
[2025-08-29T10:13:15.102+0000] {logging_mixin.py:117} INFO - [2025-08-29T10:13:15.102+0000] {dag.py:3328} INFO - Setting next_dagrun for example_dag_decorator to None, run_after=None
[2025-08-29T10:13:15.111+0000] {processor.py:178} INFO - Processing /home/airflow/.local/lib/python3.7/site-packages/airflow/example_dags/example_dag_decorator.py took 0.087 seconds
[2025-08-29T10:13:45.553+0000] {processor.py:156} INFO - Started process (PID=649) to work on /home/airflow/.local/lib/python3.7/site-packages/airflow/example_dags/example_dag_decorator.py
[2025-08-29T10:13:45.555+0000] {processor.py:758} INFO - Processing file /home/airflow/.local/lib/python3.7/site-packages/airflow/example_dags/example_dag_decorator.py for tasks to queue
[2025-08-29T10:13:45.556+0000] {logging_mixin.py:117} INFO - [2025-08-29T10:13:45.556+0000] {dagbag.py:525} INFO - Filling up the DagBag from /home/airflow/.local/lib/python3.7/site-packages/airflow/example_dags/example_dag_decorator.py
[2025-08-29T10:13:45.578+0000] {processor.py:768} INFO - DAG(s) dict_keys(['example_dag_decorator']) retrieved from /home/airflow/.local/lib/python3.7/site-packages/airflow/example_dags/example_dag_decorator.py
[2025-08-29T10:13:45.619+0000] {logging_mixin.py:117} INFO - [2025-08-29T10:13:45.619+0000] {dag.py:2573} INFO - Sync 1 DAGs
[2025-08-29T10:13:45.629+0000] {logging_mixin.py:117} INFO - [2025-08-29T10:13:45.629+0000] {dag.py:3328} INFO - Setting next_dagrun for example_dag_decorator to None, run_after=None
[2025-08-29T10:13:45.638+0000] {processor.py:178} INFO - Processing /home/airflow/.local/lib/python3.7/site-packages/airflow/example_dags/example_dag_decorator.py took 0.088 seconds
[2025-08-29T10:14:16.120+0000] {processor.py:156} INFO - Started process (PID=714) to work on /home/airflow/.local/lib/python3.7/site-packages/airflow/example_dags/example_dag_decorator.py
[2025-08-29T10:14:16.121+0000] {processor.py:758} INFO - Processing file /home/airflow/.local/lib/python3.7/site-packages/airflow/example_dags/example_dag_decorator.py for tasks to queue
[2025-08-29T10:14:16.122+0000] {logging_mixin.py:117} INFO - [2025-08-29T10:14:16.122+0000] {dagbag.py:525} INFO - Filling up the DagBag from /home/airflow/.local/lib/python3.7/site-packages/airflow/example_dags/example_dag_decorator.py
[2025-08-29T10:14:16.137+0000] {processor.py:768} INFO - DAG(s) dict_keys(['example_dag_decorator']) retrieved from /home/airflow/.local/lib/python3.7/site-packages/airflow/example_dags/example_dag_decorator.py
[2025-08-29T10:14:16.175+0000] {logging_mixin.py:117} INFO - [2025-08-29T10:14:16.174+0000] {dag.py:2573} INFO - Sync 1 DAGs
[2025-08-29T10:14:16.184+0000] {logging_mixin.py:117} INFO - [2025-08-29T10:14:16.184+0000] {dag.py:3328} INFO - Setting next_dagrun for example_dag_decorator to None, run_after=None
[2025-08-29T10:14:16.194+0000] {processor.py:178} INFO - Processing /home/airflow/.local/lib/python3.7/site-packages/airflow/example_dags/example_dag_decorator.py took 0.077 seconds
[2025-08-29T10:14:47.001+0000] {processor.py:156} INFO - Started process (PID=779) to work on /home/airflow/.local/lib/python3.7/site-packages/airflow/example_dags/example_dag_decorator.py
[2025-08-29T10:14:47.002+0000] {processor.py:758} INFO - Processing file /home/airflow/.local/lib/python3.7/site-packages/airflow/example_dags/example_dag_decorator.py for tasks to queue
[2025-08-29T10:14:47.002+0000] {logging_mixin.py:117} INFO - [2025-08-29T10:14:47.002+0000] {dagbag.py:525} INFO - Filling up the DagBag from /home/airflow/.local/lib/python3.7/site-packages/airflow/example_dags/example_dag_decorator.py
[2025-08-29T10:14:47.025+0000] {processor.py:768} INFO - DAG(s) dict_keys(['example_dag_decorator']) retrieved from /home/airflow/.local/lib/python3.7/site-packages/airflow/example_dags/example_dag_decorator.py
[2025-08-29T10:14:47.067+0000] {logging_mixin.py:117} INFO - [2025-08-29T10:14:47.066+0000] {dag.py:2573} INFO - Sync 1 DAGs
[2025-08-29T10:14:47.078+0000] {logging_mixin.py:117} INFO - [2025-08-29T10:14:47.078+0000] {dag.py:3328} INFO - Setting next_dagrun for example_dag_decorator to None, run_after=None
[2025-08-29T10:14:47.093+0000] {processor.py:178} INFO - Processing /home/airflow/.local/lib/python3.7/site-packages/airflow/example_dags/example_dag_decorator.py took 0.097 seconds
