[2025-08-29T10:09:08.106+0000] {processor.py:156} INFO - Started process (PID=49) to work on /home/airflow/.local/lib/python3.7/site-packages/airflow/example_dags/example_short_circuit_decorator.py
[2025-08-29T10:09:08.107+0000] {processor.py:758} INFO - Processing file /home/airflow/.local/lib/python3.7/site-packages/airflow/example_dags/example_short_circuit_decorator.py for tasks to queue
[2025-08-29T10:09:08.107+0000] {logging_mixin.py:117} INFO - [2025-08-29T10:09:08.107+0000] {dagbag.py:525} INFO - Filling up the DagBag from /home/airflow/.local/lib/python3.7/site-packages/airflow/example_dags/example_short_circuit_decorator.py
[2025-08-29T10:09:08.123+0000] {processor.py:768} INFO - DAG(s) dict_keys(['example_short_circuit_decorator']) retrieved from /home/airflow/.local/lib/python3.7/site-packages/airflow/example_dags/example_short_circuit_decorator.py
[2025-08-29T10:09:08.145+0000] {logging_mixin.py:117} INFO - [2025-08-29T10:09:08.145+0000] {dag.py:2573} INFO - Sync 1 DAGs
[2025-08-29T10:09:08.161+0000] {logging_mixin.py:117} INFO - [2025-08-29T10:09:08.161+0000] {dag.py:3328} INFO - Setting next_dagrun for example_short_circuit_decorator to 2025-08-28T10:09:08.161013+00:00, run_after=2025-08-29T10:09:08.161013+00:00
[2025-08-29T10:09:08.173+0000] {processor.py:178} INFO - Processing /home/airflow/.local/lib/python3.7/site-packages/airflow/example_dags/example_short_circuit_decorator.py took 0.069 seconds
[2025-08-29T10:09:38.502+0000] {processor.py:156} INFO - Started process (PID=113) to work on /home/airflow/.local/lib/python3.7/site-packages/airflow/example_dags/example_short_circuit_decorator.py
[2025-08-29T10:09:38.505+0000] {processor.py:758} INFO - Processing file /home/airflow/.local/lib/python3.7/site-packages/airflow/example_dags/example_short_circuit_decorator.py for tasks to queue
[2025-08-29T10:09:38.506+0000] {logging_mixin.py:117} INFO - [2025-08-29T10:09:38.506+0000] {dagbag.py:525} INFO - Filling up the DagBag from /home/airflow/.local/lib/python3.7/site-packages/airflow/example_dags/example_short_circuit_decorator.py
[2025-08-29T10:09:38.523+0000] {processor.py:768} INFO - DAG(s) dict_keys(['example_short_circuit_decorator']) retrieved from /home/airflow/.local/lib/python3.7/site-packages/airflow/example_dags/example_short_circuit_decorator.py
[2025-08-29T10:09:38.557+0000] {logging_mixin.py:117} INFO - [2025-08-29T10:09:38.556+0000] {dag.py:2573} INFO - Sync 1 DAGs
[2025-08-29T10:09:38.573+0000] {logging_mixin.py:117} INFO - [2025-08-29T10:09:38.573+0000] {dag.py:3328} INFO - Setting next_dagrun for example_short_circuit_decorator to 2025-08-28T10:09:38.573179+00:00, run_after=2025-08-29T10:09:38.573179+00:00
[2025-08-29T10:09:38.584+0000] {processor.py:178} INFO - Processing /home/airflow/.local/lib/python3.7/site-packages/airflow/example_dags/example_short_circuit_decorator.py took 0.084 seconds
[2025-08-29T10:10:09.415+0000] {processor.py:156} INFO - Started process (PID=180) to work on /home/airflow/.local/lib/python3.7/site-packages/airflow/example_dags/example_short_circuit_decorator.py
[2025-08-29T10:10:09.416+0000] {processor.py:758} INFO - Processing file /home/airflow/.local/lib/python3.7/site-packages/airflow/example_dags/example_short_circuit_decorator.py for tasks to queue
[2025-08-29T10:10:09.416+0000] {logging_mixin.py:117} INFO - [2025-08-29T10:10:09.416+0000] {dagbag.py:525} INFO - Filling up the DagBag from /home/airflow/.local/lib/python3.7/site-packages/airflow/example_dags/example_short_circuit_decorator.py
[2025-08-29T10:10:09.427+0000] {processor.py:768} INFO - DAG(s) dict_keys(['example_short_circuit_decorator']) retrieved from /home/airflow/.local/lib/python3.7/site-packages/airflow/example_dags/example_short_circuit_decorator.py
[2025-08-29T10:10:09.446+0000] {logging_mixin.py:117} INFO - [2025-08-29T10:10:09.446+0000] {dag.py:2573} INFO - Sync 1 DAGs
[2025-08-29T10:10:09.458+0000] {logging_mixin.py:117} INFO - [2025-08-29T10:10:09.457+0000] {dag.py:3328} INFO - Setting next_dagrun for example_short_circuit_decorator to 2025-08-28T10:10:09.457830+00:00, run_after=2025-08-29T10:10:09.457830+00:00
[2025-08-29T10:10:09.469+0000] {processor.py:178} INFO - Processing /home/airflow/.local/lib/python3.7/site-packages/airflow/example_dags/example_short_circuit_decorator.py took 0.055 seconds
[2025-08-29T10:10:39.984+0000] {processor.py:156} INFO - Started process (PID=245) to work on /home/airflow/.local/lib/python3.7/site-packages/airflow/example_dags/example_short_circuit_decorator.py
[2025-08-29T10:10:39.985+0000] {processor.py:758} INFO - Processing file /home/airflow/.local/lib/python3.7/site-packages/airflow/example_dags/example_short_circuit_decorator.py for tasks to queue
[2025-08-29T10:10:39.986+0000] {logging_mixin.py:117} INFO - [2025-08-29T10:10:39.986+0000] {dagbag.py:525} INFO - Filling up the DagBag from /home/airflow/.local/lib/python3.7/site-packages/airflow/example_dags/example_short_circuit_decorator.py
[2025-08-29T10:10:39.996+0000] {processor.py:768} INFO - DAG(s) dict_keys(['example_short_circuit_decorator']) retrieved from /home/airflow/.local/lib/python3.7/site-packages/airflow/example_dags/example_short_circuit_decorator.py
[2025-08-29T10:10:40.012+0000] {logging_mixin.py:117} INFO - [2025-08-29T10:10:40.012+0000] {dag.py:2573} INFO - Sync 1 DAGs
[2025-08-29T10:10:40.021+0000] {logging_mixin.py:117} INFO - [2025-08-29T10:10:40.021+0000] {dag.py:3328} INFO - Setting next_dagrun for example_short_circuit_decorator to 2025-08-28T10:10:40.020913+00:00, run_after=2025-08-29T10:10:40.020913+00:00
[2025-08-29T10:10:40.028+0000] {processor.py:178} INFO - Processing /home/airflow/.local/lib/python3.7/site-packages/airflow/example_dags/example_short_circuit_decorator.py took 0.045 seconds
[2025-08-29T10:11:10.601+0000] {processor.py:156} INFO - Started process (PID=310) to work on /home/airflow/.local/lib/python3.7/site-packages/airflow/example_dags/example_short_circuit_decorator.py
[2025-08-29T10:11:10.606+0000] {processor.py:758} INFO - Processing file /home/airflow/.local/lib/python3.7/site-packages/airflow/example_dags/example_short_circuit_decorator.py for tasks to queue
[2025-08-29T10:11:10.607+0000] {logging_mixin.py:117} INFO - [2025-08-29T10:11:10.607+0000] {dagbag.py:525} INFO - Filling up the DagBag from /home/airflow/.local/lib/python3.7/site-packages/airflow/example_dags/example_short_circuit_decorator.py
[2025-08-29T10:11:10.618+0000] {processor.py:768} INFO - DAG(s) dict_keys(['example_short_circuit_decorator']) retrieved from /home/airflow/.local/lib/python3.7/site-packages/airflow/example_dags/example_short_circuit_decorator.py
[2025-08-29T10:11:10.643+0000] {logging_mixin.py:117} INFO - [2025-08-29T10:11:10.642+0000] {dag.py:2573} INFO - Sync 1 DAGs
[2025-08-29T10:11:10.653+0000] {logging_mixin.py:117} INFO - [2025-08-29T10:11:10.653+0000] {dag.py:3328} INFO - Setting next_dagrun for example_short_circuit_decorator to 2025-08-28T10:11:10.653305+00:00, run_after=2025-08-29T10:11:10.653305+00:00
[2025-08-29T10:11:10.665+0000] {processor.py:178} INFO - Processing /home/airflow/.local/lib/python3.7/site-packages/airflow/example_dags/example_short_circuit_decorator.py took 0.066 seconds
[2025-08-29T10:11:41.225+0000] {processor.py:156} INFO - Started process (PID=366) to work on /home/airflow/.local/lib/python3.7/site-packages/airflow/example_dags/example_short_circuit_decorator.py
[2025-08-29T10:11:41.229+0000] {processor.py:758} INFO - Processing file /home/airflow/.local/lib/python3.7/site-packages/airflow/example_dags/example_short_circuit_decorator.py for tasks to queue
[2025-08-29T10:11:41.230+0000] {logging_mixin.py:117} INFO - [2025-08-29T10:11:41.230+0000] {dagbag.py:525} INFO - Filling up the DagBag from /home/airflow/.local/lib/python3.7/site-packages/airflow/example_dags/example_short_circuit_decorator.py
[2025-08-29T10:11:41.241+0000] {processor.py:768} INFO - DAG(s) dict_keys(['example_short_circuit_decorator']) retrieved from /home/airflow/.local/lib/python3.7/site-packages/airflow/example_dags/example_short_circuit_decorator.py
[2025-08-29T10:11:41.263+0000] {logging_mixin.py:117} INFO - [2025-08-29T10:11:41.263+0000] {dag.py:2573} INFO - Sync 1 DAGs
[2025-08-29T10:11:41.274+0000] {logging_mixin.py:117} INFO - [2025-08-29T10:11:41.274+0000] {dag.py:3328} INFO - Setting next_dagrun for example_short_circuit_decorator to 2025-08-28T10:11:41.273994+00:00, run_after=2025-08-29T10:11:41.273994+00:00
[2025-08-29T10:11:41.287+0000] {processor.py:178} INFO - Processing /home/airflow/.local/lib/python3.7/site-packages/airflow/example_dags/example_short_circuit_decorator.py took 0.064 seconds
[2025-08-29T10:12:12.239+0000] {processor.py:156} INFO - Started process (PID=431) to work on /home/airflow/.local/lib/python3.7/site-packages/airflow/example_dags/example_short_circuit_decorator.py
[2025-08-29T10:12:12.241+0000] {processor.py:758} INFO - Processing file /home/airflow/.local/lib/python3.7/site-packages/airflow/example_dags/example_short_circuit_decorator.py for tasks to queue
[2025-08-29T10:12:12.242+0000] {logging_mixin.py:117} INFO - [2025-08-29T10:12:12.242+0000] {dagbag.py:525} INFO - Filling up the DagBag from /home/airflow/.local/lib/python3.7/site-packages/airflow/example_dags/example_short_circuit_decorator.py
[2025-08-29T10:12:12.254+0000] {processor.py:768} INFO - DAG(s) dict_keys(['example_short_circuit_decorator']) retrieved from /home/airflow/.local/lib/python3.7/site-packages/airflow/example_dags/example_short_circuit_decorator.py
[2025-08-29T10:12:12.276+0000] {logging_mixin.py:117} INFO - [2025-08-29T10:12:12.276+0000] {dag.py:2573} INFO - Sync 1 DAGs
[2025-08-29T10:12:12.287+0000] {logging_mixin.py:117} INFO - [2025-08-29T10:12:12.287+0000] {dag.py:3328} INFO - Setting next_dagrun for example_short_circuit_decorator to 2025-08-28T10:12:12.287387+00:00, run_after=2025-08-29T10:12:12.287387+00:00
[2025-08-29T10:12:12.297+0000] {processor.py:178} INFO - Processing /home/airflow/.local/lib/python3.7/site-packages/airflow/example_dags/example_short_circuit_decorator.py took 0.059 seconds
[2025-08-29T10:12:42.801+0000] {processor.py:156} INFO - Started process (PID=496) to work on /home/airflow/.local/lib/python3.7/site-packages/airflow/example_dags/example_short_circuit_decorator.py
[2025-08-29T10:12:42.801+0000] {processor.py:758} INFO - Processing file /home/airflow/.local/lib/python3.7/site-packages/airflow/example_dags/example_short_circuit_decorator.py for tasks to queue
[2025-08-29T10:12:42.802+0000] {logging_mixin.py:117} INFO - [2025-08-29T10:12:42.802+0000] {dagbag.py:525} INFO - Filling up the DagBag from /home/airflow/.local/lib/python3.7/site-packages/airflow/example_dags/example_short_circuit_decorator.py
[2025-08-29T10:12:42.811+0000] {processor.py:768} INFO - DAG(s) dict_keys(['example_short_circuit_decorator']) retrieved from /home/airflow/.local/lib/python3.7/site-packages/airflow/example_dags/example_short_circuit_decorator.py
[2025-08-29T10:12:42.834+0000] {logging_mixin.py:117} INFO - [2025-08-29T10:12:42.834+0000] {dag.py:2573} INFO - Sync 1 DAGs
[2025-08-29T10:12:42.844+0000] {logging_mixin.py:117} INFO - [2025-08-29T10:12:42.844+0000] {dag.py:3328} INFO - Setting next_dagrun for example_short_circuit_decorator to 2025-08-28T10:12:42.844670+00:00, run_after=2025-08-29T10:12:42.844670+00:00
[2025-08-29T10:12:42.854+0000] {processor.py:178} INFO - Processing /home/airflow/.local/lib/python3.7/site-packages/airflow/example_dags/example_short_circuit_decorator.py took 0.055 seconds
[2025-08-29T10:13:13.241+0000] {processor.py:156} INFO - Started process (PID=561) to work on /home/airflow/.local/lib/python3.7/site-packages/airflow/example_dags/example_short_circuit_decorator.py
[2025-08-29T10:13:13.244+0000] {processor.py:758} INFO - Processing file /home/airflow/.local/lib/python3.7/site-packages/airflow/example_dags/example_short_circuit_decorator.py for tasks to queue
[2025-08-29T10:13:13.245+0000] {logging_mixin.py:117} INFO - [2025-08-29T10:13:13.245+0000] {dagbag.py:525} INFO - Filling up the DagBag from /home/airflow/.local/lib/python3.7/site-packages/airflow/example_dags/example_short_circuit_decorator.py
[2025-08-29T10:13:13.255+0000] {processor.py:768} INFO - DAG(s) dict_keys(['example_short_circuit_decorator']) retrieved from /home/airflow/.local/lib/python3.7/site-packages/airflow/example_dags/example_short_circuit_decorator.py
[2025-08-29T10:13:13.272+0000] {logging_mixin.py:117} INFO - [2025-08-29T10:13:13.272+0000] {dag.py:2573} INFO - Sync 1 DAGs
[2025-08-29T10:13:13.282+0000] {logging_mixin.py:117} INFO - [2025-08-29T10:13:13.281+0000] {dag.py:3328} INFO - Setting next_dagrun for example_short_circuit_decorator to 2025-08-28T10:13:13.281837+00:00, run_after=2025-08-29T10:13:13.281837+00:00
[2025-08-29T10:13:13.288+0000] {processor.py:178} INFO - Processing /home/airflow/.local/lib/python3.7/site-packages/airflow/example_dags/example_short_circuit_decorator.py took 0.049 seconds
[2025-08-29T10:13:43.782+0000] {processor.py:156} INFO - Started process (PID=626) to work on /home/airflow/.local/lib/python3.7/site-packages/airflow/example_dags/example_short_circuit_decorator.py
[2025-08-29T10:13:43.783+0000] {processor.py:758} INFO - Processing file /home/airflow/.local/lib/python3.7/site-packages/airflow/example_dags/example_short_circuit_decorator.py for tasks to queue
[2025-08-29T10:13:43.783+0000] {logging_mixin.py:117} INFO - [2025-08-29T10:13:43.783+0000] {dagbag.py:525} INFO - Filling up the DagBag from /home/airflow/.local/lib/python3.7/site-packages/airflow/example_dags/example_short_circuit_decorator.py
[2025-08-29T10:13:43.794+0000] {processor.py:768} INFO - DAG(s) dict_keys(['example_short_circuit_decorator']) retrieved from /home/airflow/.local/lib/python3.7/site-packages/airflow/example_dags/example_short_circuit_decorator.py
[2025-08-29T10:13:43.810+0000] {logging_mixin.py:117} INFO - [2025-08-29T10:13:43.810+0000] {dag.py:2573} INFO - Sync 1 DAGs
[2025-08-29T10:13:43.822+0000] {logging_mixin.py:117} INFO - [2025-08-29T10:13:43.822+0000] {dag.py:3328} INFO - Setting next_dagrun for example_short_circuit_decorator to 2025-08-28T10:13:43.822486+00:00, run_after=2025-08-29T10:13:43.822486+00:00
[2025-08-29T10:13:43.829+0000] {processor.py:178} INFO - Processing /home/airflow/.local/lib/python3.7/site-packages/airflow/example_dags/example_short_circuit_decorator.py took 0.048 seconds
[2025-08-29T10:14:14.272+0000] {processor.py:156} INFO - Started process (PID=691) to work on /home/airflow/.local/lib/python3.7/site-packages/airflow/example_dags/example_short_circuit_decorator.py
[2025-08-29T10:14:14.273+0000] {processor.py:758} INFO - Processing file /home/airflow/.local/lib/python3.7/site-packages/airflow/example_dags/example_short_circuit_decorator.py for tasks to queue
[2025-08-29T10:14:14.273+0000] {logging_mixin.py:117} INFO - [2025-08-29T10:14:14.273+0000] {dagbag.py:525} INFO - Filling up the DagBag from /home/airflow/.local/lib/python3.7/site-packages/airflow/example_dags/example_short_circuit_decorator.py
[2025-08-29T10:14:14.283+0000] {processor.py:768} INFO - DAG(s) dict_keys(['example_short_circuit_decorator']) retrieved from /home/airflow/.local/lib/python3.7/site-packages/airflow/example_dags/example_short_circuit_decorator.py
[2025-08-29T10:14:14.300+0000] {logging_mixin.py:117} INFO - [2025-08-29T10:14:14.299+0000] {dag.py:2573} INFO - Sync 1 DAGs
[2025-08-29T10:14:14.310+0000] {logging_mixin.py:117} INFO - [2025-08-29T10:14:14.310+0000] {dag.py:3328} INFO - Setting next_dagrun for example_short_circuit_decorator to 2025-08-28T10:14:14.310633+00:00, run_after=2025-08-29T10:14:14.310633+00:00
[2025-08-29T10:14:14.320+0000] {processor.py:178} INFO - Processing /home/airflow/.local/lib/python3.7/site-packages/airflow/example_dags/example_short_circuit_decorator.py took 0.050 seconds
[2025-08-29T10:14:44.947+0000] {processor.py:156} INFO - Started process (PID=756) to work on /home/airflow/.local/lib/python3.7/site-packages/airflow/example_dags/example_short_circuit_decorator.py
[2025-08-29T10:14:44.948+0000] {processor.py:758} INFO - Processing file /home/airflow/.local/lib/python3.7/site-packages/airflow/example_dags/example_short_circuit_decorator.py for tasks to queue
[2025-08-29T10:14:44.949+0000] {logging_mixin.py:117} INFO - [2025-08-29T10:14:44.949+0000] {dagbag.py:525} INFO - Filling up the DagBag from /home/airflow/.local/lib/python3.7/site-packages/airflow/example_dags/example_short_circuit_decorator.py
[2025-08-29T10:14:44.962+0000] {processor.py:768} INFO - DAG(s) dict_keys(['example_short_circuit_decorator']) retrieved from /home/airflow/.local/lib/python3.7/site-packages/airflow/example_dags/example_short_circuit_decorator.py
[2025-08-29T10:14:45.015+0000] {logging_mixin.py:117} INFO - [2025-08-29T10:14:45.015+0000] {dag.py:2573} INFO - Sync 1 DAGs
[2025-08-29T10:14:45.035+0000] {logging_mixin.py:117} INFO - [2025-08-29T10:14:45.035+0000] {dag.py:3328} INFO - Setting next_dagrun for example_short_circuit_decorator to 2025-08-28T10:14:45.035258+00:00, run_after=2025-08-29T10:14:45.035258+00:00
[2025-08-29T10:14:45.051+0000] {processor.py:178} INFO - Processing /home/airflow/.local/lib/python3.7/site-packages/airflow/example_dags/example_short_circuit_decorator.py took 0.106 seconds
