[2025-08-29T10:09:07.404+0000] {processor.py:156} INFO - Started process (PID=42) to work on /home/airflow/.local/lib/python3.7/site-packages/airflow/example_dags/tutorial_dag.py
[2025-08-29T10:09:07.405+0000] {processor.py:758} INFO - Processing file /home/airflow/.local/lib/python3.7/site-packages/airflow/example_dags/tutorial_dag.py for tasks to queue
[2025-08-29T10:09:07.405+0000] {logging_mixin.py:117} INFO - [2025-08-29T10:09:07.405+0000] {dagbag.py:525} INFO - Filling up the DagBag from /home/airflow/.local/lib/python3.7/site-packages/airflow/example_dags/tutorial_dag.py
[2025-08-29T10:09:07.413+0000] {processor.py:768} INFO - DAG(s) dict_keys(['tutorial_dag']) retrieved from /home/airflow/.local/lib/python3.7/site-packages/airflow/example_dags/tutorial_dag.py
[2025-08-29T10:09:07.431+0000] {logging_mixin.py:117} INFO - [2025-08-29T10:09:07.431+0000] {dag.py:2573} INFO - Sync 1 DAGs
[2025-08-29T10:09:07.445+0000] {logging_mixin.py:117} INFO - [2025-08-29T10:09:07.445+0000] {dag.py:3328} INFO - Setting next_dagrun for tutorial_dag to None, run_after=None
[2025-08-29T10:09:07.454+0000] {processor.py:178} INFO - Processing /home/airflow/.local/lib/python3.7/site-packages/airflow/example_dags/tutorial_dag.py took 0.051 seconds
[2025-08-29T10:09:38.184+0000] {processor.py:156} INFO - Started process (PID=105) to work on /home/airflow/.local/lib/python3.7/site-packages/airflow/example_dags/tutorial_dag.py
[2025-08-29T10:09:38.186+0000] {processor.py:758} INFO - Processing file /home/airflow/.local/lib/python3.7/site-packages/airflow/example_dags/tutorial_dag.py for tasks to queue
[2025-08-29T10:09:38.186+0000] {logging_mixin.py:117} INFO - [2025-08-29T10:09:38.186+0000] {dagbag.py:525} INFO - Filling up the DagBag from /home/airflow/.local/lib/python3.7/site-packages/airflow/example_dags/tutorial_dag.py
[2025-08-29T10:09:38.205+0000] {processor.py:768} INFO - DAG(s) dict_keys(['tutorial_dag']) retrieved from /home/airflow/.local/lib/python3.7/site-packages/airflow/example_dags/tutorial_dag.py
[2025-08-29T10:09:38.235+0000] {logging_mixin.py:117} INFO - [2025-08-29T10:09:38.235+0000] {dag.py:2573} INFO - Sync 1 DAGs
[2025-08-29T10:09:38.253+0000] {logging_mixin.py:117} INFO - [2025-08-29T10:09:38.253+0000] {dag.py:3328} INFO - Setting next_dagrun for tutorial_dag to None, run_after=None
[2025-08-29T10:09:38.265+0000] {processor.py:178} INFO - Processing /home/airflow/.local/lib/python3.7/site-packages/airflow/example_dags/tutorial_dag.py took 0.092 seconds
[2025-08-29T10:10:09.155+0000] {processor.py:156} INFO - Started process (PID=173) to work on /home/airflow/.local/lib/python3.7/site-packages/airflow/example_dags/tutorial_dag.py
[2025-08-29T10:10:09.155+0000] {processor.py:758} INFO - Processing file /home/airflow/.local/lib/python3.7/site-packages/airflow/example_dags/tutorial_dag.py for tasks to queue
[2025-08-29T10:10:09.156+0000] {logging_mixin.py:117} INFO - [2025-08-29T10:10:09.156+0000] {dagbag.py:525} INFO - Filling up the DagBag from /home/airflow/.local/lib/python3.7/site-packages/airflow/example_dags/tutorial_dag.py
[2025-08-29T10:10:09.161+0000] {processor.py:768} INFO - DAG(s) dict_keys(['tutorial_dag']) retrieved from /home/airflow/.local/lib/python3.7/site-packages/airflow/example_dags/tutorial_dag.py
[2025-08-29T10:10:09.178+0000] {logging_mixin.py:117} INFO - [2025-08-29T10:10:09.178+0000] {dag.py:2573} INFO - Sync 1 DAGs
[2025-08-29T10:10:09.190+0000] {logging_mixin.py:117} INFO - [2025-08-29T10:10:09.190+0000] {dag.py:3328} INFO - Setting next_dagrun for tutorial_dag to None, run_after=None
[2025-08-29T10:10:09.201+0000] {processor.py:178} INFO - Processing /home/airflow/.local/lib/python3.7/site-packages/airflow/example_dags/tutorial_dag.py took 0.047 seconds
[2025-08-29T10:10:39.738+0000] {processor.py:156} INFO - Started process (PID=238) to work on /home/airflow/.local/lib/python3.7/site-packages/airflow/example_dags/tutorial_dag.py
[2025-08-29T10:10:39.739+0000] {processor.py:758} INFO - Processing file /home/airflow/.local/lib/python3.7/site-packages/airflow/example_dags/tutorial_dag.py for tasks to queue
[2025-08-29T10:10:39.739+0000] {logging_mixin.py:117} INFO - [2025-08-29T10:10:39.739+0000] {dagbag.py:525} INFO - Filling up the DagBag from /home/airflow/.local/lib/python3.7/site-packages/airflow/example_dags/tutorial_dag.py
[2025-08-29T10:10:39.745+0000] {processor.py:768} INFO - DAG(s) dict_keys(['tutorial_dag']) retrieved from /home/airflow/.local/lib/python3.7/site-packages/airflow/example_dags/tutorial_dag.py
[2025-08-29T10:10:39.762+0000] {logging_mixin.py:117} INFO - [2025-08-29T10:10:39.762+0000] {dag.py:2573} INFO - Sync 1 DAGs
[2025-08-29T10:10:39.772+0000] {logging_mixin.py:117} INFO - [2025-08-29T10:10:39.772+0000] {dag.py:3328} INFO - Setting next_dagrun for tutorial_dag to None, run_after=None
[2025-08-29T10:10:39.779+0000] {processor.py:178} INFO - Processing /home/airflow/.local/lib/python3.7/site-packages/airflow/example_dags/tutorial_dag.py took 0.042 seconds
[2025-08-29T10:11:10.312+0000] {processor.py:156} INFO - Started process (PID=303) to work on /home/airflow/.local/lib/python3.7/site-packages/airflow/example_dags/tutorial_dag.py
[2025-08-29T10:11:10.313+0000] {processor.py:758} INFO - Processing file /home/airflow/.local/lib/python3.7/site-packages/airflow/example_dags/tutorial_dag.py for tasks to queue
[2025-08-29T10:11:10.316+0000] {logging_mixin.py:117} INFO - [2025-08-29T10:11:10.315+0000] {dagbag.py:525} INFO - Filling up the DagBag from /home/airflow/.local/lib/python3.7/site-packages/airflow/example_dags/tutorial_dag.py
[2025-08-29T10:11:10.327+0000] {processor.py:768} INFO - DAG(s) dict_keys(['tutorial_dag']) retrieved from /home/airflow/.local/lib/python3.7/site-packages/airflow/example_dags/tutorial_dag.py
[2025-08-29T10:11:10.358+0000] {logging_mixin.py:117} INFO - [2025-08-29T10:11:10.358+0000] {dag.py:2573} INFO - Sync 1 DAGs
[2025-08-29T10:11:10.379+0000] {logging_mixin.py:117} INFO - [2025-08-29T10:11:10.378+0000] {dag.py:3328} INFO - Setting next_dagrun for tutorial_dag to None, run_after=None
[2025-08-29T10:11:10.402+0000] {processor.py:178} INFO - Processing /home/airflow/.local/lib/python3.7/site-packages/airflow/example_dags/tutorial_dag.py took 0.093 seconds
[2025-08-29T10:11:40.943+0000] {processor.py:156} INFO - Started process (PID=359) to work on /home/airflow/.local/lib/python3.7/site-packages/airflow/example_dags/tutorial_dag.py
[2025-08-29T10:11:40.944+0000] {processor.py:758} INFO - Processing file /home/airflow/.local/lib/python3.7/site-packages/airflow/example_dags/tutorial_dag.py for tasks to queue
[2025-08-29T10:11:40.945+0000] {logging_mixin.py:117} INFO - [2025-08-29T10:11:40.945+0000] {dagbag.py:525} INFO - Filling up the DagBag from /home/airflow/.local/lib/python3.7/site-packages/airflow/example_dags/tutorial_dag.py
[2025-08-29T10:11:40.955+0000] {processor.py:768} INFO - DAG(s) dict_keys(['tutorial_dag']) retrieved from /home/airflow/.local/lib/python3.7/site-packages/airflow/example_dags/tutorial_dag.py
[2025-08-29T10:11:40.982+0000] {logging_mixin.py:117} INFO - [2025-08-29T10:11:40.982+0000] {dag.py:2573} INFO - Sync 1 DAGs
[2025-08-29T10:11:40.993+0000] {logging_mixin.py:117} INFO - [2025-08-29T10:11:40.993+0000] {dag.py:3328} INFO - Setting next_dagrun for tutorial_dag to None, run_after=None
[2025-08-29T10:11:41.000+0000] {processor.py:178} INFO - Processing /home/airflow/.local/lib/python3.7/site-packages/airflow/example_dags/tutorial_dag.py took 0.059 seconds
[2025-08-29T10:12:11.967+0000] {processor.py:156} INFO - Started process (PID=424) to work on /home/airflow/.local/lib/python3.7/site-packages/airflow/example_dags/tutorial_dag.py
[2025-08-29T10:12:11.968+0000] {processor.py:758} INFO - Processing file /home/airflow/.local/lib/python3.7/site-packages/airflow/example_dags/tutorial_dag.py for tasks to queue
[2025-08-29T10:12:11.968+0000] {logging_mixin.py:117} INFO - [2025-08-29T10:12:11.968+0000] {dagbag.py:525} INFO - Filling up the DagBag from /home/airflow/.local/lib/python3.7/site-packages/airflow/example_dags/tutorial_dag.py
[2025-08-29T10:12:11.975+0000] {processor.py:768} INFO - DAG(s) dict_keys(['tutorial_dag']) retrieved from /home/airflow/.local/lib/python3.7/site-packages/airflow/example_dags/tutorial_dag.py
[2025-08-29T10:12:11.994+0000] {logging_mixin.py:117} INFO - [2025-08-29T10:12:11.994+0000] {dag.py:2573} INFO - Sync 1 DAGs
[2025-08-29T10:12:12.004+0000] {logging_mixin.py:117} INFO - [2025-08-29T10:12:12.004+0000] {dag.py:3328} INFO - Setting next_dagrun for tutorial_dag to None, run_after=None
[2025-08-29T10:12:12.014+0000] {processor.py:178} INFO - Processing /home/airflow/.local/lib/python3.7/site-packages/airflow/example_dags/tutorial_dag.py took 0.047 seconds
[2025-08-29T10:12:42.546+0000] {processor.py:156} INFO - Started process (PID=489) to work on /home/airflow/.local/lib/python3.7/site-packages/airflow/example_dags/tutorial_dag.py
[2025-08-29T10:12:42.546+0000] {processor.py:758} INFO - Processing file /home/airflow/.local/lib/python3.7/site-packages/airflow/example_dags/tutorial_dag.py for tasks to queue
[2025-08-29T10:12:42.546+0000] {logging_mixin.py:117} INFO - [2025-08-29T10:12:42.546+0000] {dagbag.py:525} INFO - Filling up the DagBag from /home/airflow/.local/lib/python3.7/site-packages/airflow/example_dags/tutorial_dag.py
[2025-08-29T10:12:42.552+0000] {processor.py:768} INFO - DAG(s) dict_keys(['tutorial_dag']) retrieved from /home/airflow/.local/lib/python3.7/site-packages/airflow/example_dags/tutorial_dag.py
[2025-08-29T10:12:42.569+0000] {logging_mixin.py:117} INFO - [2025-08-29T10:12:42.569+0000] {dag.py:2573} INFO - Sync 1 DAGs
[2025-08-29T10:12:42.579+0000] {logging_mixin.py:117} INFO - [2025-08-29T10:12:42.579+0000] {dag.py:3328} INFO - Setting next_dagrun for tutorial_dag to None, run_after=None
[2025-08-29T10:12:42.585+0000] {processor.py:178} INFO - Processing /home/airflow/.local/lib/python3.7/site-packages/airflow/example_dags/tutorial_dag.py took 0.041 seconds
[2025-08-29T10:13:13.001+0000] {processor.py:156} INFO - Started process (PID=554) to work on /home/airflow/.local/lib/python3.7/site-packages/airflow/example_dags/tutorial_dag.py
[2025-08-29T10:13:13.001+0000] {processor.py:758} INFO - Processing file /home/airflow/.local/lib/python3.7/site-packages/airflow/example_dags/tutorial_dag.py for tasks to queue
[2025-08-29T10:13:13.001+0000] {logging_mixin.py:117} INFO - [2025-08-29T10:13:13.001+0000] {dagbag.py:525} INFO - Filling up the DagBag from /home/airflow/.local/lib/python3.7/site-packages/airflow/example_dags/tutorial_dag.py
[2025-08-29T10:13:13.009+0000] {processor.py:768} INFO - DAG(s) dict_keys(['tutorial_dag']) retrieved from /home/airflow/.local/lib/python3.7/site-packages/airflow/example_dags/tutorial_dag.py
[2025-08-29T10:13:13.036+0000] {logging_mixin.py:117} INFO - [2025-08-29T10:13:13.036+0000] {dag.py:2573} INFO - Sync 1 DAGs
[2025-08-29T10:13:13.048+0000] {logging_mixin.py:117} INFO - [2025-08-29T10:13:13.048+0000] {dag.py:3328} INFO - Setting next_dagrun for tutorial_dag to None, run_after=None
[2025-08-29T10:13:13.055+0000] {processor.py:178} INFO - Processing /home/airflow/.local/lib/python3.7/site-packages/airflow/example_dags/tutorial_dag.py took 0.057 seconds
[2025-08-29T10:13:43.536+0000] {processor.py:156} INFO - Started process (PID=619) to work on /home/airflow/.local/lib/python3.7/site-packages/airflow/example_dags/tutorial_dag.py
[2025-08-29T10:13:43.537+0000] {processor.py:758} INFO - Processing file /home/airflow/.local/lib/python3.7/site-packages/airflow/example_dags/tutorial_dag.py for tasks to queue
[2025-08-29T10:13:43.540+0000] {logging_mixin.py:117} INFO - [2025-08-29T10:13:43.540+0000] {dagbag.py:525} INFO - Filling up the DagBag from /home/airflow/.local/lib/python3.7/site-packages/airflow/example_dags/tutorial_dag.py
[2025-08-29T10:13:43.548+0000] {processor.py:768} INFO - DAG(s) dict_keys(['tutorial_dag']) retrieved from /home/airflow/.local/lib/python3.7/site-packages/airflow/example_dags/tutorial_dag.py
[2025-08-29T10:13:43.571+0000] {logging_mixin.py:117} INFO - [2025-08-29T10:13:43.571+0000] {dag.py:2573} INFO - Sync 1 DAGs
[2025-08-29T10:13:43.586+0000] {logging_mixin.py:117} INFO - [2025-08-29T10:13:43.586+0000] {dag.py:3328} INFO - Setting next_dagrun for tutorial_dag to None, run_after=None
[2025-08-29T10:13:43.600+0000] {processor.py:178} INFO - Processing /home/airflow/.local/lib/python3.7/site-packages/airflow/example_dags/tutorial_dag.py took 0.065 seconds
[2025-08-29T10:14:14.034+0000] {processor.py:156} INFO - Started process (PID=684) to work on /home/airflow/.local/lib/python3.7/site-packages/airflow/example_dags/tutorial_dag.py
[2025-08-29T10:14:14.035+0000] {processor.py:758} INFO - Processing file /home/airflow/.local/lib/python3.7/site-packages/airflow/example_dags/tutorial_dag.py for tasks to queue
[2025-08-29T10:14:14.036+0000] {logging_mixin.py:117} INFO - [2025-08-29T10:14:14.036+0000] {dagbag.py:525} INFO - Filling up the DagBag from /home/airflow/.local/lib/python3.7/site-packages/airflow/example_dags/tutorial_dag.py
[2025-08-29T10:14:14.042+0000] {processor.py:768} INFO - DAG(s) dict_keys(['tutorial_dag']) retrieved from /home/airflow/.local/lib/python3.7/site-packages/airflow/example_dags/tutorial_dag.py
[2025-08-29T10:14:14.058+0000] {logging_mixin.py:117} INFO - [2025-08-29T10:14:14.058+0000] {dag.py:2573} INFO - Sync 1 DAGs
[2025-08-29T10:14:14.067+0000] {logging_mixin.py:117} INFO - [2025-08-29T10:14:14.067+0000] {dag.py:3328} INFO - Setting next_dagrun for tutorial_dag to None, run_after=None
[2025-08-29T10:14:14.074+0000] {processor.py:178} INFO - Processing /home/airflow/.local/lib/python3.7/site-packages/airflow/example_dags/tutorial_dag.py took 0.042 seconds
[2025-08-29T10:14:44.666+0000] {processor.py:156} INFO - Started process (PID=749) to work on /home/airflow/.local/lib/python3.7/site-packages/airflow/example_dags/tutorial_dag.py
[2025-08-29T10:14:44.667+0000] {processor.py:758} INFO - Processing file /home/airflow/.local/lib/python3.7/site-packages/airflow/example_dags/tutorial_dag.py for tasks to queue
[2025-08-29T10:14:44.667+0000] {logging_mixin.py:117} INFO - [2025-08-29T10:14:44.667+0000] {dagbag.py:525} INFO - Filling up the DagBag from /home/airflow/.local/lib/python3.7/site-packages/airflow/example_dags/tutorial_dag.py
[2025-08-29T10:14:44.675+0000] {processor.py:768} INFO - DAG(s) dict_keys(['tutorial_dag']) retrieved from /home/airflow/.local/lib/python3.7/site-packages/airflow/example_dags/tutorial_dag.py
[2025-08-29T10:14:44.697+0000] {logging_mixin.py:117} INFO - [2025-08-29T10:14:44.697+0000] {dag.py:2573} INFO - Sync 1 DAGs
[2025-08-29T10:14:44.709+0000] {logging_mixin.py:117} INFO - [2025-08-29T10:14:44.709+0000] {dag.py:3328} INFO - Setting next_dagrun for tutorial_dag to None, run_after=None
[2025-08-29T10:14:44.720+0000] {processor.py:178} INFO - Processing /home/airflow/.local/lib/python3.7/site-packages/airflow/example_dags/tutorial_dag.py took 0.055 seconds
